

================================================================
== Vitis HLS Report for 'B_IO_L3_in_serialize_Pipeline_VITIS_LOOP_395_1'
================================================================
* Date:           Sat Oct 15 11:10:24 2022

* Version:        2021.1 (Build 3247384 on Thu Jun 10 19:36:07 MDT 2021)
* Project:        hls_prj
* Solution:       solution1 (Vivado IP Flow Target)
* Product family: virtexuplus
* Target device:  xcu200-fsgd2104-2-e


================================================================
== Performance Estimates
================================================================
+ Timing: 
    * Summary: 
    +--------+---------+----------+------------+
    |  Clock |  Target | Estimated| Uncertainty|
    +--------+---------+----------+------------+
    |ap_clk  |  5.00 ns|  3.650 ns|     1.35 ns|
    +--------+---------+----------+------------+

+ Latency: 
    * Summary: 
    +---------+---------+----------+----------+------+------+---------+
    |  Latency (cycles) |  Latency (absolute) |   Interval  | Pipeline|
    |   min   |   max   |    min   |    max   |  min |  max |   Type  |
    +---------+---------+----------+----------+------+------+---------+
    |     1027|     1027|  5.135 us|  5.135 us|  1027|  1027|       no|
    +---------+---------+----------+----------+------+------+---------+

    + Detail: 
        * Instance: 
        N/A

        * Loop: 
        +--------------------+---------+---------+----------+-----------+-----------+------+----------+
        |                    |  Latency (cycles) | Iteration|  Initiation Interval  | Trip |          |
        |      Loop Name     |   min   |   max   |  Latency |  achieved |   target  | Count| Pipelined|
        +--------------------+---------+---------+----------+-----------+-----------+------+----------+
        |- VITIS_LOOP_395_1  |     1025|     1025|         4|          2|          1|   512|       yes|
        +--------------------+---------+---------+----------+-----------+-----------+------+----------+

============================================================
+ Verbose Summary: Synthesis Manager
============================================================
InlineROM: 1
ExposeGlobal: 0
============================================================
+ Verbose Summary: CDFG Model
============================================================
IsTopModel: 0
ResetActiveHigh: 1
IsCombinational: 0
IsDatapathOnly: 0
HasWiredReturn: 1
HasMFsm: 2
HasVarLatency: 1
IsPipeline: 0
IsRtlPipelined: 0
IsInstanceOverlapped: 0
IsDontTouch: 0
HasImplIP: 0
IsGatedGlobalClock: 0

+ Individual pipeline summary: 
  * Pipeline-0: initiation interval (II) = 2, depth = 4


============================================================
+ Verbose Summary: Schedule
============================================================
* Number of FSM states : 4
* Pipeline : 1
  Pipeline-0 : II = 2, D = 4, States = { 1 2 3 4 }
* Dataflow Pipeline: 0

* FSM state transitions: 
1 --> 2 
2 --> 3 
3 --> 4 
4 --> 

* FSM state operations: 

State 1 <SV = 0> <Delay = 1.11>
ST_1 : Operation 7 [1/1] (0.00ns)   --->   "%i_V = alloca i32 1"   --->   Operation 7 'alloca' 'i_V' <Predicate = true> <Delay = 0.00>
ST_1 : Operation 8 [1/1] (0.00ns)   --->   "%sext_ln395_read = read i58 @_ssdm_op_Read.ap_auto.i58, i58 %sext_ln395"   --->   Operation 8 'read' 'sext_ln395_read' <Predicate = true> <Delay = 0.00>
ST_1 : Operation 9 [1/1] (0.00ns)   --->   "%sext_ln395_cast = sext i58 %sext_ln395_read"   --->   Operation 9 'sext' 'sext_ln395_cast' <Predicate = true> <Delay = 0.00>
ST_1 : Operation 10 [1/1] (0.00ns)   --->   "%specinterface_ln0 = specinterface void @_ssdm_op_SpecInterface, i512 %gmem_B, void @empty_30, i32 0, i32 0, void @empty_10, i32 0, i32 0, void @empty_37, void @empty_13, void @empty_10, i32 16, i32 16, i32 16, i32 16, void @empty_10, void @empty_10"   --->   Operation 10 'specinterface' 'specinterface_ln0' <Predicate = true> <Delay = 0.00>
ST_1 : Operation 11 [1/1] (0.00ns)   --->   "%specinterface_ln0 = specinterface void @_ssdm_op_SpecInterface, i256 %fifo_B_B_IO_L3_in_serialize70, void @empty_5, i32 0, i32 0, void @empty_10, i32 0, i32 0, void @empty_10, void @empty_10, void @empty_10, i32 0, i32 0, i32 0, i32 0, void @empty_10, void @empty_10"   --->   Operation 11 'specinterface' 'specinterface_ln0' <Predicate = true> <Delay = 0.00>
ST_1 : Operation 12 [1/1] (0.38ns)   --->   "%store_ln0 = store i10 0, i10 %i_V"   --->   Operation 12 'store' 'store_ln0' <Predicate = true> <Delay = 0.38>
ST_1 : Operation 13 [1/1] (0.00ns)   --->   "%br_ln0 = br void"   --->   Operation 13 'br' 'br_ln0' <Predicate = true> <Delay = 0.00>
ST_1 : Operation 14 [1/1] (0.00ns)   --->   "%i_V_3 = load i10 %i_V"   --->   Operation 14 'load' 'i_V_3' <Predicate = true> <Delay = 0.00>
ST_1 : Operation 15 [1/1] (0.60ns)   --->   "%icmp_ln395 = icmp_eq  i10 %i_V_3, i10 512" [src/kernel_kernel.cpp:395]   --->   Operation 15 'icmp' 'icmp_ln395' <Predicate = true> <Delay = 0.60> <CoreInst = "Cmp">   --->   Core 9 'Cmp' <Latency = 0> <II = 1> <Delay = 0.60> <FuncUnit> <Opcode : 'icmp'> <InPorts = 2> <OutPorts = 1>
ST_1 : Operation 16 [1/1] (0.72ns)   --->   "%i_V_4 = add i10 %i_V_3, i10 1"   --->   Operation 16 'add' 'i_V_4' <Predicate = true> <Delay = 0.72> <CoreInst = "Adder">   --->   Core 1 'Adder' <Latency = 0> <II = 1> <Delay = 0.72> <FuncUnit> <Opcode : 'add' 'sub'> <InPorts = 2> <OutPorts = 1>
ST_1 : Operation 17 [1/1] (0.00ns)   --->   "%br_ln395 = br i1 %icmp_ln395, void %.split2, void %.exitStub" [src/kernel_kernel.cpp:395]   --->   Operation 17 'br' 'br_ln395' <Predicate = true> <Delay = 0.00>
ST_1 : Operation 18 [1/1] (0.38ns)   --->   "%store_ln870 = store i10 %i_V_4, i10 %i_V"   --->   Operation 18 'store' 'store_ln870' <Predicate = (!icmp_ln395)> <Delay = 0.38>

State 2 <SV = 1> <Delay = 3.65>
ST_2 : Operation 19 [1/1] (0.00ns)   --->   "%gmem_B_addr = getelementptr i512 %gmem_B, i64 %sext_ln395_cast" [src/kernel_kernel.cpp:395]   --->   Operation 19 'getelementptr' 'gmem_B_addr' <Predicate = true> <Delay = 0.00>
ST_2 : Operation 20 [1/1] (0.00ns)   --->   "%empty = speclooptripcount i32 @_ssdm_op_SpecLoopTripCount, i64 512, i64 512, i64 512"   --->   Operation 20 'speclooptripcount' 'empty' <Predicate = true> <Delay = 0.00>
ST_2 : Operation 21 [1/1] (3.65ns)   --->   "%mem_data_V = read i512 @_ssdm_op_Read.m_axi.p1i512, i512 %gmem_B_addr" [src/kernel_kernel.cpp:397]   --->   Operation 21 'read' 'mem_data_V' <Predicate = (!icmp_ln395)> <Delay = 3.65> <CoreInst = "m_axi">   --->   Core 121 'm_axi' <Latency = 6> <II = 1> <Delay = 1.00> <Adapter> <Opcode : 'read' 'write' 'readreq' 'writereq' 'writeresp'>
ST_2 : Operation 22 [1/1] (0.00ns)   --->   "%trunc_ln674 = trunc i512 %mem_data_V"   --->   Operation 22 'trunc' 'trunc_ln674' <Predicate = (!icmp_ln395)> <Delay = 0.00>
ST_2 : Operation 23 [1/1] (0.00ns)   --->   "%p_Result_1 = partselect i256 @_ssdm_op_PartSelect.i256.i512.i32.i32, i512 %mem_data_V, i32 256, i32 511"   --->   Operation 23 'partselect' 'p_Result_1' <Predicate = (!icmp_ln395)> <Delay = 0.00>
ST_2 : Operation 29 [1/1] (0.00ns)   --->   "%ret_ln0 = ret"   --->   Operation 29 'ret' 'ret_ln0' <Predicate = (icmp_ln395)> <Delay = 0.00>

State 3 <SV = 2> <Delay = 1.42>
ST_3 : Operation 24 [1/1] (1.42ns)   --->   "%write_ln174 = write void @_ssdm_op_Write.ap_fifo.volatile.i256P0A, i256 %fifo_B_B_IO_L3_in_serialize70, i256 %trunc_ln674" [/mnt/raid10/tools/Vitis_HLS/2021.1/common/technology/autopilot/hls_stream_39.h:174]   --->   Operation 24 'write' 'write_ln174' <Predicate = true> <Delay = 1.42> <CoreInst = "FIFO_SRL">   --->   Core 81 'FIFO_SRL' <Latency = 0> <II = 1> <Delay = 1.42> <Storage> <Opcode : 'read' 'write' 'nbread' 'nbwrite'> <Ports = 0> <Width = 256> <Depth = 2> <FIFO>

State 4 <SV = 3> <Delay = 1.42>
ST_4 : Operation 25 [1/1] (0.00ns)   --->   "%specpipeline_ln395 = specpipeline void @_ssdm_op_SpecPipeline, i32 1, i32 0, i32 0, i32 0, void @empty_10" [src/kernel_kernel.cpp:395]   --->   Operation 25 'specpipeline' 'specpipeline_ln395' <Predicate = true> <Delay = 0.00>
ST_4 : Operation 26 [1/1] (0.00ns)   --->   "%specloopname_ln395 = specloopname void @_ssdm_op_SpecLoopName, void @empty_35" [src/kernel_kernel.cpp:395]   --->   Operation 26 'specloopname' 'specloopname_ln395' <Predicate = true> <Delay = 0.00>
ST_4 : Operation 27 [1/1] (1.42ns)   --->   "%write_ln174 = write void @_ssdm_op_Write.ap_fifo.volatile.i256P0A, i256 %fifo_B_B_IO_L3_in_serialize70, i256 %p_Result_1" [/mnt/raid10/tools/Vitis_HLS/2021.1/common/technology/autopilot/hls_stream_39.h:174]   --->   Operation 27 'write' 'write_ln174' <Predicate = true> <Delay = 1.42> <CoreInst = "FIFO_SRL">   --->   Core 81 'FIFO_SRL' <Latency = 0> <II = 1> <Delay = 1.42> <Storage> <Opcode : 'read' 'write' 'nbread' 'nbwrite'> <Ports = 0> <Width = 256> <Depth = 2> <FIFO>
ST_4 : Operation 28 [1/1] (0.00ns)   --->   "%br_ln0 = br void"   --->   Operation 28 'br' 'br_ln0' <Predicate = true> <Delay = 0.00>


============================================================
+ Verbose Summary: Timing violations
============================================================
Target clock period: 5ns, clock uncertainty: 1.35ns.

 <State 1>: 1.11ns
The critical path consists of the following:
	'alloca' operation ('i.V') [4]  (0 ns)
	'load' operation ('i.V') on local variable 'i.V' [12]  (0 ns)
	'add' operation ('i.V') [16]  (0.725 ns)
	'store' operation ('store_ln870') of variable 'i.V' on local variable 'i.V' [26]  (0.387 ns)

 <State 2>: 3.65ns
The critical path consists of the following:
	'getelementptr' operation ('gmem_B_addr', src/kernel_kernel.cpp:395) [13]  (0 ns)
	bus read operation ('mem_data.V', src/kernel_kernel.cpp:397) on port 'gmem_B' (src/kernel_kernel.cpp:397) [21]  (3.65 ns)

 <State 3>: 1.43ns
The critical path consists of the following:
	fifo write operation ('write_ln174', /mnt/raid10/tools/Vitis_HLS/2021.1/common/technology/autopilot/hls_stream_39.h:174) on port 'fifo_B_B_IO_L3_in_serialize70' (/mnt/raid10/tools/Vitis_HLS/2021.1/common/technology/autopilot/hls_stream_39.h:174) [23]  (1.43 ns)

 <State 4>: 1.43ns
The critical path consists of the following:
	fifo write operation ('write_ln174', /mnt/raid10/tools/Vitis_HLS/2021.1/common/technology/autopilot/hls_stream_39.h:174) on port 'fifo_B_B_IO_L3_in_serialize70' (/mnt/raid10/tools/Vitis_HLS/2021.1/common/technology/autopilot/hls_stream_39.h:174) [25]  (1.43 ns)


============================================================
+ Verbose Summary: Binding
============================================================
N/A
* FSMD analyzer results:
  - Output states:
 - Input state : 
  - Chain level:
	State 1
	State 2
	State 3
	State 4


============================================================
+ Verbose Summary: Datapath Resource usage 
============================================================
N/A
