

================================================================
== Vitis HLS Report for 'B_IO_L2_in_inter_trans_Pipeline_VITIS_LOOP_472_3'
================================================================
* Date:           Sat Oct 15 11:10:24 2022

* Version:        2021.1 (Build 3247384 on Thu Jun 10 19:36:07 MDT 2021)
* Project:        hls_prj
* Solution:       solution1 (Vivado IP Flow Target)
* Product family: virtexuplus
* Target device:  xcu200-fsgd2104-2-e


================================================================
== Performance Estimates
================================================================
+ Timing: 
    * Summary: 
    +--------+---------+----------+------------+
    |  Clock |  Target | Estimated| Uncertainty|
    +--------+---------+----------+------------+
    |ap_clk  |  5.00 ns|  2.856 ns|     1.35 ns|
    +--------+---------+----------+------------+

+ Latency: 
    * Summary: 
    +---------+---------+-----------+-----------+-----+-----+---------+
    |  Latency (cycles) |   Latency (absolute)  |  Interval | Pipeline|
    |   min   |   max   |    min    |    max    | min | max |   Type  |
    +---------+---------+-----------+-----------+-----+-----+---------+
    |       10|       10|  50.000 ns|  50.000 ns|   10|   10|       no|
    +---------+---------+-----------+-----------+-----+-----+---------+

    + Detail: 
        * Instance: 
        N/A

        * Loop: 
        +--------------------+---------+---------+----------+-----------+-----------+------+----------+
        |                    |  Latency (cycles) | Iteration|  Initiation Interval  | Trip |          |
        |      Loop Name     |   min   |   max   |  Latency |  achieved |   target  | Count| Pipelined|
        +--------------------+---------+---------+----------+-----------+-----------+------+----------+
        |- VITIS_LOOP_472_3  |        8|        8|         2|          1|          1|     8|       yes|
        +--------------------+---------+---------+----------+-----------+-----------+------+----------+

============================================================
+ Verbose Summary: Synthesis Manager
============================================================
InlineROM: 1
ExposeGlobal: 0
============================================================
+ Verbose Summary: CDFG Model
============================================================
IsTopModel: 0
ResetActiveHigh: 1
IsCombinational: 0
IsDatapathOnly: 0
HasWiredReturn: 1
HasMFsm: 2
HasVarLatency: 1
IsPipeline: 0
IsRtlPipelined: 0
IsInstanceOverlapped: 0
IsDontTouch: 0
HasImplIP: 0
IsGatedGlobalClock: 0

+ Individual pipeline summary: 
  * Pipeline-0: initiation interval (II) = 1, depth = 2


============================================================
+ Verbose Summary: Schedule
============================================================
* Number of FSM states : 2
* Pipeline : 1
  Pipeline-0 : II = 1, D = 2, States = { 1 2 }
* Dataflow Pipeline: 0

* FSM state transitions: 
1 --> 2 
2 --> 

* FSM state operations: 

State 1 <SV = 0> <Delay = 1.09>
ST_1 : Operation 5 [1/1] (0.00ns)   --->   "%c4_V_1 = alloca i32 1"   --->   Operation 5 'alloca' 'c4_V_1' <Predicate = true> <Delay = 0.00>
ST_1 : Operation 6 [1/1] (0.00ns)   --->   "%specmemcore_ln0 = specmemcore void @_ssdm_op_SpecMemCore, i256 %fifo_B_B_IO_L2_in_175, i64 666, i64 10, i64 18446744073709551615"   --->   Operation 6 'specmemcore' 'specmemcore_ln0' <Predicate = true> <Delay = 0.00>
ST_1 : Operation 7 [1/1] (0.00ns)   --->   "%specmemcore_ln0 = specmemcore void @_ssdm_op_SpecMemCore, i256 %fifo_B_B_IO_L2_in_074, i64 666, i64 10, i64 18446744073709551615"   --->   Operation 7 'specmemcore' 'specmemcore_ln0' <Predicate = true> <Delay = 0.00>
ST_1 : Operation 8 [1/1] (0.00ns)   --->   "%specinterface_ln0 = specinterface void @_ssdm_op_SpecInterface, i256 %fifo_B_B_IO_L2_in_175, void @empty_5, i32 0, i32 0, void @empty_10, i32 0, i32 0, void @empty_10, void @empty_10, void @empty_10, i32 0, i32 0, i32 0, i32 0, void @empty_10, void @empty_10"   --->   Operation 8 'specinterface' 'specinterface_ln0' <Predicate = true> <Delay = 0.00>
ST_1 : Operation 9 [1/1] (0.00ns)   --->   "%specinterface_ln0 = specinterface void @_ssdm_op_SpecInterface, i256 %fifo_B_B_IO_L2_in_074, void @empty_5, i32 0, i32 0, void @empty_10, i32 0, i32 0, void @empty_10, void @empty_10, void @empty_10, i32 0, i32 0, i32 0, i32 0, void @empty_10, void @empty_10"   --->   Operation 9 'specinterface' 'specinterface_ln0' <Predicate = true> <Delay = 0.00>
ST_1 : Operation 10 [1/1] (0.38ns)   --->   "%store_ln0 = store i4 0, i4 %c4_V_1"   --->   Operation 10 'store' 'store_ln0' <Predicate = true> <Delay = 0.38>
ST_1 : Operation 11 [1/1] (0.00ns)   --->   "%br_ln0 = br void %.preheader"   --->   Operation 11 'br' 'br_ln0' <Predicate = true> <Delay = 0.00>
ST_1 : Operation 12 [1/1] (0.00ns)   --->   "%c4_V = load i4 %c4_V_1"   --->   Operation 12 'load' 'c4_V' <Predicate = true> <Delay = 0.00>
ST_1 : Operation 13 [1/1] (0.65ns)   --->   "%icmp_ln1069 = icmp_eq  i4 %c4_V, i4 8"   --->   Operation 13 'icmp' 'icmp_ln1069' <Predicate = true> <Delay = 0.65> <CoreInst = "Cmp">   --->   Core 9 'Cmp' <Latency = 0> <II = 1> <Delay = 0.65> <FuncUnit> <Opcode : 'icmp'> <InPorts = 2> <OutPorts = 1>
ST_1 : Operation 14 [1/1] (0.00ns)   --->   "%empty = speclooptripcount i32 @_ssdm_op_SpecLoopTripCount, i64 8, i64 8, i64 8"   --->   Operation 14 'speclooptripcount' 'empty' <Predicate = true> <Delay = 0.00>
ST_1 : Operation 15 [1/1] (0.70ns)   --->   "%add_ln870 = add i4 %c4_V, i4 1"   --->   Operation 15 'add' 'add_ln870' <Predicate = true> <Delay = 0.70> <CoreInst = "Adder">   --->   Core 1 'Adder' <Latency = 0> <II = 1> <Delay = 0.70> <FuncUnit> <Opcode : 'add' 'sub'> <InPorts = 2> <OutPorts = 1>
ST_1 : Operation 16 [1/1] (0.00ns)   --->   "%br_ln472 = br i1 %icmp_ln1069, void %.split, void %.loopexit.loopexit.exitStub" [src/kernel_kernel.cpp:472]   --->   Operation 16 'br' 'br_ln472' <Predicate = true> <Delay = 0.00>
ST_1 : Operation 17 [1/1] (0.38ns)   --->   "%store_ln870 = store i4 %add_ln870, i4 %c4_V_1"   --->   Operation 17 'store' 'store_ln870' <Predicate = (!icmp_ln1069)> <Delay = 0.38>
ST_1 : Operation 23 [1/1] (0.00ns)   --->   "%ret_ln0 = ret"   --->   Operation 23 'ret' 'ret_ln0' <Predicate = (icmp_ln1069)> <Delay = 0.00>

State 2 <SV = 1> <Delay = 2.85>
ST_2 : Operation 18 [1/1] (0.00ns)   --->   "%specpipeline_ln472 = specpipeline void @_ssdm_op_SpecPipeline, i32 1, i32 0, i32 0, i32 0, void @empty_10" [src/kernel_kernel.cpp:472]   --->   Operation 18 'specpipeline' 'specpipeline_ln472' <Predicate = true> <Delay = 0.00>
ST_2 : Operation 19 [1/1] (0.00ns)   --->   "%specloopname_ln472 = specloopname void @_ssdm_op_SpecLoopName, void @empty_22" [src/kernel_kernel.cpp:472]   --->   Operation 19 'specloopname' 'specloopname_ln472' <Predicate = true> <Delay = 0.00>
ST_2 : Operation 20 [1/1] (1.42ns)   --->   "%tmp = read i256 @_ssdm_op_Read.ap_fifo.volatile.i256P0A, i256 %fifo_B_B_IO_L2_in_074" [/mnt/raid10/tools/Vitis_HLS/2021.1/common/technology/autopilot/hls_stream_39.h:145]   --->   Operation 20 'read' 'tmp' <Predicate = true> <Delay = 1.42> <CoreInst = "FIFO_SRL">   --->   Core 81 'FIFO_SRL' <Latency = 0> <II = 1> <Delay = 1.42> <Storage> <Opcode : 'read' 'write' 'nbread' 'nbwrite'> <Ports = 0> <Width = 256> <Depth = 2> <FIFO>
ST_2 : Operation 21 [1/1] (1.42ns)   --->   "%write_ln174 = write void @_ssdm_op_Write.ap_fifo.volatile.i256P0A, i256 %fifo_B_B_IO_L2_in_175, i256 %tmp" [/mnt/raid10/tools/Vitis_HLS/2021.1/common/technology/autopilot/hls_stream_39.h:174]   --->   Operation 21 'write' 'write_ln174' <Predicate = true> <Delay = 1.42> <CoreInst = "FIFO_SRL">   --->   Core 81 'FIFO_SRL' <Latency = 0> <II = 1> <Delay = 1.42> <Storage> <Opcode : 'read' 'write' 'nbread' 'nbwrite'> <Ports = 0> <Width = 256> <Depth = 2> <FIFO>
ST_2 : Operation 22 [1/1] (0.00ns)   --->   "%br_ln0 = br void %.preheader"   --->   Operation 22 'br' 'br_ln0' <Predicate = true> <Delay = 0.00>


============================================================
+ Verbose Summary: Binding
============================================================
STG Binding: 
---------------- STG Properties BEGIN ----------------
- Is combinational: 0
- Is one-state seq: 0
- Is datapath-only: 0
- Is pipelined: 0
- Is top level: 0
Port [ Return ] is wired: 1; IO mode=ap_ctrl_hs:ce=0
Port [ fifo_B_B_IO_L2_in_074]:  wired=1; compound=1; hidden=0; nouse=0; global=0; static=0; extern=0; dir=0; type=3; pingpong=0; private_global=0; IO mode=ap_fifo:ce=0
Port [ fifo_B_B_IO_L2_in_175]:  wired=1; compound=1; hidden=0; nouse=0; global=0; static=0; extern=0; dir=1; type=3; pingpong=0; private_global=0; IO mode=ap_fifo:ce=0
---------------- STG Properties END ------------------

---------------- Datapath Model BEGIN ----------------

<LifeTime>
<method=bitvector/>
c4_V_1             (alloca           ) [ 010]
specmemcore_ln0    (specmemcore      ) [ 000]
specmemcore_ln0    (specmemcore      ) [ 000]
specinterface_ln0  (specinterface    ) [ 000]
specinterface_ln0  (specinterface    ) [ 000]
store_ln0          (store            ) [ 000]
br_ln0             (br               ) [ 000]
c4_V               (load             ) [ 000]
icmp_ln1069        (icmp             ) [ 010]
empty              (speclooptripcount) [ 000]
add_ln870          (add              ) [ 000]
br_ln472           (br               ) [ 000]
store_ln870        (store            ) [ 000]
specpipeline_ln472 (specpipeline     ) [ 000]
specloopname_ln472 (specloopname     ) [ 000]
tmp                (read             ) [ 000]
write_ln174        (write            ) [ 000]
br_ln0             (br               ) [ 000]
ret_ln0            (ret              ) [ 000]
</LifeTime>

<model>

<comp_list>
<comp id="0" class="1000" name="fifo_B_B_IO_L2_in_074">
<pin_list>
<pin id="1" dir="1" index="0" bw="1" slack="0"/>
</pin_list>
<bind>
<StgValue><ssdm name="fifo_B_B_IO_L2_in_074"/></StgValue>
</bind>
</comp>

<comp id="2" class="1000" name="fifo_B_B_IO_L2_in_175">
<pin_list>
<pin id="3" dir="1" index="0" bw="1" slack="0"/>
</pin_list>
<bind>
<StgValue><ssdm name="fifo_B_B_IO_L2_in_175"/></StgValue>
</bind>
</comp>

<comp id="4" class="1001" name="const_4">
<pin_list>
<pin id="5" dir="1" index="0" bw="1" slack="0"/>
</pin_list>
<bind>
<StgValue><ssdm name=""/></StgValue>
</bind>
</comp>

<comp id="6" class="1001" name="const_6">
<pin_list>
<pin id="7" dir="1" index="0" bw="1" slack="2147483647"/>
</pin_list>
<bind>
<StgValue><ssdm name="_ssdm_op_SpecMemCore"/></StgValue>
</bind>
</comp>

<comp id="8" class="1001" name="const_8">
<pin_list>
<pin id="9" dir="1" index="0" bw="1" slack="2147483647"/>
</pin_list>
<bind>
<StgValue><ssdm name=""/></StgValue>
</bind>
</comp>

<comp id="10" class="1001" name="const_10">
<pin_list>
<pin id="11" dir="1" index="0" bw="1" slack="2147483647"/>
</pin_list>
<bind>
<StgValue><ssdm name=""/></StgValue>
</bind>
</comp>

<comp id="12" class="1001" name="const_12">
<pin_list>
<pin id="13" dir="1" index="0" bw="1" slack="2147483647"/>
</pin_list>
<bind>
<StgValue><ssdm name=""/></StgValue>
</bind>
</comp>

<comp id="14" class="1001" name="const_14">
<pin_list>
<pin id="15" dir="1" index="0" bw="1" slack="2147483647"/>
</pin_list>
<bind>
<StgValue><ssdm name="_ssdm_op_SpecInterface"/></StgValue>
</bind>
</comp>

<comp id="16" class="1001" name="const_16">
<pin_list>
<pin id="17" dir="1" index="0" bw="1" slack="2147483647"/>
</pin_list>
<bind>
<StgValue><ssdm name="empty_5"/></StgValue>
</bind>
</comp>

<comp id="18" class="1001" name="const_18">
<pin_list>
<pin id="19" dir="1" index="0" bw="1" slack="2147483647"/>
</pin_list>
<bind>
<StgValue><ssdm name=""/></StgValue>
</bind>
</comp>

<comp id="20" class="1001" name="const_20">
<pin_list>
<pin id="21" dir="1" index="0" bw="1" slack="2147483647"/>
</pin_list>
<bind>
<StgValue><ssdm name="empty_10"/></StgValue>
</bind>
</comp>

<comp id="22" class="1001" name="const_22">
<pin_list>
<pin id="23" dir="1" index="0" bw="1" slack="0"/>
</pin_list>
<bind>
<StgValue><ssdm name=""/></StgValue>
</bind>
</comp>

<comp id="24" class="1001" name="const_24">
<pin_list>
<pin id="25" dir="1" index="0" bw="1" slack="0"/>
</pin_list>
<bind>
<StgValue><ssdm name=""/></StgValue>
</bind>
</comp>

<comp id="26" class="1001" name="const_26">
<pin_list>
<pin id="27" dir="1" index="0" bw="1" slack="2147483647"/>
</pin_list>
<bind>
<StgValue><ssdm name="_ssdm_op_SpecLoopTripCount"/></StgValue>
</bind>
</comp>

<comp id="28" class="1001" name="const_28">
<pin_list>
<pin id="29" dir="1" index="0" bw="1" slack="2147483647"/>
</pin_list>
<bind>
<StgValue><ssdm name=""/></StgValue>
</bind>
</comp>

<comp id="30" class="1001" name="const_30">
<pin_list>
<pin id="31" dir="1" index="0" bw="1" slack="0"/>
</pin_list>
<bind>
<StgValue><ssdm name=""/></StgValue>
</bind>
</comp>

<comp id="32" class="1001" name="const_32">
<pin_list>
<pin id="33" dir="1" index="0" bw="1" slack="2147483647"/>
</pin_list>
<bind>
<StgValue><ssdm name="_ssdm_op_SpecPipeline"/></StgValue>
</bind>
</comp>

<comp id="34" class="1001" name="const_34">
<pin_list>
<pin id="35" dir="1" index="0" bw="1" slack="2147483647"/>
</pin_list>
<bind>
<StgValue><ssdm name="_ssdm_op_SpecLoopName"/></StgValue>
</bind>
</comp>

<comp id="36" class="1001" name="const_36">
<pin_list>
<pin id="37" dir="1" index="0" bw="1" slack="2147483647"/>
</pin_list>
<bind>
<StgValue><ssdm name="empty_22"/></StgValue>
</bind>
</comp>

<comp id="38" class="1001" name="const_38">
<pin_list>
<pin id="39" dir="1" index="0" bw="1" slack="0"/>
</pin_list>
<bind>
<StgValue><ssdm name="_ssdm_op_Read.ap_fifo.volatile.i256P0A"/></StgValue>
</bind>
</comp>

<comp id="40" class="1001" name="const_40">
<pin_list>
<pin id="41" dir="1" index="0" bw="1" slack="0"/>
</pin_list>
<bind>
<StgValue><ssdm name="_ssdm_op_Write.ap_fifo.volatile.i256P0A"/></StgValue>
</bind>
</comp>

<comp id="42" class="1004" name="c4_V_1_fu_42">
<pin_list>
<pin id="43" dir="0" index="0" bw="1" slack="0"/>
<pin id="44" dir="1" index="1" bw="4" slack="0"/>
</pin_list>
<bind>
<opcode="alloca(26) " fcode="alloca"/>
<opset="c4_V_1/1 "/>
</bind>
</comp>

<comp id="46" class="1004" name="tmp_read_fu_46">
<pin_list>
<pin id="47" dir="0" index="0" bw="256" slack="0"/>
<pin id="48" dir="0" index="1" bw="256" slack="0"/>
<pin id="49" dir="1" index="2" bw="256" slack="0"/>
</pin_list>
<bind>
<opcode="read(1150) " fcode="read"/>
<opset="tmp/2 "/>
</bind>
</comp>

<comp id="52" class="1004" name="write_ln174_write_fu_52">
<pin_list>
<pin id="53" dir="0" index="0" bw="0" slack="0"/>
<pin id="54" dir="0" index="1" bw="256" slack="0"/>
<pin id="55" dir="0" index="2" bw="256" slack="0"/>
<pin id="56" dir="1" index="3" bw="0" slack="2147483647"/>
</pin_list>
<bind>
<opcode="write(1151) " fcode="write"/>
<opset="write_ln174/2 "/>
</bind>
</comp>

<comp id="60" class="1004" name="store_ln0_store_fu_60">
<pin_list>
<pin id="61" dir="0" index="0" bw="1" slack="0"/>
<pin id="62" dir="0" index="1" bw="4" slack="0"/>
<pin id="63" dir="1" index="2" bw="0" slack="2147483647"/>
</pin_list>
<bind>
<opcode="store(28) " fcode="store"/>
<opset="store_ln0/1 "/>
</bind>
</comp>

<comp id="65" class="1004" name="c4_V_load_fu_65">
<pin_list>
<pin id="66" dir="0" index="0" bw="4" slack="0"/>
<pin id="67" dir="1" index="1" bw="4" slack="0"/>
</pin_list>
<bind>
<opcode="load(27) " fcode="load"/>
<opset="c4_V/1 "/>
</bind>
</comp>

<comp id="68" class="1004" name="icmp_ln1069_fu_68">
<pin_list>
<pin id="69" dir="0" index="0" bw="4" slack="0"/>
<pin id="70" dir="0" index="1" bw="4" slack="0"/>
<pin id="71" dir="1" index="2" bw="1" slack="2147483647"/>
</pin_list>
<bind>
<opcode="icmp(45) " fcode="icmp"/>
<opset="icmp_ln1069/1 "/>
</bind>
</comp>

<comp id="74" class="1004" name="add_ln870_fu_74">
<pin_list>
<pin id="75" dir="0" index="0" bw="4" slack="0"/>
<pin id="76" dir="0" index="1" bw="1" slack="0"/>
<pin id="77" dir="1" index="2" bw="4" slack="0"/>
</pin_list>
<bind>
<opcode="add(8) " fcode="add"/>
<opset="add_ln870/1 "/>
</bind>
</comp>

<comp id="80" class="1004" name="store_ln870_store_fu_80">
<pin_list>
<pin id="81" dir="0" index="0" bw="4" slack="0"/>
<pin id="82" dir="0" index="1" bw="4" slack="0"/>
<pin id="83" dir="1" index="2" bw="0" slack="2147483647"/>
</pin_list>
<bind>
<opcode="store(28) " fcode="store"/>
<opset="store_ln870/1 "/>
</bind>
</comp>

<comp id="85" class="1005" name="c4_V_1_reg_85">
<pin_list>
<pin id="86" dir="0" index="0" bw="4" slack="0"/>
<pin id="87" dir="1" index="1" bw="4" slack="0"/>
</pin_list>
<bind>
<opset="c4_V_1 "/>
</bind>
</comp>

</comp_list>

<net_list>
<net id="45"><net_src comp="4" pin="0"/><net_sink comp="42" pin=0"/></net>

<net id="50"><net_src comp="38" pin="0"/><net_sink comp="46" pin=0"/></net>

<net id="51"><net_src comp="0" pin="0"/><net_sink comp="46" pin=1"/></net>

<net id="57"><net_src comp="40" pin="0"/><net_sink comp="52" pin=0"/></net>

<net id="58"><net_src comp="2" pin="0"/><net_sink comp="52" pin=1"/></net>

<net id="59"><net_src comp="46" pin="2"/><net_sink comp="52" pin=2"/></net>

<net id="64"><net_src comp="22" pin="0"/><net_sink comp="60" pin=0"/></net>

<net id="72"><net_src comp="65" pin="1"/><net_sink comp="68" pin=0"/></net>

<net id="73"><net_src comp="24" pin="0"/><net_sink comp="68" pin=1"/></net>

<net id="78"><net_src comp="65" pin="1"/><net_sink comp="74" pin=0"/></net>

<net id="79"><net_src comp="30" pin="0"/><net_sink comp="74" pin=1"/></net>

<net id="84"><net_src comp="74" pin="2"/><net_sink comp="80" pin=0"/></net>

<net id="88"><net_src comp="42" pin="1"/><net_sink comp="85" pin=0"/></net>

<net id="89"><net_src comp="85" pin="1"/><net_sink comp="60" pin=1"/></net>

<net id="90"><net_src comp="85" pin="1"/><net_sink comp="65" pin=0"/></net>

<net id="91"><net_src comp="85" pin="1"/><net_sink comp="80" pin=1"/></net>

</net_list>

</model> 
---------------- Datapath Model END ------------------

* FSMD analyzer results:
  - Output states:
	Port: fifo_B_B_IO_L2_in_175 | {2 }
 - Input state : 
	Port: B_IO_L2_in_inter_trans_Pipeline_VITIS_LOOP_472_3 : fifo_B_B_IO_L2_in_074 | {2 }
  - Chain level:
	State 1
		store_ln0 : 1
		c4_V : 1
		icmp_ln1069 : 2
		add_ln870 : 2
		br_ln472 : 3
		store_ln870 : 3
	State 2


============================================================
+ Verbose Summary: Datapath Resource usage 
============================================================

* Functional unit list:
|----------|-------------------------|---------|---------|
| Operation|     Functional Unit     |    FF   |   LUT   |
|----------|-------------------------|---------|---------|
|    add   |     add_ln870_fu_74     |    0    |    12   |
|----------|-------------------------|---------|---------|
|   icmp   |    icmp_ln1069_fu_68    |    0    |    9    |
|----------|-------------------------|---------|---------|
|   read   |      tmp_read_fu_46     |    0    |    0    |
|----------|-------------------------|---------|---------|
|   write  | write_ln174_write_fu_52 |    0    |    0    |
|----------|-------------------------|---------|---------|
|   Total  |                         |    0    |    21   |
|----------|-------------------------|---------|---------|

Memories:
N/A

* Register list:
+-------------+--------+
|             |   FF   |
+-------------+--------+
|c4_V_1_reg_85|    4   |
+-------------+--------+
|    Total    |    4   |
+-------------+--------+

* Multiplexer (MUX) list: 
|--------|------|------|------|--------|
|  Comp  |  Pin | Size |  BW  | S x BW |
|--------|------|------|------|--------|
|  Total |      |      |      |    0   |
|--------|------|------|------|--------|



* Summary:
+-----------+--------+--------+
|           |   FF   |   LUT  |
+-----------+--------+--------+
|  Function |    0   |   21   |
|   Memory  |    -   |    -   |
|Multiplexer|    -   |    -   |
|  Register |    4   |    -   |
+-----------+--------+--------+
|   Total   |    4   |   21   |
+-----------+--------+--------+
