

================================================================
== Vitis HLS Report for 'C_drain_IO_L1_out_boundary_wrapper12_Pipeline_VITI'
================================================================
* Date:           Sat Oct 15 11:10:28 2022

* Version:        2021.1 (Build 3247384 on Thu Jun 10 19:36:07 MDT 2021)
* Project:        hls_prj
* Solution:       solution1 (Vivado IP Flow Target)
* Product family: virtexuplus
* Target device:  xcu200-fsgd2104-2-e


================================================================
== Performance Estimates
================================================================
+ Timing: 
    * Summary: 
    +--------+---------+----------+------------+
    |  Clock |  Target | Estimated| Uncertainty|
    +--------+---------+----------+------------+
    |ap_clk  |  5.00 ns|  2.605 ns|     1.35 ns|
    +--------+---------+----------+------------+

+ Latency: 
    * Summary: 
    +---------+---------+-----------+-----------+-----+-----+---------+
    |  Latency (cycles) |   Latency (absolute)  |  Interval | Pipeline|
    |   min   |   max   |    min    |    max    | min | max |   Type  |
    +---------+---------+-----------+-----------+-----+-----+---------+
    |       10|       10|  50.000 ns|  50.000 ns|   10|   10|       no|
    +---------+---------+-----------+-----------+-----+-----+---------+

    + Detail: 
        * Instance: 
        N/A

        * Loop: 
        +--------------------+---------+---------+----------+-----------+-----------+------+----------+
        |                    |  Latency (cycles) | Iteration|  Initiation Interval  | Trip |          |
        |      Loop Name     |   min   |   max   |  Latency |  achieved |   target  | Count| Pipelined|
        +--------------------+---------+---------+----------+-----------+-----------+------+----------+
        |- VITIS_LOOP_944_2  |        8|        8|         2|          1|          1|     8|       yes|
        +--------------------+---------+---------+----------+-----------+-----------+------+----------+

============================================================
+ Verbose Summary: Synthesis Manager
============================================================
InlineROM: 1
ExposeGlobal: 0
============================================================
+ Verbose Summary: CDFG Model
============================================================
IsTopModel: 0
ResetActiveHigh: 1
IsCombinational: 0
IsDatapathOnly: 0
HasWiredReturn: 1
HasMFsm: 2
HasVarLatency: 1
IsPipeline: 0
IsRtlPipelined: 0
IsInstanceOverlapped: 0
IsDontTouch: 0
HasImplIP: 0
IsGatedGlobalClock: 0

+ Individual pipeline summary: 
  * Pipeline-0: initiation interval (II) = 1, depth = 2


============================================================
+ Verbose Summary: Schedule
============================================================
* Number of FSM states : 2
* Pipeline : 1
  Pipeline-0 : II = 1, D = 2, States = { 1 2 }
* Dataflow Pipeline: 0

* FSM state transitions: 
1 --> 2 
2 --> 

* FSM state operations: 

State 1 <SV = 0> <Delay = 1.20>
ST_1 : Operation 5 [1/1] (0.00ns)   --->   "%c5_V = alloca i32 1"   --->   Operation 5 'alloca' 'c5_V' <Predicate = true> <Delay = 0.00>
ST_1 : Operation 6 [1/1] (0.00ns)   --->   "%specmemcore_ln0 = specmemcore void @_ssdm_op_SpecMemCore, i128 %local_C_V, i64 666, i64 22, i64 18446744073709551615"   --->   Operation 6 'specmemcore' 'specmemcore_ln0' <Predicate = true> <Delay = 0.00>
ST_1 : Operation 7 [1/1] (0.00ns)   --->   "%specmemcore_ln0 = specmemcore void @_ssdm_op_SpecMemCore, i128 %fifo_C_drain_C_drain_IO_L1_out_0_193, i64 666, i64 10, i64 18446744073709551615"   --->   Operation 7 'specmemcore' 'specmemcore_ln0' <Predicate = true> <Delay = 0.00>
ST_1 : Operation 8 [1/1] (0.00ns)   --->   "%specinterface_ln0 = specinterface void @_ssdm_op_SpecInterface, i128 %fifo_C_drain_C_drain_IO_L1_out_0_193, void @empty_5, i32 0, i32 0, void @empty_10, i32 0, i32 0, void @empty_10, void @empty_10, void @empty_10, i32 0, i32 0, i32 0, i32 0, void @empty_10, void @empty_10"   --->   Operation 8 'specinterface' 'specinterface_ln0' <Predicate = true> <Delay = 0.00>
ST_1 : Operation 9 [1/1] (0.38ns)   --->   "%store_ln0 = store i4 0, i4 %c5_V"   --->   Operation 9 'store' 'store_ln0' <Predicate = true> <Delay = 0.38>
ST_1 : Operation 10 [1/1] (0.00ns)   --->   "%br_ln0 = br void %_Z29C_drain_IO_L1_out_intra_transiiiiPA1_7ap_uintILi128EERN3hls6streamItLi0EEE.exit.i"   --->   Operation 10 'br' 'br_ln0' <Predicate = true> <Delay = 0.00>
ST_1 : Operation 11 [1/1] (0.00ns)   --->   "%c5_V_3 = load i4 %c5_V"   --->   Operation 11 'load' 'c5_V_3' <Predicate = true> <Delay = 0.00>
ST_1 : Operation 12 [1/1] (0.65ns)   --->   "%icmp_ln1069 = icmp_eq  i4 %c5_V_3, i4 8"   --->   Operation 12 'icmp' 'icmp_ln1069' <Predicate = true> <Delay = 0.65> <CoreInst = "Cmp">   --->   Core 9 'Cmp' <Latency = 0> <II = 1> <Delay = 0.65> <FuncUnit> <Opcode : 'icmp'> <InPorts = 2> <OutPorts = 1>
ST_1 : Operation 13 [1/1] (0.00ns)   --->   "%empty = speclooptripcount i32 @_ssdm_op_SpecLoopTripCount, i64 8, i64 8, i64 8"   --->   Operation 13 'speclooptripcount' 'empty' <Predicate = true> <Delay = 0.00>
ST_1 : Operation 14 [1/1] (0.70ns)   --->   "%add_ln870_4 = add i4 %c5_V_3, i4 1"   --->   Operation 14 'add' 'add_ln870_4' <Predicate = true> <Delay = 0.70> <CoreInst = "Adder">   --->   Core 1 'Adder' <Latency = 0> <II = 1> <Delay = 0.70> <FuncUnit> <Opcode : 'add' 'sub'> <InPorts = 2> <OutPorts = 1>
ST_1 : Operation 15 [1/1] (0.00ns)   --->   "%br_ln944 = br i1 %icmp_ln1069, void %.split24, void %_Z38C_drain_IO_L1_out_inter_trans_boundaryiiiiPA1_7ap_uintILi128EERN3hls6streamIS0_Li0EEE.exit.i.exitStub" [src/kernel_kernel.cpp:944]   --->   Operation 15 'br' 'br_ln944' <Predicate = true> <Delay = 0.00>
ST_1 : Operation 16 [1/1] (0.00ns)   --->   "%zext_ln1069 = zext i4 %c5_V_3"   --->   Operation 16 'zext' 'zext_ln1069' <Predicate = (!icmp_ln1069)> <Delay = 0.00>
ST_1 : Operation 17 [1/1] (0.00ns)   --->   "%local_C_V_addr = getelementptr i128 %local_C_V, i64 0, i64 %zext_ln1069" [src/kernel_kernel.cpp:950]   --->   Operation 17 'getelementptr' 'local_C_V_addr' <Predicate = (!icmp_ln1069)> <Delay = 0.00>
ST_1 : Operation 18 [2/2] (1.20ns)   --->   "%local_C_V_load = load i3 %local_C_V_addr" [src/kernel_kernel.cpp:950]   --->   Operation 18 'load' 'local_C_V_load' <Predicate = (!icmp_ln1069)> <Delay = 1.20> <CoreInst = "RAM_2P_BRAM">   --->   Core 94 'RAM_2P_BRAM' <Latency = 1> <II = 1> <Delay = 1.20> <Storage> <Opcode : 'load' 'store'> <Ports = 2> <Width = 128> <Depth = 8> <RAM>
ST_1 : Operation 19 [1/1] (0.38ns)   --->   "%store_ln870 = store i4 %add_ln870_4, i4 %c5_V"   --->   Operation 19 'store' 'store_ln870' <Predicate = (!icmp_ln1069)> <Delay = 0.38>
ST_1 : Operation 25 [1/1] (0.00ns)   --->   "%ret_ln0 = ret"   --->   Operation 25 'ret' 'ret_ln0' <Predicate = (icmp_ln1069)> <Delay = 0.00>

State 2 <SV = 1> <Delay = 2.60>
ST_2 : Operation 20 [1/1] (0.00ns)   --->   "%specpipeline_ln944 = specpipeline void @_ssdm_op_SpecPipeline, i32 1, i32 0, i32 0, i32 0, void @empty_10" [src/kernel_kernel.cpp:944]   --->   Operation 20 'specpipeline' 'specpipeline_ln944' <Predicate = true> <Delay = 0.00>
ST_2 : Operation 21 [1/1] (0.00ns)   --->   "%specloopname_ln944 = specloopname void @_ssdm_op_SpecLoopName, void @empty_3" [src/kernel_kernel.cpp:944]   --->   Operation 21 'specloopname' 'specloopname_ln944' <Predicate = true> <Delay = 0.00>
ST_2 : Operation 22 [1/2] (1.20ns)   --->   "%local_C_V_load = load i3 %local_C_V_addr" [src/kernel_kernel.cpp:950]   --->   Operation 22 'load' 'local_C_V_load' <Predicate = true> <Delay = 1.20> <CoreInst = "RAM_2P_BRAM">   --->   Core 94 'RAM_2P_BRAM' <Latency = 1> <II = 1> <Delay = 1.20> <Storage> <Opcode : 'load' 'store'> <Ports = 2> <Width = 128> <Depth = 8> <RAM>
ST_2 : Operation 23 [1/1] (1.40ns)   --->   "%write_ln174 = write void @_ssdm_op_Write.ap_fifo.volatile.i128P0A, i128 %fifo_C_drain_C_drain_IO_L1_out_0_193, i128 %local_C_V_load" [/mnt/raid10/tools/Vitis_HLS/2021.1/common/technology/autopilot/hls_stream_39.h:174]   --->   Operation 23 'write' 'write_ln174' <Predicate = true> <Delay = 1.40> <CoreInst = "FIFO_SRL">   --->   Core 81 'FIFO_SRL' <Latency = 0> <II = 1> <Delay = 1.40> <Storage> <Opcode : 'read' 'write' 'nbread' 'nbwrite'> <Ports = 0> <Width = 128> <Depth = 2> <FIFO>
ST_2 : Operation 24 [1/1] (0.00ns)   --->   "%br_ln0 = br void %_Z29C_drain_IO_L1_out_intra_transiiiiPA1_7ap_uintILi128EERN3hls6streamItLi0EEE.exit.i"   --->   Operation 24 'br' 'br_ln0' <Predicate = true> <Delay = 0.00>


============================================================
+ Verbose Summary: Binding
============================================================
STG Binding: 
---------------- STG Properties BEGIN ----------------
- Is combinational: 0
- Is one-state seq: 0
- Is datapath-only: 0
- Is pipelined: 0
- Is top level: 0
Port [ Return ] is wired: 1; IO mode=ap_ctrl_hs:ce=0
Port [ local_C_V]:  wired=1; compound=1; hidden=0; nouse=0; global=0; static=0; extern=0; dir=0; type=1; pingpong=0; private_global=0; MemPort=[13]; IO mode=ap_memory:ce=0
Port [ fifo_C_drain_C_drain_IO_L1_out_0_193]:  wired=1; compound=1; hidden=0; nouse=0; global=0; static=0; extern=0; dir=1; type=3; pingpong=0; private_global=0; IO mode=ap_fifo:ce=0
---------------- STG Properties END ------------------

---------------- Datapath Model BEGIN ----------------

<LifeTime>
<method=bitvector/>
c5_V               (alloca           ) [ 010]
specmemcore_ln0    (specmemcore      ) [ 000]
specmemcore_ln0    (specmemcore      ) [ 000]
specinterface_ln0  (specinterface    ) [ 000]
store_ln0          (store            ) [ 000]
br_ln0             (br               ) [ 000]
c5_V_3             (load             ) [ 000]
icmp_ln1069        (icmp             ) [ 010]
empty              (speclooptripcount) [ 000]
add_ln870_4        (add              ) [ 000]
br_ln944           (br               ) [ 000]
zext_ln1069        (zext             ) [ 000]
local_C_V_addr     (getelementptr    ) [ 011]
store_ln870        (store            ) [ 000]
specpipeline_ln944 (specpipeline     ) [ 000]
specloopname_ln944 (specloopname     ) [ 000]
local_C_V_load     (load             ) [ 000]
write_ln174        (write            ) [ 000]
br_ln0             (br               ) [ 000]
ret_ln0            (ret              ) [ 000]
</LifeTime>

<model>

<comp_list>
<comp id="0" class="1000" name="local_C_V">
<pin_list>
<pin id="1" dir="1" index="0" bw="1" slack="0"/>
</pin_list>
<bind>
<StgValue><ssdm name="local_C_V"/><MemPortTyVec>1 3 </MemPortTyVec>
</StgValue>
</bind>
</comp>

<comp id="2" class="1000" name="fifo_C_drain_C_drain_IO_L1_out_0_193">
<pin_list>
<pin id="3" dir="1" index="0" bw="1" slack="0"/>
</pin_list>
<bind>
<StgValue><ssdm name="fifo_C_drain_C_drain_IO_L1_out_0_193"/></StgValue>
</bind>
</comp>

<comp id="4" class="1001" name="const_4">
<pin_list>
<pin id="5" dir="1" index="0" bw="1" slack="0"/>
</pin_list>
<bind>
<StgValue><ssdm name=""/></StgValue>
</bind>
</comp>

<comp id="6" class="1001" name="const_6">
<pin_list>
<pin id="7" dir="1" index="0" bw="1" slack="2147483647"/>
</pin_list>
<bind>
<StgValue><ssdm name="_ssdm_op_SpecMemCore"/></StgValue>
</bind>
</comp>

<comp id="8" class="1001" name="const_8">
<pin_list>
<pin id="9" dir="1" index="0" bw="1" slack="2147483647"/>
</pin_list>
<bind>
<StgValue><ssdm name=""/></StgValue>
</bind>
</comp>

<comp id="10" class="1001" name="const_10">
<pin_list>
<pin id="11" dir="1" index="0" bw="1" slack="2147483647"/>
</pin_list>
<bind>
<StgValue><ssdm name=""/></StgValue>
</bind>
</comp>

<comp id="12" class="1001" name="const_12">
<pin_list>
<pin id="13" dir="1" index="0" bw="1" slack="2147483647"/>
</pin_list>
<bind>
<StgValue><ssdm name=""/></StgValue>
</bind>
</comp>

<comp id="14" class="1001" name="const_14">
<pin_list>
<pin id="15" dir="1" index="0" bw="1" slack="2147483647"/>
</pin_list>
<bind>
<StgValue><ssdm name=""/></StgValue>
</bind>
</comp>

<comp id="16" class="1001" name="const_16">
<pin_list>
<pin id="17" dir="1" index="0" bw="1" slack="2147483647"/>
</pin_list>
<bind>
<StgValue><ssdm name="_ssdm_op_SpecInterface"/></StgValue>
</bind>
</comp>

<comp id="18" class="1001" name="const_18">
<pin_list>
<pin id="19" dir="1" index="0" bw="1" slack="2147483647"/>
</pin_list>
<bind>
<StgValue><ssdm name="empty_5"/></StgValue>
</bind>
</comp>

<comp id="20" class="1001" name="const_20">
<pin_list>
<pin id="21" dir="1" index="0" bw="1" slack="2147483647"/>
</pin_list>
<bind>
<StgValue><ssdm name=""/></StgValue>
</bind>
</comp>

<comp id="22" class="1001" name="const_22">
<pin_list>
<pin id="23" dir="1" index="0" bw="1" slack="2147483647"/>
</pin_list>
<bind>
<StgValue><ssdm name="empty_10"/></StgValue>
</bind>
</comp>

<comp id="24" class="1001" name="const_24">
<pin_list>
<pin id="25" dir="1" index="0" bw="1" slack="0"/>
</pin_list>
<bind>
<StgValue><ssdm name=""/></StgValue>
</bind>
</comp>

<comp id="26" class="1001" name="const_26">
<pin_list>
<pin id="27" dir="1" index="0" bw="1" slack="0"/>
</pin_list>
<bind>
<StgValue><ssdm name=""/></StgValue>
</bind>
</comp>

<comp id="28" class="1001" name="const_28">
<pin_list>
<pin id="29" dir="1" index="0" bw="1" slack="2147483647"/>
</pin_list>
<bind>
<StgValue><ssdm name="_ssdm_op_SpecLoopTripCount"/></StgValue>
</bind>
</comp>

<comp id="30" class="1001" name="const_30">
<pin_list>
<pin id="31" dir="1" index="0" bw="1" slack="2147483647"/>
</pin_list>
<bind>
<StgValue><ssdm name=""/></StgValue>
</bind>
</comp>

<comp id="32" class="1001" name="const_32">
<pin_list>
<pin id="33" dir="1" index="0" bw="1" slack="0"/>
</pin_list>
<bind>
<StgValue><ssdm name=""/></StgValue>
</bind>
</comp>

<comp id="34" class="1001" name="const_34">
<pin_list>
<pin id="35" dir="1" index="0" bw="1" slack="0"/>
</pin_list>
<bind>
<StgValue><ssdm name=""/></StgValue>
</bind>
</comp>

<comp id="36" class="1001" name="const_36">
<pin_list>
<pin id="37" dir="1" index="0" bw="1" slack="2147483647"/>
</pin_list>
<bind>
<StgValue><ssdm name="_ssdm_op_SpecPipeline"/></StgValue>
</bind>
</comp>

<comp id="38" class="1001" name="const_38">
<pin_list>
<pin id="39" dir="1" index="0" bw="1" slack="2147483647"/>
</pin_list>
<bind>
<StgValue><ssdm name="_ssdm_op_SpecLoopName"/></StgValue>
</bind>
</comp>

<comp id="40" class="1001" name="const_40">
<pin_list>
<pin id="41" dir="1" index="0" bw="1" slack="2147483647"/>
</pin_list>
<bind>
<StgValue><ssdm name="empty_3"/></StgValue>
</bind>
</comp>

<comp id="42" class="1001" name="const_42">
<pin_list>
<pin id="43" dir="1" index="0" bw="1" slack="0"/>
</pin_list>
<bind>
<StgValue><ssdm name="_ssdm_op_Write.ap_fifo.volatile.i128P0A"/></StgValue>
</bind>
</comp>

<comp id="44" class="1004" name="c5_V_fu_44">
<pin_list>
<pin id="45" dir="0" index="0" bw="1" slack="0"/>
<pin id="46" dir="1" index="1" bw="4" slack="0"/>
</pin_list>
<bind>
<opcode="alloca(26) " fcode="alloca"/>
<opset="c5_V/1 "/>
</bind>
</comp>

<comp id="48" class="1004" name="write_ln174_write_fu_48">
<pin_list>
<pin id="49" dir="0" index="0" bw="0" slack="0"/>
<pin id="50" dir="0" index="1" bw="128" slack="0"/>
<pin id="51" dir="0" index="2" bw="128" slack="0"/>
<pin id="52" dir="1" index="3" bw="0" slack="2147483647"/>
</pin_list>
<bind>
<opcode="write(1151) " fcode="write"/>
<opset="write_ln174/2 "/>
</bind>
</comp>

<comp id="55" class="1004" name="local_C_V_addr_gep_fu_55">
<pin_list>
<pin id="56" dir="0" index="0" bw="128" slack="0"/>
<pin id="57" dir="0" index="1" bw="1" slack="0"/>
<pin id="58" dir="0" index="2" bw="4" slack="0"/>
<pin id="59" dir="1" index="3" bw="3" slack="0"/>
</pin_list>
<bind>
<opcode="getelementptr(29) " fcode="getelementptr"/>
<opset="local_C_V_addr/1 "/>
</bind>
</comp>

<comp id="62" class="1004" name="grp_access_fu_62">
<pin_list>
<pin id="63" dir="0" index="0" bw="3" slack="0"/>
<pin id="64" dir="0" index="1" bw="128" slack="2147483647"/>
<pin id="65" dir="0" index="2" bw="0" slack="2147483647"/>
<pin id="66" dir="1" index="3" bw="128" slack="0"/>
</pin_list>
<bind>
<opcode="load(27) " fcode="load"/>
<opset="local_C_V_load/1 "/>
</bind>
</comp>

<comp id="69" class="1004" name="store_ln0_store_fu_69">
<pin_list>
<pin id="70" dir="0" index="0" bw="1" slack="0"/>
<pin id="71" dir="0" index="1" bw="4" slack="0"/>
<pin id="72" dir="1" index="2" bw="0" slack="2147483647"/>
</pin_list>
<bind>
<opcode="store(28) " fcode="store"/>
<opset="store_ln0/1 "/>
</bind>
</comp>

<comp id="74" class="1004" name="c5_V_3_load_fu_74">
<pin_list>
<pin id="75" dir="0" index="0" bw="4" slack="0"/>
<pin id="76" dir="1" index="1" bw="4" slack="0"/>
</pin_list>
<bind>
<opcode="load(27) " fcode="load"/>
<opset="c5_V_3/1 "/>
</bind>
</comp>

<comp id="77" class="1004" name="icmp_ln1069_fu_77">
<pin_list>
<pin id="78" dir="0" index="0" bw="4" slack="0"/>
<pin id="79" dir="0" index="1" bw="4" slack="0"/>
<pin id="80" dir="1" index="2" bw="1" slack="2147483647"/>
</pin_list>
<bind>
<opcode="icmp(45) " fcode="icmp"/>
<opset="icmp_ln1069/1 "/>
</bind>
</comp>

<comp id="83" class="1004" name="add_ln870_4_fu_83">
<pin_list>
<pin id="84" dir="0" index="0" bw="4" slack="0"/>
<pin id="85" dir="0" index="1" bw="1" slack="0"/>
<pin id="86" dir="1" index="2" bw="4" slack="0"/>
</pin_list>
<bind>
<opcode="add(8) " fcode="add"/>
<opset="add_ln870_4/1 "/>
</bind>
</comp>

<comp id="89" class="1004" name="zext_ln1069_fu_89">
<pin_list>
<pin id="90" dir="0" index="0" bw="4" slack="0"/>
<pin id="91" dir="1" index="1" bw="64" slack="0"/>
</pin_list>
<bind>
<opcode="zext(34) " fcode="zext"/>
<opset="zext_ln1069/1 "/>
</bind>
</comp>

<comp id="94" class="1004" name="store_ln870_store_fu_94">
<pin_list>
<pin id="95" dir="0" index="0" bw="4" slack="0"/>
<pin id="96" dir="0" index="1" bw="4" slack="0"/>
<pin id="97" dir="1" index="2" bw="0" slack="2147483647"/>
</pin_list>
<bind>
<opcode="store(28) " fcode="store"/>
<opset="store_ln870/1 "/>
</bind>
</comp>

<comp id="99" class="1005" name="c5_V_reg_99">
<pin_list>
<pin id="100" dir="0" index="0" bw="4" slack="0"/>
<pin id="101" dir="1" index="1" bw="4" slack="0"/>
</pin_list>
<bind>
<opset="c5_V "/>
</bind>
</comp>

<comp id="109" class="1005" name="local_C_V_addr_reg_109">
<pin_list>
<pin id="110" dir="0" index="0" bw="3" slack="1"/>
<pin id="111" dir="1" index="1" bw="3" slack="1"/>
</pin_list>
<bind>
<opset="local_C_V_addr "/>
</bind>
</comp>

</comp_list>

<net_list>
<net id="47"><net_src comp="4" pin="0"/><net_sink comp="44" pin=0"/></net>

<net id="53"><net_src comp="42" pin="0"/><net_sink comp="48" pin=0"/></net>

<net id="54"><net_src comp="2" pin="0"/><net_sink comp="48" pin=1"/></net>

<net id="60"><net_src comp="0" pin="0"/><net_sink comp="55" pin=0"/></net>

<net id="61"><net_src comp="34" pin="0"/><net_sink comp="55" pin=1"/></net>

<net id="67"><net_src comp="62" pin="3"/><net_sink comp="48" pin=2"/></net>

<net id="68"><net_src comp="55" pin="3"/><net_sink comp="62" pin=0"/></net>

<net id="73"><net_src comp="24" pin="0"/><net_sink comp="69" pin=0"/></net>

<net id="81"><net_src comp="74" pin="1"/><net_sink comp="77" pin=0"/></net>

<net id="82"><net_src comp="26" pin="0"/><net_sink comp="77" pin=1"/></net>

<net id="87"><net_src comp="74" pin="1"/><net_sink comp="83" pin=0"/></net>

<net id="88"><net_src comp="32" pin="0"/><net_sink comp="83" pin=1"/></net>

<net id="92"><net_src comp="74" pin="1"/><net_sink comp="89" pin=0"/></net>

<net id="93"><net_src comp="89" pin="1"/><net_sink comp="55" pin=2"/></net>

<net id="98"><net_src comp="83" pin="2"/><net_sink comp="94" pin=0"/></net>

<net id="102"><net_src comp="44" pin="1"/><net_sink comp="99" pin=0"/></net>

<net id="103"><net_src comp="99" pin="1"/><net_sink comp="69" pin=1"/></net>

<net id="104"><net_src comp="99" pin="1"/><net_sink comp="74" pin=0"/></net>

<net id="105"><net_src comp="99" pin="1"/><net_sink comp="94" pin=1"/></net>

<net id="112"><net_src comp="55" pin="3"/><net_sink comp="109" pin=0"/></net>

<net id="113"><net_src comp="109" pin="1"/><net_sink comp="62" pin=0"/></net>

</net_list>

</model> 
---------------- Datapath Model END ------------------

* FSMD analyzer results:
  - Output states:
	Port: fifo_C_drain_C_drain_IO_L1_out_0_193 | {2 }
 - Input state : 
	Port: C_drain_IO_L1_out_boundary_wrapper12_Pipeline_VITI : local_C_V | {1 2 }
  - Chain level:
	State 1
		store_ln0 : 1
		c5_V_3 : 1
		icmp_ln1069 : 2
		add_ln870_4 : 2
		br_ln944 : 3
		zext_ln1069 : 2
		local_C_V_addr : 3
		local_C_V_load : 4
		store_ln870 : 3
	State 2
		write_ln174 : 1


============================================================
+ Verbose Summary: Datapath Resource usage 
============================================================

* Functional unit list:
|----------|-------------------------|---------|---------|
| Operation|     Functional Unit     |    FF   |   LUT   |
|----------|-------------------------|---------|---------|
|    add   |    add_ln870_4_fu_83    |    0    |    12   |
|----------|-------------------------|---------|---------|
|   icmp   |    icmp_ln1069_fu_77    |    0    |    9    |
|----------|-------------------------|---------|---------|
|   write  | write_ln174_write_fu_48 |    0    |    0    |
|----------|-------------------------|---------|---------|
|   zext   |    zext_ln1069_fu_89    |    0    |    0    |
|----------|-------------------------|---------|---------|
|   Total  |                         |    0    |    21   |
|----------|-------------------------|---------|---------|

Memories:
N/A

* Register list:
+----------------------+--------+
|                      |   FF   |
+----------------------+--------+
|      c5_V_reg_99     |    4   |
|local_C_V_addr_reg_109|    3   |
+----------------------+--------+
|         Total        |    7   |
+----------------------+--------+

* Multiplexer (MUX) list: 
|------------------|------|------|------|--------||---------||---------|
|       Comp       |  Pin | Size |  BW  | S x BW ||  Delay  ||   LUT   |
|------------------|------|------|------|--------||---------||---------|
| grp_access_fu_62 |  p0  |   2  |   3  |    6   ||    9    |
|------------------|------|------|------|--------||---------||---------|
|       Total      |      |      |      |    6   ||  0.387  ||    9    |
|------------------|------|------|------|--------||---------||---------|



* Summary:
+-----------+--------+--------+--------+
|           |  Delay |   FF   |   LUT  |
+-----------+--------+--------+--------+
|  Function |    -   |    0   |   21   |
|   Memory  |    -   |    -   |    -   |
|Multiplexer|    0   |    -   |    9   |
|  Register |    -   |    7   |    -   |
+-----------+--------+--------+--------+
|   Total   |    0   |    7   |   30   |
+-----------+--------+--------+--------+
