

================================================================
== Vitis HLS Report for 'C_drain_IO_L1_out'
================================================================
* Date:           Sat Oct 15 11:10:29 2022

* Version:        2021.1 (Build 3247384 on Thu Jun 10 19:36:07 MDT 2021)
* Project:        hls_prj
* Solution:       solution1 (Vivado IP Flow Target)
* Product family: virtexuplus
* Target device:  xcu200-fsgd2104-2-e


================================================================
== Performance Estimates
================================================================
+ Timing: 
    * Summary: 
    +--------+---------+----------+------------+
    |  Clock |  Target | Estimated| Uncertainty|
    +--------+---------+----------+------------+
    |ap_clk  |  5.00 ns|  3.183 ns|     1.35 ns|
    +--------+---------+----------+------------+

+ Latency: 
    * Summary: 
    +---------+---------+----------+----------+------+------+---------+
    |  Latency (cycles) |  Latency (absolute) |   Interval  | Pipeline|
    |   min   |   max   |    min   |    max   |  min |  max |   Type  |
    +---------+---------+----------+----------+------+------+---------+
    |     1505|     1505|  7.525 us|  7.525 us|  1505|  1505|       no|
    +---------+---------+----------+----------+------+------+---------+

    + Detail: 
        * Instance: 
        N/A

        * Loop: 
        +-------------------------------------+---------+---------+----------+-----------+-----------+------+----------+
        |                                     |  Latency (cycles) | Iteration|  Initiation Interval  | Trip |          |
        |              Loop Name              |   min   |   max   |  Latency |  achieved |   target  | Count| Pipelined|
        +-------------------------------------+---------+---------+----------+-----------+-----------+------+----------+
        |- VITIS_LOOP_968_1_VITIS_LOOP_969_2  |     1504|     1504|        94|          -|          -|    16|        no|
        | + VITIS_LOOP_903_1                  |       24|       24|        12|          -|          -|     2|        no|
        +-------------------------------------+---------+---------+----------+-----------+-----------+------+----------+

============================================================
+ Verbose Summary: Synthesis Manager
============================================================
InlineROM: 1
ExposeGlobal: 0
============================================================
+ Verbose Summary: CDFG Model
============================================================
IsTopModel: 0
ResetActiveHigh: 1
IsCombinational: 0
IsDatapathOnly: 0
HasWiredReturn: 1
HasMFsm: 0
HasVarLatency: 1
IsPipeline: 0
IsRtlPipelined: 0
IsInstanceOverlapped: 0
IsDontTouch: 0
HasImplIP: 0
IsGatedGlobalClock: 0


============================================================
+ Verbose Summary: Schedule
============================================================
* Number of FSM states : 6
* Pipeline : 0
* Dataflow Pipeline: 0

* FSM state transitions: 
1 --> 2 
2 --> 3 
3 --> 4 
4 --> 5 
5 --> 6 2 
6 --> 5 

* FSM state operations: 

State 1 <SV = 0> <Delay = 0.38>
ST_1 : Operation 7 [1/1] (0.00ns)   --->   "%indvar_flatten7 = alloca i32 1"   --->   Operation 7 'alloca' 'indvar_flatten7' <Predicate = true> <Delay = 0.00>
ST_1 : Operation 8 [1/1] (0.00ns)   --->   "%specmemcore_ln0 = specmemcore void @_ssdm_op_SpecMemCore, i16 %fifo_C_drain_PE_0_088, i64 666, i64 10, i64 18446744073709551615"   --->   Operation 8 'specmemcore' 'specmemcore_ln0' <Predicate = true> <Delay = 0.00>
ST_1 : Operation 9 [1/1] (0.00ns)   --->   "%specmemcore_ln0 = specmemcore void @_ssdm_op_SpecMemCore, i128 %fifo_C_drain_C_drain_IO_L1_out_0_092, i64 666, i64 10, i64 18446744073709551615"   --->   Operation 9 'specmemcore' 'specmemcore_ln0' <Predicate = true> <Delay = 0.00>
ST_1 : Operation 10 [1/1] (0.00ns)   --->   "%specmemcore_ln0 = specmemcore void @_ssdm_op_SpecMemCore, i128 %fifo_C_drain_C_drain_IO_L1_out_0_193, i64 666, i64 10, i64 18446744073709551615"   --->   Operation 10 'specmemcore' 'specmemcore_ln0' <Predicate = true> <Delay = 0.00>
ST_1 : Operation 11 [1/1] (0.00ns)   --->   "%specinterface_ln0 = specinterface void @_ssdm_op_SpecInterface, i16 %fifo_C_drain_PE_0_088, void @empty_5, i32 0, i32 0, void @empty_10, i32 0, i32 0, void @empty_10, void @empty_10, void @empty_10, i32 0, i32 0, i32 0, i32 0, void @empty_10, void @empty_10"   --->   Operation 11 'specinterface' 'specinterface_ln0' <Predicate = true> <Delay = 0.00>
ST_1 : Operation 12 [1/1] (0.00ns)   --->   "%specinterface_ln0 = specinterface void @_ssdm_op_SpecInterface, i128 %fifo_C_drain_C_drain_IO_L1_out_0_092, void @empty_5, i32 0, i32 0, void @empty_10, i32 0, i32 0, void @empty_10, void @empty_10, void @empty_10, i32 0, i32 0, i32 0, i32 0, void @empty_10, void @empty_10"   --->   Operation 12 'specinterface' 'specinterface_ln0' <Predicate = true> <Delay = 0.00>
ST_1 : Operation 13 [1/1] (0.00ns)   --->   "%specinterface_ln0 = specinterface void @_ssdm_op_SpecInterface, i128 %fifo_C_drain_C_drain_IO_L1_out_0_193, void @empty_5, i32 0, i32 0, void @empty_10, i32 0, i32 0, void @empty_10, void @empty_10, void @empty_10, i32 0, i32 0, i32 0, i32 0, void @empty_10, void @empty_10"   --->   Operation 13 'specinterface' 'specinterface_ln0' <Predicate = true> <Delay = 0.00>
ST_1 : Operation 14 [1/1] (0.00ns)   --->   "%local_C_V = alloca i64 1" [src/kernel_kernel.cpp:964]   --->   Operation 14 'alloca' 'local_C_V' <Predicate = true> <Delay = 0.00> <CoreInst = "RAM_2P_BRAM">   --->   Core 94 'RAM_2P_BRAM' <Latency = 1> <II = 1> <Delay = 1.20> <Storage> <Opcode : 'load' 'store'> <Ports = 2> <Width = 128> <Depth = 8> <RAM>
ST_1 : Operation 15 [1/1] (0.00ns)   --->   "%specmemcore_ln964 = specmemcore void @_ssdm_op_SpecMemCore, i128 %local_C_V, i64 666, i64 22, i64 18446744073709551615" [src/kernel_kernel.cpp:964]   --->   Operation 15 'specmemcore' 'specmemcore_ln964' <Predicate = true> <Delay = 0.00>
ST_1 : Operation 16 [1/1] (0.38ns)   --->   "%store_ln968 = store i5 0, i5 %indvar_flatten7" [src/kernel_kernel.cpp:968]   --->   Operation 16 'store' 'store_ln968' <Predicate = true> <Delay = 0.38>
ST_1 : Operation 17 [1/1] (0.00ns)   --->   "%br_ln968 = br void" [src/kernel_kernel.cpp:968]   --->   Operation 17 'br' 'br_ln968' <Predicate = true> <Delay = 0.00>

State 2 <SV = 1> <Delay = 0.70>
ST_2 : Operation 18 [1/1] (0.00ns)   --->   "%indvar_flatten7_load = load i5 %indvar_flatten7"   --->   Operation 18 'load' 'indvar_flatten7_load' <Predicate = true> <Delay = 0.00>
ST_2 : Operation 19 [1/1] (0.63ns)   --->   "%icmp_ln1069 = icmp_eq  i5 %indvar_flatten7_load, i5 16"   --->   Operation 19 'icmp' 'icmp_ln1069' <Predicate = true> <Delay = 0.63> <CoreInst = "Cmp">   --->   Core 9 'Cmp' <Latency = 0> <II = 1> <Delay = 0.34> <FuncUnit> <Opcode : 'icmp'> <InPorts = 2> <OutPorts = 1>
ST_2 : Operation 20 [1/1] (0.70ns)   --->   "%add_ln1069 = add i5 %indvar_flatten7_load, i5 1"   --->   Operation 20 'add' 'add_ln1069' <Predicate = true> <Delay = 0.70> <CoreInst = "Adder">   --->   Core 1 'Adder' <Latency = 0> <II = 1> <Delay = 0.43> <FuncUnit> <Opcode : 'add' 'sub'> <InPorts = 2> <OutPorts = 1>
ST_2 : Operation 21 [1/1] (0.00ns)   --->   "%br_ln1069 = br i1 %icmp_ln1069, void %.split33, void"   --->   Operation 21 'br' 'br_ln1069' <Predicate = true> <Delay = 0.00>
ST_2 : Operation 22 [1/1] (0.00ns)   --->   "%empty_165 = wait i32 @_ssdm_op_Wait"   --->   Operation 22 'wait' 'empty_165' <Predicate = (!icmp_ln1069)> <Delay = 0.00>
ST_2 : Operation 23 [2/2] (0.00ns)   --->   "%call_ln0 = call void @C_drain_IO_L1_out_Pipeline_VITIS_LOOP_870_1_VITIS_, i128 %local_C_V, i16 %fifo_C_drain_PE_0_088"   --->   Operation 23 'call' 'call_ln0' <Predicate = (!icmp_ln1069)> <Delay = 0.00> <CoreType = "Generic">   --->   Core 0 '' <Latency = 0> <II = 1> <Delay = 1.00> <Generic> <Opcode : >
ST_2 : Operation 24 [1/1] (0.00ns)   --->   "%ret_ln991 = ret" [src/kernel_kernel.cpp:991]   --->   Operation 24 'ret' 'ret_ln991' <Predicate = (icmp_ln1069)> <Delay = 0.00>

State 3 <SV = 2> <Delay = 0.00>
ST_3 : Operation 25 [1/2] (0.00ns)   --->   "%call_ln0 = call void @C_drain_IO_L1_out_Pipeline_VITIS_LOOP_870_1_VITIS_, i128 %local_C_V, i16 %fifo_C_drain_PE_0_088"   --->   Operation 25 'call' 'call_ln0' <Predicate = true> <Delay = 0.00> <CoreType = "Generic">   --->   Core 0 '' <Latency = 0> <II = 1> <Delay = 1.00> <Generic> <Opcode : >

State 4 <SV = 3> <Delay = 0.38>
ST_4 : Operation 26 [1/1] (0.00ns)   --->   "%specloopname_ln0 = specloopname void @_ssdm_op_SpecLoopName, void @VITIS_LOOP_968_1_VITIS_LOOP_969_2_str"   --->   Operation 26 'specloopname' 'specloopname_ln0' <Predicate = true> <Delay = 0.00>
ST_4 : Operation 27 [1/1] (0.00ns)   --->   "%empty_164 = speclooptripcount i32 @_ssdm_op_SpecLoopTripCount, i64 16, i64 16, i64 16"   --->   Operation 27 'speclooptripcount' 'empty_164' <Predicate = true> <Delay = 0.00>
ST_4 : Operation 28 [1/1] (0.00ns)   --->   "%specloopname_ln858 = specloopname void @_ssdm_op_SpecLoopName, void @empty_25" [src/kernel_kernel.cpp:858]   --->   Operation 28 'specloopname' 'specloopname_ln858' <Predicate = true> <Delay = 0.00>
ST_4 : Operation 29 [1/1] (0.00ns)   --->   "%empty_166 = wait i32 @_ssdm_op_Wait"   --->   Operation 29 'wait' 'empty_166' <Predicate = true> <Delay = 0.00>
ST_4 : Operation 30 [1/1] (0.38ns)   --->   "%br_ln1069 = br void %_Z29C_drain_IO_L1_out_intra_transiiiiPA1_7ap_uintILi128EERN3hls6streamItLi0EEE.exit"   --->   Operation 30 'br' 'br_ln1069' <Predicate = true> <Delay = 0.38>

State 5 <SV = 4> <Delay = 0.73>
ST_5 : Operation 31 [1/1] (0.00ns)   --->   "%c4_V = phi i2 %add_ln870, void %.loopexit, i2 0, void %.split33"   --->   Operation 31 'phi' 'c4_V' <Predicate = true> <Delay = 0.00>
ST_5 : Operation 32 [1/1] (0.34ns)   --->   "%icmp_ln1069_10 = icmp_eq  i2 %c4_V, i2 2"   --->   Operation 32 'icmp' 'icmp_ln1069_10' <Predicate = true> <Delay = 0.34> <CoreInst = "Cmp">   --->   Core 9 'Cmp' <Latency = 0> <II = 1> <Delay = 0.34> <FuncUnit> <Opcode : 'icmp'> <InPorts = 2> <OutPorts = 1>
ST_5 : Operation 33 [1/1] (0.00ns)   --->   "%empty = speclooptripcount i32 @_ssdm_op_SpecLoopTripCount, i64 2, i64 2, i64 2"   --->   Operation 33 'speclooptripcount' 'empty' <Predicate = true> <Delay = 0.00>
ST_5 : Operation 34 [1/1] (0.43ns)   --->   "%add_ln870 = add i2 %c4_V, i2 1"   --->   Operation 34 'add' 'add_ln870' <Predicate = true> <Delay = 0.43> <CoreInst = "Adder">   --->   Core 1 'Adder' <Latency = 0> <II = 1> <Delay = 0.43> <FuncUnit> <Opcode : 'add' 'sub'> <InPorts = 2> <OutPorts = 1>
ST_5 : Operation 35 [1/1] (0.00ns)   --->   "%br_ln903 = br i1 %icmp_ln1069_10, void %.split29, void" [src/kernel_kernel.cpp:903]   --->   Operation 35 'br' 'br_ln903' <Predicate = true> <Delay = 0.00>
ST_5 : Operation 36 [1/1] (0.00ns)   --->   "%specloopname_ln1795 = specloopname void @_ssdm_op_SpecLoopName, void @empty_17"   --->   Operation 36 'specloopname' 'specloopname_ln1795' <Predicate = (!icmp_ln1069_10)> <Delay = 0.00>
ST_5 : Operation 37 [1/1] (0.34ns)   --->   "%icmp_ln1049 = icmp_eq  i2 %c4_V, i2 0"   --->   Operation 37 'icmp' 'icmp_ln1049' <Predicate = (!icmp_ln1069_10)> <Delay = 0.34> <CoreInst = "Cmp">   --->   Core 9 'Cmp' <Latency = 0> <II = 1> <Delay = 0.34> <FuncUnit> <Opcode : 'icmp'> <InPorts = 2> <OutPorts = 1>
ST_5 : Operation 38 [1/1] (0.00ns)   --->   "%empty_163 = wait i32 @_ssdm_op_Wait"   --->   Operation 38 'wait' 'empty_163' <Predicate = (!icmp_ln1069_10)> <Delay = 0.00>
ST_5 : Operation 39 [1/1] (0.00ns)   --->   "%br_ln905 = br i1 %icmp_ln1049, void %.preheader.preheader, void %.preheader3.preheader" [src/kernel_kernel.cpp:905]   --->   Operation 39 'br' 'br_ln905' <Predicate = (!icmp_ln1069_10)> <Delay = 0.00>
ST_5 : Operation 40 [2/2] (0.00ns)   --->   "%call_ln0 = call void @C_drain_IO_L1_out_Pipeline_VITIS_LOOP_918_3, i128 %fifo_C_drain_C_drain_IO_L1_out_0_193, i128 %fifo_C_drain_C_drain_IO_L1_out_0_092"   --->   Operation 40 'call' 'call_ln0' <Predicate = (!icmp_ln1069_10 & !icmp_ln1049)> <Delay = 0.00> <CoreType = "Generic">   --->   Core 0 '' <Latency = 0> <II = 1> <Delay = 1.00> <Generic> <Opcode : >
ST_5 : Operation 41 [2/2] (0.00ns)   --->   "%call_ln0 = call void @C_drain_IO_L1_out_Pipeline_VITIS_LOOP_906_2, i128 %local_C_V, i128 %fifo_C_drain_C_drain_IO_L1_out_0_092"   --->   Operation 41 'call' 'call_ln0' <Predicate = (!icmp_ln1069_10 & icmp_ln1049)> <Delay = 0.00> <CoreType = "Generic">   --->   Core 0 '' <Latency = 0> <II = 1> <Delay = 1.00> <Generic> <Opcode : >
ST_5 : Operation 42 [1/1] (0.38ns)   --->   "%store_ln1069 = store i5 %add_ln1069, i5 %indvar_flatten7"   --->   Operation 42 'store' 'store_ln1069' <Predicate = (icmp_ln1069_10)> <Delay = 0.38>
ST_5 : Operation 43 [1/1] (0.00ns)   --->   "%br_ln0 = br void"   --->   Operation 43 'br' 'br_ln0' <Predicate = (icmp_ln1069_10)> <Delay = 0.00>

State 6 <SV = 5> <Delay = 0.00>
ST_6 : Operation 44 [1/2] (0.00ns)   --->   "%call_ln0 = call void @C_drain_IO_L1_out_Pipeline_VITIS_LOOP_918_3, i128 %fifo_C_drain_C_drain_IO_L1_out_0_193, i128 %fifo_C_drain_C_drain_IO_L1_out_0_092"   --->   Operation 44 'call' 'call_ln0' <Predicate = (!icmp_ln1049)> <Delay = 0.00> <CoreType = "Generic">   --->   Core 0 '' <Latency = 0> <II = 1> <Delay = 1.00> <Generic> <Opcode : >
ST_6 : Operation 45 [1/1] (0.00ns)   --->   "%br_ln0 = br void %.loopexit"   --->   Operation 45 'br' 'br_ln0' <Predicate = (!icmp_ln1049)> <Delay = 0.00>
ST_6 : Operation 46 [1/2] (0.00ns)   --->   "%call_ln0 = call void @C_drain_IO_L1_out_Pipeline_VITIS_LOOP_906_2, i128 %local_C_V, i128 %fifo_C_drain_C_drain_IO_L1_out_0_092"   --->   Operation 46 'call' 'call_ln0' <Predicate = (icmp_ln1049)> <Delay = 0.00> <CoreType = "Generic">   --->   Core 0 '' <Latency = 0> <II = 1> <Delay = 1.00> <Generic> <Opcode : >
ST_6 : Operation 47 [1/1] (0.00ns)   --->   "%br_ln0 = br void %.loopexit"   --->   Operation 47 'br' 'br_ln0' <Predicate = (icmp_ln1049)> <Delay = 0.00>
ST_6 : Operation 48 [1/1] (0.00ns)   --->   "%br_ln0 = br void %_Z29C_drain_IO_L1_out_intra_transiiiiPA1_7ap_uintILi128EERN3hls6streamItLi0EEE.exit"   --->   Operation 48 'br' 'br_ln0' <Predicate = true> <Delay = 0.00>


============================================================
+ Verbose Summary: Timing violations
============================================================
Target clock period: 5ns, clock uncertainty: 1.35ns.

 <State 1>: 0.387ns
The critical path consists of the following:
	'alloca' operation ('indvar_flatten7') [4]  (0 ns)
	'store' operation ('store_ln968', src/kernel_kernel.cpp:968) of constant 0 on local variable 'indvar_flatten7' [13]  (0.387 ns)

 <State 2>: 0.707ns
The critical path consists of the following:
	'load' operation ('indvar_flatten7_load') on local variable 'indvar_flatten7' [16]  (0 ns)
	'add' operation ('add_ln1069') [18]  (0.707 ns)

 <State 3>: 0ns
The critical path consists of the following:

 <State 4>: 0.387ns
The critical path consists of the following:
	multiplexor before 'phi' operation ('c4.V') with incoming values : ('add_ln870') [29]  (0.387 ns)

 <State 5>: 0.73ns
The critical path consists of the following:
	'phi' operation ('c4.V') with incoming values : ('add_ln870') [29]  (0 ns)
	'add' operation ('add_ln870') [32]  (0.436 ns)
	blocking operation 0.294 ns on control path)

 <State 6>: 0ns
The critical path consists of the following:


============================================================
+ Verbose Summary: Binding
============================================================
N/A
* FSMD analyzer results:
  - Output states:
 - Input state : 
  - Chain level:
	State 1
	State 2
	State 3
	State 4
	State 5
	State 6


============================================================
+ Verbose Summary: Datapath Resource usage 
============================================================
N/A
