

================================================================
== Vitis HLS Report for 'C_drain_IO_L2_out_boundary'
================================================================
* Date:           Sat Oct 15 11:10:41 2022

* Version:        2021.1 (Build 3247384 on Thu Jun 10 19:36:07 MDT 2021)
* Project:        hls_prj
* Solution:       solution1 (Vivado IP Flow Target)
* Product family: virtexuplus
* Target device:  xcu200-fsgd2104-2-e


================================================================
== Performance Estimates
================================================================
+ Timing: 
    * Summary: 
    +--------+---------+----------+------------+
    |  Clock |  Target | Estimated| Uncertainty|
    +--------+---------+----------+------------+
    |ap_clk  |  5.00 ns|  2.810 ns|     1.35 ns|
    +--------+---------+----------+------------+

+ Latency: 
    * Summary: 
    +---------+---------+----------+----------+-----+-----+---------+
    |  Latency (cycles) |  Latency (absolute) |  Interval | Pipeline|
    |   min   |   max   |    min   |    max   | min | max |   Type  |
    +---------+---------+----------+----------+-----+-----+---------+
    |      258|      258|  1.290 us|  1.290 us|  258|  258|       no|
    +---------+---------+----------+----------+-----+-----+---------+

    + Detail: 
        * Instance: 
        N/A

        * Loop: 
        +---------------------------------------------------------+---------+---------+----------+-----------+-----------+------+----------+
        |                                                         |  Latency (cycles) | Iteration|  Initiation Interval  | Trip |          |
        |                        Loop Name                        |   min   |   max   |  Latency |  achieved |   target  | Count| Pipelined|
        +---------------------------------------------------------+---------+---------+----------+-----------+-----------+------+----------+
        |- VITIS_LOOP_1107_1_VITIS_LOOP_1114_4_VITIS_LOOP_1116_5  |      256|      256|         2|          1|          1|   256|       yes|
        +---------------------------------------------------------+---------+---------+----------+-----------+-----------+------+----------+



================================================================
== Utilization Estimates
================================================================
* Summary: 
+---------------------+---------+------+---------+---------+-----+
|         Name        | BRAM_18K|  DSP |    FF   |   LUT   | URAM|
+---------------------+---------+------+---------+---------+-----+
|DSP                  |        -|     -|        -|        -|    -|
|Expression           |        -|     -|        0|       35|    -|
|FIFO                 |        -|     -|        -|        -|    -|
|Instance             |        -|     -|        -|        -|    -|
|Memory               |        -|     -|        -|        -|    -|
|Multiplexer          |        -|     -|        -|       54|    -|
|Register             |        -|     -|       12|        -|    -|
+---------------------+---------+------+---------+---------+-----+
|Total                |        0|     0|       12|       89|    0|
+---------------------+---------+------+---------+---------+-----+
|Available SLR        |     1440|  2280|   788160|   394080|  320|
+---------------------+---------+------+---------+---------+-----+
|Utilization SLR (%)  |        0|     0|       ~0|       ~0|    0|
+---------------------+---------+------+---------+---------+-----+
|Available            |     4320|  6840|  2364480|  1182240|  960|
+---------------------+---------+------+---------+---------+-----+
|Utilization (%)      |        0|     0|       ~0|       ~0|    0|
+---------------------+---------+------+---------+---------+-----+

+ Detail: 
    * Instance: 
    N/A

    * DSP: 
    N/A

    * Memory: 
    N/A

    * FIFO: 
    N/A

    * Expression: 
    +----------------------------------+----------+----+---+----+------------+------------+
    |           Variable Name          | Operation| DSP| FF| LUT| Bitwidth P0| Bitwidth P1|
    +----------------------------------+----------+----+---+----+------------+------------+
    |add_ln1069_fu_80_p2               |         +|   0|  0|  16|           9|           1|
    |ap_condition_82                   |       and|   0|  0|   2|           1|           1|
    |icmp_ln1069_fu_74_p2              |      icmp|   0|  0|  11|           9|          10|
    |ap_block_pp0_stage0_01001         |        or|   0|  0|   2|           1|           1|
    |ap_block_state2_pp0_stage0_iter1  |        or|   0|  0|   2|           1|           1|
    |ap_enable_pp0                     |       xor|   0|  0|   2|           1|           2|
    +----------------------------------+----------+----+---+----+------------+------------+
    |Total                             |          |   0|  0|  35|          22|          16|
    +----------------------------------+----------+----+---+----+------------+------------+

    * Multiplexer: 
    +--------------------------------------------+----+-----------+-----+-----------+
    |                    Name                    | LUT| Input Size| Bits| Total Bits|
    +--------------------------------------------+----+-----------+-----+-----------+
    |ap_done_int                                 |   9|          2|    1|          2|
    |ap_enable_reg_pp0_iter1                     |   9|          2|    1|          2|
    |ap_sig_allocacmp_indvar_flatten31_load      |   9|          2|    9|         18|
    |fifo_C_drain_C_drain_IO_L1_out_1_094_blk_n  |   9|          2|    1|          2|
    |fifo_C_drain_C_drain_IO_L2_out_197_blk_n    |   9|          2|    1|          2|
    |indvar_flatten31_fu_48                      |   9|          2|    9|         18|
    +--------------------------------------------+----+-----------+-----+-----------+
    |Total                                       |  54|         12|   22|         44|
    +--------------------------------------------+----+-----------+-----+-----------+

    * Register: 
    +-------------------------+---+----+-----+-----------+
    |           Name          | FF| LUT| Bits| Const Bits|
    +-------------------------+---+----+-----+-----------+
    |ap_CS_fsm                |  1|   0|    1|          0|
    |ap_done_reg              |  1|   0|    1|          0|
    |ap_enable_reg_pp0_iter1  |  1|   0|    1|          0|
    |indvar_flatten31_fu_48   |  9|   0|    9|          0|
    +-------------------------+---+----+-----+-----------+
    |Total                    | 12|   0|   12|          0|
    +-------------------------+---+----+-----+-----------+



================================================================
== Interface
================================================================
* Summary: 
+----------------------------------------------+-----+-----+------------+--------------------------------------+--------------+
|                   RTL Ports                  | Dir | Bits|  Protocol  |             Source Object            |    C Type    |
+----------------------------------------------+-----+-----+------------+--------------------------------------+--------------+
|ap_clk                                        |   in|    1|  ap_ctrl_hs|            C_drain_IO_L2_out_boundary|  return value|
|ap_rst                                        |   in|    1|  ap_ctrl_hs|            C_drain_IO_L2_out_boundary|  return value|
|ap_start                                      |   in|    1|  ap_ctrl_hs|            C_drain_IO_L2_out_boundary|  return value|
|ap_done                                       |  out|    1|  ap_ctrl_hs|            C_drain_IO_L2_out_boundary|  return value|
|ap_continue                                   |   in|    1|  ap_ctrl_hs|            C_drain_IO_L2_out_boundary|  return value|
|ap_idle                                       |  out|    1|  ap_ctrl_hs|            C_drain_IO_L2_out_boundary|  return value|
|ap_ready                                      |  out|    1|  ap_ctrl_hs|            C_drain_IO_L2_out_boundary|  return value|
|fifo_C_drain_C_drain_IO_L1_out_1_094_dout     |   in|  128|     ap_fifo|  fifo_C_drain_C_drain_IO_L1_out_1_094|       pointer|
|fifo_C_drain_C_drain_IO_L1_out_1_094_empty_n  |   in|    1|     ap_fifo|  fifo_C_drain_C_drain_IO_L1_out_1_094|       pointer|
|fifo_C_drain_C_drain_IO_L1_out_1_094_read     |  out|    1|     ap_fifo|  fifo_C_drain_C_drain_IO_L1_out_1_094|       pointer|
|fifo_C_drain_C_drain_IO_L2_out_197_din        |  out|  128|     ap_fifo|    fifo_C_drain_C_drain_IO_L2_out_197|       pointer|
|fifo_C_drain_C_drain_IO_L2_out_197_full_n     |   in|    1|     ap_fifo|    fifo_C_drain_C_drain_IO_L2_out_197|       pointer|
|fifo_C_drain_C_drain_IO_L2_out_197_write      |  out|    1|     ap_fifo|    fifo_C_drain_C_drain_IO_L2_out_197|       pointer|
+----------------------------------------------+-----+-----+------------+--------------------------------------+--------------+

============================================================
+ Verbose Summary: Synthesis Manager
============================================================
InlineROM: 1
ExposeGlobal: 0
============================================================
+ Verbose Summary: CDFG Model
============================================================
IsTopModel: 0
ResetActiveHigh: 1
IsCombinational: 2
IsDatapathOnly: 0
HasWiredReturn: 1
HasMFsm: 2
HasVarLatency: 1
IsPipeline: 0
IsRtlPipelined: 0
IsInstanceOverlapped: 0
IsDontTouch: 0
HasImplIP: 0
IsGatedGlobalClock: 0

+ Individual pipeline summary: 
  * Pipeline-0: initiation interval (II) = 1, depth = 2


============================================================
+ Verbose Summary: Schedule
============================================================
* Number of FSM states : 2
* Pipeline : 1
  Pipeline-0 : II = 1, D = 2, States = { 1 2 }
* Dataflow Pipeline: 0

* FSM state transitions: 
1 --> 2 
2 --> 

* FSM state operations: 

State 1 <SV = 0> <Delay = 1.10>
ST_1 : Operation 5 [1/1] (0.00ns)   --->   "%indvar_flatten31 = alloca i32 1"   --->   Operation 5 'alloca' 'indvar_flatten31' <Predicate = true> <Delay = 0.00>
ST_1 : Operation 6 [1/1] (0.00ns)   --->   "%specmemcore_ln0 = specmemcore void @_ssdm_op_SpecMemCore, i128 %fifo_C_drain_C_drain_IO_L2_out_197, i64 666, i64 10, i64 18446744073709551615"   --->   Operation 6 'specmemcore' 'specmemcore_ln0' <Predicate = true> <Delay = 0.00>
ST_1 : Operation 7 [1/1] (0.00ns)   --->   "%specmemcore_ln0 = specmemcore void @_ssdm_op_SpecMemCore, i128 %fifo_C_drain_C_drain_IO_L1_out_1_094, i64 666, i64 10, i64 18446744073709551615"   --->   Operation 7 'specmemcore' 'specmemcore_ln0' <Predicate = true> <Delay = 0.00>
ST_1 : Operation 8 [1/1] (0.00ns)   --->   "%specinterface_ln0 = specinterface void @_ssdm_op_SpecInterface, i128 %fifo_C_drain_C_drain_IO_L2_out_197, void @empty_5, i32 0, i32 0, void @empty_10, i32 0, i32 0, void @empty_10, void @empty_10, void @empty_10, i32 0, i32 0, i32 0, i32 0, void @empty_10, void @empty_10"   --->   Operation 8 'specinterface' 'specinterface_ln0' <Predicate = true> <Delay = 0.00>
ST_1 : Operation 9 [1/1] (0.00ns)   --->   "%specinterface_ln0 = specinterface void @_ssdm_op_SpecInterface, i128 %fifo_C_drain_C_drain_IO_L1_out_1_094, void @empty_5, i32 0, i32 0, void @empty_10, i32 0, i32 0, void @empty_10, void @empty_10, void @empty_10, i32 0, i32 0, i32 0, i32 0, void @empty_10, void @empty_10"   --->   Operation 9 'specinterface' 'specinterface_ln0' <Predicate = true> <Delay = 0.00>
ST_1 : Operation 10 [1/1] (0.38ns)   --->   "%store_ln1107 = store i9 0, i9 %indvar_flatten31" [src/kernel_kernel.cpp:1107]   --->   Operation 10 'store' 'store_ln1107' <Predicate = true> <Delay = 0.38>
ST_1 : Operation 11 [1/1] (0.00ns)   --->   "%br_ln1107 = br void" [src/kernel_kernel.cpp:1107]   --->   Operation 11 'br' 'br_ln1107' <Predicate = true> <Delay = 0.00>
ST_1 : Operation 12 [1/1] (0.00ns)   --->   "%indvar_flatten31_load = load i9 %indvar_flatten31"   --->   Operation 12 'load' 'indvar_flatten31_load' <Predicate = true> <Delay = 0.00>
ST_1 : Operation 13 [1/1] (0.59ns)   --->   "%icmp_ln1069 = icmp_eq  i9 %indvar_flatten31_load, i9 256"   --->   Operation 13 'icmp' 'icmp_ln1069' <Predicate = true> <Delay = 0.59> <CoreInst = "Cmp">   --->   Core 9 'Cmp' <Latency = 0> <II = 1> <Delay = 0.60> <FuncUnit> <Opcode : 'icmp'> <InPorts = 2> <OutPorts = 1>
ST_1 : Operation 14 [1/1] (0.71ns)   --->   "%add_ln1069 = add i9 %indvar_flatten31_load, i9 1"   --->   Operation 14 'add' 'add_ln1069' <Predicate = true> <Delay = 0.71> <CoreInst = "Adder">   --->   Core 1 'Adder' <Latency = 0> <II = 1> <Delay = 0.71> <FuncUnit> <Opcode : 'add' 'sub'> <InPorts = 2> <OutPorts = 1>
ST_1 : Operation 15 [1/1] (0.00ns)   --->   "%br_ln1069 = br i1 %icmp_ln1069, void %.split6, void"   --->   Operation 15 'br' 'br_ln1069' <Predicate = true> <Delay = 0.00>
ST_1 : Operation 16 [1/1] (0.38ns)   --->   "%store_ln1069 = store i9 %add_ln1069, i9 %indvar_flatten31"   --->   Operation 16 'store' 'store_ln1069' <Predicate = (!icmp_ln1069)> <Delay = 0.38>
ST_1 : Operation 26 [1/1] (0.00ns)   --->   "%ret_ln1130 = ret" [src/kernel_kernel.cpp:1130]   --->   Operation 26 'ret' 'ret_ln1130' <Predicate = (icmp_ln1069)> <Delay = 0.00>

State 2 <SV = 1> <Delay = 2.81>
ST_2 : Operation 17 [1/1] (0.00ns)   --->   "%specloopname_ln0 = specloopname void @_ssdm_op_SpecLoopName, void @VITIS_LOOP_1107_1_VITIS_LOOP_1114_4_VITIS_LOOP_111"   --->   Operation 17 'specloopname' 'specloopname_ln0' <Predicate = true> <Delay = 0.00>
ST_2 : Operation 18 [1/1] (0.00ns)   --->   "%empty = speclooptripcount i32 @_ssdm_op_SpecLoopTripCount, i64 256, i64 256, i64 256"   --->   Operation 18 'speclooptripcount' 'empty' <Predicate = true> <Delay = 0.00>
ST_2 : Operation 19 [1/1] (0.00ns)   --->   "%specloopname_ln0 = specloopname void @_ssdm_op_SpecLoopName, void @VITIS_LOOP_1108_2_VITIS_LOOP_1114_4_VITIS_LOOP_111"   --->   Operation 19 'specloopname' 'specloopname_ln0' <Predicate = true> <Delay = 0.00>
ST_2 : Operation 20 [1/1] (0.00ns)   --->   "%specloopname_ln0 = specloopname void @_ssdm_op_SpecLoopName, void @VITIS_LOOP_1114_4_VITIS_LOOP_1116_5_str"   --->   Operation 20 'specloopname' 'specloopname_ln0' <Predicate = true> <Delay = 0.00>
ST_2 : Operation 21 [1/1] (0.00ns)   --->   "%specpipeline_ln1116 = specpipeline void @_ssdm_op_SpecPipeline, i32 1, i32 0, i32 0, i32 0, void @empty_10" [src/kernel_kernel.cpp:1116]   --->   Operation 21 'specpipeline' 'specpipeline_ln1116' <Predicate = true> <Delay = 0.00>
ST_2 : Operation 22 [1/1] (0.00ns)   --->   "%specloopname_ln1116 = specloopname void @_ssdm_op_SpecLoopName, void @empty_15" [src/kernel_kernel.cpp:1116]   --->   Operation 22 'specloopname' 'specloopname_ln1116' <Predicate = true> <Delay = 0.00>
ST_2 : Operation 23 [1/1] (1.40ns)   --->   "%tmp = read i128 @_ssdm_op_Read.ap_fifo.volatile.i128P0A, i128 %fifo_C_drain_C_drain_IO_L1_out_1_094" [/mnt/raid10/tools/Vitis_HLS/2021.1/common/technology/autopilot/hls_stream_39.h:145]   --->   Operation 23 'read' 'tmp' <Predicate = true> <Delay = 1.40> <CoreInst = "FIFO_SRL">   --->   Core 81 'FIFO_SRL' <Latency = 0> <II = 1> <Delay = 1.40> <Storage> <Opcode : 'read' 'write' 'nbread' 'nbwrite'> <Ports = 0> <Width = 128> <Depth = 2> <FIFO>
ST_2 : Operation 24 [1/1] (1.40ns)   --->   "%write_ln174 = write void @_ssdm_op_Write.ap_fifo.volatile.i128P0A, i128 %fifo_C_drain_C_drain_IO_L2_out_197, i128 %tmp" [/mnt/raid10/tools/Vitis_HLS/2021.1/common/technology/autopilot/hls_stream_39.h:174]   --->   Operation 24 'write' 'write_ln174' <Predicate = true> <Delay = 1.40> <CoreInst = "FIFO_SRL">   --->   Core 81 'FIFO_SRL' <Latency = 0> <II = 1> <Delay = 1.40> <Storage> <Opcode : 'read' 'write' 'nbread' 'nbwrite'> <Ports = 0> <Width = 128> <Depth = 2> <FIFO>
ST_2 : Operation 25 [1/1] (0.00ns)   --->   "%br_ln0 = br void"   --->   Operation 25 'br' 'br_ln0' <Predicate = true> <Delay = 0.00>


============================================================
+ Verbose Summary: Binding
============================================================
STG Binding: 
---------------- STG Properties BEGIN ----------------
- Is combinational: 0
- Is one-state seq: 0
- Is datapath-only: 0
- Is pipelined: 0
- Is top level: 0
Port [ Return ] is wired: 1; IO mode=ap_ctrl_hs:ce=0
Port [ fifo_C_drain_C_drain_IO_L2_out_197]:  wired=1; compound=1; hidden=0; nouse=0; global=0; static=0; extern=0; dir=1; type=3; pingpong=0; private_global=0; IO mode=ap_fifo:ce=0
Port [ fifo_C_drain_C_drain_IO_L1_out_1_094]:  wired=1; compound=1; hidden=0; nouse=0; global=0; static=0; extern=0; dir=0; type=3; pingpong=0; private_global=0; IO mode=ap_fifo:ce=0
---------------- STG Properties END ------------------

---------------- Datapath Model BEGIN ----------------

<LifeTime>
<method=bitvector/>
indvar_flatten31      (alloca           ) [ 010]
specmemcore_ln0       (specmemcore      ) [ 000]
specmemcore_ln0       (specmemcore      ) [ 000]
specinterface_ln0     (specinterface    ) [ 000]
specinterface_ln0     (specinterface    ) [ 000]
store_ln1107          (store            ) [ 000]
br_ln1107             (br               ) [ 000]
indvar_flatten31_load (load             ) [ 000]
icmp_ln1069           (icmp             ) [ 010]
add_ln1069            (add              ) [ 000]
br_ln1069             (br               ) [ 000]
store_ln1069          (store            ) [ 000]
specloopname_ln0      (specloopname     ) [ 000]
empty                 (speclooptripcount) [ 000]
specloopname_ln0      (specloopname     ) [ 000]
specloopname_ln0      (specloopname     ) [ 000]
specpipeline_ln1116   (specpipeline     ) [ 000]
specloopname_ln1116   (specloopname     ) [ 000]
tmp                   (read             ) [ 000]
write_ln174           (write            ) [ 000]
br_ln0                (br               ) [ 000]
ret_ln1130            (ret              ) [ 000]
</LifeTime>

<model>

<comp_list>
<comp id="0" class="1000" name="fifo_C_drain_C_drain_IO_L2_out_197">
<pin_list>
<pin id="1" dir="1" index="0" bw="1" slack="0"/>
</pin_list>
<bind>
<StgValue><ssdm name="fifo_C_drain_C_drain_IO_L2_out_197"/></StgValue>
</bind>
</comp>

<comp id="2" class="1000" name="fifo_C_drain_C_drain_IO_L1_out_1_094">
<pin_list>
<pin id="3" dir="1" index="0" bw="1" slack="0"/>
</pin_list>
<bind>
<StgValue><ssdm name="fifo_C_drain_C_drain_IO_L1_out_1_094"/></StgValue>
</bind>
</comp>

<comp id="4" class="1001" name="const_4">
<pin_list>
<pin id="5" dir="1" index="0" bw="1" slack="0"/>
</pin_list>
<bind>
<StgValue><ssdm name=""/></StgValue>
</bind>
</comp>

<comp id="6" class="1001" name="const_6">
<pin_list>
<pin id="7" dir="1" index="0" bw="1" slack="2147483647"/>
</pin_list>
<bind>
<StgValue><ssdm name="_ssdm_op_SpecMemCore"/></StgValue>
</bind>
</comp>

<comp id="8" class="1001" name="const_8">
<pin_list>
<pin id="9" dir="1" index="0" bw="1" slack="2147483647"/>
</pin_list>
<bind>
<StgValue><ssdm name=""/></StgValue>
</bind>
</comp>

<comp id="10" class="1001" name="const_10">
<pin_list>
<pin id="11" dir="1" index="0" bw="1" slack="2147483647"/>
</pin_list>
<bind>
<StgValue><ssdm name=""/></StgValue>
</bind>
</comp>

<comp id="12" class="1001" name="const_12">
<pin_list>
<pin id="13" dir="1" index="0" bw="1" slack="2147483647"/>
</pin_list>
<bind>
<StgValue><ssdm name=""/></StgValue>
</bind>
</comp>

<comp id="14" class="1001" name="const_14">
<pin_list>
<pin id="15" dir="1" index="0" bw="1" slack="2147483647"/>
</pin_list>
<bind>
<StgValue><ssdm name="_ssdm_op_SpecInterface"/></StgValue>
</bind>
</comp>

<comp id="16" class="1001" name="const_16">
<pin_list>
<pin id="17" dir="1" index="0" bw="1" slack="2147483647"/>
</pin_list>
<bind>
<StgValue><ssdm name="empty_5"/></StgValue>
</bind>
</comp>

<comp id="18" class="1001" name="const_18">
<pin_list>
<pin id="19" dir="1" index="0" bw="1" slack="2147483647"/>
</pin_list>
<bind>
<StgValue><ssdm name=""/></StgValue>
</bind>
</comp>

<comp id="20" class="1001" name="const_20">
<pin_list>
<pin id="21" dir="1" index="0" bw="1" slack="2147483647"/>
</pin_list>
<bind>
<StgValue><ssdm name="empty_10"/></StgValue>
</bind>
</comp>

<comp id="22" class="1001" name="const_22">
<pin_list>
<pin id="23" dir="1" index="0" bw="1" slack="0"/>
</pin_list>
<bind>
<StgValue><ssdm name=""/></StgValue>
</bind>
</comp>

<comp id="24" class="1001" name="const_24">
<pin_list>
<pin id="25" dir="1" index="0" bw="1" slack="0"/>
</pin_list>
<bind>
<StgValue><ssdm name=""/></StgValue>
</bind>
</comp>

<comp id="26" class="1001" name="const_26">
<pin_list>
<pin id="27" dir="1" index="0" bw="1" slack="0"/>
</pin_list>
<bind>
<StgValue><ssdm name=""/></StgValue>
</bind>
</comp>

<comp id="28" class="1001" name="const_28">
<pin_list>
<pin id="29" dir="1" index="0" bw="1" slack="2147483647"/>
</pin_list>
<bind>
<StgValue><ssdm name="_ssdm_op_SpecLoopName"/></StgValue>
</bind>
</comp>

<comp id="30" class="1001" name="const_30">
<pin_list>
<pin id="31" dir="1" index="0" bw="1" slack="2147483647"/>
</pin_list>
<bind>
<StgValue><ssdm name="VITIS_LOOP_1107_1_VITIS_LOOP_1114_4_VITIS_LOOP_111"/></StgValue>
</bind>
</comp>

<comp id="32" class="1001" name="const_32">
<pin_list>
<pin id="33" dir="1" index="0" bw="1" slack="2147483647"/>
</pin_list>
<bind>
<StgValue><ssdm name="_ssdm_op_SpecLoopTripCount"/></StgValue>
</bind>
</comp>

<comp id="34" class="1001" name="const_34">
<pin_list>
<pin id="35" dir="1" index="0" bw="1" slack="2147483647"/>
</pin_list>
<bind>
<StgValue><ssdm name=""/></StgValue>
</bind>
</comp>

<comp id="36" class="1001" name="const_36">
<pin_list>
<pin id="37" dir="1" index="0" bw="1" slack="2147483647"/>
</pin_list>
<bind>
<StgValue><ssdm name="VITIS_LOOP_1108_2_VITIS_LOOP_1114_4_VITIS_LOOP_111"/></StgValue>
</bind>
</comp>

<comp id="38" class="1001" name="const_38">
<pin_list>
<pin id="39" dir="1" index="0" bw="1" slack="2147483647"/>
</pin_list>
<bind>
<StgValue><ssdm name="VITIS_LOOP_1114_4_VITIS_LOOP_1116_5_str"/></StgValue>
</bind>
</comp>

<comp id="40" class="1001" name="const_40">
<pin_list>
<pin id="41" dir="1" index="0" bw="1" slack="2147483647"/>
</pin_list>
<bind>
<StgValue><ssdm name="_ssdm_op_SpecPipeline"/></StgValue>
</bind>
</comp>

<comp id="42" class="1001" name="const_42">
<pin_list>
<pin id="43" dir="1" index="0" bw="1" slack="2147483647"/>
</pin_list>
<bind>
<StgValue><ssdm name="empty_15"/></StgValue>
</bind>
</comp>

<comp id="44" class="1001" name="const_44">
<pin_list>
<pin id="45" dir="1" index="0" bw="1" slack="0"/>
</pin_list>
<bind>
<StgValue><ssdm name="_ssdm_op_Read.ap_fifo.volatile.i128P0A"/></StgValue>
</bind>
</comp>

<comp id="46" class="1001" name="const_46">
<pin_list>
<pin id="47" dir="1" index="0" bw="1" slack="0"/>
</pin_list>
<bind>
<StgValue><ssdm name="_ssdm_op_Write.ap_fifo.volatile.i128P0A"/></StgValue>
</bind>
</comp>

<comp id="48" class="1004" name="indvar_flatten31_fu_48">
<pin_list>
<pin id="49" dir="0" index="0" bw="1" slack="0"/>
<pin id="50" dir="1" index="1" bw="9" slack="0"/>
</pin_list>
<bind>
<opcode="alloca(26) " fcode="alloca"/>
<opset="indvar_flatten31/1 "/>
</bind>
</comp>

<comp id="52" class="1004" name="tmp_read_fu_52">
<pin_list>
<pin id="53" dir="0" index="0" bw="128" slack="0"/>
<pin id="54" dir="0" index="1" bw="128" slack="0"/>
<pin id="55" dir="1" index="2" bw="128" slack="0"/>
</pin_list>
<bind>
<opcode="read(1150) " fcode="read"/>
<opset="tmp/2 "/>
</bind>
</comp>

<comp id="58" class="1004" name="write_ln174_write_fu_58">
<pin_list>
<pin id="59" dir="0" index="0" bw="0" slack="0"/>
<pin id="60" dir="0" index="1" bw="128" slack="0"/>
<pin id="61" dir="0" index="2" bw="128" slack="0"/>
<pin id="62" dir="1" index="3" bw="0" slack="2147483647"/>
</pin_list>
<bind>
<opcode="write(1151) " fcode="write"/>
<opset="write_ln174/2 "/>
</bind>
</comp>

<comp id="66" class="1004" name="store_ln1107_store_fu_66">
<pin_list>
<pin id="67" dir="0" index="0" bw="1" slack="0"/>
<pin id="68" dir="0" index="1" bw="9" slack="0"/>
<pin id="69" dir="1" index="2" bw="0" slack="2147483647"/>
</pin_list>
<bind>
<opcode="store(28) " fcode="store"/>
<opset="store_ln1107/1 "/>
</bind>
</comp>

<comp id="71" class="1004" name="indvar_flatten31_load_load_fu_71">
<pin_list>
<pin id="72" dir="0" index="0" bw="9" slack="0"/>
<pin id="73" dir="1" index="1" bw="9" slack="0"/>
</pin_list>
<bind>
<opcode="load(27) " fcode="load"/>
<opset="indvar_flatten31_load/1 "/>
</bind>
</comp>

<comp id="74" class="1004" name="icmp_ln1069_fu_74">
<pin_list>
<pin id="75" dir="0" index="0" bw="9" slack="0"/>
<pin id="76" dir="0" index="1" bw="9" slack="0"/>
<pin id="77" dir="1" index="2" bw="1" slack="2147483647"/>
</pin_list>
<bind>
<opcode="icmp(45) " fcode="icmp"/>
<opset="icmp_ln1069/1 "/>
</bind>
</comp>

<comp id="80" class="1004" name="add_ln1069_fu_80">
<pin_list>
<pin id="81" dir="0" index="0" bw="9" slack="0"/>
<pin id="82" dir="0" index="1" bw="1" slack="0"/>
<pin id="83" dir="1" index="2" bw="9" slack="0"/>
</pin_list>
<bind>
<opcode="add(8) " fcode="add"/>
<opset="add_ln1069/1 "/>
</bind>
</comp>

<comp id="86" class="1004" name="store_ln1069_store_fu_86">
<pin_list>
<pin id="87" dir="0" index="0" bw="9" slack="0"/>
<pin id="88" dir="0" index="1" bw="9" slack="0"/>
<pin id="89" dir="1" index="2" bw="0" slack="2147483647"/>
</pin_list>
<bind>
<opcode="store(28) " fcode="store"/>
<opset="store_ln1069/1 "/>
</bind>
</comp>

<comp id="91" class="1005" name="indvar_flatten31_reg_91">
<pin_list>
<pin id="92" dir="0" index="0" bw="9" slack="0"/>
<pin id="93" dir="1" index="1" bw="9" slack="0"/>
</pin_list>
<bind>
<opset="indvar_flatten31 "/>
</bind>
</comp>

</comp_list>

<net_list>
<net id="51"><net_src comp="4" pin="0"/><net_sink comp="48" pin=0"/></net>

<net id="56"><net_src comp="44" pin="0"/><net_sink comp="52" pin=0"/></net>

<net id="57"><net_src comp="2" pin="0"/><net_sink comp="52" pin=1"/></net>

<net id="63"><net_src comp="46" pin="0"/><net_sink comp="58" pin=0"/></net>

<net id="64"><net_src comp="0" pin="0"/><net_sink comp="58" pin=1"/></net>

<net id="65"><net_src comp="52" pin="2"/><net_sink comp="58" pin=2"/></net>

<net id="70"><net_src comp="22" pin="0"/><net_sink comp="66" pin=0"/></net>

<net id="78"><net_src comp="71" pin="1"/><net_sink comp="74" pin=0"/></net>

<net id="79"><net_src comp="24" pin="0"/><net_sink comp="74" pin=1"/></net>

<net id="84"><net_src comp="71" pin="1"/><net_sink comp="80" pin=0"/></net>

<net id="85"><net_src comp="26" pin="0"/><net_sink comp="80" pin=1"/></net>

<net id="90"><net_src comp="80" pin="2"/><net_sink comp="86" pin=0"/></net>

<net id="94"><net_src comp="48" pin="1"/><net_sink comp="91" pin=0"/></net>

<net id="95"><net_src comp="91" pin="1"/><net_sink comp="66" pin=1"/></net>

<net id="96"><net_src comp="91" pin="1"/><net_sink comp="71" pin=0"/></net>

<net id="97"><net_src comp="91" pin="1"/><net_sink comp="86" pin=1"/></net>

</net_list>

</model> 
---------------- Datapath Model END ------------------

* FSMD analyzer results:
  - Output states:
	Port: fifo_C_drain_C_drain_IO_L2_out_197 | {2 }
 - Input state : 
	Port: C_drain_IO_L2_out_boundary : fifo_C_drain_C_drain_IO_L1_out_1_094 | {2 }
  - Chain level:
	State 1
		store_ln1107 : 1
		indvar_flatten31_load : 1
		icmp_ln1069 : 2
		add_ln1069 : 2
		br_ln1069 : 3
		store_ln1069 : 3
	State 2


============================================================
+ Verbose Summary: Datapath Resource usage 
============================================================

* Functional unit list:
|----------|-------------------------|---------|---------|
| Operation|     Functional Unit     |    FF   |   LUT   |
|----------|-------------------------|---------|---------|
|    add   |     add_ln1069_fu_80    |    0    |    16   |
|----------|-------------------------|---------|---------|
|   icmp   |    icmp_ln1069_fu_74    |    0    |    11   |
|----------|-------------------------|---------|---------|
|   read   |      tmp_read_fu_52     |    0    |    0    |
|----------|-------------------------|---------|---------|
|   write  | write_ln174_write_fu_58 |    0    |    0    |
|----------|-------------------------|---------|---------|
|   Total  |                         |    0    |    27   |
|----------|-------------------------|---------|---------|

Memories:
N/A

* Register list:
+-----------------------+--------+
|                       |   FF   |
+-----------------------+--------+
|indvar_flatten31_reg_91|    9   |
+-----------------------+--------+
|         Total         |    9   |
+-----------------------+--------+

* Multiplexer (MUX) list: 
|--------|------|------|------|--------|
|  Comp  |  Pin | Size |  BW  | S x BW |
|--------|------|------|------|--------|
|  Total |      |      |      |    0   |
|--------|------|------|------|--------|



* Summary:
+-----------+--------+--------+
|           |   FF   |   LUT  |
+-----------+--------+--------+
|  Function |    0   |   27   |
|   Memory  |    -   |    -   |
|Multiplexer|    -   |    -   |
|  Register |    9   |    -   |
+-----------+--------+--------+
|   Total   |    9   |   27   |
+-----------+--------+--------+
