

================================================================
== Vitis HLS Report for 'C_drain_IO_L1_out_Pipeline_VITIS_LOOP_870_1_VITIS_s'
================================================================
* Date:           Sat Oct 15 11:10:29 2022

* Version:        2021.1 (Build 3247384 on Thu Jun 10 19:36:07 MDT 2021)
* Project:        hls_prj
* Solution:       solution1 (Vivado IP Flow Target)
* Product family: virtexuplus
* Target device:  xcu200-fsgd2104-2-e


================================================================
== Performance Estimates
================================================================
+ Timing: 
    * Summary: 
    +--------+---------+----------+------------+
    |  Clock |  Target | Estimated| Uncertainty|
    +--------+---------+----------+------------+
    |ap_clk  |  5.00 ns|  3.183 ns|     1.35 ns|
    +--------+---------+----------+------------+

+ Latency: 
    * Summary: 
    +---------+---------+----------+----------+-----+-----+---------+
    |  Latency (cycles) |  Latency (absolute) |  Interval | Pipeline|
    |   min   |   max   |    min   |    max   | min | max |   Type  |
    +---------+---------+----------+----------+-----+-----+---------+
    |       66|       66|  0.330 us|  0.330 us|   66|   66|       no|
    +---------+---------+----------+----------+-----+-----+---------+

    + Detail: 
        * Instance: 
        N/A

        * Loop: 
        +-------------------------------------+---------+---------+----------+-----------+-----------+------+----------+
        |                                     |  Latency (cycles) | Iteration|  Initiation Interval  | Trip |          |
        |              Loop Name              |   min   |   max   |  Latency |  achieved |   target  | Count| Pipelined|
        +-------------------------------------+---------+---------+----------+-----------+-----------+------+----------+
        |- VITIS_LOOP_870_1_VITIS_LOOP_872_2  |       64|       64|         2|          1|          1|    64|       yes|
        +-------------------------------------+---------+---------+----------+-----------+-----------+------+----------+

============================================================
+ Verbose Summary: Synthesis Manager
============================================================
InlineROM: 1
ExposeGlobal: 0
============================================================
+ Verbose Summary: CDFG Model
============================================================
IsTopModel: 0
ResetActiveHigh: 1
IsCombinational: 0
IsDatapathOnly: 0
HasWiredReturn: 1
HasMFsm: 2
HasVarLatency: 1
IsPipeline: 0
IsRtlPipelined: 0
IsInstanceOverlapped: 0
IsDontTouch: 0
HasImplIP: 0
IsGatedGlobalClock: 0

+ Individual pipeline summary: 
  * Pipeline-0: initiation interval (II) = 1, depth = 2


============================================================
+ Verbose Summary: Schedule
============================================================
* Number of FSM states : 2
* Pipeline : 1
  Pipeline-0 : II = 1, D = 2, States = { 1 2 }
* Dataflow Pipeline: 0

* FSM state transitions: 
1 --> 2 
2 --> 

* FSM state operations: 

State 1 <SV = 0> <Delay = 2.20>
ST_1 : Operation 5 [1/1] (0.00ns)   --->   "%c7_V = alloca i32 1"   --->   Operation 5 'alloca' 'c7_V' <Predicate = true> <Delay = 0.00>
ST_1 : Operation 6 [1/1] (0.00ns)   --->   "%c6_V = alloca i32 1"   --->   Operation 6 'alloca' 'c6_V' <Predicate = true> <Delay = 0.00>
ST_1 : Operation 7 [1/1] (0.00ns)   --->   "%indvar_flatten = alloca i32 1"   --->   Operation 7 'alloca' 'indvar_flatten' <Predicate = true> <Delay = 0.00>
ST_1 : Operation 8 [1/1] (0.00ns)   --->   "%specmemcore_ln0 = specmemcore void @_ssdm_op_SpecMemCore, i128 %local_C_V, i64 666, i64 22, i64 18446744073709551615"   --->   Operation 8 'specmemcore' 'specmemcore_ln0' <Predicate = true> <Delay = 0.00>
ST_1 : Operation 9 [1/1] (0.00ns)   --->   "%specmemcore_ln0 = specmemcore void @_ssdm_op_SpecMemCore, i16 %fifo_C_drain_PE_0_088, i64 666, i64 10, i64 18446744073709551615"   --->   Operation 9 'specmemcore' 'specmemcore_ln0' <Predicate = true> <Delay = 0.00>
ST_1 : Operation 10 [1/1] (0.00ns)   --->   "%specinterface_ln0 = specinterface void @_ssdm_op_SpecInterface, i16 %fifo_C_drain_PE_0_088, void @empty_5, i32 0, i32 0, void @empty_10, i32 0, i32 0, void @empty_10, void @empty_10, void @empty_10, i32 0, i32 0, i32 0, i32 0, void @empty_10, void @empty_10"   --->   Operation 10 'specinterface' 'specinterface_ln0' <Predicate = true> <Delay = 0.00>
ST_1 : Operation 11 [1/1] (0.38ns)   --->   "%store_ln0 = store i7 0, i7 %indvar_flatten"   --->   Operation 11 'store' 'store_ln0' <Predicate = true> <Delay = 0.38>
ST_1 : Operation 12 [1/1] (0.38ns)   --->   "%store_ln0 = store i4 0, i4 %c6_V"   --->   Operation 12 'store' 'store_ln0' <Predicate = true> <Delay = 0.38>
ST_1 : Operation 13 [1/1] (0.38ns)   --->   "%store_ln0 = store i4 0, i4 %c7_V"   --->   Operation 13 'store' 'store_ln0' <Predicate = true> <Delay = 0.38>
ST_1 : Operation 14 [1/1] (0.00ns)   --->   "%br_ln0 = br void"   --->   Operation 14 'br' 'br_ln0' <Predicate = true> <Delay = 0.00>
ST_1 : Operation 15 [1/1] (0.00ns)   --->   "%indvar_flatten_load = load i7 %indvar_flatten"   --->   Operation 15 'load' 'indvar_flatten_load' <Predicate = true> <Delay = 0.00>
ST_1 : Operation 16 [1/1] (0.59ns)   --->   "%icmp_ln1069 = icmp_eq  i7 %indvar_flatten_load, i7 64"   --->   Operation 16 'icmp' 'icmp_ln1069' <Predicate = true> <Delay = 0.59> <CoreInst = "Cmp">   --->   Core 9 'Cmp' <Latency = 0> <II = 1> <Delay = 0.65> <FuncUnit> <Opcode : 'icmp'> <InPorts = 2> <OutPorts = 1>
ST_1 : Operation 17 [1/1] (0.70ns)   --->   "%add_ln1069 = add i7 %indvar_flatten_load, i7 1"   --->   Operation 17 'add' 'add_ln1069' <Predicate = true> <Delay = 0.70> <CoreInst = "Adder">   --->   Core 1 'Adder' <Latency = 0> <II = 1> <Delay = 0.70> <FuncUnit> <Opcode : 'add' 'sub'> <InPorts = 2> <OutPorts = 1>
ST_1 : Operation 18 [1/1] (0.00ns)   --->   "%br_ln1069 = br i1 %icmp_ln1069, void %.split23, void %_Z29C_drain_IO_L1_out_intra_transiiiiPA1_7ap_uintILi128EERN3hls6streamItLi0EEE.exit.preheader.exitStub"   --->   Operation 18 'br' 'br_ln1069' <Predicate = true> <Delay = 0.00>
ST_1 : Operation 19 [1/1] (0.00ns)   --->   "%c7_V_load = load i4 %c7_V"   --->   Operation 19 'load' 'c7_V_load' <Predicate = (!icmp_ln1069)> <Delay = 0.00>
ST_1 : Operation 20 [1/1] (0.65ns)   --->   "%icmp_ln1069_9 = icmp_eq  i4 %c7_V_load, i4 8"   --->   Operation 20 'icmp' 'icmp_ln1069_9' <Predicate = (!icmp_ln1069)> <Delay = 0.65> <CoreInst = "Cmp">   --->   Core 9 'Cmp' <Latency = 0> <II = 1> <Delay = 0.65> <FuncUnit> <Opcode : 'icmp'> <InPorts = 2> <OutPorts = 1>
ST_1 : Operation 21 [1/1] (0.35ns)   --->   "%select_ln870 = select i1 %icmp_ln1069_9, i4 0, i4 %c7_V_load" [src/kernel_kernel.cpp:870]   --->   Operation 21 'select' 'select_ln870' <Predicate = (!icmp_ln1069)> <Delay = 0.35> <CoreInst = "Sel">   --->   Core 73 'Sel' <Latency = 0> <II = 1> <Delay = 0.35> <FuncUnit> <Opcode : 'select'> <InPorts = 3> <OutPorts = 1>
ST_1 : Operation 22 [1/1] (0.00ns)   --->   "%zext_ln1069 = zext i4 %select_ln870"   --->   Operation 22 'zext' 'zext_ln1069' <Predicate = (!icmp_ln1069)> <Delay = 0.00>
ST_1 : Operation 23 [1/1] (0.00ns)   --->   "%local_C_V_addr = getelementptr i128 %local_C_V, i64 0, i64 %zext_ln1069" [src/kernel_kernel.cpp:880]   --->   Operation 23 'getelementptr' 'local_C_V_addr' <Predicate = (!icmp_ln1069)> <Delay = 0.00>
ST_1 : Operation 24 [2/2] (1.20ns)   --->   "%out_data_V = load i3 %local_C_V_addr" [src/kernel_kernel.cpp:880]   --->   Operation 24 'load' 'out_data_V' <Predicate = (!icmp_ln1069)> <Delay = 1.20> <CoreInst = "RAM_2P_BRAM">   --->   Core 94 'RAM_2P_BRAM' <Latency = 1> <II = 1> <Delay = 1.20> <Storage> <Opcode : 'load' 'store'> <Ports = 2> <Width = 128> <Depth = 8> <RAM>
ST_1 : Operation 25 [1/1] (0.70ns)   --->   "%add_ln870_6 = add i4 %select_ln870, i4 1"   --->   Operation 25 'add' 'add_ln870_6' <Predicate = (!icmp_ln1069)> <Delay = 0.70> <CoreInst = "Adder">   --->   Core 1 'Adder' <Latency = 0> <II = 1> <Delay = 0.70> <FuncUnit> <Opcode : 'add' 'sub'> <InPorts = 2> <OutPorts = 1>
ST_1 : Operation 26 [1/1] (0.38ns)   --->   "%store_ln1069 = store i7 %add_ln1069, i7 %indvar_flatten"   --->   Operation 26 'store' 'store_ln1069' <Predicate = (!icmp_ln1069)> <Delay = 0.38>
ST_1 : Operation 27 [1/1] (0.38ns)   --->   "%store_ln870 = store i4 %add_ln870_6, i4 %c7_V"   --->   Operation 27 'store' 'store_ln870' <Predicate = (!icmp_ln1069)> <Delay = 0.38>
ST_1 : Operation 66 [1/1] (0.00ns)   --->   "%ret_ln0 = ret"   --->   Operation 66 'ret' 'ret_ln0' <Predicate = (icmp_ln1069)> <Delay = 0.00>

State 2 <SV = 1> <Delay = 3.18>
ST_2 : Operation 28 [1/1] (0.00ns)   --->   "%c6_V_load = load i4 %c6_V"   --->   Operation 28 'load' 'c6_V_load' <Predicate = (!icmp_ln1069)> <Delay = 0.00>
ST_2 : Operation 29 [1/1] (0.70ns)   --->   "%add_ln870 = add i4 %c6_V_load, i4 1"   --->   Operation 29 'add' 'add_ln870' <Predicate = (!icmp_ln1069 & icmp_ln1069_9)> <Delay = 0.70> <CoreInst = "Adder">   --->   Core 1 'Adder' <Latency = 0> <II = 1> <Delay = 0.70> <FuncUnit> <Opcode : 'add' 'sub'> <InPorts = 2> <OutPorts = 1>
ST_2 : Operation 30 [1/1] (0.00ns)   --->   "%specloopname_ln0 = specloopname void @_ssdm_op_SpecLoopName, void @VITIS_LOOP_870_1_VITIS_LOOP_872_2_str"   --->   Operation 30 'specloopname' 'specloopname_ln0' <Predicate = (!icmp_ln1069)> <Delay = 0.00>
ST_2 : Operation 31 [1/1] (0.00ns)   --->   "%empty = speclooptripcount i32 @_ssdm_op_SpecLoopTripCount, i64 64, i64 64, i64 64"   --->   Operation 31 'speclooptripcount' 'empty' <Predicate = (!icmp_ln1069)> <Delay = 0.00>
ST_2 : Operation 32 [1/1] (0.35ns)   --->   "%select_ln870_2 = select i1 %icmp_ln1069_9, i4 %add_ln870, i4 %c6_V_load" [src/kernel_kernel.cpp:870]   --->   Operation 32 'select' 'select_ln870_2' <Predicate = (!icmp_ln1069)> <Delay = 0.35> <CoreInst = "Sel">   --->   Core 73 'Sel' <Latency = 0> <II = 1> <Delay = 0.35> <FuncUnit> <Opcode : 'select'> <InPorts = 3> <OutPorts = 1>
ST_2 : Operation 33 [1/1] (0.00ns)   --->   "%trunc_ln870 = trunc i4 %select_ln870_2" [src/kernel_kernel.cpp:870]   --->   Operation 33 'trunc' 'trunc_ln870' <Predicate = (!icmp_ln1069)> <Delay = 0.00>
ST_2 : Operation 34 [1/1] (0.00ns)   --->   "%specpipeline_ln872 = specpipeline void @_ssdm_op_SpecPipeline, i32 1, i32 0, i32 0, i32 0, void @empty_10" [src/kernel_kernel.cpp:872]   --->   Operation 34 'specpipeline' 'specpipeline_ln872' <Predicate = (!icmp_ln1069)> <Delay = 0.00>
ST_2 : Operation 35 [1/1] (0.00ns)   --->   "%specloopname_ln872 = specloopname void @_ssdm_op_SpecLoopName, void @empty_4" [src/kernel_kernel.cpp:872]   --->   Operation 35 'specloopname' 'specloopname_ln872' <Predicate = (!icmp_ln1069)> <Delay = 0.00>
ST_2 : Operation 36 [1/1] (1.34ns)   --->   "%data_split_V_1_6 = read i16 @_ssdm_op_Read.ap_fifo.volatile.i16P0A, i16 %fifo_C_drain_PE_0_088" [/mnt/raid10/tools/Vitis_HLS/2021.1/common/technology/autopilot/hls_stream_39.h:145]   --->   Operation 36 'read' 'data_split_V_1_6' <Predicate = (!icmp_ln1069)> <Delay = 1.34> <CoreInst = "FIFO_SRL">   --->   Core 81 'FIFO_SRL' <Latency = 0> <II = 1> <Delay = 1.34> <Storage> <Opcode : 'read' 'write' 'nbread' 'nbwrite'> <Ports = 0> <Width = 16> <Depth = 2> <FIFO>
ST_2 : Operation 37 [1/2] (1.20ns)   --->   "%out_data_V = load i3 %local_C_V_addr" [src/kernel_kernel.cpp:880]   --->   Operation 37 'load' 'out_data_V' <Predicate = (!icmp_ln1069)> <Delay = 1.20> <CoreInst = "RAM_2P_BRAM">   --->   Core 94 'RAM_2P_BRAM' <Latency = 1> <II = 1> <Delay = 1.20> <Storage> <Opcode : 'load' 'store'> <Ports = 2> <Width = 128> <Depth = 8> <RAM>
ST_2 : Operation 38 [1/1] (0.00ns)   --->   "%data_split_V_0 = trunc i128 %out_data_V"   --->   Operation 38 'trunc' 'data_split_V_0' <Predicate = (!icmp_ln1069)> <Delay = 0.00>
ST_2 : Operation 39 [1/1] (0.00ns)   --->   "%data_split_V_1 = partselect i16 @_ssdm_op_PartSelect.i16.i128.i32.i32, i128 %out_data_V, i32 16, i32 31"   --->   Operation 39 'partselect' 'data_split_V_1' <Predicate = (!icmp_ln1069)> <Delay = 0.00>
ST_2 : Operation 40 [1/1] (0.00ns)   --->   "%data_split_V_2 = partselect i16 @_ssdm_op_PartSelect.i16.i128.i32.i32, i128 %out_data_V, i32 32, i32 47"   --->   Operation 40 'partselect' 'data_split_V_2' <Predicate = (!icmp_ln1069)> <Delay = 0.00>
ST_2 : Operation 41 [1/1] (0.00ns)   --->   "%data_split_V_3 = partselect i16 @_ssdm_op_PartSelect.i16.i128.i32.i32, i128 %out_data_V, i32 48, i32 63"   --->   Operation 41 'partselect' 'data_split_V_3' <Predicate = (!icmp_ln1069)> <Delay = 0.00>
ST_2 : Operation 42 [1/1] (0.00ns)   --->   "%data_split_V_4 = partselect i16 @_ssdm_op_PartSelect.i16.i128.i32.i32, i128 %out_data_V, i32 64, i32 79"   --->   Operation 42 'partselect' 'data_split_V_4' <Predicate = (!icmp_ln1069)> <Delay = 0.00>
ST_2 : Operation 43 [1/1] (0.00ns)   --->   "%data_split_V_5 = partselect i16 @_ssdm_op_PartSelect.i16.i128.i32.i32, i128 %out_data_V, i32 80, i32 95"   --->   Operation 43 'partselect' 'data_split_V_5' <Predicate = (!icmp_ln1069)> <Delay = 0.00>
ST_2 : Operation 44 [1/1] (0.00ns)   --->   "%data_split_V_6 = partselect i16 @_ssdm_op_PartSelect.i16.i128.i32.i32, i128 %out_data_V, i32 96, i32 111"   --->   Operation 44 'partselect' 'data_split_V_6' <Predicate = (!icmp_ln1069)> <Delay = 0.00>
ST_2 : Operation 45 [1/1] (0.00ns)   --->   "%data_split_V_7 = partselect i16 @_ssdm_op_PartSelect.i16.i128.i32.i32, i128 %out_data_V, i32 112, i32 127"   --->   Operation 45 'partselect' 'data_split_V_7' <Predicate = (!icmp_ln1069)> <Delay = 0.00>
ST_2 : Operation 46 [1/1] (0.63ns)   --->   "%switch_ln888 = switch i3 %trunc_ln870, void %branch7, i3 0, void %.split23..split22_crit_edge, i3 1, void %.split22, i3 2, void %branch2, i3 3, void %branch3, i3 4, void %branch4, i3 5, void %branch5, i3 6, void %branch6" [src/kernel_kernel.cpp:888]   --->   Operation 46 'switch' 'switch_ln888' <Predicate = (!icmp_ln1069)> <Delay = 0.63>
ST_2 : Operation 47 [1/1] (0.38ns)   --->   "%br_ln888 = br void %.split22" [src/kernel_kernel.cpp:888]   --->   Operation 47 'br' 'br_ln888' <Predicate = (!icmp_ln1069 & trunc_ln870 == 6)> <Delay = 0.38>
ST_2 : Operation 48 [1/1] (0.38ns)   --->   "%br_ln888 = br void %.split22" [src/kernel_kernel.cpp:888]   --->   Operation 48 'br' 'br_ln888' <Predicate = (!icmp_ln1069 & trunc_ln870 == 5)> <Delay = 0.38>
ST_2 : Operation 49 [1/1] (0.38ns)   --->   "%br_ln888 = br void %.split22" [src/kernel_kernel.cpp:888]   --->   Operation 49 'br' 'br_ln888' <Predicate = (!icmp_ln1069 & trunc_ln870 == 4)> <Delay = 0.38>
ST_2 : Operation 50 [1/1] (0.38ns)   --->   "%br_ln888 = br void %.split22" [src/kernel_kernel.cpp:888]   --->   Operation 50 'br' 'br_ln888' <Predicate = (!icmp_ln1069 & trunc_ln870 == 3)> <Delay = 0.38>
ST_2 : Operation 51 [1/1] (0.38ns)   --->   "%br_ln888 = br void %.split22" [src/kernel_kernel.cpp:888]   --->   Operation 51 'br' 'br_ln888' <Predicate = (!icmp_ln1069 & trunc_ln870 == 2)> <Delay = 0.38>
ST_2 : Operation 52 [1/1] (0.38ns)   --->   "%br_ln888 = br void %.split22" [src/kernel_kernel.cpp:888]   --->   Operation 52 'br' 'br_ln888' <Predicate = (!icmp_ln1069 & trunc_ln870 == 0)> <Delay = 0.38>
ST_2 : Operation 53 [1/1] (0.38ns)   --->   "%br_ln888 = br void %.split22" [src/kernel_kernel.cpp:888]   --->   Operation 53 'br' 'br_ln888' <Predicate = (!icmp_ln1069 & trunc_ln870 == 7)> <Delay = 0.38>
ST_2 : Operation 54 [1/1] (0.00ns)   --->   "%v1_V = phi i16 %data_split_V_1_6, void %branch7, i16 %data_split_V_7, void %branch6, i16 %data_split_V_7, void %branch5, i16 %data_split_V_7, void %branch4, i16 %data_split_V_7, void %branch3, i16 %data_split_V_7, void %branch2, i16 %data_split_V_7, void %.split23..split22_crit_edge, i16 %data_split_V_7, void %.split23"   --->   Operation 54 'phi' 'v1_V' <Predicate = true> <Delay = 0.00>
ST_2 : Operation 55 [1/1] (0.00ns)   --->   "%v2_V_33 = phi i16 %data_split_V_6, void %branch7, i16 %data_split_V_1_6, void %branch6, i16 %data_split_V_6, void %branch5, i16 %data_split_V_6, void %branch4, i16 %data_split_V_6, void %branch3, i16 %data_split_V_6, void %branch2, i16 %data_split_V_6, void %.split23..split22_crit_edge, i16 %data_split_V_6, void %.split23"   --->   Operation 55 'phi' 'v2_V_33' <Predicate = true> <Delay = 0.00>
ST_2 : Operation 56 [1/1] (0.00ns)   --->   "%v2_V_32 = phi i16 %data_split_V_5, void %branch7, i16 %data_split_V_5, void %branch6, i16 %data_split_V_1_6, void %branch5, i16 %data_split_V_5, void %branch4, i16 %data_split_V_5, void %branch3, i16 %data_split_V_5, void %branch2, i16 %data_split_V_5, void %.split23..split22_crit_edge, i16 %data_split_V_5, void %.split23"   --->   Operation 56 'phi' 'v2_V_32' <Predicate = true> <Delay = 0.00>
ST_2 : Operation 57 [1/1] (0.00ns)   --->   "%v2_V_31 = phi i16 %data_split_V_4, void %branch7, i16 %data_split_V_4, void %branch6, i16 %data_split_V_4, void %branch5, i16 %data_split_V_1_6, void %branch4, i16 %data_split_V_4, void %branch3, i16 %data_split_V_4, void %branch2, i16 %data_split_V_4, void %.split23..split22_crit_edge, i16 %data_split_V_4, void %.split23"   --->   Operation 57 'phi' 'v2_V_31' <Predicate = true> <Delay = 0.00>
ST_2 : Operation 58 [1/1] (0.00ns)   --->   "%v2_V_30 = phi i16 %data_split_V_3, void %branch7, i16 %data_split_V_3, void %branch6, i16 %data_split_V_3, void %branch5, i16 %data_split_V_3, void %branch4, i16 %data_split_V_1_6, void %branch3, i16 %data_split_V_3, void %branch2, i16 %data_split_V_3, void %.split23..split22_crit_edge, i16 %data_split_V_3, void %.split23"   --->   Operation 58 'phi' 'v2_V_30' <Predicate = true> <Delay = 0.00>
ST_2 : Operation 59 [1/1] (0.00ns)   --->   "%v2_V_29 = phi i16 %data_split_V_2, void %branch7, i16 %data_split_V_2, void %branch6, i16 %data_split_V_2, void %branch5, i16 %data_split_V_2, void %branch4, i16 %data_split_V_2, void %branch3, i16 %data_split_V_1_6, void %branch2, i16 %data_split_V_2, void %.split23..split22_crit_edge, i16 %data_split_V_2, void %.split23"   --->   Operation 59 'phi' 'v2_V_29' <Predicate = true> <Delay = 0.00>
ST_2 : Operation 60 [1/1] (0.00ns)   --->   "%v2_V_28 = phi i16 %data_split_V_1, void %branch7, i16 %data_split_V_1, void %branch6, i16 %data_split_V_1, void %branch5, i16 %data_split_V_1, void %branch4, i16 %data_split_V_1, void %branch3, i16 %data_split_V_1, void %branch2, i16 %data_split_V_1, void %.split23..split22_crit_edge, i16 %data_split_V_1_6, void %.split23"   --->   Operation 60 'phi' 'v2_V_28' <Predicate = true> <Delay = 0.00>
ST_2 : Operation 61 [1/1] (0.00ns)   --->   "%v2_V = phi i16 %data_split_V_0, void %branch7, i16 %data_split_V_0, void %branch6, i16 %data_split_V_0, void %branch5, i16 %data_split_V_0, void %branch4, i16 %data_split_V_0, void %branch3, i16 %data_split_V_0, void %branch2, i16 %data_split_V_1_6, void %.split23..split22_crit_edge, i16 %data_split_V_0, void %.split23"   --->   Operation 61 'phi' 'v2_V' <Predicate = true> <Delay = 0.00>
ST_2 : Operation 62 [1/1] (0.00ns)   --->   "%p_Result_s = bitconcatenate i128 @_ssdm_op_BitConcatenate.i128.i16.i16.i16.i16.i16.i16.i16.i16, i16 %v1_V, i16 %v2_V_33, i16 %v2_V_32, i16 %v2_V_31, i16 %v2_V_30, i16 %v2_V_29, i16 %v2_V_28, i16 %v2_V"   --->   Operation 62 'bitconcatenate' 'p_Result_s' <Predicate = true> <Delay = 0.00>
ST_2 : Operation 63 [1/1] (1.20ns)   --->   "%store_ln889 = store i128 %p_Result_s, i3 %local_C_V_addr" [src/kernel_kernel.cpp:889]   --->   Operation 63 'store' 'store_ln889' <Predicate = true> <Delay = 1.20> <CoreInst = "RAM_2P_BRAM">   --->   Core 94 'RAM_2P_BRAM' <Latency = 1> <II = 1> <Delay = 1.20> <Storage> <Opcode : 'load' 'store'> <Ports = 2> <Width = 128> <Depth = 8> <RAM>
ST_2 : Operation 64 [1/1] (0.38ns)   --->   "%store_ln870 = store i4 %select_ln870_2, i4 %c6_V" [src/kernel_kernel.cpp:870]   --->   Operation 64 'store' 'store_ln870' <Predicate = true> <Delay = 0.38>
ST_2 : Operation 65 [1/1] (0.00ns)   --->   "%br_ln0 = br void"   --->   Operation 65 'br' 'br_ln0' <Predicate = true> <Delay = 0.00>


============================================================
+ Verbose Summary: Timing violations
============================================================
Target clock period: 5ns, clock uncertainty: 1.35ns.

 <State 1>: 2.21ns
The critical path consists of the following:
	'alloca' operation ('c7.V') [3]  (0 ns)
	'load' operation ('c7_V_load') on local variable 'c7.V' [19]  (0 ns)
	'icmp' operation ('icmp_ln1069_9') [24]  (0.656 ns)
	'select' operation ('select_ln870', src/kernel_kernel.cpp:870) [25]  (0.351 ns)
	'getelementptr' operation ('local_C_V_addr', src/kernel_kernel.cpp:880) [29]  (0 ns)
	'load' operation ('out_data.V', src/kernel_kernel.cpp:880) on array 'local_C_V' [33]  (1.2 ns)

 <State 2>: 3.18ns
The critical path consists of the following:
	fifo read operation ('data_split.V[1]', /mnt/raid10/tools/Vitis_HLS/2021.1/common/technology/autopilot/hls_stream_39.h:145) on port 'fifo_C_drain_PE_0_088' (/mnt/raid10/tools/Vitis_HLS/2021.1/common/technology/autopilot/hls_stream_39.h:145) [32]  (1.35 ns)
	multiplexor before 'phi' operation ('data_split.V[0]') with incoming values : ('data_split.V[1]', /mnt/raid10/tools/Vitis_HLS/2021.1/common/technology/autopilot/hls_stream_39.h:145) ('data_split.V[1]') [64]  (0.637 ns)
	'phi' operation ('data_split.V[0]') with incoming values : ('data_split.V[1]', /mnt/raid10/tools/Vitis_HLS/2021.1/common/technology/autopilot/hls_stream_39.h:145) ('data_split.V[1]') [64]  (0 ns)
	'store' operation ('store_ln889', src/kernel_kernel.cpp:889) of variable '__Result__' on array 'local_C_V' [67]  (1.2 ns)


============================================================
+ Verbose Summary: Binding
============================================================
N/A
* FSMD analyzer results:
  - Output states:
 - Input state : 
  - Chain level:
	State 1
	State 2


============================================================
+ Verbose Summary: Datapath Resource usage 
============================================================
N/A
