

================================================================
== Vitis HLS Report for 'kernel0'
================================================================
* Date:           Sat Oct 15 11:10:31 2022

* Version:        2021.1 (Build 3247384 on Thu Jun 10 19:36:07 MDT 2021)
* Project:        hls_prj
* Solution:       solution1 (Vivado IP Flow Target)
* Product family: virtexuplus
* Target device:  xcu200-fsgd2104-2-e


================================================================
== Performance Estimates
================================================================
+ Timing: 
    * Summary: 
    +--------+---------+----------+------------+
    |  Clock |  Target | Estimated| Uncertainty|
    +--------+---------+----------+------------+
    |ap_clk  |  5.00 ns|  3.650 ns|     1.35 ns|
    +--------+---------+----------+------------+

+ Latency: 
    * Summary: 
    +---------+---------+----------+----------+-------+-------+----------+
    |  Latency (cycles) |  Latency (absolute) |    Interval   | Pipeline |
    |   min   |   max   |    min   |    max   |  min  |  max  |   Type   |
    +---------+---------+----------+----------+-------+-------+----------+
    |    32789|    33783|  0.164 ms|  0.169 ms|  32776|  33776|  dataflow|
    +---------+---------+----------+----------+-------+-------+----------+

    + Detail: 
        * Instance: 
        N/A

        * Loop: 
        N/A

============================================================
+ Verbose Summary: Synthesis Manager
============================================================
InlineROM: 1
ExposeGlobal: 0
============================================================
+ Verbose Summary: CDFG Model
============================================================
IsTopModel: 1
ResetActiveHigh: 1
IsCombinational: 2
IsDatapathOnly: 0
HasWiredReturn: 1
HasMFsm: 0
HasVarLatency: 1
IsPipeline: 0
IsRtlPipelined: 0
IsInstanceOverlapped: 0
IsDontTouch: 0
HasImplIP: 0
IsGatedGlobalClock: 0


============================================================
+ Verbose Summary: Schedule
============================================================
* Number of FSM states : 25
* Pipeline : 0
* Dataflow Pipeline: 1
  DF-Pipeline-0: Size = 25, States = { 1 2 3 4 5 6 7 8 9 10 11 12 13 14 15 16 17 18 19 20 21 22 23 24 25 }

* FSM state transitions: 
1 --> 2 
2 --> 3 
3 --> 4 
4 --> 5 
5 --> 6 
6 --> 7 
7 --> 8 
8 --> 9 
9 --> 10 
10 --> 11 
11 --> 12 
12 --> 13 
13 --> 14 
14 --> 15 
15 --> 16 
16 --> 17 
17 --> 18 
18 --> 19 
19 --> 20 
20 --> 21 
21 --> 22 
22 --> 23 
23 --> 24 
24 --> 25 
25 --> 

* FSM state operations: 

State 1 <SV = 0> <Delay = 1.00>
ST_1 : Operation 26 [1/1] (1.00ns)   --->   "%C_read = read i64 @_ssdm_op_Read.s_axilite.i64, i64 %C"   --->   Operation 26 'read' 'C_read' <Predicate = true> <Delay = 1.00> <CoreInst = "s_axilite">   --->   Core 122 's_axilite' <Latency = 0> <II = 1> <Delay = 1.00> <Adapter> <Opcode : 'read' 'write'>
ST_1 : Operation 27 [1/1] (1.00ns)   --->   "%B_read = read i64 @_ssdm_op_Read.s_axilite.i64, i64 %B"   --->   Operation 27 'read' 'B_read' <Predicate = true> <Delay = 1.00> <CoreInst = "s_axilite">   --->   Core 122 's_axilite' <Latency = 0> <II = 1> <Delay = 1.00> <Adapter> <Opcode : 'read' 'write'>
ST_1 : Operation 28 [1/1] (1.00ns)   --->   "%A_read = read i64 @_ssdm_op_Read.s_axilite.i64, i64 %A"   --->   Operation 28 'read' 'A_read' <Predicate = true> <Delay = 1.00> <CoreInst = "s_axilite">   --->   Core 122 's_axilite' <Latency = 0> <II = 1> <Delay = 1.00> <Adapter> <Opcode : 'read' 'write'>
ST_1 : Operation 29 [1/1] (0.00ns)   --->   "%fifo_A_A_IO_L3_in_serialize = alloca i64 1" [src/kernel_kernel.cpp:1200]   --->   Operation 29 'alloca' 'fifo_A_A_IO_L3_in_serialize' <Predicate = true> <Delay = 0.00> <CoreInst = "FIFO_SRL">   --->   Core 81 'FIFO_SRL' <Latency = 0> <II = 1> <Delay = 1.42> <Storage> <Opcode : 'read' 'write' 'nbread' 'nbwrite'> <Ports = 0> <Width = 256> <Depth = 2> <FIFO>
ST_1 : Operation 30 [1/1] (0.00ns)   --->   "%fifo_B_B_IO_L3_in_serialize = alloca i64 1" [src/kernel_kernel.cpp:1202]   --->   Operation 30 'alloca' 'fifo_B_B_IO_L3_in_serialize' <Predicate = true> <Delay = 0.00> <CoreInst = "FIFO_SRL">   --->   Core 81 'FIFO_SRL' <Latency = 0> <II = 1> <Delay = 1.42> <Storage> <Opcode : 'read' 'write' 'nbread' 'nbwrite'> <Ports = 0> <Width = 256> <Depth = 2> <FIFO>
ST_1 : Operation 31 [1/1] (0.00ns)   --->   "%fifo_C_drain_C_drain_IO_L3_out_serialize = alloca i64 1" [src/kernel_kernel.cpp:1204]   --->   Operation 31 'alloca' 'fifo_C_drain_C_drain_IO_L3_out_serialize' <Predicate = true> <Delay = 0.00> <CoreInst = "FIFO_SRL">   --->   Core 81 'FIFO_SRL' <Latency = 0> <II = 1> <Delay = 1.40> <Storage> <Opcode : 'read' 'write' 'nbread' 'nbwrite'> <Ports = 0> <Width = 128> <Depth = 2> <FIFO>
ST_1 : Operation 32 [1/1] (0.00ns)   --->   "%fifo_A_A_IO_L2_in_0 = alloca i64 1" [src/kernel_kernel.cpp:1206]   --->   Operation 32 'alloca' 'fifo_A_A_IO_L2_in_0' <Predicate = true> <Delay = 0.00> <CoreInst = "FIFO_SRL">   --->   Core 81 'FIFO_SRL' <Latency = 0> <II = 1> <Delay = 1.42> <Storage> <Opcode : 'read' 'write' 'nbread' 'nbwrite'> <Ports = 0> <Width = 256> <Depth = 2> <FIFO>
ST_1 : Operation 33 [1/1] (0.00ns)   --->   "%fifo_A_A_IO_L2_in_1 = alloca i64 1" [src/kernel_kernel.cpp:1209]   --->   Operation 33 'alloca' 'fifo_A_A_IO_L2_in_1' <Predicate = true> <Delay = 0.00> <CoreInst = "FIFO_SRL">   --->   Core 81 'FIFO_SRL' <Latency = 0> <II = 1> <Delay = 1.42> <Storage> <Opcode : 'read' 'write' 'nbread' 'nbwrite'> <Ports = 0> <Width = 256> <Depth = 2> <FIFO>
ST_1 : Operation 34 [1/1] (0.00ns)   --->   "%fifo_B_B_IO_L2_in_0 = alloca i64 1" [src/kernel_kernel.cpp:1215]   --->   Operation 34 'alloca' 'fifo_B_B_IO_L2_in_0' <Predicate = true> <Delay = 0.00> <CoreInst = "FIFO_SRL">   --->   Core 81 'FIFO_SRL' <Latency = 0> <II = 1> <Delay = 1.42> <Storage> <Opcode : 'read' 'write' 'nbread' 'nbwrite'> <Ports = 0> <Width = 256> <Depth = 2> <FIFO>
ST_1 : Operation 35 [1/1] (0.00ns)   --->   "%fifo_B_B_IO_L2_in_1 = alloca i64 1" [src/kernel_kernel.cpp:1218]   --->   Operation 35 'alloca' 'fifo_B_B_IO_L2_in_1' <Predicate = true> <Delay = 0.00> <CoreInst = "FIFO_SRL">   --->   Core 81 'FIFO_SRL' <Latency = 0> <II = 1> <Delay = 1.42> <Storage> <Opcode : 'read' 'write' 'nbread' 'nbwrite'> <Ports = 0> <Width = 256> <Depth = 2> <FIFO>
ST_1 : Operation 36 [1/1] (0.00ns)   --->   "%fifo_A_PE_0_0 = alloca i64 1" [src/kernel_kernel.cpp:1224]   --->   Operation 36 'alloca' 'fifo_A_PE_0_0' <Predicate = true> <Delay = 0.00> <CoreInst = "FIFO_SRL">   --->   Core 81 'FIFO_SRL' <Latency = 0> <II = 1> <Delay = 1.39> <Storage> <Opcode : 'read' 'write' 'nbread' 'nbwrite'> <Ports = 0> <Width = 32> <Depth = 2> <FIFO>
ST_1 : Operation 37 [1/1] (0.00ns)   --->   "%fifo_A_PE_0_1 = alloca i64 1" [src/kernel_kernel.cpp:1227]   --->   Operation 37 'alloca' 'fifo_A_PE_0_1' <Predicate = true> <Delay = 0.00> <CoreInst = "FIFO_SRL">   --->   Core 81 'FIFO_SRL' <Latency = 0> <II = 1> <Delay = 1.39> <Storage> <Opcode : 'read' 'write' 'nbread' 'nbwrite'> <Ports = 0> <Width = 32> <Depth = 2> <FIFO>
ST_1 : Operation 38 [1/1] (0.00ns)   --->   "%fifo_A_PE_0_2 = alloca i64 1" [src/kernel_kernel.cpp:1230]   --->   Operation 38 'alloca' 'fifo_A_PE_0_2' <Predicate = true> <Delay = 0.00> <CoreInst = "FIFO_SRL">   --->   Core 81 'FIFO_SRL' <Latency = 0> <II = 1> <Delay = 1.39> <Storage> <Opcode : 'read' 'write' 'nbread' 'nbwrite'> <Ports = 0> <Width = 32> <Depth = 2> <FIFO>
ST_1 : Operation 39 [1/1] (0.00ns)   --->   "%fifo_A_PE_1_0 = alloca i64 1" [src/kernel_kernel.cpp:1233]   --->   Operation 39 'alloca' 'fifo_A_PE_1_0' <Predicate = true> <Delay = 0.00> <CoreInst = "FIFO_SRL">   --->   Core 81 'FIFO_SRL' <Latency = 0> <II = 1> <Delay = 1.39> <Storage> <Opcode : 'read' 'write' 'nbread' 'nbwrite'> <Ports = 0> <Width = 32> <Depth = 2> <FIFO>
ST_1 : Operation 40 [1/1] (0.00ns)   --->   "%fifo_A_PE_1_1 = alloca i64 1" [src/kernel_kernel.cpp:1236]   --->   Operation 40 'alloca' 'fifo_A_PE_1_1' <Predicate = true> <Delay = 0.00> <CoreInst = "FIFO_SRL">   --->   Core 81 'FIFO_SRL' <Latency = 0> <II = 1> <Delay = 1.39> <Storage> <Opcode : 'read' 'write' 'nbread' 'nbwrite'> <Ports = 0> <Width = 32> <Depth = 2> <FIFO>
ST_1 : Operation 41 [1/1] (0.00ns)   --->   "%fifo_A_PE_1_2 = alloca i64 1" [src/kernel_kernel.cpp:1239]   --->   Operation 41 'alloca' 'fifo_A_PE_1_2' <Predicate = true> <Delay = 0.00> <CoreInst = "FIFO_SRL">   --->   Core 81 'FIFO_SRL' <Latency = 0> <II = 1> <Delay = 1.39> <Storage> <Opcode : 'read' 'write' 'nbread' 'nbwrite'> <Ports = 0> <Width = 32> <Depth = 2> <FIFO>
ST_1 : Operation 42 [1/1] (0.00ns)   --->   "%fifo_B_PE_0_0 = alloca i64 1" [src/kernel_kernel.cpp:1242]   --->   Operation 42 'alloca' 'fifo_B_PE_0_0' <Predicate = true> <Delay = 0.00> <CoreInst = "FIFO_SRL">   --->   Core 81 'FIFO_SRL' <Latency = 0> <II = 1> <Delay = 1.39> <Storage> <Opcode : 'read' 'write' 'nbread' 'nbwrite'> <Ports = 0> <Width = 32> <Depth = 2> <FIFO>
ST_1 : Operation 43 [1/1] (0.00ns)   --->   "%fifo_B_PE_1_0 = alloca i64 1" [src/kernel_kernel.cpp:1245]   --->   Operation 43 'alloca' 'fifo_B_PE_1_0' <Predicate = true> <Delay = 0.00> <CoreInst = "FIFO_SRL">   --->   Core 81 'FIFO_SRL' <Latency = 0> <II = 1> <Delay = 1.39> <Storage> <Opcode : 'read' 'write' 'nbread' 'nbwrite'> <Ports = 0> <Width = 32> <Depth = 2> <FIFO>
ST_1 : Operation 44 [1/1] (0.00ns)   --->   "%fifo_B_PE_2_0 = alloca i64 1" [src/kernel_kernel.cpp:1248]   --->   Operation 44 'alloca' 'fifo_B_PE_2_0' <Predicate = true> <Delay = 0.00> <CoreInst = "FIFO_SRL">   --->   Core 81 'FIFO_SRL' <Latency = 0> <II = 1> <Delay = 1.39> <Storage> <Opcode : 'read' 'write' 'nbread' 'nbwrite'> <Ports = 0> <Width = 32> <Depth = 2> <FIFO>
ST_1 : Operation 45 [1/1] (0.00ns)   --->   "%fifo_B_PE_0_1 = alloca i64 1" [src/kernel_kernel.cpp:1251]   --->   Operation 45 'alloca' 'fifo_B_PE_0_1' <Predicate = true> <Delay = 0.00> <CoreInst = "FIFO_SRL">   --->   Core 81 'FIFO_SRL' <Latency = 0> <II = 1> <Delay = 1.39> <Storage> <Opcode : 'read' 'write' 'nbread' 'nbwrite'> <Ports = 0> <Width = 32> <Depth = 2> <FIFO>
ST_1 : Operation 46 [1/1] (0.00ns)   --->   "%fifo_B_PE_1_1 = alloca i64 1" [src/kernel_kernel.cpp:1254]   --->   Operation 46 'alloca' 'fifo_B_PE_1_1' <Predicate = true> <Delay = 0.00> <CoreInst = "FIFO_SRL">   --->   Core 81 'FIFO_SRL' <Latency = 0> <II = 1> <Delay = 1.39> <Storage> <Opcode : 'read' 'write' 'nbread' 'nbwrite'> <Ports = 0> <Width = 32> <Depth = 2> <FIFO>
ST_1 : Operation 47 [1/1] (0.00ns)   --->   "%fifo_B_PE_2_1 = alloca i64 1" [src/kernel_kernel.cpp:1257]   --->   Operation 47 'alloca' 'fifo_B_PE_2_1' <Predicate = true> <Delay = 0.00> <CoreInst = "FIFO_SRL">   --->   Core 81 'FIFO_SRL' <Latency = 0> <II = 1> <Delay = 1.39> <Storage> <Opcode : 'read' 'write' 'nbread' 'nbwrite'> <Ports = 0> <Width = 32> <Depth = 2> <FIFO>
ST_1 : Operation 48 [1/1] (0.00ns)   --->   "%fifo_C_drain_PE_0_0 = alloca i64 1" [src/kernel_kernel.cpp:1260]   --->   Operation 48 'alloca' 'fifo_C_drain_PE_0_0' <Predicate = true> <Delay = 0.00> <CoreInst = "FIFO_SRL">   --->   Core 81 'FIFO_SRL' <Latency = 0> <II = 1> <Delay = 1.34> <Storage> <Opcode : 'read' 'write' 'nbread' 'nbwrite'> <Ports = 0> <Width = 16> <Depth = 2> <FIFO>
ST_1 : Operation 49 [1/1] (0.00ns)   --->   "%fifo_C_drain_PE_1_0 = alloca i64 1" [src/kernel_kernel.cpp:1263]   --->   Operation 49 'alloca' 'fifo_C_drain_PE_1_0' <Predicate = true> <Delay = 0.00> <CoreInst = "FIFO_SRL">   --->   Core 81 'FIFO_SRL' <Latency = 0> <II = 1> <Delay = 1.34> <Storage> <Opcode : 'read' 'write' 'nbread' 'nbwrite'> <Ports = 0> <Width = 16> <Depth = 2> <FIFO>
ST_1 : Operation 50 [1/1] (0.00ns)   --->   "%fifo_C_drain_PE_0_1 = alloca i64 1" [src/kernel_kernel.cpp:1266]   --->   Operation 50 'alloca' 'fifo_C_drain_PE_0_1' <Predicate = true> <Delay = 0.00> <CoreInst = "FIFO_SRL">   --->   Core 81 'FIFO_SRL' <Latency = 0> <II = 1> <Delay = 1.34> <Storage> <Opcode : 'read' 'write' 'nbread' 'nbwrite'> <Ports = 0> <Width = 16> <Depth = 2> <FIFO>
ST_1 : Operation 51 [1/1] (0.00ns)   --->   "%fifo_C_drain_PE_1_1 = alloca i64 1" [src/kernel_kernel.cpp:1269]   --->   Operation 51 'alloca' 'fifo_C_drain_PE_1_1' <Predicate = true> <Delay = 0.00> <CoreInst = "FIFO_SRL">   --->   Core 81 'FIFO_SRL' <Latency = 0> <II = 1> <Delay = 1.34> <Storage> <Opcode : 'read' 'write' 'nbread' 'nbwrite'> <Ports = 0> <Width = 16> <Depth = 2> <FIFO>
ST_1 : Operation 52 [1/1] (0.00ns)   --->   "%fifo_C_drain_C_drain_IO_L1_out_0_0 = alloca i64 1" [src/kernel_kernel.cpp:1272]   --->   Operation 52 'alloca' 'fifo_C_drain_C_drain_IO_L1_out_0_0' <Predicate = true> <Delay = 0.00> <CoreInst = "FIFO_SRL">   --->   Core 81 'FIFO_SRL' <Latency = 0> <II = 1> <Delay = 1.40> <Storage> <Opcode : 'read' 'write' 'nbread' 'nbwrite'> <Ports = 0> <Width = 128> <Depth = 2> <FIFO>
ST_1 : Operation 53 [1/1] (0.00ns)   --->   "%fifo_C_drain_C_drain_IO_L1_out_0_1 = alloca i64 1" [src/kernel_kernel.cpp:1275]   --->   Operation 53 'alloca' 'fifo_C_drain_C_drain_IO_L1_out_0_1' <Predicate = true> <Delay = 0.00> <CoreInst = "FIFO_SRL">   --->   Core 81 'FIFO_SRL' <Latency = 0> <II = 1> <Delay = 1.40> <Storage> <Opcode : 'read' 'write' 'nbread' 'nbwrite'> <Ports = 0> <Width = 128> <Depth = 2> <FIFO>
ST_1 : Operation 54 [1/1] (0.00ns)   --->   "%fifo_C_drain_C_drain_IO_L1_out_1_0 = alloca i64 1" [src/kernel_kernel.cpp:1281]   --->   Operation 54 'alloca' 'fifo_C_drain_C_drain_IO_L1_out_1_0' <Predicate = true> <Delay = 0.00> <CoreInst = "FIFO_SRL">   --->   Core 81 'FIFO_SRL' <Latency = 0> <II = 1> <Delay = 1.40> <Storage> <Opcode : 'read' 'write' 'nbread' 'nbwrite'> <Ports = 0> <Width = 128> <Depth = 2> <FIFO>
ST_1 : Operation 55 [1/1] (0.00ns)   --->   "%fifo_C_drain_C_drain_IO_L1_out_1_1 = alloca i64 1" [src/kernel_kernel.cpp:1284]   --->   Operation 55 'alloca' 'fifo_C_drain_C_drain_IO_L1_out_1_1' <Predicate = true> <Delay = 0.00> <CoreInst = "FIFO_SRL">   --->   Core 81 'FIFO_SRL' <Latency = 0> <II = 1> <Delay = 1.40> <Storage> <Opcode : 'read' 'write' 'nbread' 'nbwrite'> <Ports = 0> <Width = 128> <Depth = 2> <FIFO>
ST_1 : Operation 56 [1/1] (0.00ns)   --->   "%fifo_C_drain_C_drain_IO_L2_out_0 = alloca i64 1" [src/kernel_kernel.cpp:1290]   --->   Operation 56 'alloca' 'fifo_C_drain_C_drain_IO_L2_out_0' <Predicate = true> <Delay = 0.00> <CoreInst = "FIFO_SRL">   --->   Core 81 'FIFO_SRL' <Latency = 0> <II = 1> <Delay = 1.40> <Storage> <Opcode : 'read' 'write' 'nbread' 'nbwrite'> <Ports = 0> <Width = 128> <Depth = 2> <FIFO>
ST_1 : Operation 57 [1/1] (0.00ns)   --->   "%fifo_C_drain_C_drain_IO_L2_out_1 = alloca i64 1" [src/kernel_kernel.cpp:1293]   --->   Operation 57 'alloca' 'fifo_C_drain_C_drain_IO_L2_out_1' <Predicate = true> <Delay = 0.00> <CoreInst = "FIFO_SRL">   --->   Core 81 'FIFO_SRL' <Latency = 0> <II = 1> <Delay = 1.40> <Storage> <Opcode : 'read' 'write' 'nbread' 'nbwrite'> <Ports = 0> <Width = 128> <Depth = 2> <FIFO>

State 2 <SV = 1> <Delay = 3.65>
ST_2 : Operation 58 [2/2] (3.65ns)   --->   "%call_ln1302 = call void @A_IO_L3_in_serialize, i512 %gmem_A, i64 %A_read, i256 %fifo_A_A_IO_L3_in_serialize" [src/kernel_kernel.cpp:1302]   --->   Operation 58 'call' 'call_ln1302' <Predicate = true> <Delay = 3.65> <CoreType = "Generic">   --->   Core 0 '' <Latency = 0> <II = 1> <Delay = 1.00> <Generic> <Opcode : >
ST_2 : Operation 59 [2/2] (3.65ns)   --->   "%call_ln1333 = call void @B_IO_L3_in_serialize, i512 %gmem_B, i64 %B_read, i256 %fifo_B_B_IO_L3_in_serialize" [src/kernel_kernel.cpp:1333]   --->   Operation 59 'call' 'call_ln1333' <Predicate = true> <Delay = 3.65> <CoreType = "Generic">   --->   Core 0 '' <Latency = 0> <II = 1> <Delay = 1.00> <Generic> <Opcode : >

State 3 <SV = 2> <Delay = 0.00>
ST_3 : Operation 60 [1/2] (0.00ns)   --->   "%call_ln1302 = call void @A_IO_L3_in_serialize, i512 %gmem_A, i64 %A_read, i256 %fifo_A_A_IO_L3_in_serialize" [src/kernel_kernel.cpp:1302]   --->   Operation 60 'call' 'call_ln1302' <Predicate = true> <Delay = 0.00> <CoreType = "Generic">   --->   Core 0 '' <Latency = 0> <II = 1> <Delay = 1.00> <Generic> <Opcode : >
ST_3 : Operation 61 [1/2] (0.00ns)   --->   "%call_ln1333 = call void @B_IO_L3_in_serialize, i512 %gmem_B, i64 %B_read, i256 %fifo_B_B_IO_L3_in_serialize" [src/kernel_kernel.cpp:1333]   --->   Operation 61 'call' 'call_ln1333' <Predicate = true> <Delay = 0.00> <CoreType = "Generic">   --->   Core 0 '' <Latency = 0> <II = 1> <Delay = 1.00> <Generic> <Opcode : >

State 4 <SV = 3> <Delay = 0.00>
ST_4 : Operation 62 [2/2] (0.00ns)   --->   "%call_ln1309 = call void @A_IO_L3_in, i256 %fifo_A_A_IO_L3_in_serialize, i256 %fifo_A_A_IO_L2_in_0" [src/kernel_kernel.cpp:1309]   --->   Operation 62 'call' 'call_ln1309' <Predicate = true> <Delay = 0.00> <CoreType = "Generic">   --->   Core 0 '' <Latency = 0> <II = 1> <Delay = 1.00> <Generic> <Opcode : >
ST_4 : Operation 63 [2/2] (0.00ns)   --->   "%call_ln1340 = call void @B_IO_L3_in, i256 %fifo_B_B_IO_L3_in_serialize, i256 %fifo_B_B_IO_L2_in_0" [src/kernel_kernel.cpp:1340]   --->   Operation 63 'call' 'call_ln1340' <Predicate = true> <Delay = 0.00> <CoreType = "Generic">   --->   Core 0 '' <Latency = 0> <II = 1> <Delay = 1.00> <Generic> <Opcode : >

State 5 <SV = 4> <Delay = 0.00>
ST_5 : Operation 64 [1/2] (0.00ns)   --->   "%call_ln1309 = call void @A_IO_L3_in, i256 %fifo_A_A_IO_L3_in_serialize, i256 %fifo_A_A_IO_L2_in_0" [src/kernel_kernel.cpp:1309]   --->   Operation 64 'call' 'call_ln1309' <Predicate = true> <Delay = 0.00> <CoreType = "Generic">   --->   Core 0 '' <Latency = 0> <II = 1> <Delay = 1.00> <Generic> <Opcode : >
ST_5 : Operation 65 [1/2] (0.00ns)   --->   "%call_ln1340 = call void @B_IO_L3_in, i256 %fifo_B_B_IO_L3_in_serialize, i256 %fifo_B_B_IO_L2_in_0" [src/kernel_kernel.cpp:1340]   --->   Operation 65 'call' 'call_ln1340' <Predicate = true> <Delay = 0.00> <CoreType = "Generic">   --->   Core 0 '' <Latency = 0> <II = 1> <Delay = 1.00> <Generic> <Opcode : >

State 6 <SV = 5> <Delay = 0.00>
ST_6 : Operation 66 [2/2] (0.00ns)   --->   "%call_ln1316 = call void @A_IO_L2_in, i256 %fifo_A_A_IO_L2_in_0, i256 %fifo_A_A_IO_L2_in_1, i32 %fifo_A_PE_0_0" [src/kernel_kernel.cpp:1316]   --->   Operation 66 'call' 'call_ln1316' <Predicate = true> <Delay = 0.00> <CoreType = "Generic">   --->   Core 0 '' <Latency = 0> <II = 1> <Delay = 1.00> <Generic> <Opcode : >
ST_6 : Operation 67 [2/2] (0.00ns)   --->   "%call_ln1347 = call void @B_IO_L2_in, i256 %fifo_B_B_IO_L2_in_0, i256 %fifo_B_B_IO_L2_in_1, i32 %fifo_B_PE_0_0" [src/kernel_kernel.cpp:1347]   --->   Operation 67 'call' 'call_ln1347' <Predicate = true> <Delay = 0.00> <CoreType = "Generic">   --->   Core 0 '' <Latency = 0> <II = 1> <Delay = 1.00> <Generic> <Opcode : >

State 7 <SV = 6> <Delay = 0.00>
ST_7 : Operation 68 [1/2] (0.00ns)   --->   "%call_ln1316 = call void @A_IO_L2_in, i256 %fifo_A_A_IO_L2_in_0, i256 %fifo_A_A_IO_L2_in_1, i32 %fifo_A_PE_0_0" [src/kernel_kernel.cpp:1316]   --->   Operation 68 'call' 'call_ln1316' <Predicate = true> <Delay = 0.00> <CoreType = "Generic">   --->   Core 0 '' <Latency = 0> <II = 1> <Delay = 1.00> <Generic> <Opcode : >
ST_7 : Operation 69 [1/2] (0.00ns)   --->   "%call_ln1347 = call void @B_IO_L2_in, i256 %fifo_B_B_IO_L2_in_0, i256 %fifo_B_B_IO_L2_in_1, i32 %fifo_B_PE_0_0" [src/kernel_kernel.cpp:1347]   --->   Operation 69 'call' 'call_ln1347' <Predicate = true> <Delay = 0.00> <CoreType = "Generic">   --->   Core 0 '' <Latency = 0> <II = 1> <Delay = 1.00> <Generic> <Opcode : >

State 8 <SV = 7> <Delay = 0.00>
ST_8 : Operation 70 [2/2] (0.00ns)   --->   "%call_ln1325 = call void @A_IO_L2_in_boundary, i256 %fifo_A_A_IO_L2_in_1, i32 %fifo_A_PE_1_0" [src/kernel_kernel.cpp:1325]   --->   Operation 70 'call' 'call_ln1325' <Predicate = true> <Delay = 0.00> <CoreType = "Generic">   --->   Core 0 '' <Latency = 0> <II = 1> <Delay = 1.00> <Generic> <Opcode : >
ST_8 : Operation 71 [2/2] (0.00ns)   --->   "%call_ln1356 = call void @B_IO_L2_in_boundary, i256 %fifo_B_B_IO_L2_in_1, i32 %fifo_B_PE_0_1" [src/kernel_kernel.cpp:1356]   --->   Operation 71 'call' 'call_ln1356' <Predicate = true> <Delay = 0.00> <CoreType = "Generic">   --->   Core 0 '' <Latency = 0> <II = 1> <Delay = 1.00> <Generic> <Opcode : >
ST_8 : Operation 72 [2/2] (0.00ns)   --->   "%call_ln1364 = call void @PE_wrapper7, i32 %fifo_A_PE_0_0, i32 %fifo_A_PE_0_1, i32 %fifo_B_PE_0_0, i32 %fifo_B_PE_1_0, i16 %fifo_C_drain_PE_0_0" [src/kernel_kernel.cpp:1364]   --->   Operation 72 'call' 'call_ln1364' <Predicate = true> <Delay = 0.00> <CoreType = "Generic">   --->   Core 0 '' <Latency = 0> <II = 1> <Delay = 1.00> <Generic> <Opcode : >

State 9 <SV = 8> <Delay = 0.00>
ST_9 : Operation 73 [1/2] (0.00ns)   --->   "%call_ln1325 = call void @A_IO_L2_in_boundary, i256 %fifo_A_A_IO_L2_in_1, i32 %fifo_A_PE_1_0" [src/kernel_kernel.cpp:1325]   --->   Operation 73 'call' 'call_ln1325' <Predicate = true> <Delay = 0.00> <CoreType = "Generic">   --->   Core 0 '' <Latency = 0> <II = 1> <Delay = 1.00> <Generic> <Opcode : >
ST_9 : Operation 74 [1/2] (0.00ns)   --->   "%call_ln1356 = call void @B_IO_L2_in_boundary, i256 %fifo_B_B_IO_L2_in_1, i32 %fifo_B_PE_0_1" [src/kernel_kernel.cpp:1356]   --->   Operation 74 'call' 'call_ln1356' <Predicate = true> <Delay = 0.00> <CoreType = "Generic">   --->   Core 0 '' <Latency = 0> <II = 1> <Delay = 1.00> <Generic> <Opcode : >
ST_9 : Operation 75 [1/2] (0.00ns)   --->   "%call_ln1364 = call void @PE_wrapper7, i32 %fifo_A_PE_0_0, i32 %fifo_A_PE_0_1, i32 %fifo_B_PE_0_0, i32 %fifo_B_PE_1_0, i16 %fifo_C_drain_PE_0_0" [src/kernel_kernel.cpp:1364]   --->   Operation 75 'call' 'call_ln1364' <Predicate = true> <Delay = 0.00> <CoreType = "Generic">   --->   Core 0 '' <Latency = 0> <II = 1> <Delay = 1.00> <Generic> <Opcode : >

State 10 <SV = 9> <Delay = 0.00>
ST_10 : Operation 76 [2/2] (0.00ns)   --->   "%call_ln1376 = call void @PE_wrapper8, i32 %fifo_A_PE_0_1, i32 %fifo_A_PE_0_2, i32 %fifo_B_PE_0_1, i32 %fifo_B_PE_1_1, i16 %fifo_C_drain_PE_0_1" [src/kernel_kernel.cpp:1376]   --->   Operation 76 'call' 'call_ln1376' <Predicate = true> <Delay = 0.00> <CoreType = "Generic">   --->   Core 0 '' <Latency = 0> <II = 1> <Delay = 1.00> <Generic> <Opcode : >
ST_10 : Operation 77 [2/2] (0.00ns)   --->   "%call_ln1388 = call void @PE_wrapper9, i32 %fifo_A_PE_1_0, i32 %fifo_A_PE_1_1, i32 %fifo_B_PE_1_0, i32 %fifo_B_PE_2_0, i16 %fifo_C_drain_PE_1_0" [src/kernel_kernel.cpp:1388]   --->   Operation 77 'call' 'call_ln1388' <Predicate = true> <Delay = 0.00> <CoreType = "Generic">   --->   Core 0 '' <Latency = 0> <II = 1> <Delay = 1.00> <Generic> <Opcode : >

State 11 <SV = 10> <Delay = 0.00>
ST_11 : Operation 78 [1/2] (0.00ns)   --->   "%call_ln1376 = call void @PE_wrapper8, i32 %fifo_A_PE_0_1, i32 %fifo_A_PE_0_2, i32 %fifo_B_PE_0_1, i32 %fifo_B_PE_1_1, i16 %fifo_C_drain_PE_0_1" [src/kernel_kernel.cpp:1376]   --->   Operation 78 'call' 'call_ln1376' <Predicate = true> <Delay = 0.00> <CoreType = "Generic">   --->   Core 0 '' <Latency = 0> <II = 1> <Delay = 1.00> <Generic> <Opcode : >
ST_11 : Operation 79 [1/2] (0.00ns)   --->   "%call_ln1388 = call void @PE_wrapper9, i32 %fifo_A_PE_1_0, i32 %fifo_A_PE_1_1, i32 %fifo_B_PE_1_0, i32 %fifo_B_PE_2_0, i16 %fifo_C_drain_PE_1_0" [src/kernel_kernel.cpp:1388]   --->   Operation 79 'call' 'call_ln1388' <Predicate = true> <Delay = 0.00> <CoreType = "Generic">   --->   Core 0 '' <Latency = 0> <II = 1> <Delay = 1.00> <Generic> <Opcode : >

State 12 <SV = 11> <Delay = 0.00>
ST_12 : Operation 80 [2/2] (0.00ns)   --->   "%call_ln1400 = call void @PE_wrapper, i32 %fifo_A_PE_1_1, i32 %fifo_A_PE_1_2, i32 %fifo_B_PE_1_1, i32 %fifo_B_PE_2_1, i16 %fifo_C_drain_PE_1_1" [src/kernel_kernel.cpp:1400]   --->   Operation 80 'call' 'call_ln1400' <Predicate = true> <Delay = 0.00> <CoreType = "Generic">   --->   Core 0 '' <Latency = 0> <II = 1> <Delay = 1.00> <Generic> <Opcode : >
ST_12 : Operation 81 [2/2] (0.00ns)   --->   "%call_ln1412 = call void @A_PE_dummy_in10, i32 %fifo_A_PE_0_2" [src/kernel_kernel.cpp:1412]   --->   Operation 81 'call' 'call_ln1412' <Predicate = true> <Delay = 0.00> <CoreType = "Generic">   --->   Core 0 '' <Latency = 0> <II = 1> <Delay = 1.00> <Generic> <Opcode : >
ST_12 : Operation 82 [2/2] (0.00ns)   --->   "%call_ln1428 = call void @B_PE_dummy_in11, i32 %fifo_B_PE_2_0" [src/kernel_kernel.cpp:1428]   --->   Operation 82 'call' 'call_ln1428' <Predicate = true> <Delay = 0.00> <CoreType = "Generic">   --->   Core 0 '' <Latency = 0> <II = 1> <Delay = 1.00> <Generic> <Opcode : >
ST_12 : Operation 83 [2/2] (0.00ns)   --->   "%call_ln1444 = call void @C_drain_IO_L1_out_boundary_wrapper12, i128 %fifo_C_drain_C_drain_IO_L1_out_0_1, i16 %fifo_C_drain_PE_1_0" [src/kernel_kernel.cpp:1444]   --->   Operation 83 'call' 'call_ln1444' <Predicate = true> <Delay = 0.00> <CoreType = "Generic">   --->   Core 0 '' <Latency = 0> <II = 1> <Delay = 1.00> <Generic> <Opcode : >

State 13 <SV = 12> <Delay = 0.00>
ST_13 : Operation 84 [1/2] (0.00ns)   --->   "%call_ln1400 = call void @PE_wrapper, i32 %fifo_A_PE_1_1, i32 %fifo_A_PE_1_2, i32 %fifo_B_PE_1_1, i32 %fifo_B_PE_2_1, i16 %fifo_C_drain_PE_1_1" [src/kernel_kernel.cpp:1400]   --->   Operation 84 'call' 'call_ln1400' <Predicate = true> <Delay = 0.00> <CoreType = "Generic">   --->   Core 0 '' <Latency = 0> <II = 1> <Delay = 1.00> <Generic> <Opcode : >
ST_13 : Operation 85 [1/2] (0.00ns)   --->   "%call_ln1412 = call void @A_PE_dummy_in10, i32 %fifo_A_PE_0_2" [src/kernel_kernel.cpp:1412]   --->   Operation 85 'call' 'call_ln1412' <Predicate = true> <Delay = 0.00> <CoreType = "Generic">   --->   Core 0 '' <Latency = 0> <II = 1> <Delay = 1.00> <Generic> <Opcode : >
ST_13 : Operation 86 [1/2] (0.00ns)   --->   "%call_ln1428 = call void @B_PE_dummy_in11, i32 %fifo_B_PE_2_0" [src/kernel_kernel.cpp:1428]   --->   Operation 86 'call' 'call_ln1428' <Predicate = true> <Delay = 0.00> <CoreType = "Generic">   --->   Core 0 '' <Latency = 0> <II = 1> <Delay = 1.00> <Generic> <Opcode : >
ST_13 : Operation 87 [1/2] (0.00ns)   --->   "%call_ln1444 = call void @C_drain_IO_L1_out_boundary_wrapper12, i128 %fifo_C_drain_C_drain_IO_L1_out_0_1, i16 %fifo_C_drain_PE_1_0" [src/kernel_kernel.cpp:1444]   --->   Operation 87 'call' 'call_ln1444' <Predicate = true> <Delay = 0.00> <CoreType = "Generic">   --->   Core 0 '' <Latency = 0> <II = 1> <Delay = 1.00> <Generic> <Opcode : >

State 14 <SV = 13> <Delay = 0.00>
ST_14 : Operation 88 [2/2] (0.00ns)   --->   "%call_ln1420 = call void @A_PE_dummy_in, i32 %fifo_A_PE_1_2" [src/kernel_kernel.cpp:1420]   --->   Operation 88 'call' 'call_ln1420' <Predicate = true> <Delay = 0.00> <CoreType = "Generic">   --->   Core 0 '' <Latency = 0> <II = 1> <Delay = 1.00> <Generic> <Opcode : >
ST_14 : Operation 89 [2/2] (0.00ns)   --->   "%call_ln1436 = call void @B_PE_dummy_in, i32 %fifo_B_PE_2_1" [src/kernel_kernel.cpp:1436]   --->   Operation 89 'call' 'call_ln1436' <Predicate = true> <Delay = 0.00> <CoreType = "Generic">   --->   Core 0 '' <Latency = 0> <II = 1> <Delay = 1.00> <Generic> <Opcode : >
ST_14 : Operation 90 [2/2] (0.00ns)   --->   "%call_ln1453 = call void @C_drain_IO_L1_out_wrapper13, i128 %fifo_C_drain_C_drain_IO_L1_out_0_1, i128 %fifo_C_drain_C_drain_IO_L1_out_0_0, i16 %fifo_C_drain_PE_0_0" [src/kernel_kernel.cpp:1453]   --->   Operation 90 'call' 'call_ln1453' <Predicate = true> <Delay = 0.00> <CoreType = "Generic">   --->   Core 0 '' <Latency = 0> <II = 1> <Delay = 1.00> <Generic> <Opcode : >
ST_14 : Operation 91 [2/2] (0.00ns)   --->   "%call_ln1463 = call void @C_drain_IO_L1_out_boundary_wrapper, i128 %fifo_C_drain_C_drain_IO_L1_out_1_1, i16 %fifo_C_drain_PE_1_1" [src/kernel_kernel.cpp:1463]   --->   Operation 91 'call' 'call_ln1463' <Predicate = true> <Delay = 0.00> <CoreType = "Generic">   --->   Core 0 '' <Latency = 0> <II = 1> <Delay = 1.00> <Generic> <Opcode : >

State 15 <SV = 14> <Delay = 0.00>
ST_15 : Operation 92 [1/2] (0.00ns)   --->   "%call_ln1420 = call void @A_PE_dummy_in, i32 %fifo_A_PE_1_2" [src/kernel_kernel.cpp:1420]   --->   Operation 92 'call' 'call_ln1420' <Predicate = true> <Delay = 0.00> <CoreType = "Generic">   --->   Core 0 '' <Latency = 0> <II = 1> <Delay = 1.00> <Generic> <Opcode : >
ST_15 : Operation 93 [1/2] (0.00ns)   --->   "%call_ln1436 = call void @B_PE_dummy_in, i32 %fifo_B_PE_2_1" [src/kernel_kernel.cpp:1436]   --->   Operation 93 'call' 'call_ln1436' <Predicate = true> <Delay = 0.00> <CoreType = "Generic">   --->   Core 0 '' <Latency = 0> <II = 1> <Delay = 1.00> <Generic> <Opcode : >
ST_15 : Operation 94 [1/2] (0.00ns)   --->   "%call_ln1453 = call void @C_drain_IO_L1_out_wrapper13, i128 %fifo_C_drain_C_drain_IO_L1_out_0_1, i128 %fifo_C_drain_C_drain_IO_L1_out_0_0, i16 %fifo_C_drain_PE_0_0" [src/kernel_kernel.cpp:1453]   --->   Operation 94 'call' 'call_ln1453' <Predicate = true> <Delay = 0.00> <CoreType = "Generic">   --->   Core 0 '' <Latency = 0> <II = 1> <Delay = 1.00> <Generic> <Opcode : >
ST_15 : Operation 95 [1/2] (0.00ns)   --->   "%call_ln1463 = call void @C_drain_IO_L1_out_boundary_wrapper, i128 %fifo_C_drain_C_drain_IO_L1_out_1_1, i16 %fifo_C_drain_PE_1_1" [src/kernel_kernel.cpp:1463]   --->   Operation 95 'call' 'call_ln1463' <Predicate = true> <Delay = 0.00> <CoreType = "Generic">   --->   Core 0 '' <Latency = 0> <II = 1> <Delay = 1.00> <Generic> <Opcode : >

State 16 <SV = 15> <Delay = 0.00>
ST_16 : Operation 96 [2/2] (0.00ns)   --->   "%call_ln1472 = call void @C_drain_IO_L1_out_wrapper, i128 %fifo_C_drain_C_drain_IO_L1_out_1_1, i128 %fifo_C_drain_C_drain_IO_L1_out_1_0, i16 %fifo_C_drain_PE_0_1" [src/kernel_kernel.cpp:1472]   --->   Operation 96 'call' 'call_ln1472' <Predicate = true> <Delay = 0.00> <CoreType = "Generic">   --->   Core 0 '' <Latency = 0> <II = 1> <Delay = 1.00> <Generic> <Opcode : >

State 17 <SV = 16> <Delay = 0.00>
ST_17 : Operation 97 [1/2] (0.00ns)   --->   "%call_ln1472 = call void @C_drain_IO_L1_out_wrapper, i128 %fifo_C_drain_C_drain_IO_L1_out_1_1, i128 %fifo_C_drain_C_drain_IO_L1_out_1_0, i16 %fifo_C_drain_PE_0_1" [src/kernel_kernel.cpp:1472]   --->   Operation 97 'call' 'call_ln1472' <Predicate = true> <Delay = 0.00> <CoreType = "Generic">   --->   Core 0 '' <Latency = 0> <II = 1> <Delay = 1.00> <Generic> <Opcode : >

State 18 <SV = 17> <Delay = 0.00>
ST_18 : Operation 98 [2/2] (0.00ns)   --->   "%call_ln1482 = call void @C_drain_IO_L2_out_boundary, i128 %fifo_C_drain_C_drain_IO_L2_out_1, i128 %fifo_C_drain_C_drain_IO_L1_out_1_0" [src/kernel_kernel.cpp:1482]   --->   Operation 98 'call' 'call_ln1482' <Predicate = true> <Delay = 0.00> <CoreType = "Generic">   --->   Core 0 '' <Latency = 0> <II = 1> <Delay = 1.00> <Generic> <Opcode : >

State 19 <SV = 18> <Delay = 0.00>
ST_19 : Operation 99 [1/2] (0.00ns)   --->   "%call_ln1482 = call void @C_drain_IO_L2_out_boundary, i128 %fifo_C_drain_C_drain_IO_L2_out_1, i128 %fifo_C_drain_C_drain_IO_L1_out_1_0" [src/kernel_kernel.cpp:1482]   --->   Operation 99 'call' 'call_ln1482' <Predicate = true> <Delay = 0.00> <CoreType = "Generic">   --->   Core 0 '' <Latency = 0> <II = 1> <Delay = 1.00> <Generic> <Opcode : >

State 20 <SV = 19> <Delay = 0.00>
ST_20 : Operation 100 [2/2] (0.00ns)   --->   "%call_ln1490 = call void @C_drain_IO_L2_out, i128 %fifo_C_drain_C_drain_IO_L2_out_1, i128 %fifo_C_drain_C_drain_IO_L2_out_0, i128 %fifo_C_drain_C_drain_IO_L1_out_0_0" [src/kernel_kernel.cpp:1490]   --->   Operation 100 'call' 'call_ln1490' <Predicate = true> <Delay = 0.00> <CoreType = "Generic">   --->   Core 0 '' <Latency = 0> <II = 1> <Delay = 1.00> <Generic> <Opcode : >

State 21 <SV = 20> <Delay = 0.00>
ST_21 : Operation 101 [1/2] (0.00ns)   --->   "%call_ln1490 = call void @C_drain_IO_L2_out, i128 %fifo_C_drain_C_drain_IO_L2_out_1, i128 %fifo_C_drain_C_drain_IO_L2_out_0, i128 %fifo_C_drain_C_drain_IO_L1_out_0_0" [src/kernel_kernel.cpp:1490]   --->   Operation 101 'call' 'call_ln1490' <Predicate = true> <Delay = 0.00> <CoreType = "Generic">   --->   Core 0 '' <Latency = 0> <II = 1> <Delay = 1.00> <Generic> <Opcode : >

State 22 <SV = 21> <Delay = 0.00>
ST_22 : Operation 102 [2/2] (0.00ns)   --->   "%call_ln1499 = call void @C_drain_IO_L3_out, i128 %fifo_C_drain_C_drain_IO_L3_out_serialize, i128 %fifo_C_drain_C_drain_IO_L2_out_0" [src/kernel_kernel.cpp:1499]   --->   Operation 102 'call' 'call_ln1499' <Predicate = true> <Delay = 0.00> <CoreType = "Generic">   --->   Core 0 '' <Latency = 0> <II = 1> <Delay = 1.00> <Generic> <Opcode : >

State 23 <SV = 22> <Delay = 0.00>
ST_23 : Operation 103 [1/2] (0.00ns)   --->   "%call_ln1499 = call void @C_drain_IO_L3_out, i128 %fifo_C_drain_C_drain_IO_L3_out_serialize, i128 %fifo_C_drain_C_drain_IO_L2_out_0" [src/kernel_kernel.cpp:1499]   --->   Operation 103 'call' 'call_ln1499' <Predicate = true> <Delay = 0.00> <CoreType = "Generic">   --->   Core 0 '' <Latency = 0> <II = 1> <Delay = 1.00> <Generic> <Opcode : >

State 24 <SV = 23> <Delay = 3.65>
ST_24 : Operation 104 [1/1] (0.00ns)   --->   "%C_c_channel = call i64 @entry_proc, i64 %C_read"   --->   Operation 104 'call' 'C_c_channel' <Predicate = true> <Delay = 0.00> <CoreInst = "FIFO_SRL">   --->   Core 81 'FIFO_SRL' <Latency = 0> <II = 1> <Delay = 1.40> <Storage> <Opcode : 'read' 'write' 'nbread' 'nbwrite'> <Ports = 0> <Width = 64> <Depth = 2> <FIFO>
ST_24 : Operation 105 [2/2] (3.65ns)   --->   "%call_ln1506 = call void @C_drain_IO_L3_out_serialize, i512 %gmem_C, i64 %C_c_channel, i128 %fifo_C_drain_C_drain_IO_L3_out_serialize" [src/kernel_kernel.cpp:1506]   --->   Operation 105 'call' 'call_ln1506' <Predicate = true> <Delay = 3.65> <CoreType = "Generic">   --->   Core 0 '' <Latency = 0> <II = 1> <Delay = 1.00> <Generic> <Opcode : >

State 25 <SV = 24> <Delay = 0.00>
ST_25 : Operation 106 [1/1] (0.00ns)   --->   "%specdataflowpipeline_ln0 = specdataflowpipeline void @_ssdm_op_SpecDataflowPipeline, i32 4294967295, i32 0, void @empty_10"   --->   Operation 106 'specdataflowpipeline' 'specdataflowpipeline_ln0' <Predicate = true> <Delay = 0.00>
ST_25 : Operation 107 [1/1] (0.00ns)   --->   "%spectopmodule_ln0 = spectopmodule void @_ssdm_op_SpecTopModule, void @empty_39"   --->   Operation 107 'spectopmodule' 'spectopmodule_ln0' <Predicate = true> <Delay = 0.00>
ST_25 : Operation 108 [1/1] (0.00ns)   --->   "%specinterface_ln0 = specinterface void @_ssdm_op_SpecInterface, i512 %gmem_A, void @empty_30, i32 0, i32 0, void @empty_10, i32 0, i32 0, void @empty, void @empty_13, void @empty_10, i32 16, i32 16, i32 16, i32 16, void @empty_10, void @empty_10"   --->   Operation 108 'specinterface' 'specinterface_ln0' <Predicate = true> <Delay = 0.00>
ST_25 : Operation 109 [1/1] (0.00ns)   --->   "%specbitsmap_ln0 = specbitsmap void @_ssdm_op_SpecBitsMap, i512 %gmem_A"   --->   Operation 109 'specbitsmap' 'specbitsmap_ln0' <Predicate = true> <Delay = 0.00>
ST_25 : Operation 110 [1/1] (0.00ns)   --->   "%specinterface_ln0 = specinterface void @_ssdm_op_SpecInterface, i512 %gmem_B, void @empty_30, i32 0, i32 0, void @empty_10, i32 0, i32 0, void @empty_37, void @empty_13, void @empty_10, i32 16, i32 16, i32 16, i32 16, void @empty_10, void @empty_10"   --->   Operation 110 'specinterface' 'specinterface_ln0' <Predicate = true> <Delay = 0.00>
ST_25 : Operation 111 [1/1] (0.00ns)   --->   "%specbitsmap_ln0 = specbitsmap void @_ssdm_op_SpecBitsMap, i512 %gmem_B"   --->   Operation 111 'specbitsmap' 'specbitsmap_ln0' <Predicate = true> <Delay = 0.00>
ST_25 : Operation 112 [1/1] (0.00ns)   --->   "%specinterface_ln0 = specinterface void @_ssdm_op_SpecInterface, i512 %gmem_C, void @empty_30, i32 0, i32 0, void @empty_10, i32 0, i32 0, void @empty_49, void @empty_13, void @empty_10, i32 16, i32 16, i32 16, i32 16, void @empty_10, void @empty_10"   --->   Operation 112 'specinterface' 'specinterface_ln0' <Predicate = true> <Delay = 0.00>
ST_25 : Operation 113 [1/1] (0.00ns)   --->   "%specbitsmap_ln0 = specbitsmap void @_ssdm_op_SpecBitsMap, i512 %gmem_C"   --->   Operation 113 'specbitsmap' 'specbitsmap_ln0' <Predicate = true> <Delay = 0.00>
ST_25 : Operation 114 [1/1] (0.00ns)   --->   "%specinterface_ln0 = specinterface void @_ssdm_op_SpecInterface, i64 %A, void @empty_11, i32 0, i32 0, void @empty_10, i32 0, i32 0, void @empty_54, void @empty_6, void @empty_10, i32 0, i32 0, i32 0, i32 0, void @empty_10, void @empty_31"   --->   Operation 114 'specinterface' 'specinterface_ln0' <Predicate = true> <Delay = 0.00>
ST_25 : Operation 115 [1/1] (0.00ns)   --->   "%specinterface_ln0 = specinterface void @_ssdm_op_SpecInterface, i64 %A, void @empty_1, i32 0, i32 0, void @empty_10, i32 0, i32 0, void @empty_10, void @empty_10, void @empty_10, i32 0, i32 0, i32 0, i32 0, void @empty_10, void @empty_31"   --->   Operation 115 'specinterface' 'specinterface_ln0' <Predicate = true> <Delay = 0.00>
ST_25 : Operation 116 [1/1] (0.00ns)   --->   "%specinterface_ln0 = specinterface void @_ssdm_op_SpecInterface, i64 %B, void @empty_11, i32 0, i32 0, void @empty_10, i32 0, i32 0, void @empty_54, void @empty_32, void @empty_10, i32 0, i32 0, i32 0, i32 0, void @empty_10, void @empty_31"   --->   Operation 116 'specinterface' 'specinterface_ln0' <Predicate = true> <Delay = 0.00>
ST_25 : Operation 117 [1/1] (0.00ns)   --->   "%specinterface_ln0 = specinterface void @_ssdm_op_SpecInterface, i64 %B, void @empty_1, i32 0, i32 0, void @empty_10, i32 0, i32 0, void @empty_10, void @empty_10, void @empty_10, i32 0, i32 0, i32 0, i32 0, void @empty_10, void @empty_31"   --->   Operation 117 'specinterface' 'specinterface_ln0' <Predicate = true> <Delay = 0.00>
ST_25 : Operation 118 [1/1] (0.00ns)   --->   "%specinterface_ln0 = specinterface void @_ssdm_op_SpecInterface, i64 %C, void @empty_11, i32 0, i32 0, void @empty_10, i32 0, i32 0, void @empty_54, void @empty_8, void @empty_10, i32 0, i32 0, i32 0, i32 0, void @empty_10, void @empty_31"   --->   Operation 118 'specinterface' 'specinterface_ln0' <Predicate = true> <Delay = 0.00>
ST_25 : Operation 119 [1/1] (0.00ns)   --->   "%specinterface_ln0 = specinterface void @_ssdm_op_SpecInterface, i64 %C, void @empty_1, i32 0, i32 0, void @empty_10, i32 0, i32 0, void @empty_10, void @empty_10, void @empty_10, i32 0, i32 0, i32 0, i32 0, void @empty_10, void @empty_31"   --->   Operation 119 'specinterface' 'specinterface_ln0' <Predicate = true> <Delay = 0.00>
ST_25 : Operation 120 [1/1] (0.00ns)   --->   "%specinterface_ln0 = specinterface void @_ssdm_op_SpecInterface, i32 0, void @empty_11, i32 0, i32 0, void @empty_10, i32 0, i32 0, void @empty_54, void @empty_10, void @empty_10, i32 0, i32 0, i32 0, i32 0, void @empty_10, void @empty_10"   --->   Operation 120 'specinterface' 'specinterface_ln0' <Predicate = true> <Delay = 0.00>
ST_25 : Operation 121 [1/1] (0.00ns)   --->   "%empty = specchannel i32 @_ssdm_op_SpecChannel, void @fifo_A_A_IO_L3_in_serialize_str, i32 1, void @p_str, void @p_str, i32 2, i32 2, i256 %fifo_A_A_IO_L3_in_serialize, i256 %fifo_A_A_IO_L3_in_serialize"   --->   Operation 121 'specchannel' 'empty' <Predicate = true> <Delay = 0.00>
ST_25 : Operation 122 [1/1] (0.00ns)   --->   "%specinterface_ln0 = specinterface void @_ssdm_op_SpecInterface, i256 %fifo_A_A_IO_L3_in_serialize, void @empty_5, i32 0, i32 0, void @empty_10, i32 0, i32 0, void @empty_10, void @empty_10, void @empty_10, i32 0, i32 0, i32 0, i32 0, void @empty_10, void @empty_10"   --->   Operation 122 'specinterface' 'specinterface_ln0' <Predicate = true> <Delay = 0.00>
ST_25 : Operation 123 [1/1] (0.00ns)   --->   "%empty_73 = specchannel i32 @_ssdm_op_SpecChannel, void @fifo_B_B_IO_L3_in_serialize_str, i32 1, void @p_str, void @p_str, i32 2, i32 2, i256 %fifo_B_B_IO_L3_in_serialize, i256 %fifo_B_B_IO_L3_in_serialize"   --->   Operation 123 'specchannel' 'empty_73' <Predicate = true> <Delay = 0.00>
ST_25 : Operation 124 [1/1] (0.00ns)   --->   "%specinterface_ln0 = specinterface void @_ssdm_op_SpecInterface, i256 %fifo_B_B_IO_L3_in_serialize, void @empty_5, i32 0, i32 0, void @empty_10, i32 0, i32 0, void @empty_10, void @empty_10, void @empty_10, i32 0, i32 0, i32 0, i32 0, void @empty_10, void @empty_10"   --->   Operation 124 'specinterface' 'specinterface_ln0' <Predicate = true> <Delay = 0.00>
ST_25 : Operation 125 [1/1] (0.00ns)   --->   "%empty_74 = specchannel i32 @_ssdm_op_SpecChannel, void @fifo_C_drain_C_drain_IO_L3_out_serialize_str, i32 1, void @p_str, void @p_str, i32 2, i32 2, i128 %fifo_C_drain_C_drain_IO_L3_out_serialize, i128 %fifo_C_drain_C_drain_IO_L3_out_serialize"   --->   Operation 125 'specchannel' 'empty_74' <Predicate = true> <Delay = 0.00>
ST_25 : Operation 126 [1/1] (0.00ns)   --->   "%specinterface_ln0 = specinterface void @_ssdm_op_SpecInterface, i128 %fifo_C_drain_C_drain_IO_L3_out_serialize, void @empty_5, i32 0, i32 0, void @empty_10, i32 0, i32 0, void @empty_10, void @empty_10, void @empty_10, i32 0, i32 0, i32 0, i32 0, void @empty_10, void @empty_10"   --->   Operation 126 'specinterface' 'specinterface_ln0' <Predicate = true> <Delay = 0.00>
ST_25 : Operation 127 [1/1] (0.00ns)   --->   "%empty_75 = specchannel i32 @_ssdm_op_SpecChannel, void @fifo_A_A_IO_L2_in_0_str, i32 1, void @p_str, void @p_str, i32 2, i32 2, i256 %fifo_A_A_IO_L2_in_0, i256 %fifo_A_A_IO_L2_in_0"   --->   Operation 127 'specchannel' 'empty_75' <Predicate = true> <Delay = 0.00>
ST_25 : Operation 128 [1/1] (0.00ns)   --->   "%specmemcore_ln1207 = specmemcore void @_ssdm_op_SpecMemCore, i256 %fifo_A_A_IO_L2_in_0, i64 666, i64 10, i64 18446744073709551615" [src/kernel_kernel.cpp:1207]   --->   Operation 128 'specmemcore' 'specmemcore_ln1207' <Predicate = true> <Delay = 0.00>
ST_25 : Operation 129 [1/1] (0.00ns)   --->   "%specinterface_ln0 = specinterface void @_ssdm_op_SpecInterface, i256 %fifo_A_A_IO_L2_in_0, void @empty_5, i32 0, i32 0, void @empty_10, i32 0, i32 0, void @empty_10, void @empty_10, void @empty_10, i32 0, i32 0, i32 0, i32 0, void @empty_10, void @empty_10"   --->   Operation 129 'specinterface' 'specinterface_ln0' <Predicate = true> <Delay = 0.00>
ST_25 : Operation 130 [1/1] (0.00ns)   --->   "%empty_76 = specchannel i32 @_ssdm_op_SpecChannel, void @fifo_A_A_IO_L2_in_1_str, i32 1, void @p_str, void @p_str, i32 2, i32 2, i256 %fifo_A_A_IO_L2_in_1, i256 %fifo_A_A_IO_L2_in_1"   --->   Operation 130 'specchannel' 'empty_76' <Predicate = true> <Delay = 0.00>
ST_25 : Operation 131 [1/1] (0.00ns)   --->   "%specmemcore_ln1210 = specmemcore void @_ssdm_op_SpecMemCore, i256 %fifo_A_A_IO_L2_in_1, i64 666, i64 10, i64 18446744073709551615" [src/kernel_kernel.cpp:1210]   --->   Operation 131 'specmemcore' 'specmemcore_ln1210' <Predicate = true> <Delay = 0.00>
ST_25 : Operation 132 [1/1] (0.00ns)   --->   "%specinterface_ln0 = specinterface void @_ssdm_op_SpecInterface, i256 %fifo_A_A_IO_L2_in_1, void @empty_5, i32 0, i32 0, void @empty_10, i32 0, i32 0, void @empty_10, void @empty_10, void @empty_10, i32 0, i32 0, i32 0, i32 0, void @empty_10, void @empty_10"   --->   Operation 132 'specinterface' 'specinterface_ln0' <Predicate = true> <Delay = 0.00>
ST_25 : Operation 133 [1/1] (0.00ns)   --->   "%empty_77 = specchannel i32 @_ssdm_op_SpecChannel, void @fifo_B_B_IO_L2_in_0_str, i32 1, void @p_str, void @p_str, i32 2, i32 2, i256 %fifo_B_B_IO_L2_in_0, i256 %fifo_B_B_IO_L2_in_0"   --->   Operation 133 'specchannel' 'empty_77' <Predicate = true> <Delay = 0.00>
ST_25 : Operation 134 [1/1] (0.00ns)   --->   "%specmemcore_ln1216 = specmemcore void @_ssdm_op_SpecMemCore, i256 %fifo_B_B_IO_L2_in_0, i64 666, i64 10, i64 18446744073709551615" [src/kernel_kernel.cpp:1216]   --->   Operation 134 'specmemcore' 'specmemcore_ln1216' <Predicate = true> <Delay = 0.00>
ST_25 : Operation 135 [1/1] (0.00ns)   --->   "%specinterface_ln0 = specinterface void @_ssdm_op_SpecInterface, i256 %fifo_B_B_IO_L2_in_0, void @empty_5, i32 0, i32 0, void @empty_10, i32 0, i32 0, void @empty_10, void @empty_10, void @empty_10, i32 0, i32 0, i32 0, i32 0, void @empty_10, void @empty_10"   --->   Operation 135 'specinterface' 'specinterface_ln0' <Predicate = true> <Delay = 0.00>
ST_25 : Operation 136 [1/1] (0.00ns)   --->   "%empty_78 = specchannel i32 @_ssdm_op_SpecChannel, void @fifo_B_B_IO_L2_in_1_str, i32 1, void @p_str, void @p_str, i32 2, i32 2, i256 %fifo_B_B_IO_L2_in_1, i256 %fifo_B_B_IO_L2_in_1"   --->   Operation 136 'specchannel' 'empty_78' <Predicate = true> <Delay = 0.00>
ST_25 : Operation 137 [1/1] (0.00ns)   --->   "%specmemcore_ln1219 = specmemcore void @_ssdm_op_SpecMemCore, i256 %fifo_B_B_IO_L2_in_1, i64 666, i64 10, i64 18446744073709551615" [src/kernel_kernel.cpp:1219]   --->   Operation 137 'specmemcore' 'specmemcore_ln1219' <Predicate = true> <Delay = 0.00>
ST_25 : Operation 138 [1/1] (0.00ns)   --->   "%specinterface_ln0 = specinterface void @_ssdm_op_SpecInterface, i256 %fifo_B_B_IO_L2_in_1, void @empty_5, i32 0, i32 0, void @empty_10, i32 0, i32 0, void @empty_10, void @empty_10, void @empty_10, i32 0, i32 0, i32 0, i32 0, void @empty_10, void @empty_10"   --->   Operation 138 'specinterface' 'specinterface_ln0' <Predicate = true> <Delay = 0.00>
ST_25 : Operation 139 [1/1] (0.00ns)   --->   "%empty_79 = specchannel i32 @_ssdm_op_SpecChannel, void @fifo_A_PE_0_0_str, i32 1, void @p_str, void @p_str, i32 2, i32 2, i32 %fifo_A_PE_0_0, i32 %fifo_A_PE_0_0"   --->   Operation 139 'specchannel' 'empty_79' <Predicate = true> <Delay = 0.00>
ST_25 : Operation 140 [1/1] (0.00ns)   --->   "%specmemcore_ln1225 = specmemcore void @_ssdm_op_SpecMemCore, i32 %fifo_A_PE_0_0, i64 666, i64 10, i64 18446744073709551615" [src/kernel_kernel.cpp:1225]   --->   Operation 140 'specmemcore' 'specmemcore_ln1225' <Predicate = true> <Delay = 0.00>
ST_25 : Operation 141 [1/1] (0.00ns)   --->   "%specinterface_ln0 = specinterface void @_ssdm_op_SpecInterface, i32 %fifo_A_PE_0_0, void @empty_5, i32 0, i32 0, void @empty_10, i32 0, i32 0, void @empty_10, void @empty_10, void @empty_10, i32 0, i32 0, i32 0, i32 0, void @empty_10, void @empty_10"   --->   Operation 141 'specinterface' 'specinterface_ln0' <Predicate = true> <Delay = 0.00>
ST_25 : Operation 142 [1/1] (0.00ns)   --->   "%empty_80 = specchannel i32 @_ssdm_op_SpecChannel, void @fifo_A_PE_0_1_str, i32 1, void @p_str, void @p_str, i32 2, i32 2, i32 %fifo_A_PE_0_1, i32 %fifo_A_PE_0_1"   --->   Operation 142 'specchannel' 'empty_80' <Predicate = true> <Delay = 0.00>
ST_25 : Operation 143 [1/1] (0.00ns)   --->   "%specmemcore_ln1228 = specmemcore void @_ssdm_op_SpecMemCore, i32 %fifo_A_PE_0_1, i64 666, i64 10, i64 18446744073709551615" [src/kernel_kernel.cpp:1228]   --->   Operation 143 'specmemcore' 'specmemcore_ln1228' <Predicate = true> <Delay = 0.00>
ST_25 : Operation 144 [1/1] (0.00ns)   --->   "%specinterface_ln0 = specinterface void @_ssdm_op_SpecInterface, i32 %fifo_A_PE_0_1, void @empty_5, i32 0, i32 0, void @empty_10, i32 0, i32 0, void @empty_10, void @empty_10, void @empty_10, i32 0, i32 0, i32 0, i32 0, void @empty_10, void @empty_10"   --->   Operation 144 'specinterface' 'specinterface_ln0' <Predicate = true> <Delay = 0.00>
ST_25 : Operation 145 [1/1] (0.00ns)   --->   "%empty_81 = specchannel i32 @_ssdm_op_SpecChannel, void @fifo_A_PE_0_2_str, i32 1, void @p_str, void @p_str, i32 2, i32 2, i32 %fifo_A_PE_0_2, i32 %fifo_A_PE_0_2"   --->   Operation 145 'specchannel' 'empty_81' <Predicate = true> <Delay = 0.00>
ST_25 : Operation 146 [1/1] (0.00ns)   --->   "%specmemcore_ln1231 = specmemcore void @_ssdm_op_SpecMemCore, i32 %fifo_A_PE_0_2, i64 666, i64 10, i64 18446744073709551615" [src/kernel_kernel.cpp:1231]   --->   Operation 146 'specmemcore' 'specmemcore_ln1231' <Predicate = true> <Delay = 0.00>
ST_25 : Operation 147 [1/1] (0.00ns)   --->   "%specinterface_ln0 = specinterface void @_ssdm_op_SpecInterface, i32 %fifo_A_PE_0_2, void @empty_5, i32 0, i32 0, void @empty_10, i32 0, i32 0, void @empty_10, void @empty_10, void @empty_10, i32 0, i32 0, i32 0, i32 0, void @empty_10, void @empty_10"   --->   Operation 147 'specinterface' 'specinterface_ln0' <Predicate = true> <Delay = 0.00>
ST_25 : Operation 148 [1/1] (0.00ns)   --->   "%empty_82 = specchannel i32 @_ssdm_op_SpecChannel, void @fifo_A_PE_1_0_str, i32 1, void @p_str, void @p_str, i32 2, i32 2, i32 %fifo_A_PE_1_0, i32 %fifo_A_PE_1_0"   --->   Operation 148 'specchannel' 'empty_82' <Predicate = true> <Delay = 0.00>
ST_25 : Operation 149 [1/1] (0.00ns)   --->   "%specmemcore_ln1234 = specmemcore void @_ssdm_op_SpecMemCore, i32 %fifo_A_PE_1_0, i64 666, i64 10, i64 18446744073709551615" [src/kernel_kernel.cpp:1234]   --->   Operation 149 'specmemcore' 'specmemcore_ln1234' <Predicate = true> <Delay = 0.00>
ST_25 : Operation 150 [1/1] (0.00ns)   --->   "%specinterface_ln0 = specinterface void @_ssdm_op_SpecInterface, i32 %fifo_A_PE_1_0, void @empty_5, i32 0, i32 0, void @empty_10, i32 0, i32 0, void @empty_10, void @empty_10, void @empty_10, i32 0, i32 0, i32 0, i32 0, void @empty_10, void @empty_10"   --->   Operation 150 'specinterface' 'specinterface_ln0' <Predicate = true> <Delay = 0.00>
ST_25 : Operation 151 [1/1] (0.00ns)   --->   "%empty_83 = specchannel i32 @_ssdm_op_SpecChannel, void @fifo_A_PE_1_1_str, i32 1, void @p_str, void @p_str, i32 2, i32 2, i32 %fifo_A_PE_1_1, i32 %fifo_A_PE_1_1"   --->   Operation 151 'specchannel' 'empty_83' <Predicate = true> <Delay = 0.00>
ST_25 : Operation 152 [1/1] (0.00ns)   --->   "%specmemcore_ln1237 = specmemcore void @_ssdm_op_SpecMemCore, i32 %fifo_A_PE_1_1, i64 666, i64 10, i64 18446744073709551615" [src/kernel_kernel.cpp:1237]   --->   Operation 152 'specmemcore' 'specmemcore_ln1237' <Predicate = true> <Delay = 0.00>
ST_25 : Operation 153 [1/1] (0.00ns)   --->   "%specinterface_ln0 = specinterface void @_ssdm_op_SpecInterface, i32 %fifo_A_PE_1_1, void @empty_5, i32 0, i32 0, void @empty_10, i32 0, i32 0, void @empty_10, void @empty_10, void @empty_10, i32 0, i32 0, i32 0, i32 0, void @empty_10, void @empty_10"   --->   Operation 153 'specinterface' 'specinterface_ln0' <Predicate = true> <Delay = 0.00>
ST_25 : Operation 154 [1/1] (0.00ns)   --->   "%empty_84 = specchannel i32 @_ssdm_op_SpecChannel, void @fifo_A_PE_1_2_str, i32 1, void @p_str, void @p_str, i32 2, i32 2, i32 %fifo_A_PE_1_2, i32 %fifo_A_PE_1_2"   --->   Operation 154 'specchannel' 'empty_84' <Predicate = true> <Delay = 0.00>
ST_25 : Operation 155 [1/1] (0.00ns)   --->   "%specmemcore_ln1240 = specmemcore void @_ssdm_op_SpecMemCore, i32 %fifo_A_PE_1_2, i64 666, i64 10, i64 18446744073709551615" [src/kernel_kernel.cpp:1240]   --->   Operation 155 'specmemcore' 'specmemcore_ln1240' <Predicate = true> <Delay = 0.00>
ST_25 : Operation 156 [1/1] (0.00ns)   --->   "%specinterface_ln0 = specinterface void @_ssdm_op_SpecInterface, i32 %fifo_A_PE_1_2, void @empty_5, i32 0, i32 0, void @empty_10, i32 0, i32 0, void @empty_10, void @empty_10, void @empty_10, i32 0, i32 0, i32 0, i32 0, void @empty_10, void @empty_10"   --->   Operation 156 'specinterface' 'specinterface_ln0' <Predicate = true> <Delay = 0.00>
ST_25 : Operation 157 [1/1] (0.00ns)   --->   "%empty_85 = specchannel i32 @_ssdm_op_SpecChannel, void @fifo_B_PE_0_0_str, i32 1, void @p_str, void @p_str, i32 2, i32 2, i32 %fifo_B_PE_0_0, i32 %fifo_B_PE_0_0"   --->   Operation 157 'specchannel' 'empty_85' <Predicate = true> <Delay = 0.00>
ST_25 : Operation 158 [1/1] (0.00ns)   --->   "%specmemcore_ln1243 = specmemcore void @_ssdm_op_SpecMemCore, i32 %fifo_B_PE_0_0, i64 666, i64 10, i64 18446744073709551615" [src/kernel_kernel.cpp:1243]   --->   Operation 158 'specmemcore' 'specmemcore_ln1243' <Predicate = true> <Delay = 0.00>
ST_25 : Operation 159 [1/1] (0.00ns)   --->   "%specinterface_ln0 = specinterface void @_ssdm_op_SpecInterface, i32 %fifo_B_PE_0_0, void @empty_5, i32 0, i32 0, void @empty_10, i32 0, i32 0, void @empty_10, void @empty_10, void @empty_10, i32 0, i32 0, i32 0, i32 0, void @empty_10, void @empty_10"   --->   Operation 159 'specinterface' 'specinterface_ln0' <Predicate = true> <Delay = 0.00>
ST_25 : Operation 160 [1/1] (0.00ns)   --->   "%empty_86 = specchannel i32 @_ssdm_op_SpecChannel, void @fifo_B_PE_1_0_str, i32 1, void @p_str, void @p_str, i32 2, i32 2, i32 %fifo_B_PE_1_0, i32 %fifo_B_PE_1_0"   --->   Operation 160 'specchannel' 'empty_86' <Predicate = true> <Delay = 0.00>
ST_25 : Operation 161 [1/1] (0.00ns)   --->   "%specmemcore_ln1246 = specmemcore void @_ssdm_op_SpecMemCore, i32 %fifo_B_PE_1_0, i64 666, i64 10, i64 18446744073709551615" [src/kernel_kernel.cpp:1246]   --->   Operation 161 'specmemcore' 'specmemcore_ln1246' <Predicate = true> <Delay = 0.00>
ST_25 : Operation 162 [1/1] (0.00ns)   --->   "%specinterface_ln0 = specinterface void @_ssdm_op_SpecInterface, i32 %fifo_B_PE_1_0, void @empty_5, i32 0, i32 0, void @empty_10, i32 0, i32 0, void @empty_10, void @empty_10, void @empty_10, i32 0, i32 0, i32 0, i32 0, void @empty_10, void @empty_10"   --->   Operation 162 'specinterface' 'specinterface_ln0' <Predicate = true> <Delay = 0.00>
ST_25 : Operation 163 [1/1] (0.00ns)   --->   "%empty_87 = specchannel i32 @_ssdm_op_SpecChannel, void @fifo_B_PE_2_0_str, i32 1, void @p_str, void @p_str, i32 2, i32 2, i32 %fifo_B_PE_2_0, i32 %fifo_B_PE_2_0"   --->   Operation 163 'specchannel' 'empty_87' <Predicate = true> <Delay = 0.00>
ST_25 : Operation 164 [1/1] (0.00ns)   --->   "%specmemcore_ln1249 = specmemcore void @_ssdm_op_SpecMemCore, i32 %fifo_B_PE_2_0, i64 666, i64 10, i64 18446744073709551615" [src/kernel_kernel.cpp:1249]   --->   Operation 164 'specmemcore' 'specmemcore_ln1249' <Predicate = true> <Delay = 0.00>
ST_25 : Operation 165 [1/1] (0.00ns)   --->   "%specinterface_ln0 = specinterface void @_ssdm_op_SpecInterface, i32 %fifo_B_PE_2_0, void @empty_5, i32 0, i32 0, void @empty_10, i32 0, i32 0, void @empty_10, void @empty_10, void @empty_10, i32 0, i32 0, i32 0, i32 0, void @empty_10, void @empty_10"   --->   Operation 165 'specinterface' 'specinterface_ln0' <Predicate = true> <Delay = 0.00>
ST_25 : Operation 166 [1/1] (0.00ns)   --->   "%empty_88 = specchannel i32 @_ssdm_op_SpecChannel, void @fifo_B_PE_0_1_str, i32 1, void @p_str, void @p_str, i32 2, i32 2, i32 %fifo_B_PE_0_1, i32 %fifo_B_PE_0_1"   --->   Operation 166 'specchannel' 'empty_88' <Predicate = true> <Delay = 0.00>
ST_25 : Operation 167 [1/1] (0.00ns)   --->   "%specmemcore_ln1252 = specmemcore void @_ssdm_op_SpecMemCore, i32 %fifo_B_PE_0_1, i64 666, i64 10, i64 18446744073709551615" [src/kernel_kernel.cpp:1252]   --->   Operation 167 'specmemcore' 'specmemcore_ln1252' <Predicate = true> <Delay = 0.00>
ST_25 : Operation 168 [1/1] (0.00ns)   --->   "%specinterface_ln0 = specinterface void @_ssdm_op_SpecInterface, i32 %fifo_B_PE_0_1, void @empty_5, i32 0, i32 0, void @empty_10, i32 0, i32 0, void @empty_10, void @empty_10, void @empty_10, i32 0, i32 0, i32 0, i32 0, void @empty_10, void @empty_10"   --->   Operation 168 'specinterface' 'specinterface_ln0' <Predicate = true> <Delay = 0.00>
ST_25 : Operation 169 [1/1] (0.00ns)   --->   "%empty_89 = specchannel i32 @_ssdm_op_SpecChannel, void @fifo_B_PE_1_1_str, i32 1, void @p_str, void @p_str, i32 2, i32 2, i32 %fifo_B_PE_1_1, i32 %fifo_B_PE_1_1"   --->   Operation 169 'specchannel' 'empty_89' <Predicate = true> <Delay = 0.00>
ST_25 : Operation 170 [1/1] (0.00ns)   --->   "%specmemcore_ln1255 = specmemcore void @_ssdm_op_SpecMemCore, i32 %fifo_B_PE_1_1, i64 666, i64 10, i64 18446744073709551615" [src/kernel_kernel.cpp:1255]   --->   Operation 170 'specmemcore' 'specmemcore_ln1255' <Predicate = true> <Delay = 0.00>
ST_25 : Operation 171 [1/1] (0.00ns)   --->   "%specinterface_ln0 = specinterface void @_ssdm_op_SpecInterface, i32 %fifo_B_PE_1_1, void @empty_5, i32 0, i32 0, void @empty_10, i32 0, i32 0, void @empty_10, void @empty_10, void @empty_10, i32 0, i32 0, i32 0, i32 0, void @empty_10, void @empty_10"   --->   Operation 171 'specinterface' 'specinterface_ln0' <Predicate = true> <Delay = 0.00>
ST_25 : Operation 172 [1/1] (0.00ns)   --->   "%empty_90 = specchannel i32 @_ssdm_op_SpecChannel, void @fifo_B_PE_2_1_str, i32 1, void @p_str, void @p_str, i32 2, i32 2, i32 %fifo_B_PE_2_1, i32 %fifo_B_PE_2_1"   --->   Operation 172 'specchannel' 'empty_90' <Predicate = true> <Delay = 0.00>
ST_25 : Operation 173 [1/1] (0.00ns)   --->   "%specmemcore_ln1258 = specmemcore void @_ssdm_op_SpecMemCore, i32 %fifo_B_PE_2_1, i64 666, i64 10, i64 18446744073709551615" [src/kernel_kernel.cpp:1258]   --->   Operation 173 'specmemcore' 'specmemcore_ln1258' <Predicate = true> <Delay = 0.00>
ST_25 : Operation 174 [1/1] (0.00ns)   --->   "%specinterface_ln0 = specinterface void @_ssdm_op_SpecInterface, i32 %fifo_B_PE_2_1, void @empty_5, i32 0, i32 0, void @empty_10, i32 0, i32 0, void @empty_10, void @empty_10, void @empty_10, i32 0, i32 0, i32 0, i32 0, void @empty_10, void @empty_10"   --->   Operation 174 'specinterface' 'specinterface_ln0' <Predicate = true> <Delay = 0.00>
ST_25 : Operation 175 [1/1] (0.00ns)   --->   "%empty_91 = specchannel i32 @_ssdm_op_SpecChannel, void @fifo_C_drain_PE_0_0_str, i32 1, void @p_str, void @p_str, i32 2, i32 2, i16 %fifo_C_drain_PE_0_0, i16 %fifo_C_drain_PE_0_0"   --->   Operation 175 'specchannel' 'empty_91' <Predicate = true> <Delay = 0.00>
ST_25 : Operation 176 [1/1] (0.00ns)   --->   "%specmemcore_ln1261 = specmemcore void @_ssdm_op_SpecMemCore, i16 %fifo_C_drain_PE_0_0, i64 666, i64 10, i64 18446744073709551615" [src/kernel_kernel.cpp:1261]   --->   Operation 176 'specmemcore' 'specmemcore_ln1261' <Predicate = true> <Delay = 0.00>
ST_25 : Operation 177 [1/1] (0.00ns)   --->   "%specinterface_ln0 = specinterface void @_ssdm_op_SpecInterface, i16 %fifo_C_drain_PE_0_0, void @empty_5, i32 0, i32 0, void @empty_10, i32 0, i32 0, void @empty_10, void @empty_10, void @empty_10, i32 0, i32 0, i32 0, i32 0, void @empty_10, void @empty_10"   --->   Operation 177 'specinterface' 'specinterface_ln0' <Predicate = true> <Delay = 0.00>
ST_25 : Operation 178 [1/1] (0.00ns)   --->   "%empty_92 = specchannel i32 @_ssdm_op_SpecChannel, void @fifo_C_drain_PE_1_0_str, i32 1, void @p_str, void @p_str, i32 2, i32 2, i16 %fifo_C_drain_PE_1_0, i16 %fifo_C_drain_PE_1_0"   --->   Operation 178 'specchannel' 'empty_92' <Predicate = true> <Delay = 0.00>
ST_25 : Operation 179 [1/1] (0.00ns)   --->   "%specmemcore_ln1264 = specmemcore void @_ssdm_op_SpecMemCore, i16 %fifo_C_drain_PE_1_0, i64 666, i64 10, i64 18446744073709551615" [src/kernel_kernel.cpp:1264]   --->   Operation 179 'specmemcore' 'specmemcore_ln1264' <Predicate = true> <Delay = 0.00>
ST_25 : Operation 180 [1/1] (0.00ns)   --->   "%specinterface_ln0 = specinterface void @_ssdm_op_SpecInterface, i16 %fifo_C_drain_PE_1_0, void @empty_5, i32 0, i32 0, void @empty_10, i32 0, i32 0, void @empty_10, void @empty_10, void @empty_10, i32 0, i32 0, i32 0, i32 0, void @empty_10, void @empty_10"   --->   Operation 180 'specinterface' 'specinterface_ln0' <Predicate = true> <Delay = 0.00>
ST_25 : Operation 181 [1/1] (0.00ns)   --->   "%empty_93 = specchannel i32 @_ssdm_op_SpecChannel, void @fifo_C_drain_PE_0_1_str, i32 1, void @p_str, void @p_str, i32 2, i32 2, i16 %fifo_C_drain_PE_0_1, i16 %fifo_C_drain_PE_0_1"   --->   Operation 181 'specchannel' 'empty_93' <Predicate = true> <Delay = 0.00>
ST_25 : Operation 182 [1/1] (0.00ns)   --->   "%specmemcore_ln1267 = specmemcore void @_ssdm_op_SpecMemCore, i16 %fifo_C_drain_PE_0_1, i64 666, i64 10, i64 18446744073709551615" [src/kernel_kernel.cpp:1267]   --->   Operation 182 'specmemcore' 'specmemcore_ln1267' <Predicate = true> <Delay = 0.00>
ST_25 : Operation 183 [1/1] (0.00ns)   --->   "%specinterface_ln0 = specinterface void @_ssdm_op_SpecInterface, i16 %fifo_C_drain_PE_0_1, void @empty_5, i32 0, i32 0, void @empty_10, i32 0, i32 0, void @empty_10, void @empty_10, void @empty_10, i32 0, i32 0, i32 0, i32 0, void @empty_10, void @empty_10"   --->   Operation 183 'specinterface' 'specinterface_ln0' <Predicate = true> <Delay = 0.00>
ST_25 : Operation 184 [1/1] (0.00ns)   --->   "%empty_94 = specchannel i32 @_ssdm_op_SpecChannel, void @fifo_C_drain_PE_1_1_str, i32 1, void @p_str, void @p_str, i32 2, i32 2, i16 %fifo_C_drain_PE_1_1, i16 %fifo_C_drain_PE_1_1"   --->   Operation 184 'specchannel' 'empty_94' <Predicate = true> <Delay = 0.00>
ST_25 : Operation 185 [1/1] (0.00ns)   --->   "%specmemcore_ln1270 = specmemcore void @_ssdm_op_SpecMemCore, i16 %fifo_C_drain_PE_1_1, i64 666, i64 10, i64 18446744073709551615" [src/kernel_kernel.cpp:1270]   --->   Operation 185 'specmemcore' 'specmemcore_ln1270' <Predicate = true> <Delay = 0.00>
ST_25 : Operation 186 [1/1] (0.00ns)   --->   "%specinterface_ln0 = specinterface void @_ssdm_op_SpecInterface, i16 %fifo_C_drain_PE_1_1, void @empty_5, i32 0, i32 0, void @empty_10, i32 0, i32 0, void @empty_10, void @empty_10, void @empty_10, i32 0, i32 0, i32 0, i32 0, void @empty_10, void @empty_10"   --->   Operation 186 'specinterface' 'specinterface_ln0' <Predicate = true> <Delay = 0.00>
ST_25 : Operation 187 [1/1] (0.00ns)   --->   "%empty_95 = specchannel i32 @_ssdm_op_SpecChannel, void @fifo_C_drain_C_drain_IO_L1_out_0_0_str, i32 1, void @p_str, void @p_str, i32 2, i32 2, i128 %fifo_C_drain_C_drain_IO_L1_out_0_0, i128 %fifo_C_drain_C_drain_IO_L1_out_0_0"   --->   Operation 187 'specchannel' 'empty_95' <Predicate = true> <Delay = 0.00>
ST_25 : Operation 188 [1/1] (0.00ns)   --->   "%specmemcore_ln1273 = specmemcore void @_ssdm_op_SpecMemCore, i128 %fifo_C_drain_C_drain_IO_L1_out_0_0, i64 666, i64 10, i64 18446744073709551615" [src/kernel_kernel.cpp:1273]   --->   Operation 188 'specmemcore' 'specmemcore_ln1273' <Predicate = true> <Delay = 0.00>
ST_25 : Operation 189 [1/1] (0.00ns)   --->   "%specinterface_ln0 = specinterface void @_ssdm_op_SpecInterface, i128 %fifo_C_drain_C_drain_IO_L1_out_0_0, void @empty_5, i32 0, i32 0, void @empty_10, i32 0, i32 0, void @empty_10, void @empty_10, void @empty_10, i32 0, i32 0, i32 0, i32 0, void @empty_10, void @empty_10"   --->   Operation 189 'specinterface' 'specinterface_ln0' <Predicate = true> <Delay = 0.00>
ST_25 : Operation 190 [1/1] (0.00ns)   --->   "%empty_96 = specchannel i32 @_ssdm_op_SpecChannel, void @fifo_C_drain_C_drain_IO_L1_out_0_1_str, i32 1, void @p_str, void @p_str, i32 2, i32 2, i128 %fifo_C_drain_C_drain_IO_L1_out_0_1, i128 %fifo_C_drain_C_drain_IO_L1_out_0_1"   --->   Operation 190 'specchannel' 'empty_96' <Predicate = true> <Delay = 0.00>
ST_25 : Operation 191 [1/1] (0.00ns)   --->   "%specmemcore_ln1276 = specmemcore void @_ssdm_op_SpecMemCore, i128 %fifo_C_drain_C_drain_IO_L1_out_0_1, i64 666, i64 10, i64 18446744073709551615" [src/kernel_kernel.cpp:1276]   --->   Operation 191 'specmemcore' 'specmemcore_ln1276' <Predicate = true> <Delay = 0.00>
ST_25 : Operation 192 [1/1] (0.00ns)   --->   "%specinterface_ln0 = specinterface void @_ssdm_op_SpecInterface, i128 %fifo_C_drain_C_drain_IO_L1_out_0_1, void @empty_5, i32 0, i32 0, void @empty_10, i32 0, i32 0, void @empty_10, void @empty_10, void @empty_10, i32 0, i32 0, i32 0, i32 0, void @empty_10, void @empty_10"   --->   Operation 192 'specinterface' 'specinterface_ln0' <Predicate = true> <Delay = 0.00>
ST_25 : Operation 193 [1/1] (0.00ns)   --->   "%empty_97 = specchannel i32 @_ssdm_op_SpecChannel, void @fifo_C_drain_C_drain_IO_L1_out_1_0_str, i32 1, void @p_str, void @p_str, i32 2, i32 2, i128 %fifo_C_drain_C_drain_IO_L1_out_1_0, i128 %fifo_C_drain_C_drain_IO_L1_out_1_0"   --->   Operation 193 'specchannel' 'empty_97' <Predicate = true> <Delay = 0.00>
ST_25 : Operation 194 [1/1] (0.00ns)   --->   "%specmemcore_ln1282 = specmemcore void @_ssdm_op_SpecMemCore, i128 %fifo_C_drain_C_drain_IO_L1_out_1_0, i64 666, i64 10, i64 18446744073709551615" [src/kernel_kernel.cpp:1282]   --->   Operation 194 'specmemcore' 'specmemcore_ln1282' <Predicate = true> <Delay = 0.00>
ST_25 : Operation 195 [1/1] (0.00ns)   --->   "%specinterface_ln0 = specinterface void @_ssdm_op_SpecInterface, i128 %fifo_C_drain_C_drain_IO_L1_out_1_0, void @empty_5, i32 0, i32 0, void @empty_10, i32 0, i32 0, void @empty_10, void @empty_10, void @empty_10, i32 0, i32 0, i32 0, i32 0, void @empty_10, void @empty_10"   --->   Operation 195 'specinterface' 'specinterface_ln0' <Predicate = true> <Delay = 0.00>
ST_25 : Operation 196 [1/1] (0.00ns)   --->   "%empty_98 = specchannel i32 @_ssdm_op_SpecChannel, void @fifo_C_drain_C_drain_IO_L1_out_1_1_str, i32 1, void @p_str, void @p_str, i32 2, i32 2, i128 %fifo_C_drain_C_drain_IO_L1_out_1_1, i128 %fifo_C_drain_C_drain_IO_L1_out_1_1"   --->   Operation 196 'specchannel' 'empty_98' <Predicate = true> <Delay = 0.00>
ST_25 : Operation 197 [1/1] (0.00ns)   --->   "%specmemcore_ln1285 = specmemcore void @_ssdm_op_SpecMemCore, i128 %fifo_C_drain_C_drain_IO_L1_out_1_1, i64 666, i64 10, i64 18446744073709551615" [src/kernel_kernel.cpp:1285]   --->   Operation 197 'specmemcore' 'specmemcore_ln1285' <Predicate = true> <Delay = 0.00>
ST_25 : Operation 198 [1/1] (0.00ns)   --->   "%specinterface_ln0 = specinterface void @_ssdm_op_SpecInterface, i128 %fifo_C_drain_C_drain_IO_L1_out_1_1, void @empty_5, i32 0, i32 0, void @empty_10, i32 0, i32 0, void @empty_10, void @empty_10, void @empty_10, i32 0, i32 0, i32 0, i32 0, void @empty_10, void @empty_10"   --->   Operation 198 'specinterface' 'specinterface_ln0' <Predicate = true> <Delay = 0.00>
ST_25 : Operation 199 [1/1] (0.00ns)   --->   "%empty_99 = specchannel i32 @_ssdm_op_SpecChannel, void @fifo_C_drain_C_drain_IO_L2_out_0_str, i32 1, void @p_str, void @p_str, i32 2, i32 2, i128 %fifo_C_drain_C_drain_IO_L2_out_0, i128 %fifo_C_drain_C_drain_IO_L2_out_0"   --->   Operation 199 'specchannel' 'empty_99' <Predicate = true> <Delay = 0.00>
ST_25 : Operation 200 [1/1] (0.00ns)   --->   "%specmemcore_ln1291 = specmemcore void @_ssdm_op_SpecMemCore, i128 %fifo_C_drain_C_drain_IO_L2_out_0, i64 666, i64 10, i64 18446744073709551615" [src/kernel_kernel.cpp:1291]   --->   Operation 200 'specmemcore' 'specmemcore_ln1291' <Predicate = true> <Delay = 0.00>
ST_25 : Operation 201 [1/1] (0.00ns)   --->   "%specinterface_ln0 = specinterface void @_ssdm_op_SpecInterface, i128 %fifo_C_drain_C_drain_IO_L2_out_0, void @empty_5, i32 0, i32 0, void @empty_10, i32 0, i32 0, void @empty_10, void @empty_10, void @empty_10, i32 0, i32 0, i32 0, i32 0, void @empty_10, void @empty_10"   --->   Operation 201 'specinterface' 'specinterface_ln0' <Predicate = true> <Delay = 0.00>
ST_25 : Operation 202 [1/1] (0.00ns)   --->   "%empty_100 = specchannel i32 @_ssdm_op_SpecChannel, void @fifo_C_drain_C_drain_IO_L2_out_1_str, i32 1, void @p_str, void @p_str, i32 2, i32 2, i128 %fifo_C_drain_C_drain_IO_L2_out_1, i128 %fifo_C_drain_C_drain_IO_L2_out_1"   --->   Operation 202 'specchannel' 'empty_100' <Predicate = true> <Delay = 0.00>
ST_25 : Operation 203 [1/1] (0.00ns)   --->   "%specmemcore_ln1294 = specmemcore void @_ssdm_op_SpecMemCore, i128 %fifo_C_drain_C_drain_IO_L2_out_1, i64 666, i64 10, i64 18446744073709551615" [src/kernel_kernel.cpp:1294]   --->   Operation 203 'specmemcore' 'specmemcore_ln1294' <Predicate = true> <Delay = 0.00>
ST_25 : Operation 204 [1/1] (0.00ns)   --->   "%specinterface_ln0 = specinterface void @_ssdm_op_SpecInterface, i128 %fifo_C_drain_C_drain_IO_L2_out_1, void @empty_5, i32 0, i32 0, void @empty_10, i32 0, i32 0, void @empty_10, void @empty_10, void @empty_10, i32 0, i32 0, i32 0, i32 0, void @empty_10, void @empty_10"   --->   Operation 204 'specinterface' 'specinterface_ln0' <Predicate = true> <Delay = 0.00>
ST_25 : Operation 205 [1/2] (0.00ns)   --->   "%call_ln1506 = call void @C_drain_IO_L3_out_serialize, i512 %gmem_C, i64 %C_c_channel, i128 %fifo_C_drain_C_drain_IO_L3_out_serialize" [src/kernel_kernel.cpp:1506]   --->   Operation 205 'call' 'call_ln1506' <Predicate = true> <Delay = 0.00> <CoreType = "Generic">   --->   Core 0 '' <Latency = 0> <II = 1> <Delay = 1.00> <Generic> <Opcode : >
ST_25 : Operation 206 [1/1] (0.00ns)   --->   "%ret_ln1512 = ret" [src/kernel_kernel.cpp:1512]   --->   Operation 206 'ret' 'ret_ln1512' <Predicate = true> <Delay = 0.00>


============================================================
+ Verbose Summary: Timing violations
============================================================
Target clock period: 5ns, clock uncertainty: 1.35ns.

 <State 1>: 1ns
The critical path consists of the following:
	s_axi read operation ('C_read') on port 'C' [22]  (1 ns)

 <State 2>: 3.65ns
The critical path consists of the following:
	'call' operation ('call_ln1302', src/kernel_kernel.cpp:1302) to 'A_IO_L3_in_serialize' [139]  (3.65 ns)

 <State 3>: 0ns
The critical path consists of the following:

 <State 4>: 0ns
The critical path consists of the following:

 <State 5>: 0ns
The critical path consists of the following:

 <State 6>: 0ns
The critical path consists of the following:

 <State 7>: 0ns
The critical path consists of the following:

 <State 8>: 0ns
The critical path consists of the following:

 <State 9>: 0ns
The critical path consists of the following:

 <State 10>: 0ns
The critical path consists of the following:

 <State 11>: 0ns
The critical path consists of the following:

 <State 12>: 0ns
The critical path consists of the following:

 <State 13>: 0ns
The critical path consists of the following:

 <State 14>: 0ns
The critical path consists of the following:

 <State 15>: 0ns
The critical path consists of the following:

 <State 16>: 0ns
The critical path consists of the following:

 <State 17>: 0ns
The critical path consists of the following:

 <State 18>: 0ns
The critical path consists of the following:

 <State 19>: 0ns
The critical path consists of the following:

 <State 20>: 0ns
The critical path consists of the following:

 <State 21>: 0ns
The critical path consists of the following:

 <State 22>: 0ns
The critical path consists of the following:

 <State 23>: 0ns
The critical path consists of the following:

 <State 24>: 3.65ns
The critical path consists of the following:
	'call' operation ('C_c_channel') to 'entry_proc' [138]  (0 ns)
	'call' operation ('call_ln1506', src/kernel_kernel.cpp:1506) to 'C_drain_IO_L3_out_serialize' [162]  (3.65 ns)

 <State 25>: 0ns
The critical path consists of the following:


============================================================
+ Verbose Summary: Binding
============================================================
N/A
* FSMD analyzer results:
  - Output states:
 - Input state : 
  - Chain level:
	State 1
	State 2
	State 3
	State 4
	State 5
	State 6
	State 7
	State 8
	State 9
	State 10
	State 11
	State 12
	State 13
	State 14
	State 15
	State 16
	State 17
	State 18
	State 19
	State 20
	State 21
	State 22
	State 23
	State 24
	State 25


============================================================
+ Verbose Summary: Datapath Resource usage 
============================================================
N/A
