

================================================================
== Vitis HLS Report for 'A_IO_L3_in_serialize'
================================================================
* Date:           Sat Oct 15 12:54:58 2022

* Version:        2021.1 (Build 3247384 on Thu Jun 10 19:36:07 MDT 2021)
* Project:        hls_prj
* Solution:       solution1 (Vivado IP Flow Target)
* Product family: virtexuplus
* Target device:  xcu200-fsgd2104-2-e


================================================================
== Performance Estimates
================================================================
+ Timing: 
    * Summary: 
    +--------+---------+----------+------------+
    |  Clock |  Target | Estimated| Uncertainty|
    +--------+---------+----------+------------+
    |ap_clk  |  5.00 ns|  3.650 ns|     1.35 ns|
    +--------+---------+----------+------------+

+ Latency: 
    * Summary: 
    +---------+---------+----------+----------+--------+--------+---------+
    |  Latency (cycles) |  Latency (absolute) |     Interval    | Pipeline|
    |   min   |   max   |    min   |    max   |   min  |   max  |   Type  |
    +---------+---------+----------+----------+--------+--------+---------+
    |   131083|   131083|  0.655 ms|  0.655 ms|  131083|  131083|       no|
    +---------+---------+----------+----------+--------+--------+---------+

    + Detail: 
        * Instance: 
        +---------------------------------------------------------+-----------------------------------------------+---------+---------+----------+----------+--------+--------+---------+
        |                                                         |                                               |  Latency (cycles) |  Latency (absolute) |     Interval    | Pipeline|
        |                         Instance                        |                     Module                    |   min   |   max   |    min   |    max   |   min  |   max  |   Type  |
        +---------------------------------------------------------+-----------------------------------------------+---------+---------+----------+----------+--------+--------+---------+
        |grp_A_IO_L3_in_serialize_Pipeline_VITIS_LOOP_38_1_fu_51  |A_IO_L3_in_serialize_Pipeline_VITIS_LOOP_38_1  |   131075|   131075|  0.655 ms|  0.655 ms|  131075|  131075|       no|
        +---------------------------------------------------------+-----------------------------------------------+---------+---------+----------+----------+--------+--------+---------+

        * Loop: 
        N/A



================================================================
== Utilization Estimates
================================================================
* Summary: 
+---------------------+---------+------+---------+---------+-----+
|         Name        | BRAM_18K|  DSP |    FF   |   LUT   | URAM|
+---------------------+---------+------+---------+---------+-----+
|DSP                  |        -|     -|        -|        -|    -|
|Expression           |        -|     -|        0|        2|    -|
|FIFO                 |        -|     -|        -|        -|    -|
|Instance             |        -|     -|      536|       99|    -|
|Memory               |        -|     -|        -|        -|    -|
|Multiplexer          |        -|     -|        -|      222|    -|
|Register             |        -|     -|       70|        -|    -|
+---------------------+---------+------+---------+---------+-----+
|Total                |        0|     0|      606|      323|    0|
+---------------------+---------+------+---------+---------+-----+
|Available SLR        |     1440|  2280|   788160|   394080|  320|
+---------------------+---------+------+---------+---------+-----+
|Utilization SLR (%)  |        0|     0|       ~0|       ~0|    0|
+---------------------+---------+------+---------+---------+-----+
|Available            |     4320|  6840|  2364480|  1182240|  960|
+---------------------+---------+------+---------+---------+-----+
|Utilization (%)      |        0|     0|       ~0|       ~0|    0|
+---------------------+---------+------+---------+---------+-----+

+ Detail: 
    * Instance: 
    +---------------------------------------------------------+-----------------------------------------------+---------+----+-----+----+-----+
    |                         Instance                        |                     Module                    | BRAM_18K| DSP|  FF | LUT| URAM|
    +---------------------------------------------------------+-----------------------------------------------+---------+----+-----+----+-----+
    |grp_A_IO_L3_in_serialize_Pipeline_VITIS_LOOP_38_1_fu_51  |A_IO_L3_in_serialize_Pipeline_VITIS_LOOP_38_1  |        0|   0|  536|  99|    0|
    +---------------------------------------------------------+-----------------------------------------------+---------+----+-----+----+-----+
    |Total                                                    |                                               |        0|   0|  536|  99|    0|
    +---------------------------------------------------------+-----------------------------------------------+---------+----+-----+----+-----+

    * DSP: 
    N/A

    * Memory: 
    N/A

    * FIFO: 
    N/A

    * Expression: 
    +-----------------+----------+----+---+----+------------+------------+
    |  Variable Name  | Operation| DSP| FF| LUT| Bitwidth P0| Bitwidth P1|
    +-----------------+----------+----+---+----+------------+------------+
    |ap_block_state1  |        or|   0|  0|   2|           1|           1|
    +-----------------+----------+----+---+----+------------+------------+
    |Total            |          |   0|  0|   2|           1|           1|
    +-----------------+----------+----+---+----+------------+------------+

    * Multiplexer: 
    +---------------------------------------+----+-----------+-----+-----------+
    |                  Name                 | LUT| Input Size| Bits| Total Bits|
    +---------------------------------------+----+-----------+-----+-----------+
    |ap_NS_fsm                              |  54|         10|    1|         10|
    |ap_done                                |   9|          2|    1|          2|
    |fifo_A_A_IO_L3_in_serialize1259_write  |   9|          2|    1|          2|
    |gmem_A_blk_n_AR                        |   9|          2|    1|          2|
    |m_axi_gmem_A_ARADDR                    |  14|          3|   64|        192|
    |m_axi_gmem_A_ARBURST                   |   9|          2|    2|          4|
    |m_axi_gmem_A_ARCACHE                   |   9|          2|    4|          8|
    |m_axi_gmem_A_ARID                      |   9|          2|    1|          2|
    |m_axi_gmem_A_ARLEN                     |  14|          3|   32|         96|
    |m_axi_gmem_A_ARLOCK                    |   9|          2|    2|          4|
    |m_axi_gmem_A_ARPROT                    |   9|          2|    3|          6|
    |m_axi_gmem_A_ARQOS                     |   9|          2|    4|          8|
    |m_axi_gmem_A_ARREGION                  |   9|          2|    4|          8|
    |m_axi_gmem_A_ARSIZE                    |   9|          2|    3|          6|
    |m_axi_gmem_A_ARUSER                    |   9|          2|    1|          2|
    |m_axi_gmem_A_ARVALID                   |  14|          3|    1|          3|
    |m_axi_gmem_A_RREADY                    |   9|          2|    1|          2|
    |real_start                             |   9|          2|    1|          2|
    +---------------------------------------+----+-----------+-----+-----------+
    |Total                                  | 222|         47|  127|        359|
    +---------------------------------------+----+-----------+-----+-----------+

    * Register: 
    +----------------------------------------------------------------------+----+----+-----+-----------+
    |                                 Name                                 | FF | LUT| Bits| Const Bits|
    +----------------------------------------------------------------------+----+----+-----+-----------+
    |ap_CS_fsm                                                             |   9|   0|    9|          0|
    |ap_done_reg                                                           |   1|   0|    1|          0|
    |grp_A_IO_L3_in_serialize_Pipeline_VITIS_LOOP_38_1_fu_51_ap_start_reg  |   1|   0|    1|          0|
    |start_once_reg                                                        |   1|   0|    1|          0|
    |trunc_ln_reg_81                                                       |  58|   0|   58|          0|
    +----------------------------------------------------------------------+----+----+-----+-----------+
    |Total                                                                 |  70|   0|   70|          0|
    +----------------------------------------------------------------------+----+----+-----+-----------+



================================================================
== Interface
================================================================
* Summary: 
+----------------------------------------+-----+-----+------------+---------------------------------+--------------+
|                RTL Ports               | Dir | Bits|  Protocol  |          Source Object          |    C Type    |
+----------------------------------------+-----+-----+------------+---------------------------------+--------------+
|ap_clk                                  |   in|    1|  ap_ctrl_hs|             A_IO_L3_in_serialize|  return value|
|ap_rst                                  |   in|    1|  ap_ctrl_hs|             A_IO_L3_in_serialize|  return value|
|ap_start                                |   in|    1|  ap_ctrl_hs|             A_IO_L3_in_serialize|  return value|
|start_full_n                            |   in|    1|  ap_ctrl_hs|             A_IO_L3_in_serialize|  return value|
|ap_done                                 |  out|    1|  ap_ctrl_hs|             A_IO_L3_in_serialize|  return value|
|ap_continue                             |   in|    1|  ap_ctrl_hs|             A_IO_L3_in_serialize|  return value|
|ap_idle                                 |  out|    1|  ap_ctrl_hs|             A_IO_L3_in_serialize|  return value|
|ap_ready                                |  out|    1|  ap_ctrl_hs|             A_IO_L3_in_serialize|  return value|
|start_out                               |  out|    1|  ap_ctrl_hs|             A_IO_L3_in_serialize|  return value|
|start_write                             |  out|    1|  ap_ctrl_hs|             A_IO_L3_in_serialize|  return value|
|m_axi_gmem_A_AWVALID                    |  out|    1|       m_axi|                           gmem_A|       pointer|
|m_axi_gmem_A_AWREADY                    |   in|    1|       m_axi|                           gmem_A|       pointer|
|m_axi_gmem_A_AWADDR                     |  out|   64|       m_axi|                           gmem_A|       pointer|
|m_axi_gmem_A_AWID                       |  out|    1|       m_axi|                           gmem_A|       pointer|
|m_axi_gmem_A_AWLEN                      |  out|   32|       m_axi|                           gmem_A|       pointer|
|m_axi_gmem_A_AWSIZE                     |  out|    3|       m_axi|                           gmem_A|       pointer|
|m_axi_gmem_A_AWBURST                    |  out|    2|       m_axi|                           gmem_A|       pointer|
|m_axi_gmem_A_AWLOCK                     |  out|    2|       m_axi|                           gmem_A|       pointer|
|m_axi_gmem_A_AWCACHE                    |  out|    4|       m_axi|                           gmem_A|       pointer|
|m_axi_gmem_A_AWPROT                     |  out|    3|       m_axi|                           gmem_A|       pointer|
|m_axi_gmem_A_AWQOS                      |  out|    4|       m_axi|                           gmem_A|       pointer|
|m_axi_gmem_A_AWREGION                   |  out|    4|       m_axi|                           gmem_A|       pointer|
|m_axi_gmem_A_AWUSER                     |  out|    1|       m_axi|                           gmem_A|       pointer|
|m_axi_gmem_A_WVALID                     |  out|    1|       m_axi|                           gmem_A|       pointer|
|m_axi_gmem_A_WREADY                     |   in|    1|       m_axi|                           gmem_A|       pointer|
|m_axi_gmem_A_WDATA                      |  out|  512|       m_axi|                           gmem_A|       pointer|
|m_axi_gmem_A_WSTRB                      |  out|   64|       m_axi|                           gmem_A|       pointer|
|m_axi_gmem_A_WLAST                      |  out|    1|       m_axi|                           gmem_A|       pointer|
|m_axi_gmem_A_WID                        |  out|    1|       m_axi|                           gmem_A|       pointer|
|m_axi_gmem_A_WUSER                      |  out|    1|       m_axi|                           gmem_A|       pointer|
|m_axi_gmem_A_ARVALID                    |  out|    1|       m_axi|                           gmem_A|       pointer|
|m_axi_gmem_A_ARREADY                    |   in|    1|       m_axi|                           gmem_A|       pointer|
|m_axi_gmem_A_ARADDR                     |  out|   64|       m_axi|                           gmem_A|       pointer|
|m_axi_gmem_A_ARID                       |  out|    1|       m_axi|                           gmem_A|       pointer|
|m_axi_gmem_A_ARLEN                      |  out|   32|       m_axi|                           gmem_A|       pointer|
|m_axi_gmem_A_ARSIZE                     |  out|    3|       m_axi|                           gmem_A|       pointer|
|m_axi_gmem_A_ARBURST                    |  out|    2|       m_axi|                           gmem_A|       pointer|
|m_axi_gmem_A_ARLOCK                     |  out|    2|       m_axi|                           gmem_A|       pointer|
|m_axi_gmem_A_ARCACHE                    |  out|    4|       m_axi|                           gmem_A|       pointer|
|m_axi_gmem_A_ARPROT                     |  out|    3|       m_axi|                           gmem_A|       pointer|
|m_axi_gmem_A_ARQOS                      |  out|    4|       m_axi|                           gmem_A|       pointer|
|m_axi_gmem_A_ARREGION                   |  out|    4|       m_axi|                           gmem_A|       pointer|
|m_axi_gmem_A_ARUSER                     |  out|    1|       m_axi|                           gmem_A|       pointer|
|m_axi_gmem_A_RVALID                     |   in|    1|       m_axi|                           gmem_A|       pointer|
|m_axi_gmem_A_RREADY                     |  out|    1|       m_axi|                           gmem_A|       pointer|
|m_axi_gmem_A_RDATA                      |   in|  512|       m_axi|                           gmem_A|       pointer|
|m_axi_gmem_A_RLAST                      |   in|    1|       m_axi|                           gmem_A|       pointer|
|m_axi_gmem_A_RID                        |   in|    1|       m_axi|                           gmem_A|       pointer|
|m_axi_gmem_A_RUSER                      |   in|    1|       m_axi|                           gmem_A|       pointer|
|m_axi_gmem_A_RRESP                      |   in|    2|       m_axi|                           gmem_A|       pointer|
|m_axi_gmem_A_BVALID                     |   in|    1|       m_axi|                           gmem_A|       pointer|
|m_axi_gmem_A_BREADY                     |  out|    1|       m_axi|                           gmem_A|       pointer|
|m_axi_gmem_A_BRESP                      |   in|    2|       m_axi|                           gmem_A|       pointer|
|m_axi_gmem_A_BID                        |   in|    1|       m_axi|                           gmem_A|       pointer|
|m_axi_gmem_A_BUSER                      |   in|    1|       m_axi|                           gmem_A|       pointer|
|A                                       |   in|   64|     ap_none|                                A|        scalar|
|fifo_A_A_IO_L3_in_serialize1259_din     |  out|  512|     ap_fifo|  fifo_A_A_IO_L3_in_serialize1259|       pointer|
|fifo_A_A_IO_L3_in_serialize1259_full_n  |   in|    1|     ap_fifo|  fifo_A_A_IO_L3_in_serialize1259|       pointer|
|fifo_A_A_IO_L3_in_serialize1259_write   |  out|    1|     ap_fifo|  fifo_A_A_IO_L3_in_serialize1259|       pointer|
+----------------------------------------+-----+-----+------------+---------------------------------+--------------+

