

================================================================
== Vitis HLS Report for 'A_IO_L2_in20'
================================================================
* Date:           Sat Oct 15 12:55:11 2022

* Version:        2021.1 (Build 3247384 on Thu Jun 10 19:36:07 MDT 2021)
* Project:        hls_prj
* Solution:       solution1 (Vivado IP Flow Target)
* Product family: virtexuplus
* Target device:  xcu200-fsgd2104-2-e


================================================================
== Performance Estimates
================================================================
+ Timing: 
    * Summary: 
    +--------+---------+----------+------------+
    |  Clock |  Target | Estimated| Uncertainty|
    +--------+---------+----------+------------+
    |ap_clk  |  5.00 ns|  2.824 ns|     1.35 ns|
    +--------+---------+----------+------------+

+ Latency: 
    * Summary: 
    +---------+---------+----------+----------+-----+-----+---------+
    |  Latency (cycles) |  Latency (absolute) |  Interval | Pipeline|
    |   min   |   max   |    min   |    max   | min | max |   Type  |
    +---------+---------+----------+----------+-----+-----+---------+
    |        ?|        ?|         ?|         ?|    ?|    ?|       no|
    +---------+---------+----------+----------+-----+-----+---------+

    + Detail: 
        * Instance: 
        +-----------------------------------+------------------------+---------+---------+----------+----------+-----+-----+---------+
        |                                   |                        |  Latency (cycles) |  Latency (absolute) |  Interval | Pipeline|
        |              Instance             |         Module         |   min   |   max   |    min   |    max   | min | max |   Type  |
        +-----------------------------------+------------------------+---------+---------+----------+----------+-----+-----+---------+
        |grp_A_IO_L2_in_intra_trans_fu_150  |A_IO_L2_in_intra_trans  |        1|      259|  5.000 ns|  1.295 us|    1|  259|       no|
        |grp_A_IO_L2_in_inter_trans_fu_160  |A_IO_L2_in_inter_trans  |        ?|        ?|         ?|         ?|    ?|    ?|       no|
        +-----------------------------------+------------------------+---------+---------+----------+----------+-----+-----+---------+

        * Loop: 
        +-----------------------+---------+---------+----------+-----------+-----------+------+----------+
        |                       |  Latency (cycles) | Iteration|  Initiation Interval  | Trip |          |
        |       Loop Name       |   min   |   max   |  Latency |  achieved |   target  | Count| Pipelined|
        +-----------------------+---------+---------+----------+-----------+-----------+------+----------+
        |- VITIS_LOOP_163_1     |        ?|        ?|         ?|          -|          -|     4|        no|
        | + VITIS_LOOP_164_2    |        ?|        ?|         ?|          -|          -|     4|        no|
        |  ++ VITIS_LOOP_165_3  |        ?|        ?|   3 ~ 261|          -|          -|    32|        no|
        +-----------------------+---------+---------+----------+-----------+-----------+------+----------+



================================================================
== Utilization Estimates
================================================================
* Summary: 
+---------------------+---------+------+---------+---------+-----+
|         Name        | BRAM_18K|  DSP |    FF   |   LUT   | URAM|
+---------------------+---------+------+---------+---------+-----+
|DSP                  |        -|     -|        -|        -|    -|
|Expression           |        -|     -|        0|       67|    -|
|FIFO                 |        -|     -|        -|        -|    -|
|Instance             |        -|     -|       56|      374|    -|
|Memory               |       16|     -|        0|        0|    -|
|Multiplexer          |        -|     -|        -|      238|    -|
|Register             |        -|     -|       38|        -|    -|
+---------------------+---------+------+---------+---------+-----+
|Total                |       16|     0|       94|      679|    0|
+---------------------+---------+------+---------+---------+-----+
|Available SLR        |     1440|  2280|   788160|   394080|  320|
+---------------------+---------+------+---------+---------+-----+
|Utilization SLR (%)  |        1|     0|       ~0|       ~0|    0|
+---------------------+---------+------+---------+---------+-----+
|Available            |     4320|  6840|  2364480|  1182240|  960|
+---------------------+---------+------+---------+---------+-----+
|Utilization (%)      |       ~0|     0|       ~0|       ~0|    0|
+---------------------+---------+------+---------+---------+-----+

+ Detail: 
    * Instance: 
    +-----------------------------------+------------------------+---------+----+----+-----+-----+
    |              Instance             |         Module         | BRAM_18K| DSP| FF | LUT | URAM|
    +-----------------------------------+------------------------+---------+----+----+-----+-----+
    |grp_A_IO_L2_in_inter_trans_fu_160  |A_IO_L2_in_inter_trans  |        0|   0|  36|  228|    0|
    |grp_A_IO_L2_in_intra_trans_fu_150  |A_IO_L2_in_intra_trans  |        0|   0|  20|  146|    0|
    +-----------------------------------+------------------------+---------+----+----+-----+-----+
    |Total                              |                        |        0|   0|  56|  374|    0|
    +-----------------------------------+------------------------+---------+----+----+-----+-----+

    * DSP: 
    N/A

    * Memory: 
    +------------------+----------------------------+---------+---+----+-----+------+-----+------+-------------+
    |      Memory      |           Module           | BRAM_18K| FF| LUT| URAM| Words| Bits| Banks| W*Bits*Banks|
    +------------------+----------------------------+---------+---+----+-----+------+-----+------+-------------+
    |local_A_ping_V_U  |A_IO_L2_in7_local_A_ping_V  |        8|  0|   0|    0|    16|  512|     1|         8192|
    |local_A_pong_V_U  |A_IO_L2_in7_local_A_ping_V  |        8|  0|   0|    0|    16|  512|     1|         8192|
    +------------------+----------------------------+---------+---+----+-----+------+-----+------+-------------+
    |Total             |                            |       16|  0|   0|    0|    32| 1024|     2|        16384|
    +------------------+----------------------------+---------+---+----+-----+------+-----+------+-------------+

    * FIFO: 
    N/A

    * Expression: 
    +---------------------------------+----------+----+---+----+------------+------------+
    |          Variable Name          | Operation| DSP| FF| LUT| Bitwidth P0| Bitwidth P1|
    +---------------------------------+----------+----+---+----+------------+------------+
    |add_ln870_53_fu_197_p2           |         +|   0|  0|  10|           3|           1|
    |add_ln870_54_fu_213_p2           |         +|   0|  0|  13|           6|           1|
    |add_ln870_fu_185_p2              |         +|   0|  0|  10|           3|           1|
    |icmp_ln1069_54_fu_191_p2         |      icmp|   0|  0|   9|           3|           4|
    |icmp_ln1069_55_fu_207_p2         |      icmp|   0|  0|  10|           6|           7|
    |icmp_ln1069_fu_179_p2            |      icmp|   0|  0|   9|           3|           4|
    |ap_block_state1                  |        or|   0|  0|   2|           1|           1|
    |ap_block_state5_on_subcall_done  |        or|   0|  0|   2|           1|           1|
    |arb_fu_219_p2                    |       xor|   0|  0|   2|           1|           2|
    +---------------------------------+----------+----+---+----+------------+------------+
    |Total                            |          |   0|  0|  67|          27|          22|
    +---------------------------------+----------+----+---+----+------------+------------+

    * Multiplexer: 
    +---------------------------------------------------------+----+-----------+-----+-----------+
    |                           Name                          | LUT| Input Size| Bits| Total Bits|
    +---------------------------------------------------------+----+-----------+-----+-----------+
    |ap_NS_fsm                                                |  37|          7|    1|          7|
    |ap_done                                                  |   9|          2|    1|          2|
    |arb_4_reg_138                                            |   9|          2|    1|          2|
    |c0_V_fu_64                                               |   9|          2|    3|          6|
    |c1_V_reg_90                                              |   9|          2|    3|          6|
    |c2_V_reg_114                                             |   9|          2|    6|         12|
    |fifo_A_A_IO_L2_in_01262_read                             |   9|          2|    1|          2|
    |fifo_A_A_IO_L2_in_11263_write                            |   9|          2|    1|          2|
    |fifo_A_PE_0_01294_write                                  |   9|          2|    1|          2|
    |grp_A_IO_L2_in_intra_trans_fu_150_intra_trans_en_offset  |  14|          3|    1|          3|
    |grp_A_IO_L2_in_intra_trans_fu_150_local_A_q0             |  14|          3|  512|       1536|
    |intra_trans_en_7_reg_101                                 |   9|          2|    1|          2|
    |intra_trans_en_8_reg_125                                 |   9|          2|    1|          2|
    |local_A_ping_V_address0                                  |  14|          3|    4|         12|
    |local_A_ping_V_ce0                                       |  14|          3|    1|          3|
    |local_A_ping_V_we0                                       |   9|          2|    1|          2|
    |local_A_pong_V_address0                                  |  14|          3|    4|         12|
    |local_A_pong_V_ce0                                       |  14|          3|    1|          3|
    |local_A_pong_V_we0                                       |   9|          2|    1|          2|
    |real_start                                               |   9|          2|    1|          2|
    +---------------------------------------------------------+----+-----------+-----+-----------+
    |Total                                                    | 238|         51|  546|       1620|
    +---------------------------------------------------------+----+-----------+-----+-----------+

    * Register: 
    +------------------------------------------------+---+----+-----+-----------+
    |                      Name                      | FF| LUT| Bits| Const Bits|
    +------------------------------------------------+---+----+-----+-----------+
    |add_ln870_53_reg_243                            |  3|   0|    3|          0|
    |add_ln870_54_reg_251                            |  6|   0|    6|          0|
    |add_ln870_reg_235                               |  3|   0|    3|          0|
    |ap_CS_fsm                                       |  6|   0|    6|          0|
    |ap_done_reg                                     |  1|   0|    1|          0|
    |arb_4_reg_138                                   |  1|   0|    1|          0|
    |c0_V_fu_64                                      |  3|   0|    3|          0|
    |c1_V_reg_90                                     |  3|   0|    3|          0|
    |c2_V_reg_114                                    |  6|   0|    6|          0|
    |grp_A_IO_L2_in_inter_trans_fu_160_ap_start_reg  |  1|   0|    1|          0|
    |grp_A_IO_L2_in_intra_trans_fu_150_ap_start_reg  |  1|   0|    1|          0|
    |intra_trans_en_7_reg_101                        |  1|   0|    1|          0|
    |intra_trans_en_8_reg_125                        |  1|   0|    1|          0|
    |intra_trans_en_reg_76                           |  1|   0|    1|          0|
    |start_once_reg                                  |  1|   0|    1|          0|
    +------------------------------------------------+---+----+-----+-----------+
    |Total                                           | 38|   0|   38|          0|
    +------------------------------------------------+---+----+-----+-----------+



================================================================
== Interface
================================================================
* Summary: 
+---------------------------------+-----+-----+------------+-------------------------+--------------+
|            RTL Ports            | Dir | Bits|  Protocol  |      Source Object      |    C Type    |
+---------------------------------+-----+-----+------------+-------------------------+--------------+
|ap_clk                           |   in|    1|  ap_ctrl_hs|             A_IO_L2_in20|  return value|
|ap_rst                           |   in|    1|  ap_ctrl_hs|             A_IO_L2_in20|  return value|
|ap_start                         |   in|    1|  ap_ctrl_hs|             A_IO_L2_in20|  return value|
|start_full_n                     |   in|    1|  ap_ctrl_hs|             A_IO_L2_in20|  return value|
|ap_done                          |  out|    1|  ap_ctrl_hs|             A_IO_L2_in20|  return value|
|ap_continue                      |   in|    1|  ap_ctrl_hs|             A_IO_L2_in20|  return value|
|ap_idle                          |  out|    1|  ap_ctrl_hs|             A_IO_L2_in20|  return value|
|ap_ready                         |  out|    1|  ap_ctrl_hs|             A_IO_L2_in20|  return value|
|start_out                        |  out|    1|  ap_ctrl_hs|             A_IO_L2_in20|  return value|
|start_write                      |  out|    1|  ap_ctrl_hs|             A_IO_L2_in20|  return value|
|fifo_A_A_IO_L2_in_01262_dout     |   in|  512|     ap_fifo|  fifo_A_A_IO_L2_in_01262|       pointer|
|fifo_A_A_IO_L2_in_01262_empty_n  |   in|    1|     ap_fifo|  fifo_A_A_IO_L2_in_01262|       pointer|
|fifo_A_A_IO_L2_in_01262_read     |  out|    1|     ap_fifo|  fifo_A_A_IO_L2_in_01262|       pointer|
|fifo_A_A_IO_L2_in_11263_din      |  out|  512|     ap_fifo|  fifo_A_A_IO_L2_in_11263|       pointer|
|fifo_A_A_IO_L2_in_11263_full_n   |   in|    1|     ap_fifo|  fifo_A_A_IO_L2_in_11263|       pointer|
|fifo_A_A_IO_L2_in_11263_write    |  out|    1|     ap_fifo|  fifo_A_A_IO_L2_in_11263|       pointer|
|fifo_A_PE_0_01294_din            |  out|  512|     ap_fifo|        fifo_A_PE_0_01294|       pointer|
|fifo_A_PE_0_01294_full_n         |   in|    1|     ap_fifo|        fifo_A_PE_0_01294|       pointer|
|fifo_A_PE_0_01294_write          |  out|    1|     ap_fifo|        fifo_A_PE_0_01294|       pointer|
+---------------------------------+-----+-----+------------+-------------------------+--------------+

