

================================================================
== Vitis HLS Report for 'A_IO_L3_in_serialize_Pipeline_VITIS_LOOP_38_1'
================================================================
* Date:           Sat Oct 15 12:54:57 2022

* Version:        2021.1 (Build 3247384 on Thu Jun 10 19:36:07 MDT 2021)
* Project:        hls_prj
* Solution:       solution1 (Vivado IP Flow Target)
* Product family: virtexuplus
* Target device:  xcu200-fsgd2104-2-e


================================================================
== Performance Estimates
================================================================
+ Timing: 
    * Summary: 
    +--------+---------+----------+------------+
    |  Clock |  Target | Estimated| Uncertainty|
    +--------+---------+----------+------------+
    |ap_clk  |  5.00 ns|  3.650 ns|     1.35 ns|
    +--------+---------+----------+------------+

+ Latency: 
    * Summary: 
    +---------+---------+----------+----------+--------+--------+---------+
    |  Latency (cycles) |  Latency (absolute) |     Interval    | Pipeline|
    |   min   |   max   |    min   |    max   |   min  |   max  |   Type  |
    +---------+---------+----------+----------+--------+--------+---------+
    |   131075|   131075|  0.655 ms|  0.655 ms|  131075|  131075|       no|
    +---------+---------+----------+----------+--------+--------+---------+

    + Detail: 
        * Instance: 
        N/A

        * Loop: 
        +-------------------+---------+---------+----------+-----------+-----------+--------+----------+
        |                   |  Latency (cycles) | Iteration|  Initiation Interval  |  Trip  |          |
        |     Loop Name     |   min   |   max   |  Latency |  achieved |   target  |  Count | Pipelined|
        +-------------------+---------+---------+----------+-----------+-----------+--------+----------+
        |- VITIS_LOOP_38_1  |   131073|   131073|         3|          1|          1|  131072|       yes|
        +-------------------+---------+---------+----------+-----------+-----------+--------+----------+



================================================================
== Utilization Estimates
================================================================
* Summary: 
+---------------------+---------+------+---------+---------+-----+
|         Name        | BRAM_18K|  DSP |    FF   |   LUT   | URAM|
+---------------------+---------+------+---------+---------+-----+
|DSP                  |        -|     -|        -|        -|    -|
|Expression           |        -|     -|        0|       45|    -|
|FIFO                 |        -|     -|        -|        -|    -|
|Instance             |        -|     -|        -|        -|    -|
|Memory               |        -|     -|        -|        -|    -|
|Multiplexer          |        -|     -|        -|       54|    -|
|Register             |        -|     -|      536|        -|    -|
+---------------------+---------+------+---------+---------+-----+
|Total                |        0|     0|      536|       99|    0|
+---------------------+---------+------+---------+---------+-----+
|Available SLR        |     1440|  2280|   788160|   394080|  320|
+---------------------+---------+------+---------+---------+-----+
|Utilization SLR (%)  |        0|     0|       ~0|       ~0|    0|
+---------------------+---------+------+---------+---------+-----+
|Available            |     4320|  6840|  2364480|  1182240|  960|
+---------------------+---------+------+---------+---------+-----+
|Utilization (%)      |        0|     0|       ~0|       ~0|    0|
+---------------------+---------+------+---------+---------+-----+

+ Detail: 
    * Instance: 
    N/A

    * DSP: 
    N/A

    * Memory: 
    N/A

    * FIFO: 
    N/A

    * Expression: 
    +----------------------------------+----------+----+---+----+------------+------------+
    |           Variable Name          | Operation| DSP| FF| LUT| Bitwidth P0| Bitwidth P1|
    +----------------------------------+----------+----+---+----+------------+------------+
    |i_V_6_fu_86_p2                    |         +|   0|  0|  25|          18|           1|
    |ap_block_state2_pp0_stage0_iter1  |       and|   0|  0|   2|           1|           1|
    |icmp_ln38_fu_80_p2                |      icmp|   0|  0|  14|          18|          19|
    |ap_block_pp0_stage0_01001         |        or|   0|  0|   2|           1|           1|
    |ap_enable_pp0                     |       xor|   0|  0|   2|           1|           2|
    +----------------------------------+----------+----+---+----+------------+------------+
    |Total                             |          |   0|  0|  45|          39|          24|
    +----------------------------------+----------+----+---+----+------------+------------+

    * Multiplexer: 
    +---------------------------------------+----+-----------+-----+-----------+
    |                  Name                 | LUT| Input Size| Bits| Total Bits|
    +---------------------------------------+----+-----------+-----+-----------+
    |ap_done_int                            |   9|          2|    1|          2|
    |ap_enable_reg_pp0_iter2                |   9|          2|    1|          2|
    |ap_sig_allocacmp_i_V_5                 |   9|          2|   18|         36|
    |fifo_A_A_IO_L3_in_serialize1259_blk_n  |   9|          2|    1|          2|
    |gmem_A_blk_n_R                         |   9|          2|    1|          2|
    |i_V_fu_46                              |   9|          2|   18|         36|
    +---------------------------------------+----+-----------+-----+-----------+
    |Total                                  |  54|         12|   40|         80|
    +---------------------------------------+----+-----------+-----+-----------+

    * Register: 
    +----------------------------------+-----+----+-----+-----------+
    |               Name               |  FF | LUT| Bits| Const Bits|
    +----------------------------------+-----+----+-----+-----------+
    |ap_CS_fsm                         |    1|   0|    1|          0|
    |ap_done_reg                       |    1|   0|    1|          0|
    |ap_enable_reg_pp0_iter1           |    1|   0|    1|          0|
    |ap_enable_reg_pp0_iter2           |    1|   0|    1|          0|
    |ap_loop_exit_ready_pp0_iter1_reg  |    1|   0|    1|          0|
    |fifo_data_reg_119                 |  512|   0|  512|          0|
    |i_V_fu_46                         |   18|   0|   18|          0|
    |icmp_ln38_reg_115                 |    1|   0|    1|          0|
    +----------------------------------+-----+----+-----+-----------+
    |Total                             |  536|   0|  536|          0|
    +----------------------------------+-----+----+-----+-----------+



================================================================
== Interface
================================================================
* Summary: 
+----------------------------------------+-----+-----+------------+-----------------------------------------------+--------------+
|                RTL Ports               | Dir | Bits|  Protocol  |                 Source Object                 |    C Type    |
+----------------------------------------+-----+-----+------------+-----------------------------------------------+--------------+
|ap_clk                                  |   in|    1|  ap_ctrl_hs|  A_IO_L3_in_serialize_Pipeline_VITIS_LOOP_38_1|  return value|
|ap_rst                                  |   in|    1|  ap_ctrl_hs|  A_IO_L3_in_serialize_Pipeline_VITIS_LOOP_38_1|  return value|
|ap_start                                |   in|    1|  ap_ctrl_hs|  A_IO_L3_in_serialize_Pipeline_VITIS_LOOP_38_1|  return value|
|ap_done                                 |  out|    1|  ap_ctrl_hs|  A_IO_L3_in_serialize_Pipeline_VITIS_LOOP_38_1|  return value|
|ap_idle                                 |  out|    1|  ap_ctrl_hs|  A_IO_L3_in_serialize_Pipeline_VITIS_LOOP_38_1|  return value|
|ap_ready                                |  out|    1|  ap_ctrl_hs|  A_IO_L3_in_serialize_Pipeline_VITIS_LOOP_38_1|  return value|
|m_axi_gmem_A_AWVALID                    |  out|    1|       m_axi|                                         gmem_A|       pointer|
|m_axi_gmem_A_AWREADY                    |   in|    1|       m_axi|                                         gmem_A|       pointer|
|m_axi_gmem_A_AWADDR                     |  out|   64|       m_axi|                                         gmem_A|       pointer|
|m_axi_gmem_A_AWID                       |  out|    1|       m_axi|                                         gmem_A|       pointer|
|m_axi_gmem_A_AWLEN                      |  out|   32|       m_axi|                                         gmem_A|       pointer|
|m_axi_gmem_A_AWSIZE                     |  out|    3|       m_axi|                                         gmem_A|       pointer|
|m_axi_gmem_A_AWBURST                    |  out|    2|       m_axi|                                         gmem_A|       pointer|
|m_axi_gmem_A_AWLOCK                     |  out|    2|       m_axi|                                         gmem_A|       pointer|
|m_axi_gmem_A_AWCACHE                    |  out|    4|       m_axi|                                         gmem_A|       pointer|
|m_axi_gmem_A_AWPROT                     |  out|    3|       m_axi|                                         gmem_A|       pointer|
|m_axi_gmem_A_AWQOS                      |  out|    4|       m_axi|                                         gmem_A|       pointer|
|m_axi_gmem_A_AWREGION                   |  out|    4|       m_axi|                                         gmem_A|       pointer|
|m_axi_gmem_A_AWUSER                     |  out|    1|       m_axi|                                         gmem_A|       pointer|
|m_axi_gmem_A_WVALID                     |  out|    1|       m_axi|                                         gmem_A|       pointer|
|m_axi_gmem_A_WREADY                     |   in|    1|       m_axi|                                         gmem_A|       pointer|
|m_axi_gmem_A_WDATA                      |  out|  512|       m_axi|                                         gmem_A|       pointer|
|m_axi_gmem_A_WSTRB                      |  out|   64|       m_axi|                                         gmem_A|       pointer|
|m_axi_gmem_A_WLAST                      |  out|    1|       m_axi|                                         gmem_A|       pointer|
|m_axi_gmem_A_WID                        |  out|    1|       m_axi|                                         gmem_A|       pointer|
|m_axi_gmem_A_WUSER                      |  out|    1|       m_axi|                                         gmem_A|       pointer|
|m_axi_gmem_A_ARVALID                    |  out|    1|       m_axi|                                         gmem_A|       pointer|
|m_axi_gmem_A_ARREADY                    |   in|    1|       m_axi|                                         gmem_A|       pointer|
|m_axi_gmem_A_ARADDR                     |  out|   64|       m_axi|                                         gmem_A|       pointer|
|m_axi_gmem_A_ARID                       |  out|    1|       m_axi|                                         gmem_A|       pointer|
|m_axi_gmem_A_ARLEN                      |  out|   32|       m_axi|                                         gmem_A|       pointer|
|m_axi_gmem_A_ARSIZE                     |  out|    3|       m_axi|                                         gmem_A|       pointer|
|m_axi_gmem_A_ARBURST                    |  out|    2|       m_axi|                                         gmem_A|       pointer|
|m_axi_gmem_A_ARLOCK                     |  out|    2|       m_axi|                                         gmem_A|       pointer|
|m_axi_gmem_A_ARCACHE                    |  out|    4|       m_axi|                                         gmem_A|       pointer|
|m_axi_gmem_A_ARPROT                     |  out|    3|       m_axi|                                         gmem_A|       pointer|
|m_axi_gmem_A_ARQOS                      |  out|    4|       m_axi|                                         gmem_A|       pointer|
|m_axi_gmem_A_ARREGION                   |  out|    4|       m_axi|                                         gmem_A|       pointer|
|m_axi_gmem_A_ARUSER                     |  out|    1|       m_axi|                                         gmem_A|       pointer|
|m_axi_gmem_A_RVALID                     |   in|    1|       m_axi|                                         gmem_A|       pointer|
|m_axi_gmem_A_RREADY                     |  out|    1|       m_axi|                                         gmem_A|       pointer|
|m_axi_gmem_A_RDATA                      |   in|  512|       m_axi|                                         gmem_A|       pointer|
|m_axi_gmem_A_RLAST                      |   in|    1|       m_axi|                                         gmem_A|       pointer|
|m_axi_gmem_A_RID                        |   in|    1|       m_axi|                                         gmem_A|       pointer|
|m_axi_gmem_A_RUSER                      |   in|    1|       m_axi|                                         gmem_A|       pointer|
|m_axi_gmem_A_RRESP                      |   in|    2|       m_axi|                                         gmem_A|       pointer|
|m_axi_gmem_A_BVALID                     |   in|    1|       m_axi|                                         gmem_A|       pointer|
|m_axi_gmem_A_BREADY                     |  out|    1|       m_axi|                                         gmem_A|       pointer|
|m_axi_gmem_A_BRESP                      |   in|    2|       m_axi|                                         gmem_A|       pointer|
|m_axi_gmem_A_BID                        |   in|    1|       m_axi|                                         gmem_A|       pointer|
|m_axi_gmem_A_BUSER                      |   in|    1|       m_axi|                                         gmem_A|       pointer|
|fifo_A_A_IO_L3_in_serialize1259_din     |  out|  512|     ap_fifo|                fifo_A_A_IO_L3_in_serialize1259|       pointer|
|fifo_A_A_IO_L3_in_serialize1259_full_n  |   in|    1|     ap_fifo|                fifo_A_A_IO_L3_in_serialize1259|       pointer|
|fifo_A_A_IO_L3_in_serialize1259_write   |  out|    1|     ap_fifo|                fifo_A_A_IO_L3_in_serialize1259|       pointer|
|sext_ln38                               |   in|   58|     ap_none|                                      sext_ln38|        scalar|
+----------------------------------------+-----+-----+------------+-----------------------------------------------+--------------+

