

================================================================
== Vitis HLS Report for 'B_IO_L2_in_inter_trans'
================================================================
* Date:           Sat Oct 15 12:55:17 2022

* Version:        2021.1 (Build 3247384 on Thu Jun 10 19:36:07 MDT 2021)
* Project:        hls_prj
* Solution:       solution1 (Vivado IP Flow Target)
* Product family: virtexuplus
* Target device:  xcu200-fsgd2104-2-e


================================================================
== Performance Estimates
================================================================
+ Timing: 
    * Summary: 
    +--------+---------+----------+------------+
    |  Clock |  Target | Estimated| Uncertainty|
    +--------+---------+----------+------------+
    |ap_clk  |  5.00 ns|  2.824 ns|     1.35 ns|
    +--------+---------+----------+------------+

+ Latency: 
    * Summary: 
    +---------+---------+----------+----------+-----+-----+---------+
    |  Latency (cycles) |  Latency (absolute) |  Interval | Pipeline|
    |   min   |   max   |    min   |    max   | min | max |   Type  |
    +---------+---------+----------+----------+-----+-----+---------+
    |        ?|        ?|         ?|         ?|    ?|    ?|       no|
    +---------+---------+----------+----------+-----+-----+---------+

    + Detail: 
        * Instance: 
        +------------------------------------------------------------+--------------------------------------------------+---------+---------+-----------+-----------+-----+-----+---------+
        |                                                            |                                                  |  Latency (cycles) |   Latency (absolute)  |  Interval | Pipeline|
        |                          Instance                          |                      Module                      |   min   |   max   |    min    |    max    | min | max |   Type  |
        +------------------------------------------------------------+--------------------------------------------------+---------+---------+-----------+-----------+-----+-----+---------+
        |grp_B_IO_L2_in_inter_trans_Pipeline_VITIS_LOOP_437_3_fu_56  |B_IO_L2_in_inter_trans_Pipeline_VITIS_LOOP_437_3  |       18|       18|  90.000 ns|  90.000 ns|   18|   18|       no|
        |grp_B_IO_L2_in_inter_trans_Pipeline_VITIS_LOOP_425_2_fu_64  |B_IO_L2_in_inter_trans_Pipeline_VITIS_LOOP_425_2  |       18|       18|  90.000 ns|  90.000 ns|   18|   18|       no|
        +------------------------------------------------------------+--------------------------------------------------+---------+---------+-----------+-----------+-----+-----+---------+

        * Loop: 
        +--------------------+---------+---------+----------+-----------+-----------+------+----------+
        |                    |  Latency (cycles) | Iteration|  Initiation Interval  | Trip |          |
        |      Loop Name     |   min   |   max   |  Latency |  achieved |   target  | Count| Pipelined|
        +--------------------+---------+---------+----------+-----------+-----------+------+----------+
        |- VITIS_LOOP_422_1  |        ?|        ?|        20|          -|          -|     ?|        no|
        +--------------------+---------+---------+----------+-----------+-----------+------+----------+



================================================================
== Utilization Estimates
================================================================
* Summary: 
+---------------------+---------+------+---------+---------+-----+
|         Name        | BRAM_18K|  DSP |    FF   |   LUT   | URAM|
+---------------------+---------+------+---------+---------+-----+
|DSP                  |        -|     -|        -|        -|    -|
|Expression           |        -|     -|        0|       23|    -|
|FIFO                 |        -|     -|        -|        -|    -|
|Instance             |        -|     -|       21|      153|    -|
|Memory               |        -|     -|        -|        -|    -|
|Multiplexer          |        -|     -|        -|       52|    -|
|Register             |        -|     -|       15|        -|    -|
+---------------------+---------+------+---------+---------+-----+
|Total                |        0|     0|       36|      228|    0|
+---------------------+---------+------+---------+---------+-----+
|Available SLR        |     1440|  2280|   788160|   394080|  320|
+---------------------+---------+------+---------+---------+-----+
|Utilization SLR (%)  |        0|     0|       ~0|       ~0|    0|
+---------------------+---------+------+---------+---------+-----+
|Available            |     4320|  6840|  2364480|  1182240|  960|
+---------------------+---------+------+---------+---------+-----+
|Utilization (%)      |        0|     0|       ~0|       ~0|    0|
+---------------------+---------+------+---------+---------+-----+

+ Detail: 
    * Instance: 
    +------------------------------------------------------------+--------------------------------------------------+---------+----+----+----+-----+
    |                          Instance                          |                      Module                      | BRAM_18K| DSP| FF | LUT| URAM|
    +------------------------------------------------------------+--------------------------------------------------+---------+----+----+----+-----+
    |grp_B_IO_L2_in_inter_trans_Pipeline_VITIS_LOOP_425_2_fu_64  |B_IO_L2_in_inter_trans_Pipeline_VITIS_LOOP_425_2  |        0|   0|  13|  71|    0|
    |grp_B_IO_L2_in_inter_trans_Pipeline_VITIS_LOOP_437_3_fu_56  |B_IO_L2_in_inter_trans_Pipeline_VITIS_LOOP_437_3  |        0|   0|   8|  82|    0|
    +------------------------------------------------------------+--------------------------------------------------+---------+----+----+----+-----+
    |Total                                                       |                                                  |        0|   0|  21| 153|    0|
    +------------------------------------------------------------+--------------------------------------------------+---------+----+----+----+-----+

    * DSP: 
    N/A

    * Memory: 
    N/A

    * FIFO: 
    N/A

    * Expression: 
    +---------------------------------+----------+----+---+----+------------+------------+
    |          Variable Name          | Operation| DSP| FF| LUT| Bitwidth P0| Bitwidth P1|
    +---------------------------------+----------+----+---+----+------------+------------+
    |c3_V_4_fu_97_p2                  |         +|   0|  0|  12|           5|           1|
    |icmp_ln1049_fu_92_p2             |      icmp|   0|  0|   9|           5|           5|
    |ap_block_state3_on_subcall_done  |        or|   0|  0|   2|           1|           1|
    +---------------------------------+----------+----+---+----+------------+------------+
    |Total                            |          |   0|  0|  23|          11|           7|
    +---------------------------------+----------+----+---+----+------------+------------+

    * Multiplexer: 
    +-------------------------------+----+-----------+-----+-----------+
    |              Name             | LUT| Input Size| Bits| Total Bits|
    +-------------------------------+----+-----------+-----+-----------+
    |ap_NS_fsm                      |  20|          4|    1|          4|
    |c3_V_fu_46                     |   9|          2|    5|         10|
    |fifo_B_B_IO_L2_in_01278_read   |  14|          3|    1|          3|
    |fifo_B_B_IO_L2_in_11279_write  |   9|          2|    1|          2|
    +-------------------------------+----+-----------+-----+-----------+
    |Total                          |  52|         11|    8|         19|
    +-------------------------------+----+-----------+-----+-----------+

    * Register: 
    +-------------------------------------------------------------------------+---+----+-----+-----------+
    |                                   Name                                  | FF| LUT| Bits| Const Bits|
    +-------------------------------------------------------------------------+---+----+-----+-----------+
    |ap_CS_fsm                                                                |  3|   0|    3|          0|
    |c3_V_fu_46                                                               |  5|   0|    5|          0|
    |grp_B_IO_L2_in_inter_trans_Pipeline_VITIS_LOOP_425_2_fu_64_ap_start_reg  |  1|   0|    1|          0|
    |grp_B_IO_L2_in_inter_trans_Pipeline_VITIS_LOOP_437_3_fu_56_ap_start_reg  |  1|   0|    1|          0|
    |icmp_ln1049_reg_125                                                      |  1|   0|    1|          0|
    |idx_cast_reg_114                                                         |  4|   0|    5|          1|
    +-------------------------------------------------------------------------+---+----+-----+-----------+
    |Total                                                                    | 15|   0|   16|          1|
    +-------------------------------------------------------------------------+---+----+-----+-----------+



================================================================
== Interface
================================================================
* Summary: 
+---------------------------------+-----+-----+------------+-------------------------+--------------+
|            RTL Ports            | Dir | Bits|  Protocol  |      Source Object      |    C Type    |
+---------------------------------+-----+-----+------------+-------------------------+--------------+
|ap_clk                           |   in|    1|  ap_ctrl_hs|   B_IO_L2_in_inter_trans|  return value|
|ap_rst                           |   in|    1|  ap_ctrl_hs|   B_IO_L2_in_inter_trans|  return value|
|ap_start                         |   in|    1|  ap_ctrl_hs|   B_IO_L2_in_inter_trans|  return value|
|ap_done                          |  out|    1|  ap_ctrl_hs|   B_IO_L2_in_inter_trans|  return value|
|ap_idle                          |  out|    1|  ap_ctrl_hs|   B_IO_L2_in_inter_trans|  return value|
|ap_ready                         |  out|    1|  ap_ctrl_hs|   B_IO_L2_in_inter_trans|  return value|
|idx                              |   in|    4|     ap_none|                      idx|        scalar|
|local_B_address0                 |  out|    4|   ap_memory|                  local_B|         array|
|local_B_ce0                      |  out|    1|   ap_memory|                  local_B|         array|
|local_B_we0                      |  out|    1|   ap_memory|                  local_B|         array|
|local_B_d0                       |  out|  512|   ap_memory|                  local_B|         array|
|fifo_B_B_IO_L2_in_01278_dout     |   in|  512|     ap_fifo|  fifo_B_B_IO_L2_in_01278|       pointer|
|fifo_B_B_IO_L2_in_01278_empty_n  |   in|    1|     ap_fifo|  fifo_B_B_IO_L2_in_01278|       pointer|
|fifo_B_B_IO_L2_in_01278_read     |  out|    1|     ap_fifo|  fifo_B_B_IO_L2_in_01278|       pointer|
|fifo_B_B_IO_L2_in_11279_din      |  out|  512|     ap_fifo|  fifo_B_B_IO_L2_in_11279|       pointer|
|fifo_B_B_IO_L2_in_11279_full_n   |   in|    1|     ap_fifo|  fifo_B_B_IO_L2_in_11279|       pointer|
|fifo_B_B_IO_L2_in_11279_write    |  out|    1|     ap_fifo|  fifo_B_B_IO_L2_in_11279|       pointer|
+---------------------------------+-----+-----+------------+-------------------------+--------------+

