

================================================================
== Vitis HLS Report for 'C_drain_IO_L2_out578'
================================================================
* Date:           Sat Oct 15 13:02:20 2022

* Version:        2021.1 (Build 3247384 on Thu Jun 10 19:36:07 MDT 2021)
* Project:        hls_prj
* Solution:       solution1 (Vivado IP Flow Target)
* Product family: virtexuplus
* Target device:  xcu200-fsgd2104-2-e


================================================================
== Performance Estimates
================================================================
+ Timing: 
    * Summary: 
    +--------+---------+----------+------------+
    |  Clock |  Target | Estimated| Uncertainty|
    +--------+---------+----------+------------+
    |ap_clk  |  5.00 ns|  2.856 ns|     1.35 ns|
    +--------+---------+----------+------------+

+ Latency: 
    * Summary: 
    +---------+---------+-----------+-----------+-------+-------+---------+
    |  Latency (cycles) |   Latency (absolute)  |    Interval   | Pipeline|
    |   min   |   max   |    min    |    max    |  min  |  max  |   Type  |
    +---------+---------+-----------+-----------+-------+-------+---------+
    |    12481|    12481|  62.405 us|  62.405 us|  12481|  12481|       no|
    +---------+---------+-----------+-----------+-------+-------+---------+

    + Detail: 
        * Instance: 
        +--------------------------------------------------------------+----------------------------------------------------+---------+---------+----------+----------+-----+-----+---------+
        |                                                              |                                                    |  Latency (cycles) |  Latency (absolute) |  Interval | Pipeline|
        |                           Instance                           |                       Module                       |   min   |   max   |    min   |    max   | min | max |   Type  |
        +--------------------------------------------------------------+----------------------------------------------------+---------+---------+----------+----------+-----+-----+---------+
        |grp_C_drain_IO_L2_out578_Pipeline_VITIS_LOOP_1101_6_VI_fu_72  |C_drain_IO_L2_out578_Pipeline_VITIS_LOOP_1101_6_VI  |      258|      258|  1.290 us|  1.290 us|  258|  258|       no|
        |grp_C_drain_IO_L2_out578_Pipeline_VITIS_LOOP_1086_4_VI_fu_80  |C_drain_IO_L2_out578_Pipeline_VITIS_LOOP_1086_4_VI  |      258|      258|  1.290 us|  1.290 us|  258|  258|       no|
        +--------------------------------------------------------------+----------------------------------------------------+---------+---------+----------+----------+-----+-----+---------+

        * Loop: 
        +---------------------------------------------------------+---------+---------+----------+-----------+-----------+------+----------+
        |                                                         |  Latency (cycles) | Iteration|  Initiation Interval  | Trip |          |
        |                        Loop Name                        |   min   |   max   |  Latency |  achieved |   target  | Count| Pipelined|
        +---------------------------------------------------------+---------+---------+----------+-----------+-----------+------+----------+
        |- VITIS_LOOP_1079_1_VITIS_LOOP_1080_2_VITIS_LOOP_1083_3  |    12480|    12480|       260|          -|          -|    48|        no|
        +---------------------------------------------------------+---------+---------+----------+-----------+-----------+------+----------+



================================================================
== Utilization Estimates
================================================================
* Summary: 
+---------------------+---------+------+---------+---------+-----+
|         Name        | BRAM_18K|  DSP |    FF   |   LUT   | URAM|
+---------------------+---------+------+---------+---------+-----+
|DSP                  |        -|     -|        -|        -|    -|
|Expression           |        -|     -|        0|       95|    -|
|FIFO                 |        -|     -|        -|        -|    -|
|Instance             |        -|     -|       24|      174|    -|
|Memory               |        -|     -|        -|        -|    -|
|Multiplexer          |        -|     -|        -|       97|    -|
|Register             |        -|     -|       35|        -|    -|
+---------------------+---------+------+---------+---------+-----+
|Total                |        0|     0|       59|      366|    0|
+---------------------+---------+------+---------+---------+-----+
|Available SLR        |     1440|  2280|   788160|   394080|  320|
+---------------------+---------+------+---------+---------+-----+
|Utilization SLR (%)  |        0|     0|       ~0|       ~0|    0|
+---------------------+---------+------+---------+---------+-----+
|Available            |     4320|  6840|  2364480|  1182240|  960|
+---------------------+---------+------+---------+---------+-----+
|Utilization (%)      |        0|     0|       ~0|       ~0|    0|
+---------------------+---------+------+---------+---------+-----+

+ Detail: 
    * Instance: 
    +--------------------------------------------------------------+----------------------------------------------------+---------+----+----+----+-----+
    |                           Instance                           |                       Module                       | BRAM_18K| DSP| FF | LUT| URAM|
    +--------------------------------------------------------------+----------------------------------------------------+---------+----+----+----+-----+
    |grp_C_drain_IO_L2_out578_Pipeline_VITIS_LOOP_1086_4_VI_fu_80  |C_drain_IO_L2_out578_Pipeline_VITIS_LOOP_1086_4_VI  |        0|   0|  12|  87|    0|
    |grp_C_drain_IO_L2_out578_Pipeline_VITIS_LOOP_1101_6_VI_fu_72  |C_drain_IO_L2_out578_Pipeline_VITIS_LOOP_1101_6_VI  |        0|   0|  12|  87|    0|
    +--------------------------------------------------------------+----------------------------------------------------+---------+----+----+----+-----+
    |Total                                                         |                                                    |        0|   0|  24| 174|    0|
    +--------------------------------------------------------------+----------------------------------------------------+---------+----+----+----+-----+

    * DSP: 
    N/A

    * Memory: 
    N/A

    * FIFO: 
    N/A

    * Expression: 
    +---------------------------------+----------+----+---+----+------------+------------+
    |          Variable Name          | Operation| DSP| FF| LUT| Bitwidth P0| Bitwidth P1|
    +---------------------------------+----------+----+---+----+------------+------------+
    |add_ln1069_17_fu_173_p2          |         +|   0|  0|  12|           5|           1|
    |add_ln1069_fu_115_p2             |         +|   0|  0|  13|           6|           1|
    |c3_V_fu_168_p2                   |         +|   0|  0|  12|           5|           1|
    |and_ln1079_fu_142_p2             |       and|   0|  0|   2|           1|           1|
    |icmp_ln1049_fu_162_p2            |      icmp|   0|  0|   9|           5|           4|
    |icmp_ln106933_fu_124_p2          |      icmp|   0|  0|   9|           5|           4|
    |icmp_ln1069_fu_109_p2            |      icmp|   0|  0|  10|           6|           6|
    |icmp_ln1083_fu_136_p2            |      icmp|   0|  0|  10|           5|           6|
    |ap_block_state1                  |        or|   0|  0|   2|           1|           1|
    |ap_block_state3_on_subcall_done  |        or|   0|  0|   2|           1|           1|
    |or_ln1080_fu_148_p2              |        or|   0|  0|   2|           1|           1|
    |select_ln1069_fu_179_p3          |    select|   0|  0|   5|           1|           1|
    |select_ln1080_fu_154_p3          |    select|   0|  0|   5|           1|           4|
    |xor_ln1079_fu_130_p2             |       xor|   0|  0|   2|           1|           2|
    +---------------------------------+----------+----+---+----+------------+------------+
    |Total                            |          |   0|  0|  95|          44|          34|
    +---------------------------------+----------+----+---+----+------------+------------+

    * Multiplexer: 
    +----------------------------------------------+----+-----------+-----+-----------+
    |                     Name                     | LUT| Input Size| Bits| Total Bits|
    +----------------------------------------------+----+-----------+-----+-----------+
    |ap_NS_fsm                                     |  20|          4|    1|          4|
    |ap_done                                       |   9|          2|    1|          2|
    |c3_V_1_fu_60                                  |   9|          2|    5|         10|
    |fifo_C_drain_C_drain_IO_L1_out_14_02318_read  |   9|          2|    1|          2|
    |fifo_C_drain_C_drain_IO_L2_out_142364_din     |   9|          2|  256|        512|
    |fifo_C_drain_C_drain_IO_L2_out_142364_write   |  14|          3|    1|          3|
    |fifo_C_drain_C_drain_IO_L2_out_152365_read    |   9|          2|    1|          2|
    |indvar_flatten15_fu_64                        |   9|          2|    5|         10|
    |indvar_flatten27_fu_68                        |   9|          2|    6|         12|
    +----------------------------------------------+----+-----------+-----+-----------+
    |Total                                         |  97|         21|  277|        557|
    +----------------------------------------------+----+-----------+-----+-----------+

    * Register: 
    +---------------------------------------------------------------------------+---+----+-----+-----------+
    |                                    Name                                   | FF| LUT| Bits| Const Bits|
    +---------------------------------------------------------------------------+---+----+-----+-----------+
    |add_ln1069_reg_224                                                         |  6|   0|    6|          0|
    |ap_CS_fsm                                                                  |  3|   0|    3|          0|
    |ap_done_reg                                                                |  1|   0|    1|          0|
    |c3_V_1_fu_60                                                               |  5|   0|    5|          0|
    |grp_C_drain_IO_L2_out578_Pipeline_VITIS_LOOP_1086_4_VI_fu_80_ap_start_reg  |  1|   0|    1|          0|
    |grp_C_drain_IO_L2_out578_Pipeline_VITIS_LOOP_1101_6_VI_fu_72_ap_start_reg  |  1|   0|    1|          0|
    |icmp_ln1049_reg_239                                                        |  1|   0|    1|          0|
    |icmp_ln106933_reg_229                                                      |  1|   0|    1|          0|
    |indvar_flatten15_fu_64                                                     |  5|   0|    5|          0|
    |indvar_flatten27_fu_68                                                     |  6|   0|    6|          0|
    |select_ln1080_reg_234                                                      |  5|   0|    5|          0|
    +---------------------------------------------------------------------------+---+----+-----+-----------+
    |Total                                                                      | 35|   0|   35|          0|
    +---------------------------------------------------------------------------+---+----+-----+-----------+



================================================================
== Interface
================================================================
* Summary: 
+-------------------------------------------------+-----+-----+------------+-----------------------------------------+--------------+
|                    RTL Ports                    | Dir | Bits|  Protocol  |              Source Object              |    C Type    |
+-------------------------------------------------+-----+-----+------------+-----------------------------------------+--------------+
|ap_clk                                           |   in|    1|  ap_ctrl_hs|                     C_drain_IO_L2_out578|  return value|
|ap_rst                                           |   in|    1|  ap_ctrl_hs|                     C_drain_IO_L2_out578|  return value|
|ap_start                                         |   in|    1|  ap_ctrl_hs|                     C_drain_IO_L2_out578|  return value|
|ap_done                                          |  out|    1|  ap_ctrl_hs|                     C_drain_IO_L2_out578|  return value|
|ap_continue                                      |   in|    1|  ap_ctrl_hs|                     C_drain_IO_L2_out578|  return value|
|ap_idle                                          |  out|    1|  ap_ctrl_hs|                     C_drain_IO_L2_out578|  return value|
|ap_ready                                         |  out|    1|  ap_ctrl_hs|                     C_drain_IO_L2_out578|  return value|
|fifo_C_drain_C_drain_IO_L2_out_152365_dout       |   in|  256|     ap_fifo|    fifo_C_drain_C_drain_IO_L2_out_152365|       pointer|
|fifo_C_drain_C_drain_IO_L2_out_152365_empty_n    |   in|    1|     ap_fifo|    fifo_C_drain_C_drain_IO_L2_out_152365|       pointer|
|fifo_C_drain_C_drain_IO_L2_out_152365_read       |  out|    1|     ap_fifo|    fifo_C_drain_C_drain_IO_L2_out_152365|       pointer|
|fifo_C_drain_C_drain_IO_L2_out_142364_din        |  out|  256|     ap_fifo|    fifo_C_drain_C_drain_IO_L2_out_142364|       pointer|
|fifo_C_drain_C_drain_IO_L2_out_142364_full_n     |   in|    1|     ap_fifo|    fifo_C_drain_C_drain_IO_L2_out_142364|       pointer|
|fifo_C_drain_C_drain_IO_L2_out_142364_write      |  out|    1|     ap_fifo|    fifo_C_drain_C_drain_IO_L2_out_142364|       pointer|
|fifo_C_drain_C_drain_IO_L1_out_14_02318_dout     |   in|  256|     ap_fifo|  fifo_C_drain_C_drain_IO_L1_out_14_02318|       pointer|
|fifo_C_drain_C_drain_IO_L1_out_14_02318_empty_n  |   in|    1|     ap_fifo|  fifo_C_drain_C_drain_IO_L1_out_14_02318|       pointer|
|fifo_C_drain_C_drain_IO_L1_out_14_02318_read     |  out|    1|     ap_fifo|  fifo_C_drain_C_drain_IO_L1_out_14_02318|       pointer|
+-------------------------------------------------+-----+-----+------------+-----------------------------------------+--------------+

