

================================================================
== Vitis HLS Report for 'C_drain_IO_L3_out_serialize_Pipeline_VITIS_LOOP_11'
================================================================
* Date:           Sat Oct 15 13:02:54 2022

* Version:        2021.1 (Build 3247384 on Thu Jun 10 19:36:07 MDT 2021)
* Project:        hls_prj
* Solution:       solution1 (Vivado IP Flow Target)
* Product family: virtexuplus
* Target device:  xcu200-fsgd2104-2-e


================================================================
== Performance Estimates
================================================================
+ Timing: 
    * Summary: 
    +--------+---------+----------+------------+
    |  Clock |  Target | Estimated| Uncertainty|
    +--------+---------+----------+------------+
    |ap_clk  |  5.00 ns|  3.650 ns|     1.35 ns|
    +--------+---------+----------+------------+

+ Latency: 
    * Summary: 
    +---------+---------+----------+----------+-------+-------+---------+
    |  Latency (cycles) |  Latency (absolute) |    Interval   | Pipeline|
    |   min   |   max   |    min   |    max   |  min  |  max  |   Type  |
    +---------+---------+----------+----------+-------+-------+---------+
    |    65540|    65540|  0.328 ms|  0.328 ms|  65540|  65540|       no|
    +---------+---------+----------+----------+-------+-------+---------+

    + Detail: 
        * Instance: 
        N/A

        * Loop: 
        +---------------------+---------+---------+----------+-----------+-----------+-------+----------+
        |                     |  Latency (cycles) | Iteration|  Initiation Interval  |  Trip |          |
        |      Loop Name      |   min   |   max   |  Latency |  achieved |   target  | Count | Pipelined|
        +---------------------+---------+---------+----------+-----------+-----------+-------+----------+
        |- VITIS_LOOP_1192_1  |    65538|    65538|         4|          2|          1|  32768|       yes|
        +---------------------+---------+---------+----------+-----------+-----------+-------+----------+



================================================================
== Utilization Estimates
================================================================
* Summary: 
+---------------------+---------+------+---------+---------+-----+
|         Name        | BRAM_18K|  DSP |    FF   |   LUT   | URAM|
+---------------------+---------+------+---------+---------+-----+
|DSP                  |        -|     -|        -|        -|    -|
|Expression           |        -|     -|        0|       48|    -|
|FIFO                 |        -|     -|        -|        -|    -|
|Instance             |        -|     -|        -|        -|    -|
|Memory               |        -|     -|        -|        -|    -|
|Multiplexer          |        -|     -|        -|       86|    -|
|Register             |        -|     -|      536|        -|    -|
+---------------------+---------+------+---------+---------+-----+
|Total                |        0|     0|      536|      134|    0|
+---------------------+---------+------+---------+---------+-----+
|Available SLR        |     1440|  2280|   788160|   394080|  320|
+---------------------+---------+------+---------+---------+-----+
|Utilization SLR (%)  |        0|     0|       ~0|       ~0|    0|
+---------------------+---------+------+---------+---------+-----+
|Available            |     4320|  6840|  2364480|  1182240|  960|
+---------------------+---------+------+---------+---------+-----+
|Utilization (%)      |        0|     0|       ~0|       ~0|    0|
+---------------------+---------+------+---------+---------+-----+

+ Detail: 
    * Instance: 
    N/A

    * DSP: 
    N/A

    * Memory: 
    N/A

    * FIFO: 
    N/A

    * Expression: 
    +----------------------------------+----------+----+---+----+------------+------------+
    |           Variable Name          | Operation| DSP| FF| LUT| Bitwidth P0| Bitwidth P1|
    +----------------------------------+----------+----+---+----+------------+------------+
    |i_V_2_fu_92_p2                    |         +|   0|  0|  23|          16|           1|
    |ap_block_pp0_stage0_11001         |       and|   0|  0|   2|           1|           1|
    |ap_block_pp0_stage1_01001         |       and|   0|  0|   2|           1|           1|
    |ap_block_state2_pp0_stage1_iter0  |       and|   0|  0|   2|           1|           1|
    |ap_block_state4_io                |       and|   0|  0|   2|           1|           1|
    |icmp_ln1192_fu_86_p2              |      icmp|   0|  0|  13|          16|          17|
    |ap_block_pp0_stage1_11001         |        or|   0|  0|   2|           1|           1|
    |ap_enable_pp0                     |       xor|   0|  0|   2|           1|           2|
    +----------------------------------+----------+----+---+----+------------+------------+
    |Total                             |          |   0|  0|  48|          38|          25|
    +----------------------------------+----------+----+---+----+------------+------------+

    * Multiplexer: 
    +----------------------------------------------------+----+-----------+-----+-----------+
    |                        Name                        | LUT| Input Size| Bits| Total Bits|
    +----------------------------------------------------+----+-----------+-----+-----------+
    |ap_NS_fsm                                           |  14|          3|    1|          3|
    |ap_done_int                                         |   9|          2|    1|          2|
    |ap_enable_reg_pp0_iter0                             |   9|          2|    1|          2|
    |ap_enable_reg_pp0_iter1                             |   9|          2|    1|          2|
    |ap_loop_exit_ready_pp0_iter1_reg                    |   9|          2|    1|          2|
    |ap_sig_allocacmp_i_V_1                              |   9|          2|   16|         32|
    |fifo_C_drain_C_drain_IO_L3_out_serialize1261_blk_n  |   9|          2|    1|          2|
    |gmem_C_blk_n_W                                      |   9|          2|    1|          2|
    |i_V_fu_50                                           |   9|          2|   16|         32|
    +----------------------------------------------------+----+-----------+-----+-----------+
    |Total                                               |  86|         19|   39|         79|
    +----------------------------------------------------+----+-----------+-----+-----------+

    * Register: 
    +-----------------------------------+-----+----+-----+-----------+
    |                Name               |  FF | LUT| Bits| Const Bits|
    +-----------------------------------+-----+----+-----+-----------+
    |ap_CS_fsm                          |    2|   0|    2|          0|
    |ap_done_reg                        |    1|   0|    1|          0|
    |ap_enable_reg_pp0_iter0_reg        |    1|   0|    1|          0|
    |ap_enable_reg_pp0_iter1            |    1|   0|    1|          0|
    |ap_loop_exit_ready_pp0_iter1_reg   |    1|   0|    1|          0|
    |i_V_fu_50                          |   16|   0|   16|          0|
    |icmp_ln1192_reg_127                |    1|   0|    1|          0|
    |icmp_ln1192_reg_127_pp0_iter1_reg  |    1|   0|    1|          0|
    |mem_data_split_V_0_reg_131         |  256|   0|  256|          0|
    |v1_V_reg_141                       |  256|   0|  256|          0|
    +-----------------------------------+-----+----+-----+-----------+
    |Total                              |  536|   0|  536|          0|
    +-----------------------------------+-----+----+-----+-----------+



================================================================
== Interface
================================================================
* Summary: 
+------------------------------------------------------+-----+-----+------------+----------------------------------------------------+--------------+
|                       RTL Ports                      | Dir | Bits|  Protocol  |                    Source Object                   |    C Type    |
+------------------------------------------------------+-----+-----+------------+----------------------------------------------------+--------------+
|ap_clk                                                |   in|    1|  ap_ctrl_hs|  C_drain_IO_L3_out_serialize_Pipeline_VITIS_LOOP_11|  return value|
|ap_rst                                                |   in|    1|  ap_ctrl_hs|  C_drain_IO_L3_out_serialize_Pipeline_VITIS_LOOP_11|  return value|
|ap_start                                              |   in|    1|  ap_ctrl_hs|  C_drain_IO_L3_out_serialize_Pipeline_VITIS_LOOP_11|  return value|
|ap_done                                               |  out|    1|  ap_ctrl_hs|  C_drain_IO_L3_out_serialize_Pipeline_VITIS_LOOP_11|  return value|
|ap_idle                                               |  out|    1|  ap_ctrl_hs|  C_drain_IO_L3_out_serialize_Pipeline_VITIS_LOOP_11|  return value|
|ap_ready                                              |  out|    1|  ap_ctrl_hs|  C_drain_IO_L3_out_serialize_Pipeline_VITIS_LOOP_11|  return value|
|fifo_C_drain_C_drain_IO_L3_out_serialize1261_dout     |   in|  256|     ap_fifo|        fifo_C_drain_C_drain_IO_L3_out_serialize1261|       pointer|
|fifo_C_drain_C_drain_IO_L3_out_serialize1261_empty_n  |   in|    1|     ap_fifo|        fifo_C_drain_C_drain_IO_L3_out_serialize1261|       pointer|
|fifo_C_drain_C_drain_IO_L3_out_serialize1261_read     |  out|    1|     ap_fifo|        fifo_C_drain_C_drain_IO_L3_out_serialize1261|       pointer|
|m_axi_gmem_C_AWVALID                                  |  out|    1|       m_axi|                                              gmem_C|       pointer|
|m_axi_gmem_C_AWREADY                                  |   in|    1|       m_axi|                                              gmem_C|       pointer|
|m_axi_gmem_C_AWADDR                                   |  out|   64|       m_axi|                                              gmem_C|       pointer|
|m_axi_gmem_C_AWID                                     |  out|    1|       m_axi|                                              gmem_C|       pointer|
|m_axi_gmem_C_AWLEN                                    |  out|   32|       m_axi|                                              gmem_C|       pointer|
|m_axi_gmem_C_AWSIZE                                   |  out|    3|       m_axi|                                              gmem_C|       pointer|
|m_axi_gmem_C_AWBURST                                  |  out|    2|       m_axi|                                              gmem_C|       pointer|
|m_axi_gmem_C_AWLOCK                                   |  out|    2|       m_axi|                                              gmem_C|       pointer|
|m_axi_gmem_C_AWCACHE                                  |  out|    4|       m_axi|                                              gmem_C|       pointer|
|m_axi_gmem_C_AWPROT                                   |  out|    3|       m_axi|                                              gmem_C|       pointer|
|m_axi_gmem_C_AWQOS                                    |  out|    4|       m_axi|                                              gmem_C|       pointer|
|m_axi_gmem_C_AWREGION                                 |  out|    4|       m_axi|                                              gmem_C|       pointer|
|m_axi_gmem_C_AWUSER                                   |  out|    1|       m_axi|                                              gmem_C|       pointer|
|m_axi_gmem_C_WVALID                                   |  out|    1|       m_axi|                                              gmem_C|       pointer|
|m_axi_gmem_C_WREADY                                   |   in|    1|       m_axi|                                              gmem_C|       pointer|
|m_axi_gmem_C_WDATA                                    |  out|  512|       m_axi|                                              gmem_C|       pointer|
|m_axi_gmem_C_WSTRB                                    |  out|   64|       m_axi|                                              gmem_C|       pointer|
|m_axi_gmem_C_WLAST                                    |  out|    1|       m_axi|                                              gmem_C|       pointer|
|m_axi_gmem_C_WID                                      |  out|    1|       m_axi|                                              gmem_C|       pointer|
|m_axi_gmem_C_WUSER                                    |  out|    1|       m_axi|                                              gmem_C|       pointer|
|m_axi_gmem_C_ARVALID                                  |  out|    1|       m_axi|                                              gmem_C|       pointer|
|m_axi_gmem_C_ARREADY                                  |   in|    1|       m_axi|                                              gmem_C|       pointer|
|m_axi_gmem_C_ARADDR                                   |  out|   64|       m_axi|                                              gmem_C|       pointer|
|m_axi_gmem_C_ARID                                     |  out|    1|       m_axi|                                              gmem_C|       pointer|
|m_axi_gmem_C_ARLEN                                    |  out|   32|       m_axi|                                              gmem_C|       pointer|
|m_axi_gmem_C_ARSIZE                                   |  out|    3|       m_axi|                                              gmem_C|       pointer|
|m_axi_gmem_C_ARBURST                                  |  out|    2|       m_axi|                                              gmem_C|       pointer|
|m_axi_gmem_C_ARLOCK                                   |  out|    2|       m_axi|                                              gmem_C|       pointer|
|m_axi_gmem_C_ARCACHE                                  |  out|    4|       m_axi|                                              gmem_C|       pointer|
|m_axi_gmem_C_ARPROT                                   |  out|    3|       m_axi|                                              gmem_C|       pointer|
|m_axi_gmem_C_ARQOS                                    |  out|    4|       m_axi|                                              gmem_C|       pointer|
|m_axi_gmem_C_ARREGION                                 |  out|    4|       m_axi|                                              gmem_C|       pointer|
|m_axi_gmem_C_ARUSER                                   |  out|    1|       m_axi|                                              gmem_C|       pointer|
|m_axi_gmem_C_RVALID                                   |   in|    1|       m_axi|                                              gmem_C|       pointer|
|m_axi_gmem_C_RREADY                                   |  out|    1|       m_axi|                                              gmem_C|       pointer|
|m_axi_gmem_C_RDATA                                    |   in|  512|       m_axi|                                              gmem_C|       pointer|
|m_axi_gmem_C_RLAST                                    |   in|    1|       m_axi|                                              gmem_C|       pointer|
|m_axi_gmem_C_RID                                      |   in|    1|       m_axi|                                              gmem_C|       pointer|
|m_axi_gmem_C_RUSER                                    |   in|    1|       m_axi|                                              gmem_C|       pointer|
|m_axi_gmem_C_RRESP                                    |   in|    2|       m_axi|                                              gmem_C|       pointer|
|m_axi_gmem_C_BVALID                                   |   in|    1|       m_axi|                                              gmem_C|       pointer|
|m_axi_gmem_C_BREADY                                   |  out|    1|       m_axi|                                              gmem_C|       pointer|
|m_axi_gmem_C_BRESP                                    |   in|    2|       m_axi|                                              gmem_C|       pointer|
|m_axi_gmem_C_BID                                      |   in|    1|       m_axi|                                              gmem_C|       pointer|
|m_axi_gmem_C_BUSER                                    |   in|    1|       m_axi|                                              gmem_C|       pointer|
|sext_ln1192                                           |   in|   58|     ap_none|                                         sext_ln1192|        scalar|
+------------------------------------------------------+-----+-----+------------+----------------------------------------------------+--------------+

