

================================================================
== Vitis HLS Report for 'A_IO_L2_in_intra_trans_Pipeline_VITIS_LOOP_62_1_VI'
================================================================
* Date:           Sat Oct 15 10:48:48 2022

* Version:        2021.1 (Build 3247384 on Thu Jun 10 19:36:07 MDT 2021)
* Project:        hls_prj
* Solution:       solution1 (Vivado IP Flow Target)
* Product family: virtexuplus
* Target device:  xcu200-fsgd2104-2-e


================================================================
== Performance Estimates
================================================================
+ Timing: 
    * Summary: 
    +--------+---------+----------+------------+
    |  Clock |  Target | Estimated| Uncertainty|
    +--------+---------+----------+------------+
    |ap_clk  |  5.00 ns|  3.193 ns|     1.35 ns|
    +--------+---------+----------+------------+

+ Latency: 
    * Summary: 
    +---------+---------+----------+----------+-----+-----+---------+
    |  Latency (cycles) |  Latency (absolute) |  Interval | Pipeline|
    |   min   |   max   |    min   |    max   | min | max |   Type  |
    +---------+---------+----------+----------+-----+-----+---------+
    |      514|      514|  2.570 us|  2.570 us|  514|  514|       no|
    +---------+---------+----------+----------+-----+-----+---------+

    + Detail: 
        * Instance: 
        N/A

        * Loop: 
        +---------------------------------------------------+---------+---------+----------+-----------+-----------+------+----------+
        |                                                   |  Latency (cycles) | Iteration|  Initiation Interval  | Trip |          |
        |                     Loop Name                     |   min   |   max   |  Latency |  achieved |   target  | Count| Pipelined|
        +---------------------------------------------------+---------+---------+----------+-----------+-----------+------+----------+
        |- VITIS_LOOP_62_1_VITIS_LOOP_64_2_VITIS_LOOP_66_3  |      512|      512|         2|          1|          1|   512|       yes|
        +---------------------------------------------------+---------+---------+----------+-----------+-----------+------+----------+



================================================================
== Utilization Estimates
================================================================
* Summary: 
+---------------------+---------+------+---------+---------+-----+
|         Name        | BRAM_18K|  DSP |    FF   |   LUT   | URAM|
+---------------------+---------+------+---------+---------+-----+
|DSP                  |        -|     -|        -|        -|    -|
|Expression           |        -|     -|        0|      123|    -|
|FIFO                 |        -|     -|        -|        -|    -|
|Instance             |        -|     -|        0|       43|    -|
|Memory               |        -|     -|        -|        -|    -|
|Multiplexer          |        -|     -|        -|       99|    -|
|Register             |        -|     -|       32|        -|    -|
+---------------------+---------+------+---------+---------+-----+
|Total                |        0|     0|       32|      265|    0|
+---------------------+---------+------+---------+---------+-----+
|Available SLR        |     1440|  2280|   788160|   394080|  320|
+---------------------+---------+------+---------+---------+-----+
|Utilization SLR (%)  |        0|     0|       ~0|       ~0|    0|
+---------------------+---------+------+---------+---------+-----+
|Available            |     4320|  6840|  2364480|  1182240|  960|
+---------------------+---------+------+---------+---------+-----+
|Utilization (%)      |        0|     0|       ~0|       ~0|    0|
+---------------------+---------+------+---------+---------+-----+

+ Detail: 
    * Instance: 
    +-------------------+---------------+---------+----+---+----+-----+
    |      Instance     |     Module    | BRAM_18K| DSP| FF| LUT| URAM|
    +-------------------+---------------+---------+----+---+----+-----+
    |mux_83_64_1_1_U17  |mux_83_64_1_1  |        0|   0|  0|  43|    0|
    +-------------------+---------------+---------+----+---+----+-----+
    |Total              |               |        0|   0|  0|  43|    0|
    +-------------------+---------------+---------+----+---+----+-----+

    * DSP: 
    N/A

    * Memory: 
    N/A

    * FIFO: 
    N/A

    * Expression: 
    +---------------------------+----------+----+---+----+------------+------------+
    |       Variable Name       | Operation| DSP| FF| LUT| Bitwidth P0| Bitwidth P1|
    +---------------------------+----------+----+---+----+------------+------------+
    |add_ln1069_7_fu_163_p2     |         +|   0|  0|  17|          10|           1|
    |add_ln1069_fu_267_p2       |         +|   0|  0|  15|           8|           1|
    |add_ln72_fu_250_p2         |         +|   0|  0|  10|           3|           3|
    |add_ln870_15_fu_261_p2     |         +|   0|  0|  12|           4|           1|
    |add_ln870_fu_178_p2        |         +|   0|  0|  12|           4|           1|
    |and_ln62_fu_226_p2         |       and|   0|  0|   2|           1|           1|
    |ap_block_pp0_stage0_01001  |       and|   0|  0|   2|           1|           1|
    |icmp_ln1069_20_fu_184_p2   |      icmp|   0|  0|  11|           8|           7|
    |icmp_ln1069_21_fu_220_p2   |      icmp|   0|  0|   9|           4|           5|
    |icmp_ln1069_fu_157_p2      |      icmp|   0|  0|  11|          10|          11|
    |or_ln64_fu_232_p2          |        or|   0|  0|   2|           1|           1|
    |select_ln1069_fu_273_p3    |    select|   0|  0|   8|           1|           1|
    |select_ln62_fu_190_p3      |    select|   0|  0|   4|           1|           4|
    |select_ln64_fu_238_p3      |    select|   0|  0|   4|           1|           1|
    |ap_enable_pp0              |       xor|   0|  0|   2|           1|           2|
    |xor_ln62_fu_214_p2         |       xor|   0|  0|   2|           1|           2|
    +---------------------------+----------+----+---+----+------------+------------+
    |Total                      |          |   0|  0| 123|          59|          43|
    +---------------------------+----------+----+---+----+------------+------------+

    * Multiplexer: 
    +----------------------------------------+----+-----------+-----+-----------+
    |                  Name                  | LUT| Input Size| Bits| Total Bits|
    +----------------------------------------+----+-----------+-----+-----------+
    |ap_done_int                             |   9|          2|    1|          2|
    |ap_enable_reg_pp0_iter1                 |   9|          2|    1|          2|
    |ap_sig_allocacmp_c5_V_load              |   9|          2|    4|          8|
    |ap_sig_allocacmp_c7_V_load              |   9|          2|    4|          8|
    |ap_sig_allocacmp_indvar_flatten11_load  |   9|          2|   10|         20|
    |ap_sig_allocacmp_indvar_flatten_load    |   9|          2|    8|         16|
    |c5_V_fu_106                             |   9|          2|    4|          8|
    |c7_V_fu_98                              |   9|          2|    4|          8|
    |fifo_A_PE_1_079_blk_n                   |   9|          2|    1|          2|
    |indvar_flatten11_fu_110                 |   9|          2|   10|         20|
    |indvar_flatten_fu_102                   |   9|          2|    8|         16|
    +----------------------------------------+----+-----------+-----+-----------+
    |Total                                   |  99|         22|   55|        110|
    +----------------------------------------+----+-----------+-----+-----------+

    * Register: 
    +-------------------------+----+----+-----+-----------+
    |           Name          | FF | LUT| Bits| Const Bits|
    +-------------------------+----+----+-----+-----------+
    |ap_CS_fsm                |   1|   0|    1|          0|
    |ap_done_reg              |   1|   0|    1|          0|
    |ap_enable_reg_pp0_iter1  |   1|   0|    1|          0|
    |c5_V_fu_106              |   4|   0|    4|          0|
    |c7_V_fu_98               |   4|   0|    4|          0|
    |indvar_flatten11_fu_110  |  10|   0|   10|          0|
    |indvar_flatten_fu_102    |   8|   0|    8|          0|
    |trunc_ln62_reg_428       |   3|   0|    3|          0|
    +-------------------------+----+----+-----+-----------+
    |Total                    |  32|   0|   32|          0|
    +-------------------------+----+----+-----+-----------+



================================================================
== Interface
================================================================
* Summary: 
+------------------------+-----+-----+------------+----------------------------------------------------+--------------+
|        RTL Ports       | Dir | Bits|  Protocol  |                    Source Object                   |    C Type    |
+------------------------+-----+-----+------------+----------------------------------------------------+--------------+
|ap_clk                  |   in|    1|  ap_ctrl_hs|  A_IO_L2_in_intra_trans_Pipeline_VITIS_LOOP_62_1_VI|  return value|
|ap_rst                  |   in|    1|  ap_ctrl_hs|  A_IO_L2_in_intra_trans_Pipeline_VITIS_LOOP_62_1_VI|  return value|
|ap_start                |   in|    1|  ap_ctrl_hs|  A_IO_L2_in_intra_trans_Pipeline_VITIS_LOOP_62_1_VI|  return value|
|ap_done                 |  out|    1|  ap_ctrl_hs|  A_IO_L2_in_intra_trans_Pipeline_VITIS_LOOP_62_1_VI|  return value|
|ap_idle                 |  out|    1|  ap_ctrl_hs|  A_IO_L2_in_intra_trans_Pipeline_VITIS_LOOP_62_1_VI|  return value|
|ap_ready                |  out|    1|  ap_ctrl_hs|  A_IO_L2_in_intra_trans_Pipeline_VITIS_LOOP_62_1_VI|  return value|
|fifo_A_PE_1_079_din     |  out|   64|     ap_fifo|                                     fifo_A_PE_1_079|       pointer|
|fifo_A_PE_1_079_full_n  |   in|    1|     ap_fifo|                                     fifo_A_PE_1_079|       pointer|
|fifo_A_PE_1_079_write   |  out|    1|     ap_fifo|                                     fifo_A_PE_1_079|       pointer|
|local_A_address0        |  out|    3|   ap_memory|                                             local_A|         array|
|local_A_ce0             |  out|    1|   ap_memory|                                             local_A|         array|
|local_A_q0              |   in|  512|   ap_memory|                                             local_A|         array|
+------------------------+-----+-----+------------+----------------------------------------------------+--------------+

