

================================================================
== Vitis HLS Report for 'B_IO_L2_in_boundary'
================================================================
* Date:           Sat Oct 15 10:48:50 2022

* Version:        2021.1 (Build 3247384 on Thu Jun 10 19:36:07 MDT 2021)
* Project:        hls_prj
* Solution:       solution1 (Vivado IP Flow Target)
* Product family: virtexuplus
* Target device:  xcu200-fsgd2104-2-e


================================================================
== Performance Estimates
================================================================
+ Timing: 
    * Summary: 
    +--------+---------+----------+------------+
    |  Clock |  Target | Estimated| Uncertainty|
    +--------+---------+----------+------------+
    |ap_clk  |  5.00 ns|  3.604 ns|     1.35 ns|
    +--------+---------+----------+------------+

+ Latency: 
    * Summary: 
    +---------+---------+----------+----------+-----+-------+---------+
    |  Latency (cycles) |  Latency (absolute) |   Interval  | Pipeline|
    |   min   |   max   |    min   |    max   | min |  max  |   Type  |
    +---------+---------+----------+----------+-----+-------+---------+
    |      811|    33775|  4.055 us|  0.169 ms|  811|  33775|       no|
    +---------+---------+----------+----------+-----+-------+---------+

    + Detail: 
        * Instance: 
        +--------------------------------------------+---------------------------------+---------+---------+-----------+-----------+-----+-----+---------+
        |                                            |                                 |  Latency (cycles) |   Latency (absolute)  |  Interval | Pipeline|
        |                  Instance                  |              Module             |   min   |   max   |    min    |    max    | min | max |   Type  |
        +--------------------------------------------+---------------------------------+---------+---------+-----------+-----------+-----+-----+---------+
        |grp_B_IO_L2_in_intra_trans_fu_138           |B_IO_L2_in_intra_trans           |        1|      517|   5.000 ns|   2.585 us|    1|  517|       no|
        |grp_B_IO_L2_in_inter_trans_boundary_fu_148  |B_IO_L2_in_inter_trans_boundary  |       10|       10|  50.000 ns|  50.000 ns|   10|   10|       no|
        +--------------------------------------------+---------------------------------+---------+---------+-----------+-----------+-----+-----+---------+

        * Loop: 
        +-----------------------+---------+---------+------------+-----------+-----------+------+----------+
        |                       |  Latency (cycles) |  Iteration |  Initiation Interval  | Trip |          |
        |       Loop Name       |   min   |   max   |   Latency  |  achieved |   target  | Count| Pipelined|
        +-----------------------+---------+---------+------------+-----------+-----------+------+----------+
        |- VITIS_LOOP_615_1     |      808|    33256|  202 ~ 8314|          -|          -|     4|        no|
        | + VITIS_LOOP_616_2    |      200|     8312|   50 ~ 2078|          -|          -|     4|        no|
        |  ++ VITIS_LOOP_617_3  |       48|     2076|    12 ~ 519|          -|          -|     4|        no|
        +-----------------------+---------+---------+------------+-----------+-----------+------+----------+



================================================================
== Utilization Estimates
================================================================
* Summary: 
+---------------------+---------+------+---------+---------+-----+
|         Name        | BRAM_18K|  DSP |    FF   |   LUT   | URAM|
+---------------------+---------+------+---------+---------+-----+
|DSP                  |        -|     -|        -|        -|    -|
|Expression           |        -|     -|        0|       63|    -|
|FIFO                 |        -|     -|        -|        -|    -|
|Instance             |        -|     -|       60|     1426|    -|
|Memory               |       16|     -|        0|        0|    -|
|Multiplexer          |        -|     -|        -|      209|    -|
|Register             |        -|     -|       32|        -|    -|
+---------------------+---------+------+---------+---------+-----+
|Total                |       16|     0|       92|     1698|    0|
+---------------------+---------+------+---------+---------+-----+
|Available SLR        |     1440|  2280|   788160|   394080|  320|
+---------------------+---------+------+---------+---------+-----+
|Utilization SLR (%)  |        1|     0|       ~0|       ~0|    0|
+---------------------+---------+------+---------+---------+-----+
|Available            |     4320|  6840|  2364480|  1182240|  960|
+---------------------+---------+------+---------+---------+-----+
|Utilization (%)      |       ~0|     0|       ~0|       ~0|    0|
+---------------------+---------+------+---------+---------+-----+

+ Detail: 
    * Instance: 
    +--------------------------------------------+---------------------------------+---------+----+----+------+-----+
    |                  Instance                  |              Module             | BRAM_18K| DSP| FF |  LUT | URAM|
    +--------------------------------------------+---------------------------------+---------+----+----+------+-----+
    |grp_B_IO_L2_in_inter_trans_boundary_fu_148  |B_IO_L2_in_inter_trans_boundary  |        0|   0|  11|    70|    0|
    |grp_B_IO_L2_in_intra_trans_fu_138           |B_IO_L2_in_intra_trans           |        0|   0|  49|  1356|    0|
    +--------------------------------------------+---------------------------------+---------+----+----+------+-----+
    |Total                                       |                                 |        0|   0|  60|  1426|    0|
    +--------------------------------------------+---------------------------------+---------+----+----+------+-----+

    * DSP: 
    N/A

    * Memory: 
    +------------------+---------------------------+---------+---+----+-----+------+-----+------+-------------+
    |      Memory      |           Module          | BRAM_18K| FF| LUT| URAM| Words| Bits| Banks| W*Bits*Banks|
    +------------------+---------------------------+---------+---+----+-----+------+-----+------+-------------+
    |local_B_ping_V_U  |A_IO_L2_in_local_A_ping_V  |        8|  0|   0|    0|     8|  512|     1|         4096|
    |local_B_pong_V_U  |A_IO_L2_in_local_A_ping_V  |        8|  0|   0|    0|     8|  512|     1|         4096|
    +------------------+---------------------------+---------+---+----+-----+------+-----+------+-------------+
    |Total             |                           |       16|  0|   0|    0|    16| 1024|     2|         8192|
    +------------------+---------------------------+---------+---+----+-----+------+-----+------+-------------+

    * FIFO: 
    N/A

    * Expression: 
    +---------------------------------+----------+----+---+----+------------+------------+
    |          Variable Name          | Operation| DSP| FF| LUT| Bitwidth P0| Bitwidth P1|
    +---------------------------------+----------+----+---+----+------------+------------+
    |add_ln870_11_fu_181_p2           |         +|   0|  0|  10|           3|           1|
    |add_ln870_12_fu_197_p2           |         +|   0|  0|  10|           3|           1|
    |add_ln870_fu_169_p2              |         +|   0|  0|  10|           3|           1|
    |icmp_ln1069_16_fu_175_p2         |      icmp|   0|  0|   9|           3|           4|
    |icmp_ln1069_17_fu_191_p2         |      icmp|   0|  0|   9|           3|           4|
    |icmp_ln1069_fu_163_p2            |      icmp|   0|  0|   9|           3|           4|
    |ap_block_state1                  |        or|   0|  0|   2|           1|           1|
    |ap_block_state5_on_subcall_done  |        or|   0|  0|   2|           1|           1|
    |arb_fu_203_p2                    |       xor|   0|  0|   2|           1|           2|
    +---------------------------------+----------+----+---+----+------------+------------+
    |Total                            |          |   0|  0|  63|          21|          19|
    +---------------------------------+----------+----+---+----+------------+------------+

    * Multiplexer: 
    +---------------------------------------------------------+----+-----------+-----+-----------+
    |                           Name                          | LUT| Input Size| Bits| Total Bits|
    +---------------------------------------------------------+----+-----------+-----+-----------+
    |ap_NS_fsm                                                |  37|          7|    1|          7|
    |ap_done                                                  |   9|          2|    1|          2|
    |arb_1_reg_126                                            |   9|          2|    1|          2|
    |c0_V_fu_52                                               |   9|          2|    3|          6|
    |c1_V_reg_78                                              |   9|          2|    3|          6|
    |c2_V_reg_102                                             |   9|          2|    3|          6|
    |fifo_B_B_IO_L2_in_175_read                               |   9|          2|    1|          2|
    |fifo_B_PE_0_185_write                                    |   9|          2|    1|          2|
    |grp_B_IO_L2_in_intra_trans_fu_138_intra_trans_en_offset  |  14|          3|    1|          3|
    |grp_B_IO_L2_in_intra_trans_fu_138_local_B_q0             |  14|          3|  512|       1536|
    |intra_trans_en_1_reg_89                                  |   9|          2|    1|          2|
    |intra_trans_en_2_reg_113                                 |   9|          2|    1|          2|
    |local_B_ping_V_ce0                                       |   9|          2|    1|          2|
    |local_B_ping_V_ce1                                       |   9|          2|    1|          2|
    |local_B_ping_V_we1                                       |   9|          2|    1|          2|
    |local_B_pong_V_ce0                                       |   9|          2|    1|          2|
    |local_B_pong_V_ce1                                       |   9|          2|    1|          2|
    |local_B_pong_V_we1                                       |   9|          2|    1|          2|
    |real_start                                               |   9|          2|    1|          2|
    +---------------------------------------------------------+----+-----------+-----+-----------+
    |Total                                                    | 209|         45|  536|       1590|
    +---------------------------------------------------------+----+-----------+-----+-----------+

    * Register: 
    +---------------------------------------------------------+---+----+-----+-----------+
    |                           Name                          | FF| LUT| Bits| Const Bits|
    +---------------------------------------------------------+---+----+-----+-----------+
    |add_ln870_11_reg_227                                     |  3|   0|    3|          0|
    |add_ln870_12_reg_235                                     |  3|   0|    3|          0|
    |add_ln870_reg_219                                        |  3|   0|    3|          0|
    |ap_CS_fsm                                                |  6|   0|    6|          0|
    |ap_done_reg                                              |  1|   0|    1|          0|
    |arb_1_reg_126                                            |  1|   0|    1|          0|
    |c0_V_fu_52                                               |  3|   0|    3|          0|
    |c1_V_reg_78                                              |  3|   0|    3|          0|
    |c2_V_reg_102                                             |  3|   0|    3|          0|
    |grp_B_IO_L2_in_inter_trans_boundary_fu_148_ap_start_reg  |  1|   0|    1|          0|
    |grp_B_IO_L2_in_intra_trans_fu_138_ap_start_reg           |  1|   0|    1|          0|
    |intra_trans_en_1_reg_89                                  |  1|   0|    1|          0|
    |intra_trans_en_2_reg_113                                 |  1|   0|    1|          0|
    |intra_trans_en_reg_64                                    |  1|   0|    1|          0|
    |start_once_reg                                           |  1|   0|    1|          0|
    +---------------------------------------------------------+---+----+-----+-----------+
    |Total                                                    | 32|   0|   32|          0|
    +---------------------------------------------------------+---+----+-----+-----------+



================================================================
== Interface
================================================================
* Summary: 
+-------------------------------+-----+-----+------------+-----------------------+--------------+
|           RTL Ports           | Dir | Bits|  Protocol  |     Source Object     |    C Type    |
+-------------------------------+-----+-----+------------+-----------------------+--------------+
|ap_clk                         |   in|    1|  ap_ctrl_hs|    B_IO_L2_in_boundary|  return value|
|ap_rst                         |   in|    1|  ap_ctrl_hs|    B_IO_L2_in_boundary|  return value|
|ap_start                       |   in|    1|  ap_ctrl_hs|    B_IO_L2_in_boundary|  return value|
|start_full_n                   |   in|    1|  ap_ctrl_hs|    B_IO_L2_in_boundary|  return value|
|ap_done                        |  out|    1|  ap_ctrl_hs|    B_IO_L2_in_boundary|  return value|
|ap_continue                    |   in|    1|  ap_ctrl_hs|    B_IO_L2_in_boundary|  return value|
|ap_idle                        |  out|    1|  ap_ctrl_hs|    B_IO_L2_in_boundary|  return value|
|ap_ready                       |  out|    1|  ap_ctrl_hs|    B_IO_L2_in_boundary|  return value|
|start_out                      |  out|    1|  ap_ctrl_hs|    B_IO_L2_in_boundary|  return value|
|start_write                    |  out|    1|  ap_ctrl_hs|    B_IO_L2_in_boundary|  return value|
|fifo_B_B_IO_L2_in_175_dout     |   in|  512|     ap_fifo|  fifo_B_B_IO_L2_in_175|       pointer|
|fifo_B_B_IO_L2_in_175_empty_n  |   in|    1|     ap_fifo|  fifo_B_B_IO_L2_in_175|       pointer|
|fifo_B_B_IO_L2_in_175_read     |  out|    1|     ap_fifo|  fifo_B_B_IO_L2_in_175|       pointer|
|fifo_B_PE_0_185_din            |  out|   64|     ap_fifo|        fifo_B_PE_0_185|       pointer|
|fifo_B_PE_0_185_full_n         |   in|    1|     ap_fifo|        fifo_B_PE_0_185|       pointer|
|fifo_B_PE_0_185_write          |  out|    1|     ap_fifo|        fifo_B_PE_0_185|       pointer|
+-------------------------------+-----+-----+------------+-----------------------+--------------+

