

================================================================
== Vitis HLS Report for 'B_IO_L3_in_serialize'
================================================================
* Date:           Sat Oct 15 10:48:38 2022

* Version:        2021.1 (Build 3247384 on Thu Jun 10 19:36:07 MDT 2021)
* Project:        hls_prj
* Solution:       solution1 (Vivado IP Flow Target)
* Product family: virtexuplus
* Target device:  xcu200-fsgd2104-2-e


================================================================
== Performance Estimates
================================================================
+ Timing: 
    * Summary: 
    +--------+---------+----------+------------+
    |  Clock |  Target | Estimated| Uncertainty|
    +--------+---------+----------+------------+
    |ap_clk  |  5.00 ns|  3.650 ns|     1.35 ns|
    +--------+---------+----------+------------+

+ Latency: 
    * Summary: 
    +---------+---------+----------+----------+------+------+---------+
    |  Latency (cycles) |  Latency (absolute) |   Interval  | Pipeline|
    |   min   |   max   |    min   |    max   |  min |  max |   Type  |
    +---------+---------+----------+----------+------+------+---------+
    |     1035|     1035|  5.175 us|  5.175 us|  1035|  1035|       no|
    +---------+---------+----------+----------+------+------+---------+

    + Detail: 
        * Instance: 
        N/A

        * Loop: 
        N/A

============================================================
+ Verbose Summary: Synthesis Manager
============================================================
InlineROM: 1
ExposeGlobal: 0
============================================================
+ Verbose Summary: CDFG Model
============================================================
IsTopModel: 0
ResetActiveHigh: 1
IsCombinational: 2
IsDatapathOnly: 0
HasWiredReturn: 1
HasMFsm: 0
HasVarLatency: 1
IsPipeline: 0
IsRtlPipelined: 0
IsInstanceOverlapped: 0
IsDontTouch: 0
HasImplIP: 0
IsGatedGlobalClock: 0


============================================================
+ Verbose Summary: Schedule
============================================================
* Number of FSM states : 9
* Pipeline : 0
* Dataflow Pipeline: 0

* FSM state transitions: 
1 --> 2 
2 --> 3 
3 --> 4 
4 --> 5 
5 --> 6 
6 --> 7 
7 --> 8 
8 --> 9 
9 --> 

* FSM state operations: 

State 1 <SV = 0> <Delay = 3.65>
ST_1 : Operation 10 [1/1] (0.00ns)   --->   "%B_read = read i64 @_ssdm_op_Read.ap_auto.i64, i64 %B" [src/kernel_kernel.cpp:383]   --->   Operation 10 'read' 'B_read' <Predicate = true> <Delay = 0.00>
ST_1 : Operation 11 [1/1] (0.00ns)   --->   "%trunc_ln = partselect i58 @_ssdm_op_PartSelect.i58.i64.i32.i32, i64 %B_read, i32 6, i32 63" [src/kernel_kernel.cpp:383]   --->   Operation 11 'partselect' 'trunc_ln' <Predicate = true> <Delay = 0.00>
ST_1 : Operation 12 [1/1] (0.00ns)   --->   "%sext_ln383 = sext i58 %trunc_ln" [src/kernel_kernel.cpp:383]   --->   Operation 12 'sext' 'sext_ln383' <Predicate = true> <Delay = 0.00>
ST_1 : Operation 13 [1/1] (0.00ns)   --->   "%gmem_B_addr = getelementptr i512 %gmem_B, i64 %sext_ln383" [src/kernel_kernel.cpp:383]   --->   Operation 13 'getelementptr' 'gmem_B_addr' <Predicate = true> <Delay = 0.00>
ST_1 : Operation 14 [7/7] (3.65ns)   --->   "%empty = readreq i1 @_ssdm_op_ReadReq.m_axi.p1i512, i512 %gmem_B_addr, i32 1024" [src/kernel_kernel.cpp:383]   --->   Operation 14 'readreq' 'empty' <Predicate = true> <Delay = 3.65> <CoreInst = "m_axi">   --->   Core 121 'm_axi' <Latency = 5> <II = 1> <Delay = 1.00> <Adapter> <Opcode : 'read' 'write' 'readreq' 'writereq' 'writeresp'>

State 2 <SV = 1> <Delay = 3.65>
ST_2 : Operation 15 [6/7] (3.65ns)   --->   "%empty = readreq i1 @_ssdm_op_ReadReq.m_axi.p1i512, i512 %gmem_B_addr, i32 1024" [src/kernel_kernel.cpp:383]   --->   Operation 15 'readreq' 'empty' <Predicate = true> <Delay = 3.65> <CoreInst = "m_axi">   --->   Core 121 'm_axi' <Latency = 5> <II = 1> <Delay = 1.00> <Adapter> <Opcode : 'read' 'write' 'readreq' 'writereq' 'writeresp'>

State 3 <SV = 2> <Delay = 3.65>
ST_3 : Operation 16 [5/7] (3.65ns)   --->   "%empty = readreq i1 @_ssdm_op_ReadReq.m_axi.p1i512, i512 %gmem_B_addr, i32 1024" [src/kernel_kernel.cpp:383]   --->   Operation 16 'readreq' 'empty' <Predicate = true> <Delay = 3.65> <CoreInst = "m_axi">   --->   Core 121 'm_axi' <Latency = 5> <II = 1> <Delay = 1.00> <Adapter> <Opcode : 'read' 'write' 'readreq' 'writereq' 'writeresp'>

State 4 <SV = 3> <Delay = 3.65>
ST_4 : Operation 17 [4/7] (3.65ns)   --->   "%empty = readreq i1 @_ssdm_op_ReadReq.m_axi.p1i512, i512 %gmem_B_addr, i32 1024" [src/kernel_kernel.cpp:383]   --->   Operation 17 'readreq' 'empty' <Predicate = true> <Delay = 3.65> <CoreInst = "m_axi">   --->   Core 121 'm_axi' <Latency = 5> <II = 1> <Delay = 1.00> <Adapter> <Opcode : 'read' 'write' 'readreq' 'writereq' 'writeresp'>

State 5 <SV = 4> <Delay = 3.65>
ST_5 : Operation 18 [3/7] (3.65ns)   --->   "%empty = readreq i1 @_ssdm_op_ReadReq.m_axi.p1i512, i512 %gmem_B_addr, i32 1024" [src/kernel_kernel.cpp:383]   --->   Operation 18 'readreq' 'empty' <Predicate = true> <Delay = 3.65> <CoreInst = "m_axi">   --->   Core 121 'm_axi' <Latency = 5> <II = 1> <Delay = 1.00> <Adapter> <Opcode : 'read' 'write' 'readreq' 'writereq' 'writeresp'>

State 6 <SV = 5> <Delay = 3.65>
ST_6 : Operation 19 [2/7] (3.65ns)   --->   "%empty = readreq i1 @_ssdm_op_ReadReq.m_axi.p1i512, i512 %gmem_B_addr, i32 1024" [src/kernel_kernel.cpp:383]   --->   Operation 19 'readreq' 'empty' <Predicate = true> <Delay = 3.65> <CoreInst = "m_axi">   --->   Core 121 'm_axi' <Latency = 5> <II = 1> <Delay = 1.00> <Adapter> <Opcode : 'read' 'write' 'readreq' 'writereq' 'writeresp'>

State 7 <SV = 6> <Delay = 3.65>
ST_7 : Operation 20 [1/7] (3.65ns)   --->   "%empty = readreq i1 @_ssdm_op_ReadReq.m_axi.p1i512, i512 %gmem_B_addr, i32 1024" [src/kernel_kernel.cpp:383]   --->   Operation 20 'readreq' 'empty' <Predicate = true> <Delay = 3.65> <CoreInst = "m_axi">   --->   Core 121 'm_axi' <Latency = 5> <II = 1> <Delay = 1.00> <Adapter> <Opcode : 'read' 'write' 'readreq' 'writereq' 'writeresp'>

State 8 <SV = 7> <Delay = 0.00>
ST_8 : Operation 21 [1/1] (0.00ns)   --->   "%empty_147 = wait i32 @_ssdm_op_Wait"   --->   Operation 21 'wait' 'empty_147' <Predicate = true> <Delay = 0.00>
ST_8 : Operation 22 [2/2] (0.00ns)   --->   "%call_ln383 = call void @B_IO_L3_in_serialize_Pipeline_VITIS_LOOP_383_1, i512 %gmem_B, i58 %trunc_ln, i512 %fifo_B_B_IO_L3_in_serialize70" [src/kernel_kernel.cpp:383]   --->   Operation 22 'call' 'call_ln383' <Predicate = true> <Delay = 0.00> <CoreType = "Generic">   --->   Core 0 '' <Latency = 0> <II = 1> <Delay = 1.00> <Generic> <Opcode : >

State 9 <SV = 8> <Delay = 0.00>
ST_9 : Operation 23 [1/1] (0.00ns)   --->   "%specinterface_ln0 = specinterface void @_ssdm_op_SpecInterface, i512 %fifo_B_B_IO_L3_in_serialize70, void @empty_49, i32 0, i32 0, void @empty_13, i32 0, i32 0, void @empty_13, void @empty_13, void @empty_13, i32 0, i32 0, i32 0, i32 0, void @empty_13, void @empty_13"   --->   Operation 23 'specinterface' 'specinterface_ln0' <Predicate = true> <Delay = 0.00>
ST_9 : Operation 24 [1/1] (0.00ns)   --->   "%specinterface_ln0 = specinterface void @_ssdm_op_SpecInterface, i512 %gmem_B, void @empty_50, i32 0, i32 0, void @empty_13, i32 0, i32 0, void @empty_28, void @empty_7, void @empty_13, i32 16, i32 16, i32 16, i32 16, void @empty_13, void @empty_13"   --->   Operation 24 'specinterface' 'specinterface_ln0' <Predicate = true> <Delay = 0.00>
ST_9 : Operation 25 [1/2] (0.00ns)   --->   "%call_ln383 = call void @B_IO_L3_in_serialize_Pipeline_VITIS_LOOP_383_1, i512 %gmem_B, i58 %trunc_ln, i512 %fifo_B_B_IO_L3_in_serialize70" [src/kernel_kernel.cpp:383]   --->   Operation 25 'call' 'call_ln383' <Predicate = true> <Delay = 0.00> <CoreType = "Generic">   --->   Core 0 '' <Latency = 0> <II = 1> <Delay = 1.00> <Generic> <Opcode : >
ST_9 : Operation 26 [1/1] (0.00ns)   --->   "%ret_ln389 = ret" [src/kernel_kernel.cpp:389]   --->   Operation 26 'ret' 'ret_ln389' <Predicate = true> <Delay = 0.00>


============================================================
+ Verbose Summary: Timing violations
============================================================
Target clock period: 5ns, clock uncertainty: 1.35ns.

 <State 1>: 3.65ns
The critical path consists of the following:
	wire read operation ('B_read', src/kernel_kernel.cpp:383) on port 'B' (src/kernel_kernel.cpp:383) [6]  (0 ns)
	'getelementptr' operation ('gmem_B_addr', src/kernel_kernel.cpp:383) [9]  (0 ns)
	bus request operation ('empty', src/kernel_kernel.cpp:383) on port 'gmem_B' (src/kernel_kernel.cpp:383) [10]  (3.65 ns)

 <State 2>: 3.65ns
The critical path consists of the following:
	bus request operation ('empty', src/kernel_kernel.cpp:383) on port 'gmem_B' (src/kernel_kernel.cpp:383) [10]  (3.65 ns)

 <State 3>: 3.65ns
The critical path consists of the following:
	bus request operation ('empty', src/kernel_kernel.cpp:383) on port 'gmem_B' (src/kernel_kernel.cpp:383) [10]  (3.65 ns)

 <State 4>: 3.65ns
The critical path consists of the following:
	bus request operation ('empty', src/kernel_kernel.cpp:383) on port 'gmem_B' (src/kernel_kernel.cpp:383) [10]  (3.65 ns)

 <State 5>: 3.65ns
The critical path consists of the following:
	bus request operation ('empty', src/kernel_kernel.cpp:383) on port 'gmem_B' (src/kernel_kernel.cpp:383) [10]  (3.65 ns)

 <State 6>: 3.65ns
The critical path consists of the following:
	bus request operation ('empty', src/kernel_kernel.cpp:383) on port 'gmem_B' (src/kernel_kernel.cpp:383) [10]  (3.65 ns)

 <State 7>: 3.65ns
The critical path consists of the following:
	bus request operation ('empty', src/kernel_kernel.cpp:383) on port 'gmem_B' (src/kernel_kernel.cpp:383) [10]  (3.65 ns)

 <State 8>: 0ns
The critical path consists of the following:

 <State 9>: 0ns
The critical path consists of the following:


============================================================
+ Verbose Summary: Binding
============================================================
N/A
* FSMD analyzer results:
  - Output states:
 - Input state : 
  - Chain level:
	State 1
	State 2
	State 3
	State 4
	State 5
	State 6
	State 7
	State 8
	State 9


============================================================
+ Verbose Summary: Datapath Resource usage 
============================================================
N/A
