

================================================================
== Vitis HLS Report for 'B_IO_L2_in_boundary'
================================================================
* Date:           Sat Oct 15 10:48:39 2022

* Version:        2021.1 (Build 3247384 on Thu Jun 10 19:36:07 MDT 2021)
* Project:        hls_prj
* Solution:       solution1 (Vivado IP Flow Target)
* Product family: virtexuplus
* Target device:  xcu200-fsgd2104-2-e


================================================================
== Performance Estimates
================================================================
+ Timing: 
    * Summary: 
    +--------+---------+----------+------------+
    |  Clock |  Target | Estimated| Uncertainty|
    +--------+---------+----------+------------+
    |ap_clk  |  5.00 ns|  3.604 ns|     1.35 ns|
    +--------+---------+----------+------------+

+ Latency: 
    * Summary: 
    +---------+---------+----------+----------+-----+-------+---------+
    |  Latency (cycles) |  Latency (absolute) |   Interval  | Pipeline|
    |   min   |   max   |    min   |    max   | min |  max  |   Type  |
    +---------+---------+----------+----------+-----+-------+---------+
    |      811|    33775|  4.055 us|  0.169 ms|  811|  33775|       no|
    +---------+---------+----------+----------+-----+-------+---------+

    + Detail: 
        * Instance: 
        N/A

        * Loop: 
        +-----------------------+---------+---------+------------+-----------+-----------+------+----------+
        |                       |  Latency (cycles) |  Iteration |  Initiation Interval  | Trip |          |
        |       Loop Name       |   min   |   max   |   Latency  |  achieved |   target  | Count| Pipelined|
        +-----------------------+---------+---------+------------+-----------+-----------+------+----------+
        |- VITIS_LOOP_615_1     |      808|    33256|  202 ~ 8314|          -|          -|     4|        no|
        | + VITIS_LOOP_616_2    |      200|     8312|   50 ~ 2078|          -|          -|     4|        no|
        |  ++ VITIS_LOOP_617_3  |       48|     2076|    12 ~ 519|          -|          -|     4|        no|
        +-----------------------+---------+---------+------------+-----------+-----------+------+----------+

============================================================
+ Verbose Summary: Synthesis Manager
============================================================
InlineROM: 1
ExposeGlobal: 0
============================================================
+ Verbose Summary: CDFG Model
============================================================
IsTopModel: 0
ResetActiveHigh: 1
IsCombinational: 2
IsDatapathOnly: 0
HasWiredReturn: 1
HasMFsm: 0
HasVarLatency: 1
IsPipeline: 0
IsRtlPipelined: 0
IsInstanceOverlapped: 0
IsDontTouch: 0
HasImplIP: 0
IsGatedGlobalClock: 0


============================================================
+ Verbose Summary: Schedule
============================================================
* Number of FSM states : 6
* Pipeline : 0
* Dataflow Pipeline: 0

* FSM state transitions: 
1 --> 2 
2 --> 6 3 
3 --> 4 2 
4 --> 5 3 
5 --> 4 
6 --> 

* FSM state operations: 

State 1 <SV = 0> <Delay = 0.38>
ST_1 : Operation 7 [1/1] (0.00ns)   --->   "%c0_V = alloca i32 1"   --->   Operation 7 'alloca' 'c0_V' <Predicate = true> <Delay = 0.00>
ST_1 : Operation 8 [1/1] (0.00ns)   --->   "%specmemcore_ln0 = specmemcore void @_ssdm_op_SpecMemCore, i64 %fifo_B_PE_0_185, i64 666, i64 10, i64 18446744073709551615"   --->   Operation 8 'specmemcore' 'specmemcore_ln0' <Predicate = true> <Delay = 0.00>
ST_1 : Operation 9 [1/1] (0.00ns)   --->   "%specmemcore_ln0 = specmemcore void @_ssdm_op_SpecMemCore, i512 %fifo_B_B_IO_L2_in_175, i64 666, i64 10, i64 18446744073709551615"   --->   Operation 9 'specmemcore' 'specmemcore_ln0' <Predicate = true> <Delay = 0.00>
ST_1 : Operation 10 [1/1] (0.00ns)   --->   "%specinterface_ln0 = specinterface void @_ssdm_op_SpecInterface, i64 %fifo_B_PE_0_185, void @empty_49, i32 0, i32 0, void @empty_13, i32 0, i32 0, void @empty_13, void @empty_13, void @empty_13, i32 0, i32 0, i32 0, i32 0, void @empty_13, void @empty_13"   --->   Operation 10 'specinterface' 'specinterface_ln0' <Predicate = true> <Delay = 0.00>
ST_1 : Operation 11 [1/1] (0.00ns)   --->   "%specinterface_ln0 = specinterface void @_ssdm_op_SpecInterface, i512 %fifo_B_B_IO_L2_in_175, void @empty_49, i32 0, i32 0, void @empty_13, i32 0, i32 0, void @empty_13, void @empty_13, void @empty_13, i32 0, i32 0, i32 0, i32 0, void @empty_13, void @empty_13"   --->   Operation 11 'specinterface' 'specinterface_ln0' <Predicate = true> <Delay = 0.00>
ST_1 : Operation 12 [1/1] (0.00ns)   --->   "%local_B_ping_V = alloca i64 1" [src/kernel_kernel.cpp:602]   --->   Operation 12 'alloca' 'local_B_ping_V' <Predicate = true> <Delay = 0.00> <CoreInst = "RAM_2P_BRAM">   --->   Core 94 'RAM_2P_BRAM' <Latency = 1> <II = 1> <Delay = 1.20> <Storage> <Opcode : 'load' 'store'> <Ports = 2> <Width = 512> <Depth = 8> <RAM>
ST_1 : Operation 13 [1/1] (0.00ns)   --->   "%local_B_pong_V = alloca i64 1" [src/kernel_kernel.cpp:604]   --->   Operation 13 'alloca' 'local_B_pong_V' <Predicate = true> <Delay = 0.00> <CoreInst = "RAM_2P_BRAM">   --->   Core 94 'RAM_2P_BRAM' <Latency = 1> <II = 1> <Delay = 1.20> <Storage> <Opcode : 'load' 'store'> <Ports = 2> <Width = 512> <Depth = 8> <RAM>
ST_1 : Operation 14 [1/1] (0.00ns)   --->   "%specmemcore_ln602 = specmemcore void @_ssdm_op_SpecMemCore, i512 %local_B_ping_V, i64 666, i64 22, i64 18446744073709551615" [src/kernel_kernel.cpp:602]   --->   Operation 14 'specmemcore' 'specmemcore_ln602' <Predicate = true> <Delay = 0.00>
ST_1 : Operation 15 [1/1] (0.00ns)   --->   "%specmemcore_ln604 = specmemcore void @_ssdm_op_SpecMemCore, i512 %local_B_pong_V, i64 666, i64 22, i64 18446744073709551615" [src/kernel_kernel.cpp:604]   --->   Operation 15 'specmemcore' 'specmemcore_ln604' <Predicate = true> <Delay = 0.00>
ST_1 : Operation 16 [1/1] (0.38ns)   --->   "%store_ln615 = store i3 0, i3 %c0_V" [src/kernel_kernel.cpp:615]   --->   Operation 16 'store' 'store_ln615' <Predicate = true> <Delay = 0.38>
ST_1 : Operation 17 [1/1] (0.38ns)   --->   "%br_ln615 = br void" [src/kernel_kernel.cpp:615]   --->   Operation 17 'br' 'br_ln615' <Predicate = true> <Delay = 0.38>

State 2 <SV = 1> <Delay = 0.91>
ST_2 : Operation 18 [1/1] (0.00ns)   --->   "%intra_trans_en = phi i1 1, void, i1 0, void"   --->   Operation 18 'phi' 'intra_trans_en' <Predicate = true> <Delay = 0.00>
ST_2 : Operation 19 [1/1] (0.00ns)   --->   "%c0_V_1 = load i3 %c0_V"   --->   Operation 19 'load' 'c0_V_1' <Predicate = true> <Delay = 0.00>
ST_2 : Operation 20 [1/1] (0.49ns)   --->   "%icmp_ln1069 = icmp_eq  i3 %c0_V_1, i3 4"   --->   Operation 20 'icmp' 'icmp_ln1069' <Predicate = true> <Delay = 0.49> <CoreInst = "Cmp">   --->   Core 9 'Cmp' <Latency = 0> <II = 1> <Delay = 0.49> <FuncUnit> <Opcode : 'icmp'> <InPorts = 2> <OutPorts = 1>
ST_2 : Operation 21 [1/1] (0.00ns)   --->   "%empty = speclooptripcount i32 @_ssdm_op_SpecLoopTripCount, i64 4, i64 4, i64 4"   --->   Operation 21 'speclooptripcount' 'empty' <Predicate = true> <Delay = 0.00>
ST_2 : Operation 22 [1/1] (0.57ns)   --->   "%add_ln870 = add i3 %c0_V_1, i3 1"   --->   Operation 22 'add' 'add_ln870' <Predicate = true> <Delay = 0.57> <CoreInst = "Adder">   --->   Core 1 'Adder' <Latency = 0> <II = 1> <Delay = 0.57> <FuncUnit> <Opcode : 'add' 'sub'> <InPorts = 2> <OutPorts = 1>
ST_2 : Operation 23 [1/1] (0.00ns)   --->   "%br_ln615 = br i1 %icmp_ln1069, void %.split4, void" [src/kernel_kernel.cpp:615]   --->   Operation 23 'br' 'br_ln615' <Predicate = true> <Delay = 0.00>
ST_2 : Operation 24 [1/1] (0.00ns)   --->   "%specloopname_ln615 = specloopname void @_ssdm_op_SpecLoopName, void @empty_15" [src/kernel_kernel.cpp:615]   --->   Operation 24 'specloopname' 'specloopname_ln615' <Predicate = (!icmp_ln1069)> <Delay = 0.00>
ST_2 : Operation 25 [1/1] (0.38ns)   --->   "%br_ln616 = br void" [src/kernel_kernel.cpp:616]   --->   Operation 25 'br' 'br_ln616' <Predicate = (!icmp_ln1069)> <Delay = 0.38>
ST_2 : Operation 26 [2/2] (0.41ns)   --->   "%call_ln668 = call void @B_IO_L2_in_intra_trans, i512 %local_B_ping_V, i64 %fifo_B_PE_0_185, i1 1" [src/kernel_kernel.cpp:668]   --->   Operation 26 'call' 'call_ln668' <Predicate = (icmp_ln1069)> <Delay = 0.41> <CoreType = "Generic">   --->   Core 0 '' <Latency = 0> <II = 1> <Delay = 1.00> <Generic> <Opcode : >

State 3 <SV = 2> <Delay = 0.88>
ST_3 : Operation 27 [1/1] (0.00ns)   --->   "%c1_V = phi i3 %add_ln870_11, void, i3 0, void %.split4"   --->   Operation 27 'phi' 'c1_V' <Predicate = true> <Delay = 0.00>
ST_3 : Operation 28 [1/1] (0.00ns)   --->   "%intra_trans_en_1 = phi i1 1, void, i1 %intra_trans_en, void %.split4"   --->   Operation 28 'phi' 'intra_trans_en_1' <Predicate = true> <Delay = 0.00>
ST_3 : Operation 29 [1/1] (0.49ns)   --->   "%icmp_ln1069_16 = icmp_eq  i3 %c1_V, i3 4"   --->   Operation 29 'icmp' 'icmp_ln1069_16' <Predicate = true> <Delay = 0.49> <CoreInst = "Cmp">   --->   Core 9 'Cmp' <Latency = 0> <II = 1> <Delay = 0.49> <FuncUnit> <Opcode : 'icmp'> <InPorts = 2> <OutPorts = 1>
ST_3 : Operation 30 [1/1] (0.00ns)   --->   "%empty_153 = speclooptripcount i32 @_ssdm_op_SpecLoopTripCount, i64 4, i64 4, i64 4"   --->   Operation 30 'speclooptripcount' 'empty_153' <Predicate = true> <Delay = 0.00>
ST_3 : Operation 31 [1/1] (0.57ns)   --->   "%add_ln870_11 = add i3 %c1_V, i3 1"   --->   Operation 31 'add' 'add_ln870_11' <Predicate = true> <Delay = 0.57> <CoreInst = "Adder">   --->   Core 1 'Adder' <Latency = 0> <II = 1> <Delay = 0.57> <FuncUnit> <Opcode : 'add' 'sub'> <InPorts = 2> <OutPorts = 1>
ST_3 : Operation 32 [1/1] (0.00ns)   --->   "%br_ln616 = br i1 %icmp_ln1069_16, void %.split2, void" [src/kernel_kernel.cpp:616]   --->   Operation 32 'br' 'br_ln616' <Predicate = true> <Delay = 0.00>
ST_3 : Operation 33 [1/1] (0.00ns)   --->   "%specloopname_ln616 = specloopname void @_ssdm_op_SpecLoopName, void @empty_55" [src/kernel_kernel.cpp:616]   --->   Operation 33 'specloopname' 'specloopname_ln616' <Predicate = (!icmp_ln1069_16)> <Delay = 0.00>
ST_3 : Operation 34 [1/1] (0.38ns)   --->   "%br_ln617 = br void" [src/kernel_kernel.cpp:617]   --->   Operation 34 'br' 'br_ln617' <Predicate = (!icmp_ln1069_16)> <Delay = 0.38>
ST_3 : Operation 35 [1/1] (0.38ns)   --->   "%store_ln870 = store i3 %add_ln870, i3 %c0_V"   --->   Operation 35 'store' 'store_ln870' <Predicate = (icmp_ln1069_16)> <Delay = 0.38>
ST_3 : Operation 36 [1/1] (0.00ns)   --->   "%br_ln0 = br void"   --->   Operation 36 'br' 'br_ln0' <Predicate = (icmp_ln1069_16)> <Delay = 0.00>

State 4 <SV = 3> <Delay = 0.91>
ST_4 : Operation 37 [1/1] (0.00ns)   --->   "%c2_V = phi i3 0, void %.split2, i3 %add_ln870_12, void"   --->   Operation 37 'phi' 'c2_V' <Predicate = true> <Delay = 0.00>
ST_4 : Operation 38 [1/1] (0.00ns)   --->   "%intra_trans_en_2 = phi i1 %intra_trans_en_1, void %.split2, i1 1, void"   --->   Operation 38 'phi' 'intra_trans_en_2' <Predicate = true> <Delay = 0.00>
ST_4 : Operation 39 [1/1] (0.00ns)   --->   "%arb_1 = phi i1 0, void %.split2, i1 %arb, void"   --->   Operation 39 'phi' 'arb_1' <Predicate = true> <Delay = 0.00>
ST_4 : Operation 40 [1/1] (0.49ns)   --->   "%icmp_ln1069_17 = icmp_eq  i3 %c2_V, i3 4"   --->   Operation 40 'icmp' 'icmp_ln1069_17' <Predicate = true> <Delay = 0.49> <CoreInst = "Cmp">   --->   Core 9 'Cmp' <Latency = 0> <II = 1> <Delay = 0.49> <FuncUnit> <Opcode : 'icmp'> <InPorts = 2> <OutPorts = 1>
ST_4 : Operation 41 [1/1] (0.00ns)   --->   "%empty_154 = speclooptripcount i32 @_ssdm_op_SpecLoopTripCount, i64 4, i64 4, i64 4"   --->   Operation 41 'speclooptripcount' 'empty_154' <Predicate = true> <Delay = 0.00>
ST_4 : Operation 42 [1/1] (0.57ns)   --->   "%add_ln870_12 = add i3 %c2_V, i3 1"   --->   Operation 42 'add' 'add_ln870_12' <Predicate = true> <Delay = 0.57> <CoreInst = "Adder">   --->   Core 1 'Adder' <Latency = 0> <II = 1> <Delay = 0.57> <FuncUnit> <Opcode : 'add' 'sub'> <InPorts = 2> <OutPorts = 1>
ST_4 : Operation 43 [1/1] (0.00ns)   --->   "%br_ln617 = br i1 %icmp_ln1069_17, void %.split, void" [src/kernel_kernel.cpp:617]   --->   Operation 43 'br' 'br_ln617' <Predicate = true> <Delay = 0.00>
ST_4 : Operation 44 [1/1] (0.00ns)   --->   "%specloopname_ln617 = specloopname void @_ssdm_op_SpecLoopName, void @empty_54" [src/kernel_kernel.cpp:617]   --->   Operation 44 'specloopname' 'specloopname_ln617' <Predicate = (!icmp_ln1069_17)> <Delay = 0.00>
ST_4 : Operation 45 [1/1] (0.00ns)   --->   "%br_ln621 = br i1 %arb_1, void, void" [src/kernel_kernel.cpp:621]   --->   Operation 45 'br' 'br_ln621' <Predicate = (!icmp_ln1069_17)> <Delay = 0.00>
ST_4 : Operation 46 [2/2] (0.38ns)   --->   "%call_ln622 = call void @B_IO_L2_in_inter_trans_boundary, i512 %local_B_pong_V, i512 %fifo_B_B_IO_L2_in_175" [src/kernel_kernel.cpp:622]   --->   Operation 46 'call' 'call_ln622' <Predicate = (!icmp_ln1069_17 & !arb_1)> <Delay = 0.38> <CoreType = "Generic">   --->   Core 0 '' <Latency = 0> <II = 1> <Delay = 1.00> <Generic> <Opcode : >
ST_4 : Operation 47 [2/2] (0.41ns)   --->   "%call_ln631 = call void @B_IO_L2_in_intra_trans, i512 %local_B_ping_V, i64 %fifo_B_PE_0_185, i1 %intra_trans_en_2" [src/kernel_kernel.cpp:631]   --->   Operation 47 'call' 'call_ln631' <Predicate = (!icmp_ln1069_17 & !arb_1)> <Delay = 0.41> <CoreType = "Generic">   --->   Core 0 '' <Latency = 0> <II = 1> <Delay = 1.00> <Generic> <Opcode : >
ST_4 : Operation 48 [2/2] (0.38ns)   --->   "%call_ln641 = call void @B_IO_L2_in_inter_trans_boundary, i512 %local_B_ping_V, i512 %fifo_B_B_IO_L2_in_175" [src/kernel_kernel.cpp:641]   --->   Operation 48 'call' 'call_ln641' <Predicate = (!icmp_ln1069_17 & arb_1)> <Delay = 0.38> <CoreType = "Generic">   --->   Core 0 '' <Latency = 0> <II = 1> <Delay = 1.00> <Generic> <Opcode : >
ST_4 : Operation 49 [2/2] (0.41ns)   --->   "%call_ln650 = call void @B_IO_L2_in_intra_trans, i512 %local_B_pong_V, i64 %fifo_B_PE_0_185, i1 %intra_trans_en_2" [src/kernel_kernel.cpp:650]   --->   Operation 49 'call' 'call_ln650' <Predicate = (!icmp_ln1069_17 & arb_1)> <Delay = 0.41> <CoreType = "Generic">   --->   Core 0 '' <Latency = 0> <II = 1> <Delay = 1.00> <Generic> <Opcode : >
ST_4 : Operation 50 [1/1] (0.00ns)   --->   "%br_ln0 = br void"   --->   Operation 50 'br' 'br_ln0' <Predicate = (icmp_ln1069_17)> <Delay = 0.00>

State 5 <SV = 4> <Delay = 0.12>
ST_5 : Operation 51 [1/2] (0.00ns)   --->   "%call_ln622 = call void @B_IO_L2_in_inter_trans_boundary, i512 %local_B_pong_V, i512 %fifo_B_B_IO_L2_in_175" [src/kernel_kernel.cpp:622]   --->   Operation 51 'call' 'call_ln622' <Predicate = (!arb_1)> <Delay = 0.00> <CoreType = "Generic">   --->   Core 0 '' <Latency = 0> <II = 1> <Delay = 1.00> <Generic> <Opcode : >
ST_5 : Operation 52 [1/2] (0.00ns)   --->   "%call_ln631 = call void @B_IO_L2_in_intra_trans, i512 %local_B_ping_V, i64 %fifo_B_PE_0_185, i1 %intra_trans_en_2" [src/kernel_kernel.cpp:631]   --->   Operation 52 'call' 'call_ln631' <Predicate = (!arb_1)> <Delay = 0.00> <CoreType = "Generic">   --->   Core 0 '' <Latency = 0> <II = 1> <Delay = 1.00> <Generic> <Opcode : >
ST_5 : Operation 53 [1/1] (0.00ns)   --->   "%br_ln640 = br void" [src/kernel_kernel.cpp:640]   --->   Operation 53 'br' 'br_ln640' <Predicate = (!arb_1)> <Delay = 0.00>
ST_5 : Operation 54 [1/2] (0.00ns)   --->   "%call_ln641 = call void @B_IO_L2_in_inter_trans_boundary, i512 %local_B_ping_V, i512 %fifo_B_B_IO_L2_in_175" [src/kernel_kernel.cpp:641]   --->   Operation 54 'call' 'call_ln641' <Predicate = (arb_1)> <Delay = 0.00> <CoreType = "Generic">   --->   Core 0 '' <Latency = 0> <II = 1> <Delay = 1.00> <Generic> <Opcode : >
ST_5 : Operation 55 [1/2] (0.00ns)   --->   "%call_ln650 = call void @B_IO_L2_in_intra_trans, i512 %local_B_pong_V, i64 %fifo_B_PE_0_185, i1 %intra_trans_en_2" [src/kernel_kernel.cpp:650]   --->   Operation 55 'call' 'call_ln650' <Predicate = (arb_1)> <Delay = 0.00> <CoreType = "Generic">   --->   Core 0 '' <Latency = 0> <II = 1> <Delay = 1.00> <Generic> <Opcode : >
ST_5 : Operation 56 [1/1] (0.00ns)   --->   "%br_ln0 = br void"   --->   Operation 56 'br' 'br_ln0' <Predicate = (arb_1)> <Delay = 0.00>
ST_5 : Operation 57 [1/1] (0.12ns)   --->   "%arb = xor i1 %arb_1, i1 1" [src/kernel_kernel.cpp:661]   --->   Operation 57 'xor' 'arb' <Predicate = true> <Delay = 0.12> <CoreInst = "LogicGate">   --->   Core 74 'LogicGate' <Latency = 0> <II = 1> <Delay = 0.12> <FuncUnit> <Opcode : 'and' 'or' 'xor'> <InPorts = 2> <OutPorts = 1>
ST_5 : Operation 58 [1/1] (0.00ns)   --->   "%br_ln0 = br void"   --->   Operation 58 'br' 'br_ln0' <Predicate = true> <Delay = 0.00>

State 6 <SV = 2> <Delay = 0.00>
ST_6 : Operation 59 [1/2] (0.00ns)   --->   "%call_ln668 = call void @B_IO_L2_in_intra_trans, i512 %local_B_ping_V, i64 %fifo_B_PE_0_185, i1 1" [src/kernel_kernel.cpp:668]   --->   Operation 59 'call' 'call_ln668' <Predicate = true> <Delay = 0.00> <CoreType = "Generic">   --->   Core 0 '' <Latency = 0> <II = 1> <Delay = 1.00> <Generic> <Opcode : >
ST_6 : Operation 60 [1/1] (0.00ns)   --->   "%ret_ln689 = ret" [src/kernel_kernel.cpp:689]   --->   Operation 60 'ret' 'ret_ln689' <Predicate = true> <Delay = 0.00>


============================================================
+ Verbose Summary: Timing violations
============================================================
Target clock period: 5ns, clock uncertainty: 1.35ns.

 <State 1>: 0.387ns
The critical path consists of the following:
	'alloca' operation ('c0.V') [3]  (0 ns)
	'store' operation ('store_ln615', src/kernel_kernel.cpp:615) of constant 0 on local variable 'c0.V' [12]  (0.387 ns)

 <State 2>: 0.919ns
The critical path consists of the following:
	'load' operation ('c0.V') on local variable 'c0.V' [16]  (0 ns)
	'add' operation ('add_ln870') [19]  (0.572 ns)
	blocking operation 0.347 ns on control path)

 <State 3>: 0.887ns
The critical path consists of the following:
	'phi' operation ('c1.V') with incoming values : ('add_ln870_11') [25]  (0 ns)
	'add' operation ('add_ln870_11') [29]  (0.572 ns)
	blocking operation 0.315 ns on control path)

 <State 4>: 0.919ns
The critical path consists of the following:
	'phi' operation ('c2.V') with incoming values : ('add_ln870_12') [35]  (0 ns)
	'add' operation ('add_ln870_12') [40]  (0.572 ns)
	blocking operation 0.347 ns on control path)

 <State 5>: 0.122ns
The critical path consists of the following:
	'xor' operation ('arb', src/kernel_kernel.cpp:661) [54]  (0.122 ns)

 <State 6>: 0ns
The critical path consists of the following:


============================================================
+ Verbose Summary: Binding
============================================================
N/A
* FSMD analyzer results:
  - Output states:
 - Input state : 
  - Chain level:
	State 1
	State 2
	State 3
	State 4
	State 5
	State 6


============================================================
+ Verbose Summary: Datapath Resource usage 
============================================================
N/A
