

================================================================
== Vitis HLS Report for 'C_drain_IO_L3_out_serialize_Pipeline_VITIS_LOOP_11'
================================================================
* Date:           Sat Oct 15 10:48:45 2022

* Version:        2021.1 (Build 3247384 on Thu Jun 10 19:36:07 MDT 2021)
* Project:        hls_prj
* Solution:       solution1 (Vivado IP Flow Target)
* Product family: virtexuplus
* Target device:  xcu200-fsgd2104-2-e


================================================================
== Performance Estimates
================================================================
+ Timing: 
    * Summary: 
    +--------+---------+----------+------------+
    |  Clock |  Target | Estimated| Uncertainty|
    +--------+---------+----------+------------+
    |ap_clk  |  5.00 ns|  3.650 ns|     1.35 ns|
    +--------+---------+----------+------------+

+ Latency: 
    * Summary: 
    +---------+---------+----------+----------+------+------+---------+
    |  Latency (cycles) |  Latency (absolute) |   Interval  | Pipeline|
    |   min   |   max   |    min   |    max   |  min |  max |   Type  |
    +---------+---------+----------+----------+------+------+---------+
    |     1030|     1030|  5.150 us|  5.150 us|  1030|  1030|       no|
    +---------+---------+----------+----------+------+------+---------+

    + Detail: 
        * Instance: 
        N/A

        * Loop: 
        +---------------------+---------+---------+----------+-----------+-----------+------+----------+
        |                     |  Latency (cycles) | Iteration|  Initiation Interval  | Trip |          |
        |      Loop Name      |   min   |   max   |  Latency |  achieved |   target  | Count| Pipelined|
        +---------------------+---------+---------+----------+-----------+-----------+------+----------+
        |- VITIS_LOOP_1164_1  |     1028|     1028|         6|          4|          1|   256|       yes|
        +---------------------+---------+---------+----------+-----------+-----------+------+----------+

============================================================
+ Verbose Summary: Synthesis Manager
============================================================
InlineROM: 1
ExposeGlobal: 0
============================================================
+ Verbose Summary: CDFG Model
============================================================
IsTopModel: 0
ResetActiveHigh: 1
IsCombinational: 0
IsDatapathOnly: 0
HasWiredReturn: 1
HasMFsm: 2
HasVarLatency: 1
IsPipeline: 0
IsRtlPipelined: 0
IsInstanceOverlapped: 0
IsDontTouch: 0
HasImplIP: 0
IsGatedGlobalClock: 0

+ Individual pipeline summary: 
  * Pipeline-0: initiation interval (II) = 4, depth = 6


============================================================
+ Verbose Summary: Schedule
============================================================
* Number of FSM states : 6
* Pipeline : 1
  Pipeline-0 : II = 4, D = 6, States = { 1 2 3 4 5 6 }
* Dataflow Pipeline: 0

* FSM state transitions: 
1 --> 2 
2 --> 3 
3 --> 4 
4 --> 5 
5 --> 6 
6 --> 

* FSM state operations: 

State 1 <SV = 0> <Delay = 1.10>
ST_1 : Operation 9 [1/1] (0.00ns)   --->   "%i_V = alloca i32 1"   --->   Operation 9 'alloca' 'i_V' <Predicate = true> <Delay = 0.00>
ST_1 : Operation 10 [1/1] (0.00ns)   --->   "%sext_ln1164_read = read i58 @_ssdm_op_Read.ap_auto.i58, i58 %sext_ln1164"   --->   Operation 10 'read' 'sext_ln1164_read' <Predicate = true> <Delay = 0.00>
ST_1 : Operation 11 [1/1] (0.00ns)   --->   "%sext_ln1164_cast = sext i58 %sext_ln1164_read"   --->   Operation 11 'sext' 'sext_ln1164_cast' <Predicate = true> <Delay = 0.00>
ST_1 : Operation 12 [1/1] (0.00ns)   --->   "%specinterface_ln0 = specinterface void @_ssdm_op_SpecInterface, i512 %gmem_C, void @empty_50, i32 0, i32 0, void @empty_13, i32 0, i32 0, void @empty_8, void @empty_7, void @empty_13, i32 16, i32 16, i32 16, i32 16, void @empty_13, void @empty_13"   --->   Operation 12 'specinterface' 'specinterface_ln0' <Predicate = true> <Delay = 0.00>
ST_1 : Operation 13 [1/1] (0.00ns)   --->   "%specinterface_ln0 = specinterface void @_ssdm_op_SpecInterface, i128 %fifo_C_drain_C_drain_IO_L3_out_serialize71, void @empty_49, i32 0, i32 0, void @empty_13, i32 0, i32 0, void @empty_13, void @empty_13, void @empty_13, i32 0, i32 0, i32 0, i32 0, void @empty_13, void @empty_13"   --->   Operation 13 'specinterface' 'specinterface_ln0' <Predicate = true> <Delay = 0.00>
ST_1 : Operation 14 [1/1] (0.38ns)   --->   "%store_ln0 = store i9 0, i9 %i_V"   --->   Operation 14 'store' 'store_ln0' <Predicate = true> <Delay = 0.38>
ST_1 : Operation 15 [1/1] (0.00ns)   --->   "%br_ln0 = br void"   --->   Operation 15 'br' 'br_ln0' <Predicate = true> <Delay = 0.00>
ST_1 : Operation 16 [1/1] (0.00ns)   --->   "%i_V_1 = load i9 %i_V"   --->   Operation 16 'load' 'i_V_1' <Predicate = true> <Delay = 0.00>
ST_1 : Operation 17 [1/1] (0.59ns)   --->   "%icmp_ln1164 = icmp_eq  i9 %i_V_1, i9 256" [src/kernel_kernel.cpp:1164]   --->   Operation 17 'icmp' 'icmp_ln1164' <Predicate = true> <Delay = 0.59> <CoreInst = "Cmp">   --->   Core 9 'Cmp' <Latency = 0> <II = 1> <Delay = 0.59> <FuncUnit> <Opcode : 'icmp'> <InPorts = 2> <OutPorts = 1>
ST_1 : Operation 18 [1/1] (0.71ns)   --->   "%i_V_2 = add i9 %i_V_1, i9 1"   --->   Operation 18 'add' 'i_V_2' <Predicate = true> <Delay = 0.71> <CoreInst = "Adder">   --->   Core 1 'Adder' <Latency = 0> <II = 1> <Delay = 0.71> <FuncUnit> <Opcode : 'add' 'sub'> <InPorts = 2> <OutPorts = 1>
ST_1 : Operation 19 [1/1] (0.00ns)   --->   "%br_ln1164 = br i1 %icmp_ln1164, void %.split7, void %.exitStub" [src/kernel_kernel.cpp:1164]   --->   Operation 19 'br' 'br_ln1164' <Predicate = true> <Delay = 0.00>
ST_1 : Operation 20 [1/1] (0.38ns)   --->   "%store_ln870 = store i9 %i_V_2, i9 %i_V"   --->   Operation 20 'store' 'store_ln870' <Predicate = (!icmp_ln1164)> <Delay = 0.38>

State 2 <SV = 1> <Delay = 1.40>
ST_2 : Operation 21 [1/1] (1.40ns)   --->   "%mem_data_split_V_0 = read i128 @_ssdm_op_Read.ap_fifo.volatile.i128P0A, i128 %fifo_C_drain_C_drain_IO_L3_out_serialize71" [/mnt/raid10/tools/Vitis_HLS/2021.1/common/technology/autopilot/hls_stream_39.h:145]   --->   Operation 21 'read' 'mem_data_split_V_0' <Predicate = (!icmp_ln1164)> <Delay = 1.40> <CoreInst = "FIFO_SRL">   --->   Core 81 'FIFO_SRL' <Latency = 0> <II = 1> <Delay = 1.40> <Storage> <Opcode : 'read' 'write' 'nbread' 'nbwrite'> <Ports = 0> <Width = 128> <Depth = 2> <FIFO>

State 3 <SV = 2> <Delay = 1.40>
ST_3 : Operation 22 [1/1] (1.40ns)   --->   "%mem_data_split_V_1 = read i128 @_ssdm_op_Read.ap_fifo.volatile.i128P0A, i128 %fifo_C_drain_C_drain_IO_L3_out_serialize71" [/mnt/raid10/tools/Vitis_HLS/2021.1/common/technology/autopilot/hls_stream_39.h:145]   --->   Operation 22 'read' 'mem_data_split_V_1' <Predicate = (!icmp_ln1164)> <Delay = 1.40> <CoreInst = "FIFO_SRL">   --->   Core 81 'FIFO_SRL' <Latency = 0> <II = 1> <Delay = 1.40> <Storage> <Opcode : 'read' 'write' 'nbread' 'nbwrite'> <Ports = 0> <Width = 128> <Depth = 2> <FIFO>

State 4 <SV = 3> <Delay = 1.40>
ST_4 : Operation 23 [1/1] (1.40ns)   --->   "%mem_data_split_V_2 = read i128 @_ssdm_op_Read.ap_fifo.volatile.i128P0A, i128 %fifo_C_drain_C_drain_IO_L3_out_serialize71" [/mnt/raid10/tools/Vitis_HLS/2021.1/common/technology/autopilot/hls_stream_39.h:145]   --->   Operation 23 'read' 'mem_data_split_V_2' <Predicate = (!icmp_ln1164)> <Delay = 1.40> <CoreInst = "FIFO_SRL">   --->   Core 81 'FIFO_SRL' <Latency = 0> <II = 1> <Delay = 1.40> <Storage> <Opcode : 'read' 'write' 'nbread' 'nbwrite'> <Ports = 0> <Width = 128> <Depth = 2> <FIFO>

State 5 <SV = 4> <Delay = 1.40>
ST_5 : Operation 24 [1/1] (0.00ns)   --->   "%gmem_C_addr = getelementptr i512 %gmem_C, i64 %sext_ln1164_cast" [src/kernel_kernel.cpp:1164]   --->   Operation 24 'getelementptr' 'gmem_C_addr' <Predicate = true> <Delay = 0.00>
ST_5 : Operation 25 [1/1] (0.00ns)   --->   "%empty = speclooptripcount i32 @_ssdm_op_SpecLoopTripCount, i64 256, i64 256, i64 256"   --->   Operation 25 'speclooptripcount' 'empty' <Predicate = true> <Delay = 0.00>
ST_5 : Operation 26 [1/1] (1.40ns)   --->   "%v1_V = read i128 @_ssdm_op_Read.ap_fifo.volatile.i128P0A, i128 %fifo_C_drain_C_drain_IO_L3_out_serialize71" [/mnt/raid10/tools/Vitis_HLS/2021.1/common/technology/autopilot/hls_stream_39.h:145]   --->   Operation 26 'read' 'v1_V' <Predicate = (!icmp_ln1164)> <Delay = 1.40> <CoreInst = "FIFO_SRL">   --->   Core 81 'FIFO_SRL' <Latency = 0> <II = 1> <Delay = 1.40> <Storage> <Opcode : 'read' 'write' 'nbread' 'nbwrite'> <Ports = 0> <Width = 128> <Depth = 2> <FIFO>
ST_5 : Operation 32 [1/1] (0.00ns)   --->   "%ret_ln0 = ret"   --->   Operation 32 'ret' 'ret_ln0' <Predicate = (icmp_ln1164)> <Delay = 0.00>

State 6 <SV = 5> <Delay = 3.65>
ST_6 : Operation 27 [1/1] (0.00ns)   --->   "%specpipeline_ln1168 = specpipeline void @_ssdm_op_SpecPipeline, i32 1, i32 0, i32 0, i32 0, void @empty_13" [src/kernel_kernel.cpp:1168]   --->   Operation 27 'specpipeline' 'specpipeline_ln1168' <Predicate = (!icmp_ln1164)> <Delay = 0.00>
ST_6 : Operation 28 [1/1] (0.00ns)   --->   "%specloopname_ln1168 = specloopname void @_ssdm_op_SpecLoopName, void @empty_41" [src/kernel_kernel.cpp:1168]   --->   Operation 28 'specloopname' 'specloopname_ln1168' <Predicate = (!icmp_ln1164)> <Delay = 0.00>
ST_6 : Operation 29 [1/1] (0.00ns)   --->   "%p_Result_s = bitconcatenate i512 @_ssdm_op_BitConcatenate.i512.i128.i128.i128.i128, i128 %v1_V, i128 %mem_data_split_V_2, i128 %mem_data_split_V_1, i128 %mem_data_split_V_0"   --->   Operation 29 'bitconcatenate' 'p_Result_s' <Predicate = (!icmp_ln1164)> <Delay = 0.00>
ST_6 : Operation 30 [1/1] (3.65ns)   --->   "%write_ln1175 = write void @_ssdm_op_Write.m_axi.p1i512, i512 %gmem_C_addr, i512 %p_Result_s, i64 18446744073709551615" [src/kernel_kernel.cpp:1175]   --->   Operation 30 'write' 'write_ln1175' <Predicate = (!icmp_ln1164)> <Delay = 3.65> <CoreInst = "m_axi">   --->   Core 121 'm_axi' <Latency = 5> <II = 1> <Delay = 1.00> <Adapter> <Opcode : 'read' 'write' 'readreq' 'writereq' 'writeresp'>
ST_6 : Operation 31 [1/1] (0.00ns)   --->   "%br_ln0 = br void"   --->   Operation 31 'br' 'br_ln0' <Predicate = (!icmp_ln1164)> <Delay = 0.00>


============================================================
+ Verbose Summary: Timing violations
============================================================
Target clock period: 5ns, clock uncertainty: 1.35ns.

 <State 1>: 1.1ns
The critical path consists of the following:
	'alloca' operation ('i.V') [4]  (0 ns)
	'load' operation ('i.V') on local variable 'i.V' [12]  (0 ns)
	'add' operation ('i.V') [16]  (0.715 ns)
	'store' operation ('store_ln870') of variable 'i.V' on local variable 'i.V' [27]  (0.387 ns)

 <State 2>: 1.41ns
The critical path consists of the following:
	fifo read operation ('mem_data_split.V[0]', /mnt/raid10/tools/Vitis_HLS/2021.1/common/technology/autopilot/hls_stream_39.h:145) on port 'fifo_C_drain_C_drain_IO_L3_out_serialize71' (/mnt/raid10/tools/Vitis_HLS/2021.1/common/technology/autopilot/hls_stream_39.h:145) [21]  (1.41 ns)

 <State 3>: 1.41ns
The critical path consists of the following:
	fifo read operation ('mem_data_split.V[1]', /mnt/raid10/tools/Vitis_HLS/2021.1/common/technology/autopilot/hls_stream_39.h:145) on port 'fifo_C_drain_C_drain_IO_L3_out_serialize71' (/mnt/raid10/tools/Vitis_HLS/2021.1/common/technology/autopilot/hls_stream_39.h:145) [22]  (1.41 ns)

 <State 4>: 1.41ns
The critical path consists of the following:
	fifo read operation ('mem_data_split.V[2]', /mnt/raid10/tools/Vitis_HLS/2021.1/common/technology/autopilot/hls_stream_39.h:145) on port 'fifo_C_drain_C_drain_IO_L3_out_serialize71' (/mnt/raid10/tools/Vitis_HLS/2021.1/common/technology/autopilot/hls_stream_39.h:145) [23]  (1.41 ns)

 <State 5>: 1.41ns
The critical path consists of the following:
	fifo read operation ('v1.V', /mnt/raid10/tools/Vitis_HLS/2021.1/common/technology/autopilot/hls_stream_39.h:145) on port 'fifo_C_drain_C_drain_IO_L3_out_serialize71' (/mnt/raid10/tools/Vitis_HLS/2021.1/common/technology/autopilot/hls_stream_39.h:145) [24]  (1.41 ns)

 <State 6>: 3.65ns
The critical path consists of the following:
	bus write operation ('write_ln1175', src/kernel_kernel.cpp:1175) on port 'gmem_C' (src/kernel_kernel.cpp:1175) [26]  (3.65 ns)


============================================================
+ Verbose Summary: Binding
============================================================
N/A
* FSMD analyzer results:
  - Output states:
 - Input state : 
  - Chain level:
	State 1
	State 2
	State 3
	State 4
	State 5
	State 6


============================================================
+ Verbose Summary: Datapath Resource usage 
============================================================
N/A
