

================================================================
== Vitis HLS Report for 'C_drain_IO_L1_out_boundary_wrapper_Pipeline_VITIS_s'
================================================================
* Date:           Sat Oct 15 10:48:43 2022

* Version:        2021.1 (Build 3247384 on Thu Jun 10 19:36:07 MDT 2021)
* Project:        hls_prj
* Solution:       solution1 (Vivado IP Flow Target)
* Product family: virtexuplus
* Target device:  xcu200-fsgd2104-2-e


================================================================
== Performance Estimates
================================================================
+ Timing: 
    * Summary: 
    +--------+---------+----------+------------+
    |  Clock |  Target | Estimated| Uncertainty|
    +--------+---------+----------+------------+
    |ap_clk  |  5.00 ns|  2.967 ns|     1.35 ns|
    +--------+---------+----------+------------+

+ Latency: 
    * Summary: 
    +---------+---------+-----------+-----------+-----+-----+---------+
    |  Latency (cycles) |   Latency (absolute)  |  Interval | Pipeline|
    |   min   |   max   |    min    |    max    | min | max |   Type  |
    +---------+---------+-----------+-----------+-----+-----+---------+
    |       18|       18|  90.000 ns|  90.000 ns|   18|   18|       no|
    +---------+---------+-----------+-----------+-----+-----+---------+

    + Detail: 
        * Instance: 
        N/A

        * Loop: 
        +-------------------------------------+---------+---------+----------+-----------+-----------+------+----------+
        |                                     |  Latency (cycles) | Iteration|  Initiation Interval  | Trip |          |
        |              Loop Name              |   min   |   max   |  Latency |  achieved |   target  | Count| Pipelined|
        +-------------------------------------+---------+---------+----------+-----------+-----------+------+----------+
        |- VITIS_LOOP_927_2_VITIS_LOOP_929_3  |       16|       16|         2|          1|          1|    16|       yes|
        +-------------------------------------+---------+---------+----------+-----------+-----------+------+----------+

============================================================
+ Verbose Summary: Synthesis Manager
============================================================
InlineROM: 1
ExposeGlobal: 0
============================================================
+ Verbose Summary: CDFG Model
============================================================
IsTopModel: 0
ResetActiveHigh: 1
IsCombinational: 0
IsDatapathOnly: 0
HasWiredReturn: 1
HasMFsm: 2
HasVarLatency: 1
IsPipeline: 0
IsRtlPipelined: 0
IsInstanceOverlapped: 0
IsDontTouch: 0
HasImplIP: 0
IsGatedGlobalClock: 0

+ Individual pipeline summary: 
  * Pipeline-0: initiation interval (II) = 1, depth = 2


============================================================
+ Verbose Summary: Schedule
============================================================
* Number of FSM states : 2
* Pipeline : 1
  Pipeline-0 : II = 1, D = 2, States = { 1 2 }
* Dataflow Pipeline: 0

* FSM state transitions: 
1 --> 2 
2 --> 

* FSM state operations: 

State 1 <SV = 0> <Delay = 2.96>
ST_1 : Operation 5 [1/1] (0.00ns)   --->   "%c6_V = alloca i32 1"   --->   Operation 5 'alloca' 'c6_V' <Predicate = true> <Delay = 0.00>
ST_1 : Operation 6 [1/1] (0.00ns)   --->   "%c5_V = alloca i32 1"   --->   Operation 6 'alloca' 'c5_V' <Predicate = true> <Delay = 0.00>
ST_1 : Operation 7 [1/1] (0.00ns)   --->   "%indvar_flatten7 = alloca i32 1"   --->   Operation 7 'alloca' 'indvar_flatten7' <Predicate = true> <Delay = 0.00>
ST_1 : Operation 8 [1/1] (0.00ns)   --->   "%specmemcore_ln0 = specmemcore void @_ssdm_op_SpecMemCore, i128 %local_C_V, i64 666, i64 22, i64 18446744073709551615"   --->   Operation 8 'specmemcore' 'specmemcore_ln0' <Predicate = true> <Delay = 0.00>
ST_1 : Operation 9 [1/1] (0.00ns)   --->   "%specmemcore_ln0 = specmemcore void @_ssdm_op_SpecMemCore, i128 %fifo_C_drain_C_drain_IO_L1_out_0_193, i64 666, i64 10, i64 18446744073709551615"   --->   Operation 9 'specmemcore' 'specmemcore_ln0' <Predicate = true> <Delay = 0.00>
ST_1 : Operation 10 [1/1] (0.00ns)   --->   "%specinterface_ln0 = specinterface void @_ssdm_op_SpecInterface, i128 %fifo_C_drain_C_drain_IO_L1_out_0_193, void @empty_49, i32 0, i32 0, void @empty_13, i32 0, i32 0, void @empty_13, void @empty_13, void @empty_13, i32 0, i32 0, i32 0, i32 0, void @empty_13, void @empty_13"   --->   Operation 10 'specinterface' 'specinterface_ln0' <Predicate = true> <Delay = 0.00>
ST_1 : Operation 11 [1/1] (0.38ns)   --->   "%store_ln0 = store i5 0, i5 %indvar_flatten7"   --->   Operation 11 'store' 'store_ln0' <Predicate = true> <Delay = 0.38>
ST_1 : Operation 12 [1/1] (0.38ns)   --->   "%store_ln0 = store i4 0, i4 %c5_V"   --->   Operation 12 'store' 'store_ln0' <Predicate = true> <Delay = 0.38>
ST_1 : Operation 13 [1/1] (0.38ns)   --->   "%store_ln0 = store i2 0, i2 %c6_V"   --->   Operation 13 'store' 'store_ln0' <Predicate = true> <Delay = 0.38>
ST_1 : Operation 14 [1/1] (0.00ns)   --->   "%br_ln0 = br void %_Z29C_drain_IO_L1_out_intra_transiiiiPA2_7ap_uintILi128EERN3hls6streamIfLi0EEE.exit.i.preheader"   --->   Operation 14 'br' 'br_ln0' <Predicate = true> <Delay = 0.00>
ST_1 : Operation 15 [1/1] (0.00ns)   --->   "%indvar_flatten7_load = load i5 %indvar_flatten7"   --->   Operation 15 'load' 'indvar_flatten7_load' <Predicate = true> <Delay = 0.00>
ST_1 : Operation 16 [1/1] (0.63ns)   --->   "%icmp_ln1069 = icmp_eq  i5 %indvar_flatten7_load, i5 16"   --->   Operation 16 'icmp' 'icmp_ln1069' <Predicate = true> <Delay = 0.63> <CoreInst = "Cmp">   --->   Core 9 'Cmp' <Latency = 0> <II = 1> <Delay = 0.34> <FuncUnit> <Opcode : 'icmp'> <InPorts = 2> <OutPorts = 1>
ST_1 : Operation 17 [1/1] (0.70ns)   --->   "%add_ln1069 = add i5 %indvar_flatten7_load, i5 1"   --->   Operation 17 'add' 'add_ln1069' <Predicate = true> <Delay = 0.70> <CoreInst = "Adder">   --->   Core 1 'Adder' <Latency = 0> <II = 1> <Delay = 0.43> <FuncUnit> <Opcode : 'add' 'sub'> <InPorts = 2> <OutPorts = 1>
ST_1 : Operation 18 [1/1] (0.00ns)   --->   "%br_ln1069 = br i1 %icmp_ln1069, void %_Z29C_drain_IO_L1_out_intra_transiiiiPA2_7ap_uintILi128EERN3hls6streamIfLi0EEE.exit.i, void %_Z38C_drain_IO_L1_out_inter_trans_boundaryiiiiPA2_7ap_uintILi128EERN3hls6streamIS0_Li0EEE.exit.i.exitStub"   --->   Operation 18 'br' 'br_ln1069' <Predicate = true> <Delay = 0.00>
ST_1 : Operation 19 [1/1] (0.00ns)   --->   "%c6_V_load = load i2 %c6_V"   --->   Operation 19 'load' 'c6_V_load' <Predicate = (!icmp_ln1069)> <Delay = 0.00>
ST_1 : Operation 20 [1/1] (0.00ns)   --->   "%c5_V_load = load i4 %c5_V"   --->   Operation 20 'load' 'c5_V_load' <Predicate = (!icmp_ln1069)> <Delay = 0.00>
ST_1 : Operation 21 [1/1] (0.70ns)   --->   "%add_ln870 = add i4 %c5_V_load, i4 1"   --->   Operation 21 'add' 'add_ln870' <Predicate = (!icmp_ln1069)> <Delay = 0.70> <CoreInst = "Adder">   --->   Core 1 'Adder' <Latency = 0> <II = 1> <Delay = 0.43> <FuncUnit> <Opcode : 'add' 'sub'> <InPorts = 2> <OutPorts = 1>
ST_1 : Operation 22 [1/1] (0.34ns)   --->   "%icmp_ln1069_9 = icmp_eq  i2 %c6_V_load, i2 2"   --->   Operation 22 'icmp' 'icmp_ln1069_9' <Predicate = (!icmp_ln1069)> <Delay = 0.34> <CoreInst = "Cmp">   --->   Core 9 'Cmp' <Latency = 0> <II = 1> <Delay = 0.34> <FuncUnit> <Opcode : 'icmp'> <InPorts = 2> <OutPorts = 1>
ST_1 : Operation 23 [1/1] (0.27ns)   --->   "%select_ln1069 = select i1 %icmp_ln1069_9, i2 0, i2 %c6_V_load"   --->   Operation 23 'select' 'select_ln1069' <Predicate = (!icmp_ln1069)> <Delay = 0.27> <CoreInst = "Sel">   --->   Core 73 'Sel' <Latency = 0> <II = 1> <Delay = 0.35> <FuncUnit> <Opcode : 'select'> <InPorts = 3> <OutPorts = 1>
ST_1 : Operation 24 [1/1] (0.35ns)   --->   "%select_ln1069_9 = select i1 %icmp_ln1069_9, i4 %add_ln870, i4 %c5_V_load"   --->   Operation 24 'select' 'select_ln1069_9' <Predicate = (!icmp_ln1069)> <Delay = 0.35> <CoreInst = "Sel">   --->   Core 73 'Sel' <Latency = 0> <II = 1> <Delay = 0.35> <FuncUnit> <Opcode : 'select'> <InPorts = 3> <OutPorts = 1>
ST_1 : Operation 25 [1/1] (0.00ns) (grouped into LUT with out node add_ln934)   --->   "%shl_ln1069 = shl i4 %select_ln1069_9, i4 1"   --->   Operation 25 'shl' 'shl_ln1069' <Predicate = (!icmp_ln1069)> <Delay = 0.00>
ST_1 : Operation 26 [1/1] (0.00ns) (grouped into LUT with out node add_ln934)   --->   "%zext_ln934 = zext i2 %select_ln1069" [src/kernel_kernel.cpp:934]   --->   Operation 26 'zext' 'zext_ln934' <Predicate = (!icmp_ln1069)> <Delay = 0.00>
ST_1 : Operation 27 [1/1] (0.70ns) (out node of the LUT)   --->   "%add_ln934 = add i4 %shl_ln1069, i4 %zext_ln934" [src/kernel_kernel.cpp:934]   --->   Operation 27 'add' 'add_ln934' <Predicate = (!icmp_ln1069)> <Delay = 0.70> <CoreInst = "Adder">   --->   Core 1 'Adder' <Latency = 0> <II = 1> <Delay = 0.43> <FuncUnit> <Opcode : 'add' 'sub'> <InPorts = 2> <OutPorts = 1>
ST_1 : Operation 28 [1/1] (0.00ns)   --->   "%zext_ln934_1 = zext i4 %add_ln934" [src/kernel_kernel.cpp:934]   --->   Operation 28 'zext' 'zext_ln934_1' <Predicate = (!icmp_ln1069)> <Delay = 0.00>
ST_1 : Operation 29 [1/1] (0.00ns)   --->   "%local_C_V_addr = getelementptr i128 %local_C_V, i64 0, i64 %zext_ln934_1" [src/kernel_kernel.cpp:934]   --->   Operation 29 'getelementptr' 'local_C_V_addr' <Predicate = (!icmp_ln1069)> <Delay = 0.00>
ST_1 : Operation 30 [2/2] (1.20ns)   --->   "%local_C_V_load = load i4 %local_C_V_addr" [src/kernel_kernel.cpp:934]   --->   Operation 30 'load' 'local_C_V_load' <Predicate = (!icmp_ln1069)> <Delay = 1.20> <CoreInst = "RAM_2P_BRAM">   --->   Core 94 'RAM_2P_BRAM' <Latency = 1> <II = 1> <Delay = 1.20> <Storage> <Opcode : 'load' 'store'> <Ports = 2> <Width = 128> <Depth = 16> <RAM>
ST_1 : Operation 31 [1/1] (0.43ns)   --->   "%add_ln870_5 = add i2 %select_ln1069, i2 1"   --->   Operation 31 'add' 'add_ln870_5' <Predicate = (!icmp_ln1069)> <Delay = 0.43> <CoreInst = "Adder">   --->   Core 1 'Adder' <Latency = 0> <II = 1> <Delay = 0.43> <FuncUnit> <Opcode : 'add' 'sub'> <InPorts = 2> <OutPorts = 1>
ST_1 : Operation 32 [1/1] (0.38ns)   --->   "%store_ln1069 = store i5 %add_ln1069, i5 %indvar_flatten7"   --->   Operation 32 'store' 'store_ln1069' <Predicate = (!icmp_ln1069)> <Delay = 0.38>
ST_1 : Operation 33 [1/1] (0.38ns)   --->   "%store_ln1069 = store i4 %select_ln1069_9, i4 %c5_V"   --->   Operation 33 'store' 'store_ln1069' <Predicate = (!icmp_ln1069)> <Delay = 0.38>
ST_1 : Operation 34 [1/1] (0.38ns)   --->   "%store_ln870 = store i2 %add_ln870_5, i2 %c6_V"   --->   Operation 34 'store' 'store_ln870' <Predicate = (!icmp_ln1069)> <Delay = 0.38>
ST_1 : Operation 42 [1/1] (0.00ns)   --->   "%ret_ln0 = ret"   --->   Operation 42 'ret' 'ret_ln0' <Predicate = (icmp_ln1069)> <Delay = 0.00>

State 2 <SV = 1> <Delay = 2.60>
ST_2 : Operation 35 [1/1] (0.00ns)   --->   "%specloopname_ln0 = specloopname void @_ssdm_op_SpecLoopName, void @VITIS_LOOP_927_2_VITIS_LOOP_929_3_str"   --->   Operation 35 'specloopname' 'specloopname_ln0' <Predicate = true> <Delay = 0.00>
ST_2 : Operation 36 [1/1] (0.00ns)   --->   "%empty = speclooptripcount i32 @_ssdm_op_SpecLoopTripCount, i64 16, i64 16, i64 16"   --->   Operation 36 'speclooptripcount' 'empty' <Predicate = true> <Delay = 0.00>
ST_2 : Operation 37 [1/1] (0.00ns)   --->   "%specpipeline_ln929 = specpipeline void @_ssdm_op_SpecPipeline, i32 1, i32 0, i32 0, i32 0, void @empty_13" [src/kernel_kernel.cpp:929]   --->   Operation 37 'specpipeline' 'specpipeline_ln929' <Predicate = true> <Delay = 0.00>
ST_2 : Operation 38 [1/1] (0.00ns)   --->   "%specloopname_ln929 = specloopname void @_ssdm_op_SpecLoopName, void @empty_29" [src/kernel_kernel.cpp:929]   --->   Operation 38 'specloopname' 'specloopname_ln929' <Predicate = true> <Delay = 0.00>
ST_2 : Operation 39 [1/2] (1.20ns)   --->   "%local_C_V_load = load i4 %local_C_V_addr" [src/kernel_kernel.cpp:934]   --->   Operation 39 'load' 'local_C_V_load' <Predicate = true> <Delay = 1.20> <CoreInst = "RAM_2P_BRAM">   --->   Core 94 'RAM_2P_BRAM' <Latency = 1> <II = 1> <Delay = 1.20> <Storage> <Opcode : 'load' 'store'> <Ports = 2> <Width = 128> <Depth = 16> <RAM>
ST_2 : Operation 40 [1/1] (1.40ns)   --->   "%write_ln174 = write void @_ssdm_op_Write.ap_fifo.volatile.i128P0A, i128 %fifo_C_drain_C_drain_IO_L1_out_0_193, i128 %local_C_V_load" [/mnt/raid10/tools/Vitis_HLS/2021.1/common/technology/autopilot/hls_stream_39.h:174]   --->   Operation 40 'write' 'write_ln174' <Predicate = true> <Delay = 1.40> <CoreInst = "FIFO_SRL">   --->   Core 81 'FIFO_SRL' <Latency = 0> <II = 1> <Delay = 1.40> <Storage> <Opcode : 'read' 'write' 'nbread' 'nbwrite'> <Ports = 0> <Width = 128> <Depth = 2> <FIFO>
ST_2 : Operation 41 [1/1] (0.00ns)   --->   "%br_ln0 = br void %_Z29C_drain_IO_L1_out_intra_transiiiiPA2_7ap_uintILi128EERN3hls6streamIfLi0EEE.exit.i.preheader"   --->   Operation 41 'br' 'br_ln0' <Predicate = true> <Delay = 0.00>


============================================================
+ Verbose Summary: Timing violations
============================================================
Target clock period: 5ns, clock uncertainty: 1.35ns.

 <State 1>: 2.97ns
The critical path consists of the following:
	'alloca' operation ('c5.V') [4]  (0 ns)
	'load' operation ('c5_V_load') on local variable 'c5.V' [20]  (0 ns)
	'add' operation ('add_ln870') [21]  (0.708 ns)
	'select' operation ('select_ln1069_9') [26]  (0.351 ns)
	'shl' operation ('shl_ln1069') [27]  (0 ns)
	'add' operation ('add_ln934', src/kernel_kernel.cpp:934) [29]  (0.708 ns)
	'getelementptr' operation ('local_C_V_addr', src/kernel_kernel.cpp:934) [31]  (0 ns)
	'load' operation ('local_C_V_load', src/kernel_kernel.cpp:934) on array 'local_C_V' [34]  (1.2 ns)

 <State 2>: 2.6ns
The critical path consists of the following:
	'load' operation ('local_C_V_load', src/kernel_kernel.cpp:934) on array 'local_C_V' [34]  (1.2 ns)
	fifo write operation ('write_ln174', /mnt/raid10/tools/Vitis_HLS/2021.1/common/technology/autopilot/hls_stream_39.h:174) on port 'fifo_C_drain_C_drain_IO_L1_out_0_193' (/mnt/raid10/tools/Vitis_HLS/2021.1/common/technology/autopilot/hls_stream_39.h:174) [35]  (1.41 ns)


============================================================
+ Verbose Summary: Binding
============================================================
N/A
* FSMD analyzer results:
  - Output states:
 - Input state : 
  - Chain level:
	State 1
	State 2


============================================================
+ Verbose Summary: Datapath Resource usage 
============================================================
N/A
