

================================================================
== Vitis HLS Report for 'C_drain_IO_L1_out_boundary_wrapper546_Pipeline_VIT_1'
================================================================
* Date:           Sat Oct 15 12:50:42 2022

* Version:        2021.1 (Build 3247384 on Thu Jun 10 19:36:07 MDT 2021)
* Project:        hls_prj
* Solution:       solution1 (Vivado IP Flow Target)
* Product family: virtexuplus
* Target device:  xcu200-fsgd2104-2-e


================================================================
== Performance Estimates
================================================================
+ Timing: 
    * Summary: 
    +--------+---------+----------+------------+
    |  Clock |  Target | Estimated| Uncertainty|
    +--------+---------+----------+------------+
    |ap_clk  |  5.00 ns|  3.165 ns|     1.35 ns|
    +--------+---------+----------+------------+

+ Latency: 
    * Summary: 
    +---------+---------+----------+----------+-----+-----+---------+
    |  Latency (cycles) |  Latency (absolute) |  Interval | Pipeline|
    |   min   |   max   |    min   |    max   | min | max |   Type  |
    +---------+---------+----------+----------+-----+-----+---------+
    |      258|      258|  1.290 us|  1.290 us|  258|  258|       no|
    +---------+---------+----------+----------+-----+-----+---------+

    + Detail: 
        * Instance: 
        N/A

        * Loop: 
        +-------------------------------------+---------+---------+----------+-----------+-----------+------+----------+
        |                                     |  Latency (cycles) | Iteration|  Initiation Interval  | Trip |          |
        |              Loop Name              |   min   |   max   |  Latency |  achieved |   target  | Count| Pipelined|
        +-------------------------------------+---------+---------+----------+-----------+-----------+------+----------+
        |- VITIS_LOOP_891_1_VITIS_LOOP_893_2  |      256|      256|         2|          1|          1|   256|       yes|
        +-------------------------------------+---------+---------+----------+-----------+-----------+------+----------+

============================================================
+ Verbose Summary: Synthesis Manager
============================================================
InlineROM: 1
ExposeGlobal: 0
============================================================
+ Verbose Summary: CDFG Model
============================================================
IsTopModel: 0
ResetActiveHigh: 1
IsCombinational: 0
IsDatapathOnly: 0
HasWiredReturn: 1
HasMFsm: 2
HasVarLatency: 1
IsPipeline: 0
IsRtlPipelined: 0
IsInstanceOverlapped: 0
IsDontTouch: 0
HasImplIP: 0
IsGatedGlobalClock: 0

+ Individual pipeline summary: 
  * Pipeline-0: initiation interval (II) = 1, depth = 2


============================================================
+ Verbose Summary: Schedule
============================================================
* Number of FSM states : 2
* Pipeline : 1
  Pipeline-0 : II = 1, D = 2, States = { 1 2 }
* Dataflow Pipeline: 0

* FSM state transitions: 
1 --> 2 
2 --> 

* FSM state operations: 

State 1 <SV = 0> <Delay = 2.11>
ST_1 : Operation 5 [1/1] (0.00ns)   --->   "%c7_V = alloca i32 1"   --->   Operation 5 'alloca' 'c7_V' <Predicate = true> <Delay = 0.00>
ST_1 : Operation 6 [1/1] (0.00ns)   --->   "%c6_V = alloca i32 1"   --->   Operation 6 'alloca' 'c6_V' <Predicate = true> <Delay = 0.00>
ST_1 : Operation 7 [1/1] (0.00ns)   --->   "%indvar_flatten = alloca i32 1"   --->   Operation 7 'alloca' 'indvar_flatten' <Predicate = true> <Delay = 0.00>
ST_1 : Operation 8 [1/1] (0.00ns)   --->   "%specmemcore_ln0 = specmemcore void @_ssdm_op_SpecMemCore, i256 %local_C_V, i64 666, i64 22, i64 18446744073709551615"   --->   Operation 8 'specmemcore' 'specmemcore_ln0' <Predicate = true> <Delay = 0.00>
ST_1 : Operation 9 [1/1] (0.00ns)   --->   "%specmemcore_ln0 = specmemcore void @_ssdm_op_SpecMemCore, i16 %fifo_C_drain_PE_15_01853, i64 666, i64 10, i64 18446744073709551615"   --->   Operation 9 'specmemcore' 'specmemcore_ln0' <Predicate = true> <Delay = 0.00>
ST_1 : Operation 10 [1/1] (0.00ns)   --->   "%specinterface_ln0 = specinterface void @_ssdm_op_SpecInterface, i16 %fifo_C_drain_PE_15_01853, void @empty_14, i32 0, i32 0, void @empty_47, i32 0, i32 0, void @empty_47, void @empty_47, void @empty_47, i32 0, i32 0, i32 0, i32 0, void @empty_47, void @empty_47"   --->   Operation 10 'specinterface' 'specinterface_ln0' <Predicate = true> <Delay = 0.00>
ST_1 : Operation 11 [1/1] (0.38ns)   --->   "%store_ln0 = store i9 0, i9 %indvar_flatten"   --->   Operation 11 'store' 'store_ln0' <Predicate = true> <Delay = 0.38>
ST_1 : Operation 12 [1/1] (0.38ns)   --->   "%store_ln0 = store i5 0, i5 %c6_V"   --->   Operation 12 'store' 'store_ln0' <Predicate = true> <Delay = 0.38>
ST_1 : Operation 13 [1/1] (0.38ns)   --->   "%store_ln0 = store i5 0, i5 %c7_V"   --->   Operation 13 'store' 'store_ln0' <Predicate = true> <Delay = 0.38>
ST_1 : Operation 14 [1/1] (0.00ns)   --->   "%br_ln0 = br void"   --->   Operation 14 'br' 'br_ln0' <Predicate = true> <Delay = 0.00>
ST_1 : Operation 15 [1/1] (0.00ns)   --->   "%indvar_flatten_load = load i9 %indvar_flatten"   --->   Operation 15 'load' 'indvar_flatten_load' <Predicate = true> <Delay = 0.00>
ST_1 : Operation 16 [1/1] (0.59ns)   --->   "%icmp_ln1069 = icmp_eq  i9 %indvar_flatten_load, i9 256"   --->   Operation 16 'icmp' 'icmp_ln1069' <Predicate = true> <Delay = 0.59> <CoreInst = "Cmp">   --->   Core 9 'Cmp' <Latency = 0> <II = 1> <Delay = 0.63> <FuncUnit> <Opcode : 'icmp'> <InPorts = 2> <OutPorts = 1>
ST_1 : Operation 17 [1/1] (0.71ns)   --->   "%add_ln1069 = add i9 %indvar_flatten_load, i9 1"   --->   Operation 17 'add' 'add_ln1069' <Predicate = true> <Delay = 0.71> <CoreInst = "Adder">   --->   Core 1 'Adder' <Latency = 0> <II = 1> <Delay = 0.70> <FuncUnit> <Opcode : 'add' 'sub'> <InPorts = 2> <OutPorts = 1>
ST_1 : Operation 18 [1/1] (0.00ns)   --->   "%br_ln1069 = br i1 %icmp_ln1069, void %.split46, void %_Z29C_drain_IO_L1_out_intra_transiiiiPA1_7ap_uintILi256EERN3hls6streamItLi0EEE.exit.i.preheader.exitStub"   --->   Operation 18 'br' 'br_ln1069' <Predicate = true> <Delay = 0.00>
ST_1 : Operation 19 [1/1] (0.00ns)   --->   "%c7_V_load = load i5 %c7_V"   --->   Operation 19 'load' 'c7_V_load' <Predicate = (!icmp_ln1069)> <Delay = 0.00>
ST_1 : Operation 20 [1/1] (0.63ns)   --->   "%icmp_ln1069_5 = icmp_eq  i5 %c7_V_load, i5 16"   --->   Operation 20 'icmp' 'icmp_ln1069_5' <Predicate = (!icmp_ln1069)> <Delay = 0.63> <CoreInst = "Cmp">   --->   Core 9 'Cmp' <Latency = 0> <II = 1> <Delay = 0.63> <FuncUnit> <Opcode : 'icmp'> <InPorts = 2> <OutPorts = 1>
ST_1 : Operation 21 [1/1] (0.27ns)   --->   "%select_ln891 = select i1 %icmp_ln1069_5, i5 0, i5 %c7_V_load" [src/kernel_kernel.cpp:891]   --->   Operation 21 'select' 'select_ln891' <Predicate = (!icmp_ln1069)> <Delay = 0.27> <CoreInst = "Sel">   --->   Core 73 'Sel' <Latency = 0> <II = 1> <Delay = 0.27> <FuncUnit> <Opcode : 'select'> <InPorts = 3> <OutPorts = 1>
ST_1 : Operation 22 [1/1] (0.00ns)   --->   "%zext_ln1069 = zext i5 %select_ln891"   --->   Operation 22 'zext' 'zext_ln1069' <Predicate = (!icmp_ln1069)> <Delay = 0.00>
ST_1 : Operation 23 [1/1] (0.00ns)   --->   "%local_C_V_addr = getelementptr i256 %local_C_V, i64 0, i64 %zext_ln1069" [src/kernel_kernel.cpp:901]   --->   Operation 23 'getelementptr' 'local_C_V_addr' <Predicate = (!icmp_ln1069)> <Delay = 0.00>
ST_1 : Operation 24 [2/2] (1.20ns)   --->   "%out_data_V = load i4 %local_C_V_addr" [src/kernel_kernel.cpp:901]   --->   Operation 24 'load' 'out_data_V' <Predicate = (!icmp_ln1069)> <Delay = 1.20> <CoreInst = "RAM_2P_BRAM">   --->   Core 94 'RAM_2P_BRAM' <Latency = 1> <II = 1> <Delay = 1.20> <Storage> <Opcode : 'load' 'store'> <Ports = 2> <Width = 256> <Depth = 16> <RAM>
ST_1 : Operation 25 [1/1] (0.70ns)   --->   "%add_ln870_4 = add i5 %select_ln891, i5 1"   --->   Operation 25 'add' 'add_ln870_4' <Predicate = (!icmp_ln1069)> <Delay = 0.70> <CoreInst = "Adder">   --->   Core 1 'Adder' <Latency = 0> <II = 1> <Delay = 0.70> <FuncUnit> <Opcode : 'add' 'sub'> <InPorts = 2> <OutPorts = 1>
ST_1 : Operation 26 [1/1] (0.38ns)   --->   "%store_ln1069 = store i9 %add_ln1069, i9 %indvar_flatten"   --->   Operation 26 'store' 'store_ln1069' <Predicate = (!icmp_ln1069)> <Delay = 0.38>
ST_1 : Operation 27 [1/1] (0.38ns)   --->   "%store_ln870 = store i5 %add_ln870_4, i5 %c7_V"   --->   Operation 27 'store' 'store_ln870' <Predicate = (!icmp_ln1069)> <Delay = 0.38>
ST_1 : Operation 90 [1/1] (0.00ns)   --->   "%ret_ln0 = ret"   --->   Operation 90 'ret' 'ret_ln0' <Predicate = (icmp_ln1069)> <Delay = 0.00>

State 2 <SV = 1> <Delay = 3.16>
ST_2 : Operation 28 [1/1] (0.00ns)   --->   "%c6_V_load = load i5 %c6_V"   --->   Operation 28 'load' 'c6_V_load' <Predicate = (!icmp_ln1069)> <Delay = 0.00>
ST_2 : Operation 29 [1/1] (0.70ns)   --->   "%add_ln870 = add i5 %c6_V_load, i5 1"   --->   Operation 29 'add' 'add_ln870' <Predicate = (!icmp_ln1069 & icmp_ln1069_5)> <Delay = 0.70> <CoreInst = "Adder">   --->   Core 1 'Adder' <Latency = 0> <II = 1> <Delay = 0.70> <FuncUnit> <Opcode : 'add' 'sub'> <InPorts = 2> <OutPorts = 1>
ST_2 : Operation 30 [1/1] (0.00ns)   --->   "%specloopname_ln0 = specloopname void @_ssdm_op_SpecLoopName, void @VITIS_LOOP_891_1_VITIS_LOOP_893_2_str"   --->   Operation 30 'specloopname' 'specloopname_ln0' <Predicate = (!icmp_ln1069)> <Delay = 0.00>
ST_2 : Operation 31 [1/1] (0.00ns)   --->   "%empty = speclooptripcount i32 @_ssdm_op_SpecLoopTripCount, i64 256, i64 256, i64 256"   --->   Operation 31 'speclooptripcount' 'empty' <Predicate = (!icmp_ln1069)> <Delay = 0.00>
ST_2 : Operation 32 [1/1] (0.27ns)   --->   "%select_ln891_1 = select i1 %icmp_ln1069_5, i5 %add_ln870, i5 %c6_V_load" [src/kernel_kernel.cpp:891]   --->   Operation 32 'select' 'select_ln891_1' <Predicate = (!icmp_ln1069)> <Delay = 0.27> <CoreInst = "Sel">   --->   Core 73 'Sel' <Latency = 0> <II = 1> <Delay = 0.27> <FuncUnit> <Opcode : 'select'> <InPorts = 3> <OutPorts = 1>
ST_2 : Operation 33 [1/1] (0.00ns)   --->   "%trunc_ln891 = trunc i5 %select_ln891_1" [src/kernel_kernel.cpp:891]   --->   Operation 33 'trunc' 'trunc_ln891' <Predicate = (!icmp_ln1069)> <Delay = 0.00>
ST_2 : Operation 34 [1/1] (0.00ns)   --->   "%specpipeline_ln893 = specpipeline void @_ssdm_op_SpecPipeline, i32 1, i32 0, i32 0, i32 0, void @empty_47" [src/kernel_kernel.cpp:893]   --->   Operation 34 'specpipeline' 'specpipeline_ln893' <Predicate = (!icmp_ln1069)> <Delay = 0.00>
ST_2 : Operation 35 [1/1] (0.00ns)   --->   "%specloopname_ln893 = specloopname void @_ssdm_op_SpecLoopName, void @empty_27" [src/kernel_kernel.cpp:893]   --->   Operation 35 'specloopname' 'specloopname_ln893' <Predicate = (!icmp_ln1069)> <Delay = 0.00>
ST_2 : Operation 36 [1/1] (1.34ns)   --->   "%data_split_V_1_4 = read i16 @_ssdm_op_Read.ap_fifo.volatile.i16P0A, i16 %fifo_C_drain_PE_15_01853" [/mnt/raid10/tools/Vitis_HLS/2021.1/common/technology/autopilot/hls_stream_39.h:145]   --->   Operation 36 'read' 'data_split_V_1_4' <Predicate = (!icmp_ln1069)> <Delay = 1.34> <CoreInst = "FIFO_SRL">   --->   Core 81 'FIFO_SRL' <Latency = 0> <II = 1> <Delay = 1.34> <Storage> <Opcode : 'read' 'write' 'nbread' 'nbwrite'> <Ports = 0> <Width = 16> <Depth = 2> <FIFO>
ST_2 : Operation 37 [1/2] (1.20ns)   --->   "%out_data_V = load i4 %local_C_V_addr" [src/kernel_kernel.cpp:901]   --->   Operation 37 'load' 'out_data_V' <Predicate = (!icmp_ln1069)> <Delay = 1.20> <CoreInst = "RAM_2P_BRAM">   --->   Core 94 'RAM_2P_BRAM' <Latency = 1> <II = 1> <Delay = 1.20> <Storage> <Opcode : 'load' 'store'> <Ports = 2> <Width = 256> <Depth = 16> <RAM>
ST_2 : Operation 38 [1/1] (0.00ns)   --->   "%data_split_V_0 = trunc i256 %out_data_V"   --->   Operation 38 'trunc' 'data_split_V_0' <Predicate = (!icmp_ln1069)> <Delay = 0.00>
ST_2 : Operation 39 [1/1] (0.00ns)   --->   "%data_split_V_1 = partselect i16 @_ssdm_op_PartSelect.i16.i256.i32.i32, i256 %out_data_V, i32 16, i32 31"   --->   Operation 39 'partselect' 'data_split_V_1' <Predicate = (!icmp_ln1069)> <Delay = 0.00>
ST_2 : Operation 40 [1/1] (0.00ns)   --->   "%data_split_V_2 = partselect i16 @_ssdm_op_PartSelect.i16.i256.i32.i32, i256 %out_data_V, i32 32, i32 47"   --->   Operation 40 'partselect' 'data_split_V_2' <Predicate = (!icmp_ln1069)> <Delay = 0.00>
ST_2 : Operation 41 [1/1] (0.00ns)   --->   "%data_split_V_3 = partselect i16 @_ssdm_op_PartSelect.i16.i256.i32.i32, i256 %out_data_V, i32 48, i32 63"   --->   Operation 41 'partselect' 'data_split_V_3' <Predicate = (!icmp_ln1069)> <Delay = 0.00>
ST_2 : Operation 42 [1/1] (0.00ns)   --->   "%data_split_V_4 = partselect i16 @_ssdm_op_PartSelect.i16.i256.i32.i32, i256 %out_data_V, i32 64, i32 79"   --->   Operation 42 'partselect' 'data_split_V_4' <Predicate = (!icmp_ln1069)> <Delay = 0.00>
ST_2 : Operation 43 [1/1] (0.00ns)   --->   "%data_split_V_5 = partselect i16 @_ssdm_op_PartSelect.i16.i256.i32.i32, i256 %out_data_V, i32 80, i32 95"   --->   Operation 43 'partselect' 'data_split_V_5' <Predicate = (!icmp_ln1069)> <Delay = 0.00>
ST_2 : Operation 44 [1/1] (0.00ns)   --->   "%data_split_V_6 = partselect i16 @_ssdm_op_PartSelect.i16.i256.i32.i32, i256 %out_data_V, i32 96, i32 111"   --->   Operation 44 'partselect' 'data_split_V_6' <Predicate = (!icmp_ln1069)> <Delay = 0.00>
ST_2 : Operation 45 [1/1] (0.00ns)   --->   "%data_split_V_7 = partselect i16 @_ssdm_op_PartSelect.i16.i256.i32.i32, i256 %out_data_V, i32 112, i32 127"   --->   Operation 45 'partselect' 'data_split_V_7' <Predicate = (!icmp_ln1069)> <Delay = 0.00>
ST_2 : Operation 46 [1/1] (0.00ns)   --->   "%data_split_V_8 = partselect i16 @_ssdm_op_PartSelect.i16.i256.i32.i32, i256 %out_data_V, i32 128, i32 143"   --->   Operation 46 'partselect' 'data_split_V_8' <Predicate = (!icmp_ln1069)> <Delay = 0.00>
ST_2 : Operation 47 [1/1] (0.00ns)   --->   "%data_split_V_9 = partselect i16 @_ssdm_op_PartSelect.i16.i256.i32.i32, i256 %out_data_V, i32 144, i32 159"   --->   Operation 47 'partselect' 'data_split_V_9' <Predicate = (!icmp_ln1069)> <Delay = 0.00>
ST_2 : Operation 48 [1/1] (0.00ns)   --->   "%data_split_V_10 = partselect i16 @_ssdm_op_PartSelect.i16.i256.i32.i32, i256 %out_data_V, i32 160, i32 175"   --->   Operation 48 'partselect' 'data_split_V_10' <Predicate = (!icmp_ln1069)> <Delay = 0.00>
ST_2 : Operation 49 [1/1] (0.00ns)   --->   "%data_split_V_11 = partselect i16 @_ssdm_op_PartSelect.i16.i256.i32.i32, i256 %out_data_V, i32 176, i32 191"   --->   Operation 49 'partselect' 'data_split_V_11' <Predicate = (!icmp_ln1069)> <Delay = 0.00>
ST_2 : Operation 50 [1/1] (0.00ns)   --->   "%data_split_V_12 = partselect i16 @_ssdm_op_PartSelect.i16.i256.i32.i32, i256 %out_data_V, i32 192, i32 207"   --->   Operation 50 'partselect' 'data_split_V_12' <Predicate = (!icmp_ln1069)> <Delay = 0.00>
ST_2 : Operation 51 [1/1] (0.00ns)   --->   "%data_split_V_13 = partselect i16 @_ssdm_op_PartSelect.i16.i256.i32.i32, i256 %out_data_V, i32 208, i32 223"   --->   Operation 51 'partselect' 'data_split_V_13' <Predicate = (!icmp_ln1069)> <Delay = 0.00>
ST_2 : Operation 52 [1/1] (0.00ns)   --->   "%data_split_V_14 = partselect i16 @_ssdm_op_PartSelect.i16.i256.i32.i32, i256 %out_data_V, i32 224, i32 239"   --->   Operation 52 'partselect' 'data_split_V_14' <Predicate = (!icmp_ln1069)> <Delay = 0.00>
ST_2 : Operation 53 [1/1] (0.00ns)   --->   "%data_split_V_15 = partselect i16 @_ssdm_op_PartSelect.i16.i256.i32.i32, i256 %out_data_V, i32 240, i32 255"   --->   Operation 53 'partselect' 'data_split_V_15' <Predicate = (!icmp_ln1069)> <Delay = 0.00>
ST_2 : Operation 54 [1/1] (0.61ns)   --->   "%switch_ln909 = switch i4 %trunc_ln891, void %branch15, i4 0, void %.split46..split16_crit_edge, i4 1, void %.split16, i4 2, void %branch2, i4 3, void %branch3, i4 4, void %branch4, i4 5, void %branch5, i4 6, void %branch6, i4 7, void %branch7, i4 8, void %branch8, i4 9, void %branch9, i4 10, void %branch10, i4 11, void %branch11, i4 12, void %branch12, i4 13, void %branch13, i4 14, void %branch14" [src/kernel_kernel.cpp:909]   --->   Operation 54 'switch' 'switch_ln909' <Predicate = (!icmp_ln1069)> <Delay = 0.61>
ST_2 : Operation 55 [1/1] (0.38ns)   --->   "%br_ln909 = br void %.split16" [src/kernel_kernel.cpp:909]   --->   Operation 55 'br' 'br_ln909' <Predicate = (!icmp_ln1069 & trunc_ln891 == 14)> <Delay = 0.38>
ST_2 : Operation 56 [1/1] (0.38ns)   --->   "%br_ln909 = br void %.split16" [src/kernel_kernel.cpp:909]   --->   Operation 56 'br' 'br_ln909' <Predicate = (!icmp_ln1069 & trunc_ln891 == 13)> <Delay = 0.38>
ST_2 : Operation 57 [1/1] (0.38ns)   --->   "%br_ln909 = br void %.split16" [src/kernel_kernel.cpp:909]   --->   Operation 57 'br' 'br_ln909' <Predicate = (!icmp_ln1069 & trunc_ln891 == 12)> <Delay = 0.38>
ST_2 : Operation 58 [1/1] (0.38ns)   --->   "%br_ln909 = br void %.split16" [src/kernel_kernel.cpp:909]   --->   Operation 58 'br' 'br_ln909' <Predicate = (!icmp_ln1069 & trunc_ln891 == 11)> <Delay = 0.38>
ST_2 : Operation 59 [1/1] (0.38ns)   --->   "%br_ln909 = br void %.split16" [src/kernel_kernel.cpp:909]   --->   Operation 59 'br' 'br_ln909' <Predicate = (!icmp_ln1069 & trunc_ln891 == 10)> <Delay = 0.38>
ST_2 : Operation 60 [1/1] (0.38ns)   --->   "%br_ln909 = br void %.split16" [src/kernel_kernel.cpp:909]   --->   Operation 60 'br' 'br_ln909' <Predicate = (!icmp_ln1069 & trunc_ln891 == 9)> <Delay = 0.38>
ST_2 : Operation 61 [1/1] (0.38ns)   --->   "%br_ln909 = br void %.split16" [src/kernel_kernel.cpp:909]   --->   Operation 61 'br' 'br_ln909' <Predicate = (!icmp_ln1069 & trunc_ln891 == 8)> <Delay = 0.38>
ST_2 : Operation 62 [1/1] (0.38ns)   --->   "%br_ln909 = br void %.split16" [src/kernel_kernel.cpp:909]   --->   Operation 62 'br' 'br_ln909' <Predicate = (!icmp_ln1069 & trunc_ln891 == 7)> <Delay = 0.38>
ST_2 : Operation 63 [1/1] (0.38ns)   --->   "%br_ln909 = br void %.split16" [src/kernel_kernel.cpp:909]   --->   Operation 63 'br' 'br_ln909' <Predicate = (!icmp_ln1069 & trunc_ln891 == 6)> <Delay = 0.38>
ST_2 : Operation 64 [1/1] (0.38ns)   --->   "%br_ln909 = br void %.split16" [src/kernel_kernel.cpp:909]   --->   Operation 64 'br' 'br_ln909' <Predicate = (!icmp_ln1069 & trunc_ln891 == 5)> <Delay = 0.38>
ST_2 : Operation 65 [1/1] (0.38ns)   --->   "%br_ln909 = br void %.split16" [src/kernel_kernel.cpp:909]   --->   Operation 65 'br' 'br_ln909' <Predicate = (!icmp_ln1069 & trunc_ln891 == 4)> <Delay = 0.38>
ST_2 : Operation 66 [1/1] (0.38ns)   --->   "%br_ln909 = br void %.split16" [src/kernel_kernel.cpp:909]   --->   Operation 66 'br' 'br_ln909' <Predicate = (!icmp_ln1069 & trunc_ln891 == 3)> <Delay = 0.38>
ST_2 : Operation 67 [1/1] (0.38ns)   --->   "%br_ln909 = br void %.split16" [src/kernel_kernel.cpp:909]   --->   Operation 67 'br' 'br_ln909' <Predicate = (!icmp_ln1069 & trunc_ln891 == 2)> <Delay = 0.38>
ST_2 : Operation 68 [1/1] (0.38ns)   --->   "%br_ln909 = br void %.split16" [src/kernel_kernel.cpp:909]   --->   Operation 68 'br' 'br_ln909' <Predicate = (!icmp_ln1069 & trunc_ln891 == 0)> <Delay = 0.38>
ST_2 : Operation 69 [1/1] (0.38ns)   --->   "%br_ln909 = br void %.split16" [src/kernel_kernel.cpp:909]   --->   Operation 69 'br' 'br_ln909' <Predicate = (!icmp_ln1069 & trunc_ln891 == 15)> <Delay = 0.38>
ST_2 : Operation 70 [1/1] (0.00ns)   --->   "%v1_V = phi i16 %data_split_V_1_4, void %branch15, i16 %data_split_V_15, void %branch14, i16 %data_split_V_15, void %branch13, i16 %data_split_V_15, void %branch12, i16 %data_split_V_15, void %branch11, i16 %data_split_V_15, void %branch10, i16 %data_split_V_15, void %branch9, i16 %data_split_V_15, void %branch8, i16 %data_split_V_15, void %branch7, i16 %data_split_V_15, void %branch6, i16 %data_split_V_15, void %branch5, i16 %data_split_V_15, void %branch4, i16 %data_split_V_15, void %branch3, i16 %data_split_V_15, void %branch2, i16 %data_split_V_15, void %.split46..split16_crit_edge, i16 %data_split_V_15, void %.split46"   --->   Operation 70 'phi' 'v1_V' <Predicate = true> <Delay = 0.00>
ST_2 : Operation 71 [1/1] (0.00ns)   --->   "%v2_V_163 = phi i16 %data_split_V_14, void %branch15, i16 %data_split_V_1_4, void %branch14, i16 %data_split_V_14, void %branch13, i16 %data_split_V_14, void %branch12, i16 %data_split_V_14, void %branch11, i16 %data_split_V_14, void %branch10, i16 %data_split_V_14, void %branch9, i16 %data_split_V_14, void %branch8, i16 %data_split_V_14, void %branch7, i16 %data_split_V_14, void %branch6, i16 %data_split_V_14, void %branch5, i16 %data_split_V_14, void %branch4, i16 %data_split_V_14, void %branch3, i16 %data_split_V_14, void %branch2, i16 %data_split_V_14, void %.split46..split16_crit_edge, i16 %data_split_V_14, void %.split46"   --->   Operation 71 'phi' 'v2_V_163' <Predicate = true> <Delay = 0.00>
ST_2 : Operation 72 [1/1] (0.00ns)   --->   "%v2_V_162 = phi i16 %data_split_V_13, void %branch15, i16 %data_split_V_13, void %branch14, i16 %data_split_V_1_4, void %branch13, i16 %data_split_V_13, void %branch12, i16 %data_split_V_13, void %branch11, i16 %data_split_V_13, void %branch10, i16 %data_split_V_13, void %branch9, i16 %data_split_V_13, void %branch8, i16 %data_split_V_13, void %branch7, i16 %data_split_V_13, void %branch6, i16 %data_split_V_13, void %branch5, i16 %data_split_V_13, void %branch4, i16 %data_split_V_13, void %branch3, i16 %data_split_V_13, void %branch2, i16 %data_split_V_13, void %.split46..split16_crit_edge, i16 %data_split_V_13, void %.split46"   --->   Operation 72 'phi' 'v2_V_162' <Predicate = true> <Delay = 0.00>
ST_2 : Operation 73 [1/1] (0.00ns)   --->   "%v2_V_161 = phi i16 %data_split_V_12, void %branch15, i16 %data_split_V_12, void %branch14, i16 %data_split_V_12, void %branch13, i16 %data_split_V_1_4, void %branch12, i16 %data_split_V_12, void %branch11, i16 %data_split_V_12, void %branch10, i16 %data_split_V_12, void %branch9, i16 %data_split_V_12, void %branch8, i16 %data_split_V_12, void %branch7, i16 %data_split_V_12, void %branch6, i16 %data_split_V_12, void %branch5, i16 %data_split_V_12, void %branch4, i16 %data_split_V_12, void %branch3, i16 %data_split_V_12, void %branch2, i16 %data_split_V_12, void %.split46..split16_crit_edge, i16 %data_split_V_12, void %.split46"   --->   Operation 73 'phi' 'v2_V_161' <Predicate = true> <Delay = 0.00>
ST_2 : Operation 74 [1/1] (0.00ns)   --->   "%v2_V_160 = phi i16 %data_split_V_11, void %branch15, i16 %data_split_V_11, void %branch14, i16 %data_split_V_11, void %branch13, i16 %data_split_V_11, void %branch12, i16 %data_split_V_1_4, void %branch11, i16 %data_split_V_11, void %branch10, i16 %data_split_V_11, void %branch9, i16 %data_split_V_11, void %branch8, i16 %data_split_V_11, void %branch7, i16 %data_split_V_11, void %branch6, i16 %data_split_V_11, void %branch5, i16 %data_split_V_11, void %branch4, i16 %data_split_V_11, void %branch3, i16 %data_split_V_11, void %branch2, i16 %data_split_V_11, void %.split46..split16_crit_edge, i16 %data_split_V_11, void %.split46"   --->   Operation 74 'phi' 'v2_V_160' <Predicate = true> <Delay = 0.00>
ST_2 : Operation 75 [1/1] (0.00ns)   --->   "%v2_V_159 = phi i16 %data_split_V_10, void %branch15, i16 %data_split_V_10, void %branch14, i16 %data_split_V_10, void %branch13, i16 %data_split_V_10, void %branch12, i16 %data_split_V_10, void %branch11, i16 %data_split_V_1_4, void %branch10, i16 %data_split_V_10, void %branch9, i16 %data_split_V_10, void %branch8, i16 %data_split_V_10, void %branch7, i16 %data_split_V_10, void %branch6, i16 %data_split_V_10, void %branch5, i16 %data_split_V_10, void %branch4, i16 %data_split_V_10, void %branch3, i16 %data_split_V_10, void %branch2, i16 %data_split_V_10, void %.split46..split16_crit_edge, i16 %data_split_V_10, void %.split46"   --->   Operation 75 'phi' 'v2_V_159' <Predicate = true> <Delay = 0.00>
ST_2 : Operation 76 [1/1] (0.00ns)   --->   "%v2_V_158 = phi i16 %data_split_V_9, void %branch15, i16 %data_split_V_9, void %branch14, i16 %data_split_V_9, void %branch13, i16 %data_split_V_9, void %branch12, i16 %data_split_V_9, void %branch11, i16 %data_split_V_9, void %branch10, i16 %data_split_V_1_4, void %branch9, i16 %data_split_V_9, void %branch8, i16 %data_split_V_9, void %branch7, i16 %data_split_V_9, void %branch6, i16 %data_split_V_9, void %branch5, i16 %data_split_V_9, void %branch4, i16 %data_split_V_9, void %branch3, i16 %data_split_V_9, void %branch2, i16 %data_split_V_9, void %.split46..split16_crit_edge, i16 %data_split_V_9, void %.split46"   --->   Operation 76 'phi' 'v2_V_158' <Predicate = true> <Delay = 0.00>
ST_2 : Operation 77 [1/1] (0.00ns)   --->   "%v2_V_157 = phi i16 %data_split_V_8, void %branch15, i16 %data_split_V_8, void %branch14, i16 %data_split_V_8, void %branch13, i16 %data_split_V_8, void %branch12, i16 %data_split_V_8, void %branch11, i16 %data_split_V_8, void %branch10, i16 %data_split_V_8, void %branch9, i16 %data_split_V_1_4, void %branch8, i16 %data_split_V_8, void %branch7, i16 %data_split_V_8, void %branch6, i16 %data_split_V_8, void %branch5, i16 %data_split_V_8, void %branch4, i16 %data_split_V_8, void %branch3, i16 %data_split_V_8, void %branch2, i16 %data_split_V_8, void %.split46..split16_crit_edge, i16 %data_split_V_8, void %.split46"   --->   Operation 77 'phi' 'v2_V_157' <Predicate = true> <Delay = 0.00>
ST_2 : Operation 78 [1/1] (0.00ns)   --->   "%v2_V_156 = phi i16 %data_split_V_7, void %branch15, i16 %data_split_V_7, void %branch14, i16 %data_split_V_7, void %branch13, i16 %data_split_V_7, void %branch12, i16 %data_split_V_7, void %branch11, i16 %data_split_V_7, void %branch10, i16 %data_split_V_7, void %branch9, i16 %data_split_V_7, void %branch8, i16 %data_split_V_1_4, void %branch7, i16 %data_split_V_7, void %branch6, i16 %data_split_V_7, void %branch5, i16 %data_split_V_7, void %branch4, i16 %data_split_V_7, void %branch3, i16 %data_split_V_7, void %branch2, i16 %data_split_V_7, void %.split46..split16_crit_edge, i16 %data_split_V_7, void %.split46"   --->   Operation 78 'phi' 'v2_V_156' <Predicate = true> <Delay = 0.00>
ST_2 : Operation 79 [1/1] (0.00ns)   --->   "%v2_V_155 = phi i16 %data_split_V_6, void %branch15, i16 %data_split_V_6, void %branch14, i16 %data_split_V_6, void %branch13, i16 %data_split_V_6, void %branch12, i16 %data_split_V_6, void %branch11, i16 %data_split_V_6, void %branch10, i16 %data_split_V_6, void %branch9, i16 %data_split_V_6, void %branch8, i16 %data_split_V_6, void %branch7, i16 %data_split_V_1_4, void %branch6, i16 %data_split_V_6, void %branch5, i16 %data_split_V_6, void %branch4, i16 %data_split_V_6, void %branch3, i16 %data_split_V_6, void %branch2, i16 %data_split_V_6, void %.split46..split16_crit_edge, i16 %data_split_V_6, void %.split46"   --->   Operation 79 'phi' 'v2_V_155' <Predicate = true> <Delay = 0.00>
ST_2 : Operation 80 [1/1] (0.00ns)   --->   "%v2_V_154 = phi i16 %data_split_V_5, void %branch15, i16 %data_split_V_5, void %branch14, i16 %data_split_V_5, void %branch13, i16 %data_split_V_5, void %branch12, i16 %data_split_V_5, void %branch11, i16 %data_split_V_5, void %branch10, i16 %data_split_V_5, void %branch9, i16 %data_split_V_5, void %branch8, i16 %data_split_V_5, void %branch7, i16 %data_split_V_5, void %branch6, i16 %data_split_V_1_4, void %branch5, i16 %data_split_V_5, void %branch4, i16 %data_split_V_5, void %branch3, i16 %data_split_V_5, void %branch2, i16 %data_split_V_5, void %.split46..split16_crit_edge, i16 %data_split_V_5, void %.split46"   --->   Operation 80 'phi' 'v2_V_154' <Predicate = true> <Delay = 0.00>
ST_2 : Operation 81 [1/1] (0.00ns)   --->   "%v2_V_153 = phi i16 %data_split_V_4, void %branch15, i16 %data_split_V_4, void %branch14, i16 %data_split_V_4, void %branch13, i16 %data_split_V_4, void %branch12, i16 %data_split_V_4, void %branch11, i16 %data_split_V_4, void %branch10, i16 %data_split_V_4, void %branch9, i16 %data_split_V_4, void %branch8, i16 %data_split_V_4, void %branch7, i16 %data_split_V_4, void %branch6, i16 %data_split_V_4, void %branch5, i16 %data_split_V_1_4, void %branch4, i16 %data_split_V_4, void %branch3, i16 %data_split_V_4, void %branch2, i16 %data_split_V_4, void %.split46..split16_crit_edge, i16 %data_split_V_4, void %.split46"   --->   Operation 81 'phi' 'v2_V_153' <Predicate = true> <Delay = 0.00>
ST_2 : Operation 82 [1/1] (0.00ns)   --->   "%v2_V_152 = phi i16 %data_split_V_3, void %branch15, i16 %data_split_V_3, void %branch14, i16 %data_split_V_3, void %branch13, i16 %data_split_V_3, void %branch12, i16 %data_split_V_3, void %branch11, i16 %data_split_V_3, void %branch10, i16 %data_split_V_3, void %branch9, i16 %data_split_V_3, void %branch8, i16 %data_split_V_3, void %branch7, i16 %data_split_V_3, void %branch6, i16 %data_split_V_3, void %branch5, i16 %data_split_V_3, void %branch4, i16 %data_split_V_1_4, void %branch3, i16 %data_split_V_3, void %branch2, i16 %data_split_V_3, void %.split46..split16_crit_edge, i16 %data_split_V_3, void %.split46"   --->   Operation 82 'phi' 'v2_V_152' <Predicate = true> <Delay = 0.00>
ST_2 : Operation 83 [1/1] (0.00ns)   --->   "%v2_V_151 = phi i16 %data_split_V_2, void %branch15, i16 %data_split_V_2, void %branch14, i16 %data_split_V_2, void %branch13, i16 %data_split_V_2, void %branch12, i16 %data_split_V_2, void %branch11, i16 %data_split_V_2, void %branch10, i16 %data_split_V_2, void %branch9, i16 %data_split_V_2, void %branch8, i16 %data_split_V_2, void %branch7, i16 %data_split_V_2, void %branch6, i16 %data_split_V_2, void %branch5, i16 %data_split_V_2, void %branch4, i16 %data_split_V_2, void %branch3, i16 %data_split_V_1_4, void %branch2, i16 %data_split_V_2, void %.split46..split16_crit_edge, i16 %data_split_V_2, void %.split46"   --->   Operation 83 'phi' 'v2_V_151' <Predicate = true> <Delay = 0.00>
ST_2 : Operation 84 [1/1] (0.00ns)   --->   "%v2_V_150 = phi i16 %data_split_V_1, void %branch15, i16 %data_split_V_1, void %branch14, i16 %data_split_V_1, void %branch13, i16 %data_split_V_1, void %branch12, i16 %data_split_V_1, void %branch11, i16 %data_split_V_1, void %branch10, i16 %data_split_V_1, void %branch9, i16 %data_split_V_1, void %branch8, i16 %data_split_V_1, void %branch7, i16 %data_split_V_1, void %branch6, i16 %data_split_V_1, void %branch5, i16 %data_split_V_1, void %branch4, i16 %data_split_V_1, void %branch3, i16 %data_split_V_1, void %branch2, i16 %data_split_V_1, void %.split46..split16_crit_edge, i16 %data_split_V_1_4, void %.split46"   --->   Operation 84 'phi' 'v2_V_150' <Predicate = true> <Delay = 0.00>
ST_2 : Operation 85 [1/1] (0.00ns)   --->   "%v2_V = phi i16 %data_split_V_0, void %branch15, i16 %data_split_V_0, void %branch14, i16 %data_split_V_0, void %branch13, i16 %data_split_V_0, void %branch12, i16 %data_split_V_0, void %branch11, i16 %data_split_V_0, void %branch10, i16 %data_split_V_0, void %branch9, i16 %data_split_V_0, void %branch8, i16 %data_split_V_0, void %branch7, i16 %data_split_V_0, void %branch6, i16 %data_split_V_0, void %branch5, i16 %data_split_V_0, void %branch4, i16 %data_split_V_0, void %branch3, i16 %data_split_V_0, void %branch2, i16 %data_split_V_1_4, void %.split46..split16_crit_edge, i16 %data_split_V_0, void %.split46"   --->   Operation 85 'phi' 'v2_V' <Predicate = true> <Delay = 0.00>
ST_2 : Operation 86 [1/1] (0.00ns)   --->   "%p_Result_s = bitconcatenate i256 @_ssdm_op_BitConcatenate.i256.i16.i16.i16.i16.i16.i16.i16.i16.i16.i16.i16.i16.i16.i16.i16.i16, i16 %v1_V, i16 %v2_V_163, i16 %v2_V_162, i16 %v2_V_161, i16 %v2_V_160, i16 %v2_V_159, i16 %v2_V_158, i16 %v2_V_157, i16 %v2_V_156, i16 %v2_V_155, i16 %v2_V_154, i16 %v2_V_153, i16 %v2_V_152, i16 %v2_V_151, i16 %v2_V_150, i16 %v2_V"   --->   Operation 86 'bitconcatenate' 'p_Result_s' <Predicate = true> <Delay = 0.00>
ST_2 : Operation 87 [1/1] (1.20ns)   --->   "%store_ln910 = store i256 %p_Result_s, i4 %local_C_V_addr" [src/kernel_kernel.cpp:910]   --->   Operation 87 'store' 'store_ln910' <Predicate = true> <Delay = 1.20> <CoreInst = "RAM_2P_BRAM">   --->   Core 94 'RAM_2P_BRAM' <Latency = 1> <II = 1> <Delay = 1.20> <Storage> <Opcode : 'load' 'store'> <Ports = 2> <Width = 256> <Depth = 16> <RAM>
ST_2 : Operation 88 [1/1] (0.38ns)   --->   "%store_ln891 = store i5 %select_ln891_1, i5 %c6_V" [src/kernel_kernel.cpp:891]   --->   Operation 88 'store' 'store_ln891' <Predicate = true> <Delay = 0.38>
ST_2 : Operation 89 [1/1] (0.00ns)   --->   "%br_ln0 = br void"   --->   Operation 89 'br' 'br_ln0' <Predicate = true> <Delay = 0.00>


============================================================
+ Verbose Summary: Timing violations
============================================================
Target clock period: 5ns, clock uncertainty: 1.35ns.

 <State 1>: 2.12ns
The critical path consists of the following:
	'alloca' operation ('c7.V') [3]  (0 ns)
	'load' operation ('c7_V_load') on local variable 'c7.V' [19]  (0 ns)
	'icmp' operation ('icmp_ln1069_5') [24]  (0.637 ns)
	'select' operation ('select_ln891', src/kernel_kernel.cpp:891) [25]  (0.278 ns)
	'getelementptr' operation ('local_C_V_addr', src/kernel_kernel.cpp:901) [29]  (0 ns)
	'load' operation ('out_data.V', src/kernel_kernel.cpp:901) on array 'local_C_V' [33]  (1.2 ns)

 <State 2>: 3.16ns
The critical path consists of the following:
	fifo read operation ('data_split.V[1]', /mnt/raid10/tools/Vitis_HLS/2021.1/common/technology/autopilot/hls_stream_39.h:145) on port 'fifo_C_drain_PE_15_01853' (/mnt/raid10/tools/Vitis_HLS/2021.1/common/technology/autopilot/hls_stream_39.h:145) [32]  (1.35 ns)
	multiplexor before 'phi' operation ('data_split.V[0]') with incoming values : ('data_split.V[1]', /mnt/raid10/tools/Vitis_HLS/2021.1/common/technology/autopilot/hls_stream_39.h:145) ('data_split.V[1]') [96]  (0.619 ns)
	'phi' operation ('data_split.V[0]') with incoming values : ('data_split.V[1]', /mnt/raid10/tools/Vitis_HLS/2021.1/common/technology/autopilot/hls_stream_39.h:145) ('data_split.V[1]') [96]  (0 ns)
	'store' operation ('store_ln910', src/kernel_kernel.cpp:910) of variable '__Result__' on array 'local_C_V' [99]  (1.2 ns)


============================================================
+ Verbose Summary: Binding
============================================================
N/A
* FSMD analyzer results:
  - Output states:
 - Input state : 
  - Chain level:
	State 1
	State 2


============================================================
+ Verbose Summary: Datapath Resource usage 
============================================================
N/A
