

================================================================
== Vitis HLS Report for 'C_drain_IO_L1_out_boundary_wrapper386'
================================================================
* Date:           Sat Oct 15 12:46:28 2022

* Version:        2021.1 (Build 3247384 on Thu Jun 10 19:36:07 MDT 2021)
* Project:        hls_prj
* Solution:       solution1 (Vivado IP Flow Target)
* Product family: virtexuplus
* Target device:  xcu200-fsgd2104-2-e


================================================================
== Performance Estimates
================================================================
+ Timing: 
    * Summary: 
    +--------+---------+----------+------------+
    |  Clock |  Target | Estimated| Uncertainty|
    +--------+---------+----------+------------+
    |ap_clk  |  5.00 ns|  3.165 ns|     1.35 ns|
    +--------+---------+----------+------------+

+ Latency: 
    * Summary: 
    +---------+---------+-----------+-----------+------+------+---------+
    |  Latency (cycles) |   Latency (absolute)  |   Interval  | Pipeline|
    |   min   |   max   |    min    |    max    |  min |  max |   Type  |
    +---------+---------+-----------+-----------+------+------+---------+
    |     4497|     4497|  22.485 us|  22.485 us|  4497|  4497|       no|
    +---------+---------+-----------+-----------+------+------+---------+

    + Detail: 
        * Instance: 
        N/A

        * Loop: 
        +---------------------------------------+---------+---------+----------+-----------+-----------+------+----------+
        |                                       |  Latency (cycles) | Iteration|  Initiation Interval  | Trip |          |
        |               Loop Name               |   min   |   max   |  Latency |  achieved |   target  | Count| Pipelined|
        +---------------------------------------+---------+---------+----------+-----------+-----------+------+----------+
        |- VITIS_LOOP_1036_1_VITIS_LOOP_1037_2  |     4496|     4496|       281|          -|          -|    16|        no|
        +---------------------------------------+---------+---------+----------+-----------+-----------+------+----------+

============================================================
+ Verbose Summary: Synthesis Manager
============================================================
InlineROM: 1
ExposeGlobal: 0
============================================================
+ Verbose Summary: CDFG Model
============================================================
IsTopModel: 0
ResetActiveHigh: 1
IsCombinational: 2
IsDatapathOnly: 0
HasWiredReturn: 1
HasMFsm: 0
HasVarLatency: 1
IsPipeline: 0
IsRtlPipelined: 0
IsInstanceOverlapped: 0
IsDontTouch: 0
HasImplIP: 0
IsGatedGlobalClock: 0


============================================================
+ Verbose Summary: Schedule
============================================================
* Number of FSM states : 6
* Pipeline : 0
* Dataflow Pipeline: 0

* FSM state transitions: 
1 --> 2 
2 --> 3 
3 --> 4 
4 --> 5 
5 --> 6 
6 --> 2 

* FSM state operations: 

State 1 <SV = 0> <Delay = 0.38>
ST_1 : Operation 7 [1/1] (0.00ns)   --->   "%indvar_flatten7 = alloca i32 1"   --->   Operation 7 'alloca' 'indvar_flatten7' <Predicate = true> <Delay = 0.00>
ST_1 : Operation 8 [1/1] (0.00ns)   --->   "%specmemcore_ln0 = specmemcore void @_ssdm_op_SpecMemCore, i256 %fifo_C_drain_C_drain_IO_L1_out_0_152109, i64 666, i64 10, i64 18446744073709551615"   --->   Operation 8 'specmemcore' 'specmemcore_ln0' <Predicate = true> <Delay = 0.00>
ST_1 : Operation 9 [1/1] (0.00ns)   --->   "%specmemcore_ln0 = specmemcore void @_ssdm_op_SpecMemCore, i16 %fifo_C_drain_PE_15_01853, i64 666, i64 10, i64 18446744073709551615"   --->   Operation 9 'specmemcore' 'specmemcore_ln0' <Predicate = true> <Delay = 0.00>
ST_1 : Operation 10 [1/1] (0.00ns)   --->   "%specinterface_ln0 = specinterface void @_ssdm_op_SpecInterface, i256 %fifo_C_drain_C_drain_IO_L1_out_0_152109, void @empty_14, i32 0, i32 0, void @empty_47, i32 0, i32 0, void @empty_47, void @empty_47, void @empty_47, i32 0, i32 0, i32 0, i32 0, void @empty_47, void @empty_47"   --->   Operation 10 'specinterface' 'specinterface_ln0' <Predicate = true> <Delay = 0.00>
ST_1 : Operation 11 [1/1] (0.00ns)   --->   "%specinterface_ln0 = specinterface void @_ssdm_op_SpecInterface, i16 %fifo_C_drain_PE_15_01853, void @empty_14, i32 0, i32 0, void @empty_47, i32 0, i32 0, void @empty_47, void @empty_47, void @empty_47, i32 0, i32 0, i32 0, i32 0, void @empty_47, void @empty_47"   --->   Operation 11 'specinterface' 'specinterface_ln0' <Predicate = true> <Delay = 0.00>
ST_1 : Operation 12 [1/1] (0.00ns)   --->   "%local_C_V = alloca i64 1" [src/kernel_kernel.cpp:1032]   --->   Operation 12 'alloca' 'local_C_V' <Predicate = true> <Delay = 0.00> <CoreInst = "RAM_2P_BRAM">   --->   Core 94 'RAM_2P_BRAM' <Latency = 1> <II = 1> <Delay = 1.20> <Storage> <Opcode : 'load' 'store'> <Ports = 2> <Width = 256> <Depth = 16> <RAM>
ST_1 : Operation 13 [1/1] (0.00ns)   --->   "%specmemcore_ln1032 = specmemcore void @_ssdm_op_SpecMemCore, i256 %local_C_V, i64 666, i64 22, i64 18446744073709551615" [src/kernel_kernel.cpp:1032]   --->   Operation 13 'specmemcore' 'specmemcore_ln1032' <Predicate = true> <Delay = 0.00>
ST_1 : Operation 14 [1/1] (0.38ns)   --->   "%store_ln1036 = store i5 0, i5 %indvar_flatten7" [src/kernel_kernel.cpp:1036]   --->   Operation 14 'store' 'store_ln1036' <Predicate = true> <Delay = 0.38>
ST_1 : Operation 15 [1/1] (0.00ns)   --->   "%br_ln1036 = br void" [src/kernel_kernel.cpp:1036]   --->   Operation 15 'br' 'br_ln1036' <Predicate = true> <Delay = 0.00>

State 2 <SV = 1> <Delay = 1.09>
ST_2 : Operation 16 [1/1] (0.00ns)   --->   "%indvar_flatten7_load = load i5 %indvar_flatten7"   --->   Operation 16 'load' 'indvar_flatten7_load' <Predicate = true> <Delay = 0.00>
ST_2 : Operation 17 [1/1] (0.63ns)   --->   "%icmp_ln1069 = icmp_eq  i5 %indvar_flatten7_load, i5 16"   --->   Operation 17 'icmp' 'icmp_ln1069' <Predicate = true> <Delay = 0.63> <CoreInst = "Cmp">   --->   Core 9 'Cmp' <Latency = 0> <II = 1> <Delay = 0.63> <FuncUnit> <Opcode : 'icmp'> <InPorts = 2> <OutPorts = 1>
ST_2 : Operation 18 [1/1] (0.70ns)   --->   "%add_ln1069 = add i5 %indvar_flatten7_load, i5 1"   --->   Operation 18 'add' 'add_ln1069' <Predicate = true> <Delay = 0.70> <CoreInst = "Adder">   --->   Core 1 'Adder' <Latency = 0> <II = 1> <Delay = 0.70> <FuncUnit> <Opcode : 'add' 'sub'> <InPorts = 2> <OutPorts = 1>
ST_2 : Operation 19 [1/1] (0.00ns)   --->   "%br_ln1069 = br i1 %icmp_ln1069, void %.split52, void %_Z26C_drain_IO_L1_out_boundaryiiRN3hls6streamI7ap_uintILi256EELi0EEERNS0_ItLi0EEE.exit"   --->   Operation 19 'br' 'br_ln1069' <Predicate = true> <Delay = 0.00>
ST_2 : Operation 20 [1/1] (0.00ns)   --->   "%empty_1294 = wait i32 @_ssdm_op_Wait"   --->   Operation 20 'wait' 'empty_1294' <Predicate = (!icmp_ln1069)> <Delay = 0.00>
ST_2 : Operation 21 [2/2] (0.00ns)   --->   "%call_ln0 = call void @C_drain_IO_L1_out_boundary_wrapper386_Pipeline_VIT.1, i256 %local_C_V, i16 %fifo_C_drain_PE_15_01853"   --->   Operation 21 'call' 'call_ln0' <Predicate = (!icmp_ln1069)> <Delay = 0.00> <CoreType = "Generic">   --->   Core 0 '' <Latency = 0> <II = 1> <Delay = 1.00> <Generic> <Opcode : >
ST_2 : Operation 22 [1/1] (0.38ns)   --->   "%store_ln1069 = store i5 %add_ln1069, i5 %indvar_flatten7"   --->   Operation 22 'store' 'store_ln1069' <Predicate = (!icmp_ln1069)> <Delay = 0.38>
ST_2 : Operation 23 [1/1] (0.00ns)   --->   "%ret_ln1069 = ret" [src/kernel_kernel.cpp:1069]   --->   Operation 23 'ret' 'ret_ln1069' <Predicate = (icmp_ln1069)> <Delay = 0.00>

State 3 <SV = 2> <Delay = 0.00>
ST_3 : Operation 24 [1/2] (0.00ns)   --->   "%call_ln0 = call void @C_drain_IO_L1_out_boundary_wrapper386_Pipeline_VIT.1, i256 %local_C_V, i16 %fifo_C_drain_PE_15_01853"   --->   Operation 24 'call' 'call_ln0' <Predicate = true> <Delay = 0.00> <CoreType = "Generic">   --->   Core 0 '' <Latency = 0> <II = 1> <Delay = 1.00> <Generic> <Opcode : >

State 4 <SV = 3> <Delay = 0.00>
ST_4 : Operation 25 [1/1] (0.00ns)   --->   "%empty_1295 = wait i32 @_ssdm_op_Wait"   --->   Operation 25 'wait' 'empty_1295' <Predicate = true> <Delay = 0.00>

State 5 <SV = 4> <Delay = 0.00>
ST_5 : Operation 26 [1/1] (0.00ns)   --->   "%empty_1296 = wait i32 @_ssdm_op_Wait"   --->   Operation 26 'wait' 'empty_1296' <Predicate = true> <Delay = 0.00>
ST_5 : Operation 27 [2/2] (0.00ns)   --->   "%call_ln0 = call void @C_drain_IO_L1_out_boundary_wrapper386_Pipeline_VIT, i256 %local_C_V, i256 %fifo_C_drain_C_drain_IO_L1_out_0_152109"   --->   Operation 27 'call' 'call_ln0' <Predicate = true> <Delay = 0.00> <CoreType = "Generic">   --->   Core 0 '' <Latency = 0> <II = 1> <Delay = 1.00> <Generic> <Opcode : >

State 6 <SV = 5> <Delay = 0.00>
ST_6 : Operation 28 [1/1] (0.00ns)   --->   "%specloopname_ln0 = specloopname void @_ssdm_op_SpecLoopName, void @VITIS_LOOP_1036_1_VITIS_LOOP_1037_2_str"   --->   Operation 28 'specloopname' 'specloopname_ln0' <Predicate = true> <Delay = 0.00>
ST_6 : Operation 29 [1/1] (0.00ns)   --->   "%empty = speclooptripcount i32 @_ssdm_op_SpecLoopTripCount, i64 16, i64 16, i64 16"   --->   Operation 29 'speclooptripcount' 'empty' <Predicate = true> <Delay = 0.00>
ST_6 : Operation 30 [1/1] (0.00ns)   --->   "%specloopname_ln879 = specloopname void @_ssdm_op_SpecLoopName, void @empty_12" [src/kernel_kernel.cpp:879]   --->   Operation 30 'specloopname' 'specloopname_ln879' <Predicate = true> <Delay = 0.00>
ST_6 : Operation 31 [1/2] (0.00ns)   --->   "%call_ln0 = call void @C_drain_IO_L1_out_boundary_wrapper386_Pipeline_VIT, i256 %local_C_V, i256 %fifo_C_drain_C_drain_IO_L1_out_0_152109"   --->   Operation 31 'call' 'call_ln0' <Predicate = true> <Delay = 0.00> <CoreType = "Generic">   --->   Core 0 '' <Latency = 0> <II = 1> <Delay = 1.00> <Generic> <Opcode : >
ST_6 : Operation 32 [1/1] (0.00ns)   --->   "%br_ln0 = br void"   --->   Operation 32 'br' 'br_ln0' <Predicate = true> <Delay = 0.00>


============================================================
+ Verbose Summary: Timing violations
============================================================
Target clock period: 5ns, clock uncertainty: 1.35ns.

 <State 1>: 0.387ns
The critical path consists of the following:
	'alloca' operation ('indvar_flatten7') [3]  (0 ns)
	'store' operation ('store_ln1036', src/kernel_kernel.cpp:1036) of constant 0 on local variable 'indvar_flatten7' [10]  (0.387 ns)

 <State 2>: 1.09ns
The critical path consists of the following:
	'load' operation ('indvar_flatten7_load') on local variable 'indvar_flatten7' [13]  (0 ns)
	'add' operation ('add_ln1069') [15]  (0.707 ns)
	'store' operation ('store_ln1069') of variable 'add_ln1069' on local variable 'indvar_flatten7' [26]  (0.387 ns)

 <State 3>: 0ns
The critical path consists of the following:

 <State 4>: 0ns
The critical path consists of the following:

 <State 5>: 0ns
The critical path consists of the following:

 <State 6>: 0ns
The critical path consists of the following:


============================================================
+ Verbose Summary: Binding
============================================================
N/A
* FSMD analyzer results:
  - Output states:
 - Input state : 
  - Chain level:
	State 1
	State 2
	State 3
	State 4
	State 5
	State 6


============================================================
+ Verbose Summary: Datapath Resource usage 
============================================================
N/A
