

================================================================
== Vitis HLS Report for 'PE_wrapper104'
================================================================
* Date:           Sat Oct 15 12:56:18 2022

* Version:        2021.1 (Build 3247384 on Thu Jun 10 19:36:07 MDT 2021)
* Project:        hls_prj
* Solution:       solution1 (Vivado IP Flow Target)
* Product family: virtexuplus
* Target device:  xcu200-fsgd2104-2-e


================================================================
== Performance Estimates
================================================================
+ Timing: 
    * Summary: 
    +--------+---------+----------+------------+
    |  Clock |  Target | Estimated| Uncertainty|
    +--------+---------+----------+------------+
    |ap_clk  |  5.00 ns|  3.455 ns|     1.35 ns|
    +--------+---------+----------+------------+

+ Latency: 
    * Summary: 
    +---------+---------+----------+----------+--------+--------+---------+
    |  Latency (cycles) |  Latency (absolute) |     Interval    | Pipeline|
    |   min   |   max   |    min   |    max   |   min  |   max  |   Type  |
    +---------+---------+----------+----------+--------+--------+---------+
    |   131080|   131080|  0.655 ms|  0.655 ms|  131080|  131080|       no|
    +---------+---------+----------+----------+--------+--------+---------+

    + Detail: 
        * Instance: 
        +--------------+-------+---------+---------+----------+----------+--------+--------+---------+
        |              |       |  Latency (cycles) |  Latency (absolute) |     Interval    | Pipeline|
        |   Instance   | Module|   min   |   max   |    min   |    max   |   min  |   max  |   Type  |
        +--------------+-------+---------+---------+----------+----------+--------+--------+---------+
        |grp_PE_fu_28  |PE     |   131079|   131079|  0.655 ms|  0.655 ms|  131079|  131079|       no|
        +--------------+-------+---------+---------+----------+----------+--------+--------+---------+

        * Loop: 
        N/A



================================================================
== Utilization Estimates
================================================================
* Summary: 
+---------------------+---------+------+---------+---------+-----+
|         Name        | BRAM_18K|  DSP |    FF   |   LUT   | URAM|
+---------------------+---------+------+---------+---------+-----+
|DSP                  |        -|     -|        -|        -|    -|
|Expression           |        -|     -|        0|        2|    -|
|FIFO                 |        -|     -|        -|        -|    -|
|Instance             |        1|    32|      766|      849|    -|
|Memory               |        -|     -|        -|        -|    -|
|Multiplexer          |        -|     -|        -|       77|    -|
|Register             |        -|     -|        5|        -|    -|
+---------------------+---------+------+---------+---------+-----+
|Total                |        1|    32|      771|      928|    0|
+---------------------+---------+------+---------+---------+-----+
|Available SLR        |     1440|  2280|   788160|   394080|  320|
+---------------------+---------+------+---------+---------+-----+
|Utilization SLR (%)  |       ~0|     1|       ~0|       ~0|    0|
+---------------------+---------+------+---------+---------+-----+
|Available            |     4320|  6840|  2364480|  1182240|  960|
+---------------------+---------+------+---------+---------+-----+
|Utilization (%)      |       ~0|    ~0|       ~0|       ~0|    0|
+---------------------+---------+------+---------+---------+-----+

+ Detail: 
    * Instance: 
    +--------------+-------+---------+----+-----+-----+-----+
    |   Instance   | Module| BRAM_18K| DSP|  FF | LUT | URAM|
    +--------------+-------+---------+----+-----+-----+-----+
    |grp_PE_fu_28  |PE     |        1|  32|  766|  849|    0|
    +--------------+-------+---------+----+-----+-----+-----+
    |Total         |       |        1|  32|  766|  849|    0|
    +--------------+-------+---------+----+-----+-----+-----+

    * DSP: 
    N/A

    * Memory: 
    N/A

    * FIFO: 
    N/A

    * Expression: 
    +-----------------+----------+----+---+----+------------+------------+
    |  Variable Name  | Operation| DSP| FF| LUT| Bitwidth P0| Bitwidth P1|
    +-----------------+----------+----+---+----+------------+------------+
    |ap_block_state1  |        or|   0|  0|   2|           1|           1|
    +-----------------+----------+----+---+----+------------+------------+
    |Total            |          |   0|  0|   2|           1|           1|
    +-----------------+----------+----+---+----+------------+------------+

    * Multiplexer: 
    +-------------------------------+----+-----------+-----+-----------+
    |              Name             | LUT| Input Size| Bits| Total Bits|
    +-------------------------------+----+-----------+-----+-----------+
    |ap_NS_fsm                      |  14|          3|    1|          3|
    |ap_done                        |   9|          2|    1|          2|
    |fifo_A_PE_0_01294_read         |   9|          2|    1|          2|
    |fifo_A_PE_0_11295_write        |   9|          2|    1|          2|
    |fifo_B_PE_0_01566_read         |   9|          2|    1|          2|
    |fifo_B_PE_1_01567_write        |   9|          2|    1|          2|
    |fifo_C_drain_PE_0_01838_write  |   9|          2|    1|          2|
    |real_start                     |   9|          2|    1|          2|
    +-------------------------------+----+-----------+-----+-----------+
    |Total                          |  77|         17|    8|         17|
    +-------------------------------+----+-----------+-----+-----------+

    * Register: 
    +---------------------------+---+----+-----+-----------+
    |            Name           | FF| LUT| Bits| Const Bits|
    +---------------------------+---+----+-----+-----------+
    |ap_CS_fsm                  |  2|   0|    2|          0|
    |ap_done_reg                |  1|   0|    1|          0|
    |grp_PE_fu_28_ap_start_reg  |  1|   0|    1|          0|
    |start_once_reg             |  1|   0|    1|          0|
    +---------------------------+---+----+-----+-----------+
    |Total                      |  5|   0|    5|          0|
    +---------------------------+---+----+-----+-----------+



================================================================
== Interface
================================================================
* Summary: 
+--------------------------------+-----+-----+------------+-------------------------+--------------+
|            RTL Ports           | Dir | Bits|  Protocol  |      Source Object      |    C Type    |
+--------------------------------+-----+-----+------------+-------------------------+--------------+
|ap_clk                          |   in|    1|  ap_ctrl_hs|            PE_wrapper104|  return value|
|ap_rst                          |   in|    1|  ap_ctrl_hs|            PE_wrapper104|  return value|
|ap_start                        |   in|    1|  ap_ctrl_hs|            PE_wrapper104|  return value|
|start_full_n                    |   in|    1|  ap_ctrl_hs|            PE_wrapper104|  return value|
|ap_done                         |  out|    1|  ap_ctrl_hs|            PE_wrapper104|  return value|
|ap_continue                     |   in|    1|  ap_ctrl_hs|            PE_wrapper104|  return value|
|ap_idle                         |  out|    1|  ap_ctrl_hs|            PE_wrapper104|  return value|
|ap_ready                        |  out|    1|  ap_ctrl_hs|            PE_wrapper104|  return value|
|start_out                       |  out|    1|  ap_ctrl_hs|            PE_wrapper104|  return value|
|start_write                     |  out|    1|  ap_ctrl_hs|            PE_wrapper104|  return value|
|fifo_A_PE_0_01294_dout          |   in|  512|     ap_fifo|        fifo_A_PE_0_01294|       pointer|
|fifo_A_PE_0_01294_empty_n       |   in|    1|     ap_fifo|        fifo_A_PE_0_01294|       pointer|
|fifo_A_PE_0_01294_read          |  out|    1|     ap_fifo|        fifo_A_PE_0_01294|       pointer|
|fifo_A_PE_0_11295_din           |  out|  512|     ap_fifo|        fifo_A_PE_0_11295|       pointer|
|fifo_A_PE_0_11295_full_n        |   in|    1|     ap_fifo|        fifo_A_PE_0_11295|       pointer|
|fifo_A_PE_0_11295_write         |  out|    1|     ap_fifo|        fifo_A_PE_0_11295|       pointer|
|fifo_B_PE_0_01566_dout          |   in|  512|     ap_fifo|        fifo_B_PE_0_01566|       pointer|
|fifo_B_PE_0_01566_empty_n       |   in|    1|     ap_fifo|        fifo_B_PE_0_01566|       pointer|
|fifo_B_PE_0_01566_read          |  out|    1|     ap_fifo|        fifo_B_PE_0_01566|       pointer|
|fifo_B_PE_1_01567_din           |  out|  512|     ap_fifo|        fifo_B_PE_1_01567|       pointer|
|fifo_B_PE_1_01567_full_n        |   in|    1|     ap_fifo|        fifo_B_PE_1_01567|       pointer|
|fifo_B_PE_1_01567_write         |  out|    1|     ap_fifo|        fifo_B_PE_1_01567|       pointer|
|fifo_C_drain_PE_0_01838_din     |  out|   16|     ap_fifo|  fifo_C_drain_PE_0_01838|       pointer|
|fifo_C_drain_PE_0_01838_full_n  |   in|    1|     ap_fifo|  fifo_C_drain_PE_0_01838|       pointer|
|fifo_C_drain_PE_0_01838_write   |  out|    1|     ap_fifo|  fifo_C_drain_PE_0_01838|       pointer|
+--------------------------------+-----+-----+------------+-------------------------+--------------+

============================================================
+ Verbose Summary: Synthesis Manager
============================================================
InlineROM: 1
ExposeGlobal: 0
============================================================
+ Verbose Summary: CDFG Model
============================================================
IsTopModel: 0
ResetActiveHigh: 1
IsCombinational: 2
IsDatapathOnly: 0
HasWiredReturn: 1
HasMFsm: 0
HasVarLatency: 1
IsPipeline: 0
IsRtlPipelined: 0
IsInstanceOverlapped: 0
IsDontTouch: 0
HasImplIP: 0
IsGatedGlobalClock: 0


============================================================
+ Verbose Summary: Schedule
============================================================
* Number of FSM states : 2
* Pipeline : 0
* Dataflow Pipeline: 0

* FSM state transitions: 
1 --> 2 
2 --> 

* FSM state operations: 

State 1 <SV = 0> <Delay = 0.00>
ST_1 : Operation 3 [2/2] (0.00ns)   --->   "%call_ln819 = call void @PE, i512 %fifo_A_PE_0_01294, i512 %fifo_A_PE_0_11295, i512 %fifo_B_PE_0_01566, i512 %fifo_B_PE_1_01567, i16 %fifo_C_drain_PE_0_01838" [src/kernel_kernel.cpp:819]   --->   Operation 3 'call' 'call_ln819' <Predicate = true> <Delay = 0.00> <CoreType = "Generic">   --->   Core 0 '' <Latency = 0> <II = 1> <Delay = 1.00> <Generic> <Opcode : >

State 2 <SV = 1> <Delay = 0.00>
ST_2 : Operation 4 [1/1] (0.00ns)   --->   "%specmemcore_ln0 = specmemcore void @_ssdm_op_SpecMemCore, i16 %fifo_C_drain_PE_0_01838, i64 666, i64 10, i64 18446744073709551615"   --->   Operation 4 'specmemcore' 'specmemcore_ln0' <Predicate = true> <Delay = 0.00>
ST_2 : Operation 5 [1/1] (0.00ns)   --->   "%specmemcore_ln0 = specmemcore void @_ssdm_op_SpecMemCore, i512 %fifo_B_PE_1_01567, i64 666, i64 10, i64 18446744073709551615"   --->   Operation 5 'specmemcore' 'specmemcore_ln0' <Predicate = true> <Delay = 0.00>
ST_2 : Operation 6 [1/1] (0.00ns)   --->   "%specmemcore_ln0 = specmemcore void @_ssdm_op_SpecMemCore, i512 %fifo_B_PE_0_01566, i64 666, i64 10, i64 18446744073709551615"   --->   Operation 6 'specmemcore' 'specmemcore_ln0' <Predicate = true> <Delay = 0.00>
ST_2 : Operation 7 [1/1] (0.00ns)   --->   "%specmemcore_ln0 = specmemcore void @_ssdm_op_SpecMemCore, i512 %fifo_A_PE_0_11295, i64 666, i64 10, i64 18446744073709551615"   --->   Operation 7 'specmemcore' 'specmemcore_ln0' <Predicate = true> <Delay = 0.00>
ST_2 : Operation 8 [1/1] (0.00ns)   --->   "%specmemcore_ln0 = specmemcore void @_ssdm_op_SpecMemCore, i512 %fifo_A_PE_0_01294, i64 666, i64 10, i64 18446744073709551615"   --->   Operation 8 'specmemcore' 'specmemcore_ln0' <Predicate = true> <Delay = 0.00>
ST_2 : Operation 9 [1/1] (0.00ns)   --->   "%specinterface_ln0 = specinterface void @_ssdm_op_SpecInterface, i16 %fifo_C_drain_PE_0_01838, void @empty_14, i32 0, i32 0, void @empty_47, i32 0, i32 0, void @empty_47, void @empty_47, void @empty_47, i32 0, i32 0, i32 0, i32 0, void @empty_47, void @empty_47"   --->   Operation 9 'specinterface' 'specinterface_ln0' <Predicate = true> <Delay = 0.00>
ST_2 : Operation 10 [1/1] (0.00ns)   --->   "%specinterface_ln0 = specinterface void @_ssdm_op_SpecInterface, i512 %fifo_B_PE_1_01567, void @empty_14, i32 0, i32 0, void @empty_47, i32 0, i32 0, void @empty_47, void @empty_47, void @empty_47, i32 0, i32 0, i32 0, i32 0, void @empty_47, void @empty_47"   --->   Operation 10 'specinterface' 'specinterface_ln0' <Predicate = true> <Delay = 0.00>
ST_2 : Operation 11 [1/1] (0.00ns)   --->   "%specinterface_ln0 = specinterface void @_ssdm_op_SpecInterface, i512 %fifo_B_PE_0_01566, void @empty_14, i32 0, i32 0, void @empty_47, i32 0, i32 0, void @empty_47, void @empty_47, void @empty_47, i32 0, i32 0, i32 0, i32 0, void @empty_47, void @empty_47"   --->   Operation 11 'specinterface' 'specinterface_ln0' <Predicate = true> <Delay = 0.00>
ST_2 : Operation 12 [1/1] (0.00ns)   --->   "%specinterface_ln0 = specinterface void @_ssdm_op_SpecInterface, i512 %fifo_A_PE_0_11295, void @empty_14, i32 0, i32 0, void @empty_47, i32 0, i32 0, void @empty_47, void @empty_47, void @empty_47, i32 0, i32 0, i32 0, i32 0, void @empty_47, void @empty_47"   --->   Operation 12 'specinterface' 'specinterface_ln0' <Predicate = true> <Delay = 0.00>
ST_2 : Operation 13 [1/1] (0.00ns)   --->   "%specinterface_ln0 = specinterface void @_ssdm_op_SpecInterface, i512 %fifo_A_PE_0_01294, void @empty_14, i32 0, i32 0, void @empty_47, i32 0, i32 0, void @empty_47, void @empty_47, void @empty_47, i32 0, i32 0, i32 0, i32 0, void @empty_47, void @empty_47"   --->   Operation 13 'specinterface' 'specinterface_ln0' <Predicate = true> <Delay = 0.00>
ST_2 : Operation 14 [1/2] (0.00ns)   --->   "%call_ln819 = call void @PE, i512 %fifo_A_PE_0_01294, i512 %fifo_A_PE_0_11295, i512 %fifo_B_PE_0_01566, i512 %fifo_B_PE_1_01567, i16 %fifo_C_drain_PE_0_01838" [src/kernel_kernel.cpp:819]   --->   Operation 14 'call' 'call_ln819' <Predicate = true> <Delay = 0.00> <CoreType = "Generic">   --->   Core 0 '' <Latency = 0> <II = 1> <Delay = 1.00> <Generic> <Opcode : >
ST_2 : Operation 15 [1/1] (0.00ns)   --->   "%ret_ln827 = ret" [src/kernel_kernel.cpp:827]   --->   Operation 15 'ret' 'ret_ln827' <Predicate = true> <Delay = 0.00>


============================================================
+ Verbose Summary: Binding
============================================================
STG Binding: 
---------------- STG Properties BEGIN ----------------
- Is combinational: 0
- Is one-state seq: 0
- Is datapath-only: 0
- Is pipelined: 0
- Is top level: 0
Port [ Return ] is wired: 1; IO mode=ap_ctrl_hs:ce=0
Port [ fifo_A_PE_0_01294]:  wired=1; compound=1; hidden=0; nouse=0; global=0; static=0; extern=0; dir=0; type=3; pingpong=0; private_global=0; IO mode=ap_fifo:ce=0
Port [ fifo_A_PE_0_11295]:  wired=1; compound=1; hidden=0; nouse=0; global=0; static=0; extern=0; dir=1; type=3; pingpong=0; private_global=0; IO mode=ap_fifo:ce=0
Port [ fifo_B_PE_0_01566]:  wired=1; compound=1; hidden=0; nouse=0; global=0; static=0; extern=0; dir=0; type=3; pingpong=0; private_global=0; IO mode=ap_fifo:ce=0
Port [ fifo_B_PE_1_01567]:  wired=1; compound=1; hidden=0; nouse=0; global=0; static=0; extern=0; dir=1; type=3; pingpong=0; private_global=0; IO mode=ap_fifo:ce=0
Port [ fifo_C_drain_PE_0_01838]:  wired=1; compound=1; hidden=0; nouse=0; global=0; static=0; extern=0; dir=1; type=3; pingpong=0; private_global=0; IO mode=ap_fifo:ce=0
---------------- STG Properties END ------------------

---------------- Datapath Model BEGIN ----------------

<LifeTime>
<method=bitvector/>
specmemcore_ln0   (specmemcore  ) [ 000]
specmemcore_ln0   (specmemcore  ) [ 000]
specmemcore_ln0   (specmemcore  ) [ 000]
specmemcore_ln0   (specmemcore  ) [ 000]
specmemcore_ln0   (specmemcore  ) [ 000]
specinterface_ln0 (specinterface) [ 000]
specinterface_ln0 (specinterface) [ 000]
specinterface_ln0 (specinterface) [ 000]
specinterface_ln0 (specinterface) [ 000]
specinterface_ln0 (specinterface) [ 000]
call_ln819        (call         ) [ 000]
ret_ln827         (ret          ) [ 000]
</LifeTime>

<model>

<comp_list>
<comp id="0" class="1000" name="fifo_A_PE_0_01294">
<pin_list>
<pin id="1" dir="1" index="0" bw="1" slack="0"/>
</pin_list>
<bind>
<StgValue><ssdm name="fifo_A_PE_0_01294"/></StgValue>
</bind>
</comp>

<comp id="2" class="1000" name="fifo_A_PE_0_11295">
<pin_list>
<pin id="3" dir="1" index="0" bw="1" slack="0"/>
</pin_list>
<bind>
<StgValue><ssdm name="fifo_A_PE_0_11295"/></StgValue>
</bind>
</comp>

<comp id="4" class="1000" name="fifo_B_PE_0_01566">
<pin_list>
<pin id="5" dir="1" index="0" bw="1" slack="0"/>
</pin_list>
<bind>
<StgValue><ssdm name="fifo_B_PE_0_01566"/></StgValue>
</bind>
</comp>

<comp id="6" class="1000" name="fifo_B_PE_1_01567">
<pin_list>
<pin id="7" dir="1" index="0" bw="1" slack="0"/>
</pin_list>
<bind>
<StgValue><ssdm name="fifo_B_PE_1_01567"/></StgValue>
</bind>
</comp>

<comp id="8" class="1000" name="fifo_C_drain_PE_0_01838">
<pin_list>
<pin id="9" dir="1" index="0" bw="1" slack="0"/>
</pin_list>
<bind>
<StgValue><ssdm name="fifo_C_drain_PE_0_01838"/></StgValue>
</bind>
</comp>

<comp id="10" class="1001" name="const_10">
<pin_list>
<pin id="11" dir="1" index="0" bw="1" slack="0"/>
</pin_list>
<bind>
<StgValue><ssdm name="PE"/></StgValue>
</bind>
</comp>

<comp id="12" class="1001" name="const_12">
<pin_list>
<pin id="13" dir="1" index="0" bw="1" slack="2147483647"/>
</pin_list>
<bind>
<StgValue><ssdm name="_ssdm_op_SpecMemCore"/></StgValue>
</bind>
</comp>

<comp id="14" class="1001" name="const_14">
<pin_list>
<pin id="15" dir="1" index="0" bw="1" slack="2147483647"/>
</pin_list>
<bind>
<StgValue><ssdm name=""/></StgValue>
</bind>
</comp>

<comp id="16" class="1001" name="const_16">
<pin_list>
<pin id="17" dir="1" index="0" bw="1" slack="2147483647"/>
</pin_list>
<bind>
<StgValue><ssdm name=""/></StgValue>
</bind>
</comp>

<comp id="18" class="1001" name="const_18">
<pin_list>
<pin id="19" dir="1" index="0" bw="1" slack="2147483647"/>
</pin_list>
<bind>
<StgValue><ssdm name=""/></StgValue>
</bind>
</comp>

<comp id="20" class="1001" name="const_20">
<pin_list>
<pin id="21" dir="1" index="0" bw="1" slack="2147483647"/>
</pin_list>
<bind>
<StgValue><ssdm name="_ssdm_op_SpecInterface"/></StgValue>
</bind>
</comp>

<comp id="22" class="1001" name="const_22">
<pin_list>
<pin id="23" dir="1" index="0" bw="1" slack="2147483647"/>
</pin_list>
<bind>
<StgValue><ssdm name="empty_14"/></StgValue>
</bind>
</comp>

<comp id="24" class="1001" name="const_24">
<pin_list>
<pin id="25" dir="1" index="0" bw="1" slack="2147483647"/>
</pin_list>
<bind>
<StgValue><ssdm name=""/></StgValue>
</bind>
</comp>

<comp id="26" class="1001" name="const_26">
<pin_list>
<pin id="27" dir="1" index="0" bw="1" slack="2147483647"/>
</pin_list>
<bind>
<StgValue><ssdm name="empty_47"/></StgValue>
</bind>
</comp>

<comp id="28" class="1004" name="grp_PE_fu_28">
<pin_list>
<pin id="29" dir="0" index="0" bw="0" slack="0"/>
<pin id="30" dir="0" index="1" bw="512" slack="0"/>
<pin id="31" dir="0" index="2" bw="512" slack="0"/>
<pin id="32" dir="0" index="3" bw="512" slack="0"/>
<pin id="33" dir="0" index="4" bw="512" slack="0"/>
<pin id="34" dir="0" index="5" bw="16" slack="0"/>
<pin id="35" dir="1" index="6" bw="0" slack="2147483647"/>
</pin_list>
<bind>
<opcode="call(48) " fcode="call"/>
<opset="call_ln819/1 "/>
</bind>
</comp>

</comp_list>

<net_list>
<net id="36"><net_src comp="10" pin="0"/><net_sink comp="28" pin=0"/></net>

<net id="37"><net_src comp="0" pin="0"/><net_sink comp="28" pin=1"/></net>

<net id="38"><net_src comp="2" pin="0"/><net_sink comp="28" pin=2"/></net>

<net id="39"><net_src comp="4" pin="0"/><net_sink comp="28" pin=3"/></net>

<net id="40"><net_src comp="6" pin="0"/><net_sink comp="28" pin=4"/></net>

<net id="41"><net_src comp="8" pin="0"/><net_sink comp="28" pin=5"/></net>

</net_list>

</model> 
---------------- Datapath Model END ------------------

* FSMD analyzer results:
  - Output states:
	Port: fifo_A_PE_0_11295 | {1 2 }
	Port: fifo_B_PE_1_01567 | {1 2 }
	Port: fifo_C_drain_PE_0_01838 | {1 2 }
 - Input state : 
	Port: PE_wrapper104 : fifo_A_PE_0_01294 | {1 2 }
	Port: PE_wrapper104 : fifo_B_PE_0_01566 | {1 2 }
  - Chain level:
	State 1
	State 2


============================================================
+ Verbose Summary: Datapath Resource usage 
============================================================

* Functional unit list:
|----------|----------------|---------|---------|---------|---------|---------|
| Operation| Functional Unit|   BRAM  |   DSP   |  Delay  |    FF   |   LUT   |
|----------|----------------|---------|---------|---------|---------|---------|
|   call   |  grp_PE_fu_28  |    1    |    32   | 18.9959 |   1407  |   1086  |
|----------|----------------|---------|---------|---------|---------|---------|
|   Total  |                |    1    |    32   | 18.9959 |   1407  |   1086  |
|----------|----------------|---------|---------|---------|---------|---------|

Memories:
N/A

* Register list:
N/A

* Multiplexer (MUX) list: 
|--------|------|------|------|--------|
|  Comp  |  Pin | Size |  BW  | S x BW |
|--------|------|------|------|--------|
|  Total |      |      |      |    0   |
|--------|------|------|------|--------|



* Summary:
+-----------+--------+--------+--------+--------+--------+
|           |  BRAM  |   DSP  |  Delay |   FF   |   LUT  |
+-----------+--------+--------+--------+--------+--------+
|  Function |    1   |   32   |   18   |  1407  |  1086  |
|   Memory  |    -   |    -   |    -   |    -   |    -   |
|Multiplexer|    -   |    -   |    -   |    -   |    -   |
|  Register |    -   |    -   |    -   |    -   |    -   |
+-----------+--------+--------+--------+--------+--------+
|   Total   |    1   |   32   |   18   |  1407  |  1086  |
+-----------+--------+--------+--------+--------+--------+
