Thu Sep 29 09:27:30 2022: Running xcd server. This server was built by gradle.
Thu Sep 29 09:27:30 2022: Server was asked to start on port: '42148'
Thu Sep 29 09:27:30 2022: Server is using token UUID: '5bb00320-067e-442d-acfd-f876b94d83e1'
Thu Sep 29 09:27:30 2022: SESSION_MGR: creating session with session uuid: '6d04a3e9-ade5-4ab9-8d63-1f78fcd2ec76' and name 'default'
Thu Sep 29 09:27:30 2022: Attempting to start server on port '42148'
Thu Sep 29 09:27:30 2022: XCD main fifo: created main fifo '/tmp/xcdmain5bb00320-067e-442d-acfd-f876b94d83e1', fd read = 13
Thu Sep 29 09:27:30 2022: Running Dispatch Server
Thu Sep 29 09:27:30 2022: Version 2.2.0
Thu Sep 29 09:27:38 2022: Dispatch Server: Accepted socket connection from client
Thu Sep 29 09:27:38 2022: Starting Socket connection
Thu Sep 29 09:27:38 2022: EXCHANGE_TOKEN received, server token: 5bb00320-067e-442d-acfd-f876b94d83e1, passed token: 5bb00320-067e-442d-acfd-f876b94d83e1
Thu Sep 29 09:27:39 2022: DISPATCH_HANDLER: Adding handler from function makeHandler in library libxv_system_diagram
Thu Sep 29 09:27:39 2022: SESSION_MGR: creating session with session uuid: '2a5846f1-0f21-45d2-b9cd-43a886bb1a06' and name 'v++_compile_kernel0.hw'
Thu Sep 29 09:27:39 2022: KERNEL_SVC: creating session with uuid: '2a5846f1-0f21-45d2-b9cd-43a886bb1a06' and name 'v++_compile_kernel0.hw'
Thu Sep 29 09:27:39 2022: GUIDANCE_SMGR: creating guidance session with uuid: '2a5846f1-0f21-45d2-b9cd-43a886bb1a06' and name 'v++_compile_kernel0.hw'
Thu Sep 29 09:27:39 2022: SYSTEM_DIAGRAM_SMGR: creating diagram session with uuid: '2a5846f1-0f21-45d2-b9cd-43a886bb1a06' and name 'v++_compile_kernel0.hw'
Thu Sep 29 09:27:42 2022: SESSION_MGR: closing session for UUID '2a5846f1-0f21-45d2-b9cd-43a886bb1a06' with name 'v++_compile_kernel0.hw'
Thu Sep 29 09:27:42 2022: KERNEL_SVC: closing session for UUID '2a5846f1-0f21-45d2-b9cd-43a886bb1a06' with name 'v++_compile_kernel0.hw'
Thu Sep 29 09:27:42 2022: GUIDANCE_SMGR: closing session for UUID '2a5846f1-0f21-45d2-b9cd-43a886bb1a06' with name 'v++_compile_kernel0.hw'
Thu Sep 29 09:27:42 2022: SYSTEM_DIAGRAM_SMGR: closing session for UUID '2a5846f1-0f21-45d2-b9cd-43a886bb1a06' with name 'v++_compile_kernel0.hw'
